IN:
#
# TOPOLINK input file example
#
# L. Martinez - Institute of Chemistry, University of Campinas
# http://leandro.iqm.unicamp.br
#
# Structure file (can be provided in the command line, overwriting this definition); PDB or mmCIF formats
structure data/temp/dist_reeval/tmp.pdb#endread ENDMDL  # Use this to stop reading atoms if this keyword is found (comment otherwise)
readatoms backplusCB # Which atoms to consider (all/heavy(no-H)/backbone/backplusCB)
# Output directory for links (comment if you do not want the PDB files, that may be a lot)
printlinks no
#linkdir ./links
# What cross-links to compute (all/reactive/observed)
compute observed
#compute reactive
#compute all
# If only inter-domain (inter-chain) links are of interested, uncomment the following line
#interchain
# Only consider observed links with score greater than scorecut
scorecut 0.d0
# Cross-links observed:
experiment DSS
  # Possible types of cross-links and maximum distances
  #        ResType  Chain  ResNum   AtomType    ResType  Chain  ResNum   AtomType  MaxDist
  linktype   MET     all      1       N           LYS     all     all       CB        35
  linktype   LYS     all     all      CB          LYS     all     all       CB        35

  observed LYS 1 56 LYS 1 56
  observed LYS 1 36 LYS 1 36
  observed LYS 1 8 LYS 1 70
  observed LYS 1 70 LYS 1 28
  observed LYS 1 28 LYS 1 40
  observed LYS 1 86 LYS 1 28
  observed LYS 1 8 LYS 1 28
  observed LYS 1 70 LYS 1 86
  observed LYS 1 36 LYS 1 40
  observed LYS 1 36 LYS 1 28
  observed LYS 1 56 LYS 1 54
  observed LYS 1 8 LYS 1 66
  observed LYS 1 56 LYS 1 40
  observed LYS 1 36 LYS 1 80
  observed LYS 1 36 LYS 1 70

end experiment DSS
# Optional parameters
search_limit relative 2  # Search for topological distances of up to search_range*dmaxlink
printallfound yes    # Prints, or not, the structure of the links that were found but violate the distances
printPDBnotfound yes # Prints, or not, PDB files for the links which were not found at all (prints a straight line)
pgood 0.70 # Probability of observing a link which is within link reach
pbad  0.05 # Probability of observing a link which is NOT within linker reach
vdwrad 3.         # Radius to be used for excluded atom volume computation
print 0           # Extensive or concise printing
printnotfound yes # Print data for pairs for links which were not found
quitgood no       # Quit whenever a valid link is found (stop searching for shortest one)
dbond 1.5         # Bond distance of link atoms
kbond 10.         # Energy constant for link bonds
kpath 10.         # Energy constant for the complete path distension, used for computing probability
kvdw  2.          # Force constant of overlap function
# Technical parameters for the optimization method
ntrial 400  # Maximum number of trials for best link search
nbest 5     # Number of times the same best link is found until satisfied
maxfunc 50  # Maximum number of function evaluations of CG-Newton
maxcg 40    # Maximum number of CG iterations
seed random # Seed for random number generator (random or integer number)
iguess 2
exit # You can add anything after this


OUT:

  ######################################################## TOPOLINK #######################################################
                 Institute of Chemistry - University of Campinas. http://m3g.iqm.unicamp.br/topolink

                                                                                                         Version 19.156 

  Structure file: data/temp/dist_reeval/tmp.pdb
  TopoLink input file: data/temp/dist_reeval/topo.tmp
  Will stop structure reading when ################## is found.
  Only backbone plus CB atoms will be considered.
  
  Links will not be written as PDB files.
  
  Printing option:        0
  Leave when first valid link is found:  F
  Link bond distance:    1.5000000
  Link bond force-constant:   10.0000000
  VdW radius for volume exclusion:    3.0000000
  Path energy constant:   10.0000000
  Cutoff for observed scores:    0.0000000
  Number of trials for link search:      400
  Number of repeated best links to find until quit:        5
  Maximum number of function evaluations of CGNewton:       50
  Maximum number of CG iterations in CGNewton:       40
  Seed for random number generator:    10921
  
  Number of experiments:        1
  
  Number of atoms read from structure file:      486
  Number of chains found in structure file:            1
  
  WARNING: First atom of link type does not correspond to any atom of the structure.
  Experiment: DSS
  Link type:   MET   all   N     LYS   all   CB      35.000
  
  -------------------------------------------------------------------------------------------------------------------------
  Experiment: DSS
  Observed links:
  1  LYS   1        56  LYS   1        56
  2  LYS   1        36  LYS   1        36
  3  LYS   1         8  LYS   1        70
  4  LYS   1        70  LYS   1        28
  5  LYS   1        28  LYS   1        40
  6  LYS   1        86  LYS   1        28
  7  LYS   1         8  LYS   1        28
  8  LYS   1        70  LYS   1        86
  9  LYS   1        36  LYS   1        40
  10  LYS   1        36  LYS   1        28
  11  LYS   1        56  LYS   1        54
  12  LYS   1         8  LYS   1        66
  13  LYS   1        56  LYS   1        40
  14  LYS   1        36  LYS   1        80
  15  LYS   1        36  LYS   1        70
  
  -------------------------------------------------------------------------------------------------------------------------
  -------------------------------------------------------------------------------------------------------------------------
  
  Number of atoms that might be involved in reactions, according link types:       11
  
  All reactive atoms, according to observations:
  1   LYS   1         8  CB
  2   LYS   1        28  CB
  3   LYS   1        36  CB
  4   LYS   1        40  CB
  5   LYS   1        54  CB
  6   LYS   1        56  CB
  7   LYS   1        66  CB
  8   LYS   1        70  CB
  9   LYS   1        80  CB
  10   LYS   1        86  CB
  
  Number of reactive pairs according to sequence:
  Experiment DSS:    55
  Total number of unique reactive pairs, according to link types:           55
  
  Number of reactive pairs according to observations:
  Experiment DSS:    45
  Total number of unique reactive pairs, according to observations:           45
  
  List of reactive atom pairs, according to observations:
  1  LYS   1         8  CB    LYS   1        28  CB   in experiments:DSS
  2  LYS   1         8  CB    LYS   1        36  CB   in experiments:DSS
  3  LYS   1         8  CB    LYS   1        40  CB   in experiments:DSS
  4  LYS   1         8  CB    LYS   1        54  CB   in experiments:DSS
  5  LYS   1         8  CB    LYS   1        56  CB   in experiments:DSS
  6  LYS   1         8  CB    LYS   1        66  CB   in experiments:DSS
  7  LYS   1         8  CB    LYS   1        70  CB   in experiments:DSS
  8  LYS   1         8  CB    LYS   1        80  CB   in experiments:DSS
  9  LYS   1         8  CB    LYS   1        86  CB   in experiments:DSS
  10  LYS   1        28  CB    LYS   1        36  CB   in experiments:DSS
  11  LYS   1        28  CB    LYS   1        40  CB   in experiments:DSS
  12  LYS   1        28  CB    LYS   1        54  CB   in experiments:DSS
  13  LYS   1        28  CB    LYS   1        56  CB   in experiments:DSS
  14  LYS   1        28  CB    LYS   1        66  CB   in experiments:DSS
  15  LYS   1        28  CB    LYS   1        70  CB   in experiments:DSS
  16  LYS   1        28  CB    LYS   1        80  CB   in experiments:DSS
  17  LYS   1        28  CB    LYS   1        86  CB   in experiments:DSS
  18  LYS   1        36  CB    LYS   1        40  CB   in experiments:DSS
  19  LYS   1        36  CB    LYS   1        54  CB   in experiments:DSS
  20  LYS   1        36  CB    LYS   1        56  CB   in experiments:DSS
  21  LYS   1        36  CB    LYS   1        66  CB   in experiments:DSS
  22  LYS   1        36  CB    LYS   1        70  CB   in experiments:DSS
  23  LYS   1        36  CB    LYS   1        80  CB   in experiments:DSS
  24  LYS   1        36  CB    LYS   1        86  CB   in experiments:DSS
  25  LYS   1        40  CB    LYS   1        54  CB   in experiments:DSS
  26  LYS   1        40  CB    LYS   1        56  CB   in experiments:DSS
  27  LYS   1        40  CB    LYS   1        66  CB   in experiments:DSS
  28  LYS   1        40  CB    LYS   1        70  CB   in experiments:DSS
  29  LYS   1        40  CB    LYS   1        80  CB   in experiments:DSS
  30  LYS   1        40  CB    LYS   1        86  CB   in experiments:DSS
  31  LYS   1        54  CB    LYS   1        56  CB   in experiments:DSS
  32  LYS   1        54  CB    LYS   1        66  CB   in experiments:DSS
  33  LYS   1        54  CB    LYS   1        70  CB   in experiments:DSS
  34  LYS   1        54  CB    LYS   1        80  CB   in experiments:DSS
  35  LYS   1        54  CB    LYS   1        86  CB   in experiments:DSS
  36  LYS   1        56  CB    LYS   1        66  CB   in experiments:DSS
  37  LYS   1        56  CB    LYS   1        70  CB   in experiments:DSS
  38  LYS   1        56  CB    LYS   1        80  CB   in experiments:DSS
  39  LYS   1        56  CB    LYS   1        86  CB   in experiments:DSS
  40  LYS   1        66  CB    LYS   1        70  CB   in experiments:DSS
  41  LYS   1        66  CB    LYS   1        80  CB   in experiments:DSS
  42  LYS   1        66  CB    LYS   1        86  CB   in experiments:DSS
  43  LYS   1        70  CB    LYS   1        80  CB   in experiments:DSS
  44  LYS   1        70  CB    LYS   1        86  CB   in experiments:DSS
  45  LYS   1        80  CB    LYS   1        86  CB   in experiments:DSS
  
  Number of atoms accessible to solvent:          485
  Number of residues accessible to solvent:          100
  
  -------------------------------------------------------------------------------------------------------------------------
  >     RESIDUE1   ATOM1 RESIDUE2   ATOM2 EUCLDIST  TOPODIST OBSERVED    DMIN      DMAX        RESULT  OBSRES REACRES RA AA
  -------------------------------------------------------------------------------------------------------------------------
  LINK: LYS  1    8 CB   LYS  1   28 CB     40.349    42.043   YES      0.000    35.000     BAD: LONG    0/ 1    0/ 1 YY YY
  LINK: LYS  1    8 CB   LYS  1   66 CB     19.873    21.901   YES      0.000    35.000     OK: FOUND    1/ 1    1/ 1 YY YY
  LINK: LYS  1    8 CB   LYS  1   70 CB     23.690    25.818   YES      0.000    35.000     OK: FOUND    1/ 1    1/ 1 YY YY
  LINK: LYS  1   28 CB   LYS  1   36 CB     19.772    25.480   YES      0.000    35.000     OK: FOUND    1/ 1    1/ 1 YY YY
  LINK: LYS  1   28 CB   LYS  1   40 CB     20.094    21.859   YES      0.000    35.000     OK: FOUND    1/ 1    1/ 1 YY YY
  LINK: LYS  1   28 CB   LYS  1   70 CB     21.850    21.906   YES      0.000    35.000     OK: FOUND    1/ 1    1/ 1 YY YY
  LINK: LYS  1   28 CB   LYS  1   86 CB     29.027    30.571   YES      0.000    35.000     OK: FOUND    1/ 1    1/ 1 YY YY
  LINK: LYS  1   36 CB   LYS  1   40 CB     11.046    11.696   YES      0.000    35.000     OK: FOUND    1/ 1    1/ 1 YY YY
  LINK: LYS  1   36 CB   LYS  1   70 CB     24.758    28.380   YES      0.000    35.000     OK: FOUND    1/ 1    1/ 1 YY YY
  LINK: LYS  1   36 CB   LYS  1   80 CB     16.097    16.152   YES      0.000    35.000     OK: FOUND    1/ 1    1/ 1 YY YY
  LINK: LYS  1   40 CB   LYS  1   56 CB     30.603    32.187   YES      0.000    35.000     OK: FOUND    1/ 1    1/ 1 YY YY
  LINK: LYS  1   54 CB   LYS  1   56 CB      8.366    11.761   YES      0.000    35.000     OK: FOUND    1/ 1    1/ 1 YY YY
  LINK: LYS  1   70 CB   LYS  1   86 CB     18.475    18.959   YES      0.000    35.000     OK: FOUND    1/ 1    1/ 1 YY YY
  -------------------------------------------------------------------------------------------------------------------------
  
  RESULTS:
  
  For each experiment:
  
  -------------------------------------------------------------------------------------------------------------------------
  
  Experiment: DSS
  
  Number of type-reactive pairs of atoms:       55
  
  Number of observed-reactive pairs of atoms:       45
  Number of observed-reactive pairs of atoms within linker reach:       12
  Number of observed-reactive pairs of atoms outside linker reach:       33
  Missing links, according to the structure and observed-reactivity:        0
  
  Number of observed links:       15
  Number of observed links consistent with the structure:       12
  Number of observed links NOT consistent with the structure:        1
  
  Sum of scores of observed links:    0.0000000
  
  Sensitivity of the cross-linking reaction:    1.0000000
  False-assignment probability:    0.0181818
  
  Likelihood of the experimental result:    0.9999752
  Log-likelihood of the experimental result:   -0.0000248
  
  Likelihood using user-defined pbad and pgood:   -0.8893357
  Log-likelihood using user-defined pbad and pgood:          NaN
  Using: pgood =    0.700; pbad =    0.050
  
  -------------------------------------------------------------------------------------------------------------------------
  
  FINAL RESULTS:
  
  RESULT0:    12 : Number of observations that are consistent with the structure.
  
  RESULT1:    12 : Number of topological distances consistent with all observations.
  RESULT2:     1 : Number of topological distances NOT consistent with observations.
  RESULT3:     0 : Number of links with missing observations.
  
  RESULT4:      0.00000 : Sum of scores of observed links of all experiments.
  
  RESULT5:      0.99998 : Likelihood of the set of experimental results.
  RESULT6:     -0.00002 : Log-likelihood of the set of experimental results.
  
  Using: pgood =    0.700; pbad =    0.050
  RESULT7:     -0.88934 : Likelihood of the set of experimental results.
  RESULT8:          NaN : Log-likelihood of the set of experimental results.
  
  -------------------------------------------------------------------------------------------------------------------------
  ATTENTION: There are WARNINGS of input file parsing. Please check the output carefully.
  -------------------------------------------------------------------------------------------------------------------------
  
  
  #########################################################################################################################
