IN:
#
# TOPOLINK input file example
#
# L. Martinez - Institute of Chemistry, University of Campinas
# http://leandro.iqm.unicamp.br
#
# Structure file (can be provided in the command line, overwriting this definition); PDB or mmCIF formats
structure data/temp/dist_reeval/tmp.pdb#endread ENDMDL  # Use this to stop reading atoms if this keyword is found (comment otherwise)
readatoms backplusCB # Which atoms to consider (all/heavy(no-H)/backbone/backplusCB)
# Output directory for links (comment if you do not want the PDB files, that may be a lot)
printlinks no
#linkdir ./links
# What cross-links to compute (all/reactive/observed)
compute observed
#compute reactive
#compute all
# If only inter-domain (inter-chain) links are of interested, uncomment the following line
#interchain
# Only consider observed links with score greater than scorecut
scorecut 0.d0
# Cross-links observed:
experiment DSS
  # Possible types of cross-links and maximum distances
  #        ResType  Chain  ResNum   AtomType    ResType  Chain  ResNum   AtomType  MaxDist
  linktype   MET     all      1       N           LYS     all     all       CB        35
  linktype   LYS     all     all      CB          LYS     all     all       CB        35

  observed LYS A 49 LYS A 393
  observed LYS A 459 LYS A 103
  observed LYS A 450 LYS A 49
  observed LYS A 393 LYS A 76
  observed LYS A 76 LYS A 450
  observed LYS A 459 LYS A 76
  observed LYS A 49 LYS A 76
  observed LYS A 366 LYS A 375
  observed LYS A 393 LYS A 450
  observed LYS A 103 LYS A 382
  observed LYS A 352 LYS A 382
  observed LYS A 450 LYS A 450
  observed LYS A 366 LYS A 103
  observed LYS A 321 LYS A 375

end experiment DSS
# Optional parameters
search_limit relative 2  # Search for topological distances of up to search_range*dmaxlink
printallfound yes    # Prints, or not, the structure of the links that were found but violate the distances
printPDBnotfound yes # Prints, or not, PDB files for the links which were not found at all (prints a straight line)
pgood 0.70 # Probability of observing a link which is within link reach
pbad  0.05 # Probability of observing a link which is NOT within linker reach
vdwrad 3.         # Radius to be used for excluded atom volume computation
print 0           # Extensive or concise printing
printnotfound yes # Print data for pairs for links which were not found
quitgood no       # Quit whenever a valid link is found (stop searching for shortest one)
dbond 1.5         # Bond distance of link atoms
kbond 10.         # Energy constant for link bonds
kpath 10.         # Energy constant for the complete path distension, used for computing probability
kvdw  2.          # Force constant of overlap function
# Technical parameters for the optimization method
ntrial 400  # Maximum number of trials for best link search
nbest 5     # Number of times the same best link is found until satisfied
maxfunc 50  # Maximum number of function evaluations of CG-Newton
maxcg 40    # Maximum number of CG iterations
seed random # Seed for random number generator (random or integer number)
iguess 2
exit # You can add anything after this


OUT:

  ######################################################## TOPOLINK #######################################################
                 Institute of Chemistry - University of Campinas. http://m3g.iqm.unicamp.br/topolink

                                                                                                         Version 19.156 

  Structure file: data/temp/dist_reeval/tmp.pdb
  TopoLink input file: data/temp/dist_reeval/topo.tmp
  Will stop structure reading when ################## is found.
  Only backbone plus CB atoms will be considered.
  
  Links will not be written as PDB files.
  
  Printing option:        0
  Leave when first valid link is found:  F
  Link bond distance:    1.5000000
  Link bond force-constant:   10.0000000
  VdW radius for volume exclusion:    3.0000000
  Path energy constant:   10.0000000
  Cutoff for observed scores:    0.0000000
  Number of trials for link search:      400
  Number of repeated best links to find until quit:        5
  Maximum number of function evaluations of CGNewton:       50
  Maximum number of CG iterations in CGNewton:       40
  Seed for random number generator:     9280
  
  Number of experiments:        1
  WARNING: Multiple conformations of residue ILE A      172 found. Using only A.
  WARNING: Multiple conformations of residue ILE A      172 found. Using only A.
  WARNING: Multiple conformations of residue ILE A      172 found. Using only A.
  WARNING: Multiple conformations of residue ILE A      172 found. Using only A.
  WARNING: Multiple conformations of residue ILE A      172 found. Using only A.
  WARNING: Multiple conformations of residue GLU A      178 found. Using only A.
  WARNING: Multiple conformations of residue GLU A      178 found. Using only A.
  WARNING: Multiple conformations of residue GLU A      178 found. Using only A.
  WARNING: Multiple conformations of residue GLU A      178 found. Using only A.
  WARNING: Multiple conformations of residue GLU A      178 found. Using only A.
  WARNING: Multiple conformations of residue GLU A      178 found. Using only A.
  WARNING: Multiple conformations of residue MET A      452 found. Using only A.
  WARNING: Multiple conformations of residue MET A      452 found. Using only A.
  WARNING: Multiple conformations of residue MET A      452 found. Using only A.
  WARNING: Multiple conformations of residue MET A      452 found. Using only A.
  WARNING: Multiple conformations of residue MET A      452 found. Using only A.
  WARNING: Multiple conformations of residue MET A      452 found. Using only A.
  WARNING: Multiple conformations of residue MET A      452 found. Using only A.
  WARNING: Multiple conformations of residue MET A      452 found. Using only A.
  
  Number of atoms read from structure file:     2137
  Number of chains found in structure file:            1
  
  WARNING: First atom of link type does not correspond to any atom of the structure.
  Experiment: DSS
  Link type:   MET   all   N     LYS   all   CB      35.000
  
  -------------------------------------------------------------------------------------------------------------------------
  Experiment: DSS
  Observed links:
  1  LYS   A        49  LYS   A       393
  2  LYS   A       459  LYS   A       103
  3  LYS   A       450  LYS   A        49
  4  LYS   A       393  LYS   A        76
  5  LYS   A        76  LYS   A       450
  6  LYS   A       459  LYS   A        76
  7  LYS   A        49  LYS   A        76
  8  LYS   A       366  LYS   A       375
  9  LYS   A       393  LYS   A       450
  10  LYS   A       103  LYS   A       382
  11  LYS   A       352  LYS   A       382
  12  LYS   A       450  LYS   A       450
  13  LYS   A       366  LYS   A       103
  14  LYS   A       321  LYS   A       375
  
  -------------------------------------------------------------------------------------------------------------------------
  -------------------------------------------------------------------------------------------------------------------------
  
  Number of atoms that might be involved in reactions, according link types:       25
  
  All reactive atoms, according to observations:
  1   LYS   A        49  CB
  2   LYS   A        76  CB
  3   LYS   A       103  CB
  4   LYS   A       321  CB
  5   LYS   A       352  CB
  6   LYS   A       366  CB
  7   LYS   A       375  CB
  8   LYS   A       382  CB
  9   LYS   A       393  CB
  10   LYS   A       450  CB
  11   LYS   A       459  CB
  
  Number of reactive pairs according to sequence:
  Experiment DSS:   300
  Total number of unique reactive pairs, according to link types:          300
  
  Number of reactive pairs according to observations:
  Experiment DSS:    55
  Total number of unique reactive pairs, according to observations:           55
  
  List of reactive atom pairs, according to observations:
  1  LYS   A        49  CB    LYS   A        76  CB   in experiments:DSS
  2  LYS   A        49  CB    LYS   A       103  CB   in experiments:DSS
  3  LYS   A        49  CB    LYS   A       321  CB   in experiments:DSS
  4  LYS   A        49  CB    LYS   A       352  CB   in experiments:DSS
  5  LYS   A        49  CB    LYS   A       366  CB   in experiments:DSS
  6  LYS   A        49  CB    LYS   A       375  CB   in experiments:DSS
  7  LYS   A        49  CB    LYS   A       382  CB   in experiments:DSS
  8  LYS   A        49  CB    LYS   A       393  CB   in experiments:DSS
  9  LYS   A        49  CB    LYS   A       450  CB   in experiments:DSS
  10  LYS   A        49  CB    LYS   A       459  CB   in experiments:DSS
  11  LYS   A        76  CB    LYS   A       103  CB   in experiments:DSS
  12  LYS   A        76  CB    LYS   A       321  CB   in experiments:DSS
  13  LYS   A        76  CB    LYS   A       352  CB   in experiments:DSS
  14  LYS   A        76  CB    LYS   A       366  CB   in experiments:DSS
  15  LYS   A        76  CB    LYS   A       375  CB   in experiments:DSS
  16  LYS   A        76  CB    LYS   A       382  CB   in experiments:DSS
  17  LYS   A        76  CB    LYS   A       393  CB   in experiments:DSS
  18  LYS   A        76  CB    LYS   A       450  CB   in experiments:DSS
  19  LYS   A        76  CB    LYS   A       459  CB   in experiments:DSS
  20  LYS   A       103  CB    LYS   A       321  CB   in experiments:DSS
  21  LYS   A       103  CB    LYS   A       352  CB   in experiments:DSS
  22  LYS   A       103  CB    LYS   A       366  CB   in experiments:DSS
  23  LYS   A       103  CB    LYS   A       375  CB   in experiments:DSS
  24  LYS   A       103  CB    LYS   A       382  CB   in experiments:DSS
  25  LYS   A       103  CB    LYS   A       393  CB   in experiments:DSS
  26  LYS   A       103  CB    LYS   A       450  CB   in experiments:DSS
  27  LYS   A       103  CB    LYS   A       459  CB   in experiments:DSS
  28  LYS   A       321  CB    LYS   A       352  CB   in experiments:DSS
  29  LYS   A       321  CB    LYS   A       366  CB   in experiments:DSS
  30  LYS   A       321  CB    LYS   A       375  CB   in experiments:DSS
  31  LYS   A       321  CB    LYS   A       382  CB   in experiments:DSS
  32  LYS   A       321  CB    LYS   A       393  CB   in experiments:DSS
  33  LYS   A       321  CB    LYS   A       450  CB   in experiments:DSS
  34  LYS   A       321  CB    LYS   A       459  CB   in experiments:DSS
  35  LYS   A       352  CB    LYS   A       366  CB   in experiments:DSS
  36  LYS   A       352  CB    LYS   A       375  CB   in experiments:DSS
  37  LYS   A       352  CB    LYS   A       382  CB   in experiments:DSS
  38  LYS   A       352  CB    LYS   A       393  CB   in experiments:DSS
  39  LYS   A       352  CB    LYS   A       450  CB   in experiments:DSS
  40  LYS   A       352  CB    LYS   A       459  CB   in experiments:DSS
  41  LYS   A       366  CB    LYS   A       375  CB   in experiments:DSS
  42  LYS   A       366  CB    LYS   A       382  CB   in experiments:DSS
  43  LYS   A       366  CB    LYS   A       393  CB   in experiments:DSS
  44  LYS   A       366  CB    LYS   A       450  CB   in experiments:DSS
  45  LYS   A       366  CB    LYS   A       459  CB   in experiments:DSS
  46  LYS   A       375  CB    LYS   A       382  CB   in experiments:DSS
  47  LYS   A       375  CB    LYS   A       393  CB   in experiments:DSS
  48  LYS   A       375  CB    LYS   A       450  CB   in experiments:DSS
  49  LYS   A       375  CB    LYS   A       459  CB   in experiments:DSS
  50  LYS   A       382  CB    LYS   A       393  CB   in experiments:DSS
  51  LYS   A       382  CB    LYS   A       450  CB   in experiments:DSS
  52  LYS   A       382  CB    LYS   A       459  CB   in experiments:DSS
  53  LYS   A       393  CB    LYS   A       450  CB   in experiments:DSS
  54  LYS   A       393  CB    LYS   A       459  CB   in experiments:DSS
  55  LYS   A       450  CB    LYS   A       459  CB   in experiments:DSS
  
  Number of atoms accessible to solvent:         2045
  Number of residues accessible to solvent:          434
  
  -------------------------------------------------------------------------------------------------------------------------
  >     RESIDUE1   ATOM1 RESIDUE2   ATOM2 EUCLDIST  TOPODIST OBSERVED    DMIN      DMAX        RESULT  OBSRES REACRES RA AA
  -------------------------------------------------------------------------------------------------------------------------
  LINK: LYS  A   49 CB   LYS  A   76 CB     20.037    20.889   YES      0.000    35.000     OK: FOUND    1/ 1    1/ 1 YY YY
  LINK: LYS  A   49 CB   LYS  A  393 CB     46.923    48.095   YES      0.000    35.000     BAD: LONG    0/ 1    0/ 1 YY YY
  LINK: LYS  A   49 CB   LYS  A  450 CB     25.246    25.450   YES      0.000    35.000     OK: FOUND    1/ 1    1/ 1 YY YY
  LINK: LYS  A   76 CB   LYS  A  393 CB     27.816    27.956   YES      0.000    35.000     OK: FOUND    1/ 1    1/ 1 YY YY
  LINK: LYS  A   76 CB   LYS  A  450 CB     15.859    16.363   YES      0.000    35.000     OK: FOUND    1/ 1    1/ 1 YY YY
  LINK: LYS  A   76 CB   LYS  A  459 CB     26.056    26.577   YES      0.000    35.000     OK: FOUND    1/ 1    1/ 1 YY YY
  LINK: LYS  A  103 CB   LYS  A  366 CB     15.717    15.856   YES      0.000    35.000     OK: FOUND    1/ 1    1/ 1 YY YY
  LINK: LYS  A  103 CB   LYS  A  382 CB     26.691    26.748   YES      0.000    35.000     OK: FOUND    1/ 1    1/ 1 YY YY
  LINK: LYS  A  103 CB   LYS  A  459 CB     57.140    61.377   YES      0.000    35.000     BAD: LONG    0/ 1    0/ 1 YY YY
  LINK: LYS  A  321 CB   LYS  A  375 CB      7.506     7.577   YES      0.000    35.000     OK: FOUND    1/ 1    1/ 1 YY YY
  LINK: LYS  A  352 CB   LYS  A  382 CB     15.496    16.289   YES      0.000    35.000     OK: FOUND    1/ 1    1/ 1 YY YY
  LINK: LYS  A  366 CB   LYS  A  375 CB     14.556    18.134   YES      0.000    35.000     OK: FOUND    1/ 1    1/ 1 YY YY
  LINK: LYS  A  393 CB   LYS  A  450 CB     36.995    38.440   YES      0.000    35.000     BAD: LONG    0/ 1    0/ 1 YY YY
  -------------------------------------------------------------------------------------------------------------------------
  
  RESULTS:
  
  For each experiment:
  
  -------------------------------------------------------------------------------------------------------------------------
  
  Experiment: DSS
  
  Number of type-reactive pairs of atoms:      300
  
  Number of observed-reactive pairs of atoms:       55
  Number of observed-reactive pairs of atoms within linker reach:       10
  Number of observed-reactive pairs of atoms outside linker reach:       45
  Missing links, according to the structure and observed-reactivity:        0
  
  Number of observed links:       14
  Number of observed links consistent with the structure:       10
  Number of observed links NOT consistent with the structure:        3
  
  Sum of scores of observed links:    0.0000000
  
  Sensitivity of the cross-linking reaction:    1.0000000
  False-assignment probability:    0.0100000
  
  Likelihood of the experimental result:    1.0000000
  Log-likelihood of the experimental result:   -0.0000000
  
  Likelihood using user-defined pbad and pgood:    0.9858621
  Log-likelihood using user-defined pbad and pgood:   -0.0142388
  Using: pgood =    0.700; pbad =    0.050
  
  -------------------------------------------------------------------------------------------------------------------------
  
  FINAL RESULTS:
  
  RESULT0:    10 : Number of observations that are consistent with the structure.
  
  RESULT1:    10 : Number of topological distances consistent with all observations.
  RESULT2:     3 : Number of topological distances NOT consistent with observations.
  RESULT3:     0 : Number of links with missing observations.
  
  RESULT4:      0.00000 : Sum of scores of observed links of all experiments.
  
  RESULT5:      1.00000 : Likelihood of the set of experimental results.
  RESULT6:     -0.00000 : Log-likelihood of the set of experimental results.
  
  Using: pgood =    0.700; pbad =    0.050
  RESULT7:      0.98586 : Likelihood of the set of experimental results.
  RESULT8:     -0.01424 : Log-likelihood of the set of experimental results.
  
  -------------------------------------------------------------------------------------------------------------------------
  ATTENTION: There are WARNINGS of input file parsing. Please check the output carefully.
  -------------------------------------------------------------------------------------------------------------------------
  
  
  #########################################################################################################################
