IN:
#
# TOPOLINK input file example
#
# L. Martinez - Institute of Chemistry, University of Campinas
# http://leandro.iqm.unicamp.br
#
# Structure file (can be provided in the command line, overwriting this definition); PDB or mmCIF formats
structure data/temp/dist_reeval/tmp.pdb#endread ENDMDL  # Use this to stop reading atoms if this keyword is found (comment otherwise)
readatoms backplusCB # Which atoms to consider (all/heavy(no-H)/backbone/backplusCB)
# Output directory for links (comment if you do not want the PDB files, that may be a lot)
printlinks no
#linkdir ./links
# What cross-links to compute (all/reactive/observed)
compute observed
#compute reactive
#compute all
# If only inter-domain (inter-chain) links are of interested, uncomment the following line
#interchain
# Only consider observed links with score greater than scorecut
scorecut 0.d0
# Cross-links observed:
experiment DSS
  # Possible types of cross-links and maximum distances
  #        ResType  Chain  ResNum   AtomType    ResType  Chain  ResNum   AtomType  MaxDist
  linktype   MET     all      1       N           LYS     all     all       CB        35
  linktype   LYS     all     all      CB          LYS     all     all       CB        35

  observed LYS A 17 LYS A 27
  observed LYS A 136 LYS A 127
  observed LYS A 37 LYS A 37
  observed LYS A 127 LYS A 108
  observed LYS A 123 LYS A 37
  observed LYS A 127 LYS A 111
  observed LYS A 127 LYS A 37
  observed LYS A 27 LYS A 43

end experiment DSS
# Optional parameters
search_limit relative 2  # Search for topological distances of up to search_range*dmaxlink
printallfound yes    # Prints, or not, the structure of the links that were found but violate the distances
printPDBnotfound yes # Prints, or not, PDB files for the links which were not found at all (prints a straight line)
pgood 0.70 # Probability of observing a link which is within link reach
pbad  0.05 # Probability of observing a link which is NOT within linker reach
vdwrad 3.         # Radius to be used for excluded atom volume computation
print 0           # Extensive or concise printing
printnotfound yes # Print data for pairs for links which were not found
quitgood no       # Quit whenever a valid link is found (stop searching for shortest one)
dbond 1.5         # Bond distance of link atoms
kbond 10.         # Energy constant for link bonds
kpath 10.         # Energy constant for the complete path distension, used for computing probability
kvdw  2.          # Force constant of overlap function
# Technical parameters for the optimization method
ntrial 400  # Maximum number of trials for best link search
nbest 5     # Number of times the same best link is found until satisfied
maxfunc 50  # Maximum number of function evaluations of CG-Newton
maxcg 40    # Maximum number of CG iterations
seed random # Seed for random number generator (random or integer number)
iguess 2
exit # You can add anything after this


OUT:

  ######################################################## TOPOLINK #######################################################
                 Institute of Chemistry - University of Campinas. http://m3g.iqm.unicamp.br/topolink

                                                                                                         Version 19.156 

  Structure file: data/temp/dist_reeval/tmp.pdb
  TopoLink input file: data/temp/dist_reeval/topo.tmp
  Will stop structure reading when ################## is found.
  Only backbone plus CB atoms will be considered.
  
  Links will not be written as PDB files.
  
  Printing option:        0
  Leave when first valid link is found:  F
  Link bond distance:    1.5000000
  Link bond force-constant:   10.0000000
  VdW radius for volume exclusion:    3.0000000
  Path energy constant:   10.0000000
  Cutoff for observed scores:    0.0000000
  Number of trials for link search:      400
  Number of repeated best links to find until quit:        5
  Maximum number of function evaluations of CGNewton:       50
  Maximum number of CG iterations in CGNewton:       40
  Seed for random number generator:    13124
  
  Number of experiments:        1
  
  Number of atoms read from structure file:      570
  Number of chains found in structure file:            1
  
  WARNING: First atom of link type does not correspond to any atom of the structure.
  Experiment: DSS
  Link type:   MET   all   N     LYS   all   CB      35.000
  
  -------------------------------------------------------------------------------------------------------------------------
  Experiment: DSS
  Observed links:
  1  LYS   A        17  LYS   A        27
  2  LYS   A       136  LYS   A       127
  3  LYS   A        37  LYS   A        37
  4  LYS   A       127  LYS   A       108
  5  LYS   A       123  LYS   A        37
  6  LYS   A       127  LYS   A       111
  7  LYS   A       127  LYS   A        37
  8  LYS   A        27  LYS   A        43
  
  -------------------------------------------------------------------------------------------------------------------------
  -------------------------------------------------------------------------------------------------------------------------
  
  Number of atoms that might be involved in reactions, according link types:       12
  
  All reactive atoms, according to observations:
  1   LYS   A        17  CB
  2   LYS   A        27  CB
  3   LYS   A        37  CB
  4   LYS   A        43  CB
  5   LYS   A       108  CB
  6   LYS   A       111  CB
  7   LYS   A       123  CB
  8   LYS   A       127  CB
  9   LYS   A       136  CB
  
  Number of reactive pairs according to sequence:
  Experiment DSS:    66
  Total number of unique reactive pairs, according to link types:           66
  
  Number of reactive pairs according to observations:
  Experiment DSS:    36
  Total number of unique reactive pairs, according to observations:           36
  
  List of reactive atom pairs, according to observations:
  1  LYS   A        17  CB    LYS   A        27  CB   in experiments:DSS
  2  LYS   A        17  CB    LYS   A        37  CB   in experiments:DSS
  3  LYS   A        17  CB    LYS   A        43  CB   in experiments:DSS
  4  LYS   A        17  CB    LYS   A       108  CB   in experiments:DSS
  5  LYS   A        17  CB    LYS   A       111  CB   in experiments:DSS
  6  LYS   A        17  CB    LYS   A       123  CB   in experiments:DSS
  7  LYS   A        17  CB    LYS   A       127  CB   in experiments:DSS
  8  LYS   A        17  CB    LYS   A       136  CB   in experiments:DSS
  9  LYS   A        27  CB    LYS   A        37  CB   in experiments:DSS
  10  LYS   A        27  CB    LYS   A        43  CB   in experiments:DSS
  11  LYS   A        27  CB    LYS   A       108  CB   in experiments:DSS
  12  LYS   A        27  CB    LYS   A       111  CB   in experiments:DSS
  13  LYS   A        27  CB    LYS   A       123  CB   in experiments:DSS
  14  LYS   A        27  CB    LYS   A       127  CB   in experiments:DSS
  15  LYS   A        27  CB    LYS   A       136  CB   in experiments:DSS
  16  LYS   A        37  CB    LYS   A        43  CB   in experiments:DSS
  17  LYS   A        37  CB    LYS   A       108  CB   in experiments:DSS
  18  LYS   A        37  CB    LYS   A       111  CB   in experiments:DSS
  19  LYS   A        37  CB    LYS   A       123  CB   in experiments:DSS
  20  LYS   A        37  CB    LYS   A       127  CB   in experiments:DSS
  21  LYS   A        37  CB    LYS   A       136  CB   in experiments:DSS
  22  LYS   A        43  CB    LYS   A       108  CB   in experiments:DSS
  23  LYS   A        43  CB    LYS   A       111  CB   in experiments:DSS
  24  LYS   A        43  CB    LYS   A       123  CB   in experiments:DSS
  25  LYS   A        43  CB    LYS   A       127  CB   in experiments:DSS
  26  LYS   A        43  CB    LYS   A       136  CB   in experiments:DSS
  27  LYS   A       108  CB    LYS   A       111  CB   in experiments:DSS
  28  LYS   A       108  CB    LYS   A       123  CB   in experiments:DSS
  29  LYS   A       108  CB    LYS   A       127  CB   in experiments:DSS
  30  LYS   A       108  CB    LYS   A       136  CB   in experiments:DSS
  31  LYS   A       111  CB    LYS   A       123  CB   in experiments:DSS
  32  LYS   A       111  CB    LYS   A       127  CB   in experiments:DSS
  33  LYS   A       111  CB    LYS   A       136  CB   in experiments:DSS
  34  LYS   A       123  CB    LYS   A       127  CB   in experiments:DSS
  35  LYS   A       123  CB    LYS   A       136  CB   in experiments:DSS
  36  LYS   A       127  CB    LYS   A       136  CB   in experiments:DSS
  
  Number of atoms accessible to solvent:          566
  Number of residues accessible to solvent:          116
  
  -------------------------------------------------------------------------------------------------------------------------
  >     RESIDUE1   ATOM1 RESIDUE2   ATOM2 EUCLDIST  TOPODIST OBSERVED    DMIN      DMAX        RESULT  OBSRES REACRES RA AA
  -------------------------------------------------------------------------------------------------------------------------
  LINK: LYS  A   17 CB   LYS  A   27 CB      6.585     6.591   YES      0.000    35.000     OK: FOUND    1/ 1    1/ 1 YY YY
  LINK: LYS  A   27 CB   LYS  A   43 CB     12.510    14.455   YES      0.000    35.000     OK: FOUND    1/ 1    1/ 1 YY YY
  LINK: LYS  A   37 CB   LYS  A  123 CB     17.175    17.288   YES      0.000    35.000     OK: FOUND    1/ 1    1/ 1 YY YY
  LINK: LYS  A   37 CB   LYS  A  127 CB     20.380    21.925   YES      0.000    35.000     OK: FOUND    1/ 1    1/ 1 YY YY
  LINK: LYS  A  108 CB   LYS  A  127 CB     27.642    29.481   YES      0.000    35.000     OK: FOUND    1/ 1    1/ 1 YY YY
  LINK: LYS  A  111 CB   LYS  A  127 CB     37.262    40.055   YES      0.000    35.000     BAD: LONG    0/ 1    0/ 1 YY YY
  LINK: LYS  A  127 CB   LYS  A  136 CB     28.228    33.988   YES      0.000    35.000     OK: FOUND    1/ 1    1/ 1 YY YY
  -------------------------------------------------------------------------------------------------------------------------
  
  RESULTS:
  
  For each experiment:
  
  -------------------------------------------------------------------------------------------------------------------------
  
  Experiment: DSS
  
  Number of type-reactive pairs of atoms:       66
  
  Number of observed-reactive pairs of atoms:       36
  Number of observed-reactive pairs of atoms within linker reach:        6
  Number of observed-reactive pairs of atoms outside linker reach:       30
  Missing links, according to the structure and observed-reactivity:        0
  
  Number of observed links:        8
  Number of observed links consistent with the structure:        6
  Number of observed links NOT consistent with the structure:        1
  
  Sum of scores of observed links:    0.0000000
  
  Sensitivity of the cross-linking reaction:    1.0000000
  False-assignment probability:    0.0151515
  
  Likelihood of the experimental result:    0.9999713
  Log-likelihood of the experimental result:   -0.0000287
  
  Likelihood using user-defined pbad and pgood:    0.6705828
  Log-likelihood using user-defined pbad and pgood:   -0.3996081
  Using: pgood =    0.700; pbad =    0.050
  
  -------------------------------------------------------------------------------------------------------------------------
  
  FINAL RESULTS:
  
  RESULT0:     6 : Number of observations that are consistent with the structure.
  
  RESULT1:     6 : Number of topological distances consistent with all observations.
  RESULT2:     1 : Number of topological distances NOT consistent with observations.
  RESULT3:     0 : Number of links with missing observations.
  
  RESULT4:      0.00000 : Sum of scores of observed links of all experiments.
  
  RESULT5:      0.99997 : Likelihood of the set of experimental results.
  RESULT6:     -0.00003 : Log-likelihood of the set of experimental results.
  
  Using: pgood =    0.700; pbad =    0.050
  RESULT7:      0.67058 : Likelihood of the set of experimental results.
  RESULT8:     -0.39961 : Log-likelihood of the set of experimental results.
  
  -------------------------------------------------------------------------------------------------------------------------
  ATTENTION: There are WARNINGS of input file parsing. Please check the output carefully.
  -------------------------------------------------------------------------------------------------------------------------
  
  
  #########################################################################################################################
