IN:
#
# TOPOLINK input file example
#
# L. Martinez - Institute of Chemistry, University of Campinas
# http://leandro.iqm.unicamp.br
#
# Structure file (can be provided in the command line, overwriting this definition); PDB or mmCIF formats
structure data/temp/dist_reeval/tmp.pdb#endread ENDMDL  # Use this to stop reading atoms if this keyword is found (comment otherwise)
readatoms backplusCB # Which atoms to consider (all/heavy(no-H)/backbone/backplusCB)
# Output directory for links (comment if you do not want the PDB files, that may be a lot)
printlinks no
#linkdir ./links
# What cross-links to compute (all/reactive/observed)
compute observed
#compute reactive
#compute all
# If only inter-domain (inter-chain) links are of interested, uncomment the following line
#interchain
# Only consider observed links with score greater than scorecut
scorecut 0.d0
# Cross-links observed:
experiment DSS
  # Possible types of cross-links and maximum distances
  #        ResType  Chain  ResNum   AtomType    ResType  Chain  ResNum   AtomType  MaxDist
  linktype   MET     all      1       N           LYS     all     all       CB        35
  linktype   LYS     all     all      CB          LYS     all     all       CB        35

  observed LYS A 197 LYS A 488
  observed LYS A 455 LYS A 488
  observed LYS A 488 LYS A 391
  observed LYS A 124 LYS A 132
  observed LYS A 384 LYS A 488
  observed LYS A 196 LYS A 488
  observed LYS A 124 LYS A 262
  observed LYS A 196 LYS A 132
  observed LYS A 384 LYS A 196
  observed LYS A 218 LYS A 132
  observed LYS I 21 LYS I 37
  observed LYS I 28 LYS I 21
  observed LYS I 47 LYS I 37
  observed LYS A 89 LYS A 132
  observed LYS A 132 LYS A 455
  observed LYS I 47 LYS I 21
  observed LYS A 132 LYS A 118
  observed LYS A 89 LYS A 124
  observed LYS A 132 LYS A 151
  observed LYS A 218 LYS A 218
  observed LYS I 44 LYS I 21
  observed LYS A 384 LYS A 197
  observed LYS A 384 LYS A 132
  observed LYS A 488 LYS A 460
  observed LYS A 124 LYS A 175
  observed LYS A 218 LYS A 262
  observed LYS A 218 LYS A 187
  observed LYS A 218 LYS A 463
  observed LYS A 496 LYS A 460
  observed LYS A 218 LYS A 455
  observed LYS A 218 LYS A 118
  observed LYS A 262 LYS A 118
  observed LYS A 124 LYS A 151
  observed LYS A 132 LYS A 187
  observed LYS A 132 LYS A 488
  observed LYS A 197 LYS A 187
  observed LYS A 218 LYS A 496
  observed LYS A 455 LYS A 463
  observed LYS A 218 LYS A 488
  observed LYS A 132 LYS A 80
  observed LYS A 124 LYS A 196
  observed LYS A 218 LYS A 196
  observed LYS A 124 LYS A 197
  observed LYS A 132 LYS A 132
  observed LYS A 89 LYS A 118
  observed LYS A 488 LYS A 488
  observed LYS I 44 LYS I 32
  observed LYS A 132 LYS A 273
  observed LYS A 132 LYS A 175
  observed LYS A 488 LYS A 463
  observed LYS A 124 LYS A 496
  observed LYS A 124 LYS A 83
  observed LYS A 218 LYS A 124
  observed LYS A 132 LYS A 460
  observed LYS A 132 LYS A 83
  observed LYS A 384 LYS A 429
  observed LYS A 384 LYS A 384
  observed LYS A 118 LYS A 175
  observed LYS A 196 LYS A 198
  observed LYS A 384 LYS A 262
  observed LYS A 488 LYS A 496
  observed LYS A 124 LYS A 488
  observed LYS A 196 LYS A 262
  observed LYS A 496 LYS A 455
  observed LYS I 37 LYS I 37
  observed LYS A 118 LYS A 151
  observed LYS A 132 LYS A 262
  observed LYS A 175 LYS A 151
  observed LYS A 488 LYS A 151
  observed LYS A 124 LYS A 124
  observed LYS A 488 LYS A 187
  observed LYS A 496 LYS A 187
  observed LYS A 196 LYS A 196
  observed LYS A 496 LYS A 196
  observed LYS A 488 LYS A 262
  observed LYS A 460 LYS A 384
  observed LYS A 384 LYS A 496
  observed LYS A 496 LYS A 496
  observed LYS I 32 LYS I 21
  observed LYS A 89 LYS A 488
  observed LYS A 124 LYS A 118
  observed LYS A 196 LYS A 118

end experiment DSS
# Optional parameters
search_limit relative 2  # Search for topological distances of up to search_range*dmaxlink
printallfound yes    # Prints, or not, the structure of the links that were found but violate the distances
printPDBnotfound yes # Prints, or not, PDB files for the links which were not found at all (prints a straight line)
pgood 0.70 # Probability of observing a link which is within link reach
pbad  0.05 # Probability of observing a link which is NOT within linker reach
vdwrad 3.         # Radius to be used for excluded atom volume computation
print 0           # Extensive or concise printing
printnotfound yes # Print data for pairs for links which were not found
quitgood no       # Quit whenever a valid link is found (stop searching for shortest one)
dbond 1.5         # Bond distance of link atoms
kbond 10.         # Energy constant for link bonds
kpath 10.         # Energy constant for the complete path distension, used for computing probability
kvdw  2.          # Force constant of overlap function
# Technical parameters for the optimization method
ntrial 400  # Maximum number of trials for best link search
nbest 5     # Number of times the same best link is found until satisfied
maxfunc 50  # Maximum number of function evaluations of CG-Newton
maxcg 40    # Maximum number of CG iterations
seed random # Seed for random number generator (random or integer number)
iguess 2
exit # You can add anything after this


OUT:

  ######################################################## TOPOLINK #######################################################
                 Institute of Chemistry - University of Campinas. http://m3g.iqm.unicamp.br/topolink

                                                                                                         Version 19.156 

  Structure file: data/temp/dist_reeval/tmp.pdb
  TopoLink input file: data/temp/dist_reeval/topo.tmp
  Will stop structure reading when ################## is found.
  Only backbone plus CB atoms will be considered.
  
  Links will not be written as PDB files.
  
  Printing option:        0
  Leave when first valid link is found:  F
  Link bond distance:    1.5000000
  Link bond force-constant:   10.0000000
  VdW radius for volume exclusion:    3.0000000
  Path energy constant:   10.0000000
  Cutoff for observed scores:    0.0000000
  Number of trials for link search:      400
  Number of repeated best links to find until quit:        5
  Maximum number of function evaluations of CGNewton:       50
  Maximum number of CG iterations in CGNewton:       40
  Seed for random number generator:     6738
  
  Number of experiments:        1
  
  Number of atoms read from structure file:     2719
  Number of chains found in structure file:            2
  
  WARNING: First atom of link type does not correspond to any atom of the structure.
  Experiment: DSS
  Link type:   MET   all   N     LYS   all   CB      35.000
  
  -------------------------------------------------------------------------------------------------------------------------
  Experiment: DSS
  Observed links:
  1  LYS   A       197  LYS   A       488
  2  LYS   A       455  LYS   A       488
  3  LYS   A       488  LYS   A       391
  4  LYS   A       124  LYS   A       132
  5  LYS   A       384  LYS   A       488
  6  LYS   A       196  LYS   A       488
  7  LYS   A       124  LYS   A       262
  8  LYS   A       196  LYS   A       132
  9  LYS   A       384  LYS   A       196
  10  LYS   A       218  LYS   A       132
  11  LYS   I        21  LYS   I        37
  12  LYS   I        28  LYS   I        21
  13  LYS   I        47  LYS   I        37
  14  LYS   A        89  LYS   A       132
  15  LYS   A       132  LYS   A       455
  16  LYS   I        47  LYS   I        21
  17  LYS   A       132  LYS   A       118
  18  LYS   A        89  LYS   A       124
  19  LYS   A       132  LYS   A       151
  20  LYS   A       218  LYS   A       218
  21  LYS   I        44  LYS   I        21
  22  LYS   A       384  LYS   A       197
  23  LYS   A       384  LYS   A       132
  24  LYS   A       488  LYS   A       460
  25  LYS   A       124  LYS   A       175
  26  LYS   A       218  LYS   A       262
  27  LYS   A       218  LYS   A       187
  28  LYS   A       218  LYS   A       463
  29  LYS   A       496  LYS   A       460
  30  LYS   A       218  LYS   A       455
  31  LYS   A       218  LYS   A       118
  32  LYS   A       262  LYS   A       118
  33  LYS   A       124  LYS   A       151
  34  LYS   A       132  LYS   A       187
  35  LYS   A       132  LYS   A       488
  36  LYS   A       197  LYS   A       187
  37  LYS   A       218  LYS   A       496
  38  LYS   A       455  LYS   A       463
  39  LYS   A       218  LYS   A       488
  40  LYS   A       132  LYS   A        80
  41  LYS   A       124  LYS   A       196
  42  LYS   A       218  LYS   A       196
  43  LYS   A       124  LYS   A       197
  44  LYS   A       132  LYS   A       132
  45  LYS   A        89  LYS   A       118
  46  LYS   A       488  LYS   A       488
  47  LYS   I        44  LYS   I        32
  48  LYS   A       132  LYS   A       273
  49  LYS   A       132  LYS   A       175
  50  LYS   A       488  LYS   A       463
  51  LYS   A       124  LYS   A       496
  52  LYS   A       124  LYS   A        83
  53  LYS   A       218  LYS   A       124
  54  LYS   A       132  LYS   A       460
  55  LYS   A       132  LYS   A        83
  56  LYS   A       384  LYS   A       429
  57  LYS   A       384  LYS   A       384
  58  LYS   A       118  LYS   A       175
  59  LYS   A       196  LYS   A       198
  60  LYS   A       384  LYS   A       262
  61  LYS   A       488  LYS   A       496
  62  LYS   A       124  LYS   A       488
  63  LYS   A       196  LYS   A       262
  64  LYS   A       496  LYS   A       455
  65  LYS   I        37  LYS   I        37
  66  LYS   A       118  LYS   A       151
  67  LYS   A       132  LYS   A       262
  68  LYS   A       175  LYS   A       151
  69  LYS   A       488  LYS   A       151
  70  LYS   A       124  LYS   A       124
  71  LYS   A       488  LYS   A       187
  72  LYS   A       496  LYS   A       187
  73  LYS   A       196  LYS   A       196
  74  LYS   A       496  LYS   A       196
  75  LYS   A       488  LYS   A       262
  76  LYS   A       460  LYS   A       384
  77  LYS   A       384  LYS   A       496
  78  LYS   A       496  LYS   A       496
  79  LYS   I        32  LYS   I        21
  80  LYS   A        89  LYS   A       488
  81  LYS   A       124  LYS   A       118
  82  LYS   A       196  LYS   A       118
  
  -------------------------------------------------------------------------------------------------------------------------
  -------------------------------------------------------------------------------------------------------------------------
  
  Number of atoms that might be involved in reactions, according link types:       36
  
  All reactive atoms, according to observations:
  1   LYS   A        80  CB
  2   LYS   A        83  CB
  3   LYS   A        89  CB
  4   LYS   A       118  CB
  5   LYS   A       124  CB
  6   LYS   A       132  CB
  7   LYS   A       151  CB
  8   LYS   A       175  CB
  9   LYS   A       187  CB
  10   LYS   A       196  CB
  11   LYS   A       197  CB
  12   LYS   A       198  CB
  13   LYS   A       218  CB
  14   LYS   A       262  CB
  15   LYS   A       273  CB
  16   LYS   A       384  CB
  17   LYS   A       391  CB
  18   LYS   A       429  CB
  19   LYS   A       455  CB
  20   LYS   A       460  CB
  21   LYS   A       463  CB
  22   LYS   A       488  CB
  23   LYS   A       496  CB
  24   LYS   I        21  CB
  25   LYS   I        28  CB
  26   LYS   I        32  CB
  27   LYS   I        37  CB
  28   LYS   I        44  CB
  29   LYS   I        47  CB
  
  Number of reactive pairs according to sequence:
  Experiment DSS:   630
  Total number of unique reactive pairs, according to link types:          630
  
  Number of reactive pairs according to observations:
  Experiment DSS:   406
  Total number of unique reactive pairs, according to observations:          406
  
  List of reactive atom pairs, according to observations:
  1  LYS   A        80  CB    LYS   A        83  CB   in experiments:DSS
  2  LYS   A        80  CB    LYS   A        89  CB   in experiments:DSS
  3  LYS   A        80  CB    LYS   A       118  CB   in experiments:DSS
  4  LYS   A        80  CB    LYS   A       124  CB   in experiments:DSS
  5  LYS   A        80  CB    LYS   A       132  CB   in experiments:DSS
  6  LYS   A        80  CB    LYS   A       151  CB   in experiments:DSS
  7  LYS   A        80  CB    LYS   A       175  CB   in experiments:DSS
  8  LYS   A        80  CB    LYS   A       187  CB   in experiments:DSS
  9  LYS   A        80  CB    LYS   A       196  CB   in experiments:DSS
  10  LYS   A        80  CB    LYS   A       197  CB   in experiments:DSS
  11  LYS   A        80  CB    LYS   A       198  CB   in experiments:DSS
  12  LYS   A        80  CB    LYS   A       218  CB   in experiments:DSS
  13  LYS   A        80  CB    LYS   A       262  CB   in experiments:DSS
  14  LYS   A        80  CB    LYS   A       273  CB   in experiments:DSS
  15  LYS   A        80  CB    LYS   A       384  CB   in experiments:DSS
  16  LYS   A        80  CB    LYS   A       391  CB   in experiments:DSS
  17  LYS   A        80  CB    LYS   A       429  CB   in experiments:DSS
  18  LYS   A        80  CB    LYS   A       455  CB   in experiments:DSS
  19  LYS   A        80  CB    LYS   A       460  CB   in experiments:DSS
  20  LYS   A        80  CB    LYS   A       463  CB   in experiments:DSS
  21  LYS   A        80  CB    LYS   A       488  CB   in experiments:DSS
  22  LYS   A        80  CB    LYS   A       496  CB   in experiments:DSS
  23  LYS   A        80  CB    LYS   I        21  CB   in experiments:DSS
  24  LYS   A        80  CB    LYS   I        28  CB   in experiments:DSS
  25  LYS   A        80  CB    LYS   I        32  CB   in experiments:DSS
  26  LYS   A        80  CB    LYS   I        37  CB   in experiments:DSS
  27  LYS   A        80  CB    LYS   I        44  CB   in experiments:DSS
  28  LYS   A        80  CB    LYS   I        47  CB   in experiments:DSS
  29  LYS   A        83  CB    LYS   A        89  CB   in experiments:DSS
  30  LYS   A        83  CB    LYS   A       118  CB   in experiments:DSS
  31  LYS   A        83  CB    LYS   A       124  CB   in experiments:DSS
  32  LYS   A        83  CB    LYS   A       132  CB   in experiments:DSS
  33  LYS   A        83  CB    LYS   A       151  CB   in experiments:DSS
  34  LYS   A        83  CB    LYS   A       175  CB   in experiments:DSS
  35  LYS   A        83  CB    LYS   A       187  CB   in experiments:DSS
  36  LYS   A        83  CB    LYS   A       196  CB   in experiments:DSS
  37  LYS   A        83  CB    LYS   A       197  CB   in experiments:DSS
  38  LYS   A        83  CB    LYS   A       198  CB   in experiments:DSS
  39  LYS   A        83  CB    LYS   A       218  CB   in experiments:DSS
  40  LYS   A        83  CB    LYS   A       262  CB   in experiments:DSS
  41  LYS   A        83  CB    LYS   A       273  CB   in experiments:DSS
  42  LYS   A        83  CB    LYS   A       384  CB   in experiments:DSS
  43  LYS   A        83  CB    LYS   A       391  CB   in experiments:DSS
  44  LYS   A        83  CB    LYS   A       429  CB   in experiments:DSS
  45  LYS   A        83  CB    LYS   A       455  CB   in experiments:DSS
  46  LYS   A        83  CB    LYS   A       460  CB   in experiments:DSS
  47  LYS   A        83  CB    LYS   A       463  CB   in experiments:DSS
  48  LYS   A        83  CB    LYS   A       488  CB   in experiments:DSS
  49  LYS   A        83  CB    LYS   A       496  CB   in experiments:DSS
  50  LYS   A        83  CB    LYS   I        21  CB   in experiments:DSS
  51  LYS   A        83  CB    LYS   I        28  CB   in experiments:DSS
  52  LYS   A        83  CB    LYS   I        32  CB   in experiments:DSS
  53  LYS   A        83  CB    LYS   I        37  CB   in experiments:DSS
  54  LYS   A        83  CB    LYS   I        44  CB   in experiments:DSS
  55  LYS   A        83  CB    LYS   I        47  CB   in experiments:DSS
  56  LYS   A        89  CB    LYS   A       118  CB   in experiments:DSS
  57  LYS   A        89  CB    LYS   A       124  CB   in experiments:DSS
  58  LYS   A        89  CB    LYS   A       132  CB   in experiments:DSS
  59  LYS   A        89  CB    LYS   A       151  CB   in experiments:DSS
  60  LYS   A        89  CB    LYS   A       175  CB   in experiments:DSS
  61  LYS   A        89  CB    LYS   A       187  CB   in experiments:DSS
  62  LYS   A        89  CB    LYS   A       196  CB   in experiments:DSS
  63  LYS   A        89  CB    LYS   A       197  CB   in experiments:DSS
  64  LYS   A        89  CB    LYS   A       198  CB   in experiments:DSS
  65  LYS   A        89  CB    LYS   A       218  CB   in experiments:DSS
  66  LYS   A        89  CB    LYS   A       262  CB   in experiments:DSS
  67  LYS   A        89  CB    LYS   A       273  CB   in experiments:DSS
  68  LYS   A        89  CB    LYS   A       384  CB   in experiments:DSS
  69  LYS   A        89  CB    LYS   A       391  CB   in experiments:DSS
  70  LYS   A        89  CB    LYS   A       429  CB   in experiments:DSS
  71  LYS   A        89  CB    LYS   A       455  CB   in experiments:DSS
  72  LYS   A        89  CB    LYS   A       460  CB   in experiments:DSS
  73  LYS   A        89  CB    LYS   A       463  CB   in experiments:DSS
  74  LYS   A        89  CB    LYS   A       488  CB   in experiments:DSS
  75  LYS   A        89  CB    LYS   A       496  CB   in experiments:DSS
  76  LYS   A        89  CB    LYS   I        21  CB   in experiments:DSS
  77  LYS   A        89  CB    LYS   I        28  CB   in experiments:DSS
  78  LYS   A        89  CB    LYS   I        32  CB   in experiments:DSS
  79  LYS   A        89  CB    LYS   I        37  CB   in experiments:DSS
  80  LYS   A        89  CB    LYS   I        44  CB   in experiments:DSS
  81  LYS   A        89  CB    LYS   I        47  CB   in experiments:DSS
  82  LYS   A       118  CB    LYS   A       124  CB   in experiments:DSS
  83  LYS   A       118  CB    LYS   A       132  CB   in experiments:DSS
  84  LYS   A       118  CB    LYS   A       151  CB   in experiments:DSS
  85  LYS   A       118  CB    LYS   A       175  CB   in experiments:DSS
  86  LYS   A       118  CB    LYS   A       187  CB   in experiments:DSS
  87  LYS   A       118  CB    LYS   A       196  CB   in experiments:DSS
  88  LYS   A       118  CB    LYS   A       197  CB   in experiments:DSS
  89  LYS   A       118  CB    LYS   A       198  CB   in experiments:DSS
  90  LYS   A       118  CB    LYS   A       218  CB   in experiments:DSS
  91  LYS   A       118  CB    LYS   A       262  CB   in experiments:DSS
  92  LYS   A       118  CB    LYS   A       273  CB   in experiments:DSS
  93  LYS   A       118  CB    LYS   A       384  CB   in experiments:DSS
  94  LYS   A       118  CB    LYS   A       391  CB   in experiments:DSS
  95  LYS   A       118  CB    LYS   A       429  CB   in experiments:DSS
  96  LYS   A       118  CB    LYS   A       455  CB   in experiments:DSS
  97  LYS   A       118  CB    LYS   A       460  CB   in experiments:DSS
  98  LYS   A       118  CB    LYS   A       463  CB   in experiments:DSS
  99  LYS   A       118  CB    LYS   A       488  CB   in experiments:DSS
  100  LYS   A       118  CB    LYS   A       496  CB   in experiments:DSS
  101  LYS   A       118  CB    LYS   I        21  CB   in experiments:DSS
  102  LYS   A       118  CB    LYS   I        28  CB   in experiments:DSS
  103  LYS   A       118  CB    LYS   I        32  CB   in experiments:DSS
  104  LYS   A       118  CB    LYS   I        37  CB   in experiments:DSS
  105  LYS   A       118  CB    LYS   I        44  CB   in experiments:DSS
  106  LYS   A       118  CB    LYS   I        47  CB   in experiments:DSS
  107  LYS   A       124  CB    LYS   A       132  CB   in experiments:DSS
  108  LYS   A       124  CB    LYS   A       151  CB   in experiments:DSS
  109  LYS   A       124  CB    LYS   A       175  CB   in experiments:DSS
  110  LYS   A       124  CB    LYS   A       187  CB   in experiments:DSS
  111  LYS   A       124  CB    LYS   A       196  CB   in experiments:DSS
  112  LYS   A       124  CB    LYS   A       197  CB   in experiments:DSS
  113  LYS   A       124  CB    LYS   A       198  CB   in experiments:DSS
  114  LYS   A       124  CB    LYS   A       218  CB   in experiments:DSS
  115  LYS   A       124  CB    LYS   A       262  CB   in experiments:DSS
  116  LYS   A       124  CB    LYS   A       273  CB   in experiments:DSS
  117  LYS   A       124  CB    LYS   A       384  CB   in experiments:DSS
  118  LYS   A       124  CB    LYS   A       391  CB   in experiments:DSS
  119  LYS   A       124  CB    LYS   A       429  CB   in experiments:DSS
  120  LYS   A       124  CB    LYS   A       455  CB   in experiments:DSS
  121  LYS   A       124  CB    LYS   A       460  CB   in experiments:DSS
  122  LYS   A       124  CB    LYS   A       463  CB   in experiments:DSS
  123  LYS   A       124  CB    LYS   A       488  CB   in experiments:DSS
  124  LYS   A       124  CB    LYS   A       496  CB   in experiments:DSS
  125  LYS   A       124  CB    LYS   I        21  CB   in experiments:DSS
  126  LYS   A       124  CB    LYS   I        28  CB   in experiments:DSS
  127  LYS   A       124  CB    LYS   I        32  CB   in experiments:DSS
  128  LYS   A       124  CB    LYS   I        37  CB   in experiments:DSS
  129  LYS   A       124  CB    LYS   I        44  CB   in experiments:DSS
  130  LYS   A       124  CB    LYS   I        47  CB   in experiments:DSS
  131  LYS   A       132  CB    LYS   A       151  CB   in experiments:DSS
  132  LYS   A       132  CB    LYS   A       175  CB   in experiments:DSS
  133  LYS   A       132  CB    LYS   A       187  CB   in experiments:DSS
  134  LYS   A       132  CB    LYS   A       196  CB   in experiments:DSS
  135  LYS   A       132  CB    LYS   A       197  CB   in experiments:DSS
  136  LYS   A       132  CB    LYS   A       198  CB   in experiments:DSS
  137  LYS   A       132  CB    LYS   A       218  CB   in experiments:DSS
  138  LYS   A       132  CB    LYS   A       262  CB   in experiments:DSS
  139  LYS   A       132  CB    LYS   A       273  CB   in experiments:DSS
  140  LYS   A       132  CB    LYS   A       384  CB   in experiments:DSS
  141  LYS   A       132  CB    LYS   A       391  CB   in experiments:DSS
  142  LYS   A       132  CB    LYS   A       429  CB   in experiments:DSS
  143  LYS   A       132  CB    LYS   A       455  CB   in experiments:DSS
  144  LYS   A       132  CB    LYS   A       460  CB   in experiments:DSS
  145  LYS   A       132  CB    LYS   A       463  CB   in experiments:DSS
  146  LYS   A       132  CB    LYS   A       488  CB   in experiments:DSS
  147  LYS   A       132  CB    LYS   A       496  CB   in experiments:DSS
  148  LYS   A       132  CB    LYS   I        21  CB   in experiments:DSS
  149  LYS   A       132  CB    LYS   I        28  CB   in experiments:DSS
  150  LYS   A       132  CB    LYS   I        32  CB   in experiments:DSS
  151  LYS   A       132  CB    LYS   I        37  CB   in experiments:DSS
  152  LYS   A       132  CB    LYS   I        44  CB   in experiments:DSS
  153  LYS   A       132  CB    LYS   I        47  CB   in experiments:DSS
  154  LYS   A       151  CB    LYS   A       175  CB   in experiments:DSS
  155  LYS   A       151  CB    LYS   A       187  CB   in experiments:DSS
  156  LYS   A       151  CB    LYS   A       196  CB   in experiments:DSS
  157  LYS   A       151  CB    LYS   A       197  CB   in experiments:DSS
  158  LYS   A       151  CB    LYS   A       198  CB   in experiments:DSS
  159  LYS   A       151  CB    LYS   A       218  CB   in experiments:DSS
  160  LYS   A       151  CB    LYS   A       262  CB   in experiments:DSS
  161  LYS   A       151  CB    LYS   A       273  CB   in experiments:DSS
  162  LYS   A       151  CB    LYS   A       384  CB   in experiments:DSS
  163  LYS   A       151  CB    LYS   A       391  CB   in experiments:DSS
  164  LYS   A       151  CB    LYS   A       429  CB   in experiments:DSS
  165  LYS   A       151  CB    LYS   A       455  CB   in experiments:DSS
  166  LYS   A       151  CB    LYS   A       460  CB   in experiments:DSS
  167  LYS   A       151  CB    LYS   A       463  CB   in experiments:DSS
  168  LYS   A       151  CB    LYS   A       488  CB   in experiments:DSS
  169  LYS   A       151  CB    LYS   A       496  CB   in experiments:DSS
  170  LYS   A       151  CB    LYS   I        21  CB   in experiments:DSS
  171  LYS   A       151  CB    LYS   I        28  CB   in experiments:DSS
  172  LYS   A       151  CB    LYS   I        32  CB   in experiments:DSS
  173  LYS   A       151  CB    LYS   I        37  CB   in experiments:DSS
  174  LYS   A       151  CB    LYS   I        44  CB   in experiments:DSS
  175  LYS   A       151  CB    LYS   I        47  CB   in experiments:DSS
  176  LYS   A       175  CB    LYS   A       187  CB   in experiments:DSS
  177  LYS   A       175  CB    LYS   A       196  CB   in experiments:DSS
  178  LYS   A       175  CB    LYS   A       197  CB   in experiments:DSS
  179  LYS   A       175  CB    LYS   A       198  CB   in experiments:DSS
  180  LYS   A       175  CB    LYS   A       218  CB   in experiments:DSS
  181  LYS   A       175  CB    LYS   A       262  CB   in experiments:DSS
  182  LYS   A       175  CB    LYS   A       273  CB   in experiments:DSS
  183  LYS   A       175  CB    LYS   A       384  CB   in experiments:DSS
  184  LYS   A       175  CB    LYS   A       391  CB   in experiments:DSS
  185  LYS   A       175  CB    LYS   A       429  CB   in experiments:DSS
  186  LYS   A       175  CB    LYS   A       455  CB   in experiments:DSS
  187  LYS   A       175  CB    LYS   A       460  CB   in experiments:DSS
  188  LYS   A       175  CB    LYS   A       463  CB   in experiments:DSS
  189  LYS   A       175  CB    LYS   A       488  CB   in experiments:DSS
  190  LYS   A       175  CB    LYS   A       496  CB   in experiments:DSS
  191  LYS   A       175  CB    LYS   I        21  CB   in experiments:DSS
  192  LYS   A       175  CB    LYS   I        28  CB   in experiments:DSS
  193  LYS   A       175  CB    LYS   I        32  CB   in experiments:DSS
  194  LYS   A       175  CB    LYS   I        37  CB   in experiments:DSS
  195  LYS   A       175  CB    LYS   I        44  CB   in experiments:DSS
  196  LYS   A       175  CB    LYS   I        47  CB   in experiments:DSS
  197  LYS   A       187  CB    LYS   A       196  CB   in experiments:DSS
  198  LYS   A       187  CB    LYS   A       197  CB   in experiments:DSS
  199  LYS   A       187  CB    LYS   A       198  CB   in experiments:DSS
  200  LYS   A       187  CB    LYS   A       218  CB   in experiments:DSS
  201  LYS   A       187  CB    LYS   A       262  CB   in experiments:DSS
  202  LYS   A       187  CB    LYS   A       273  CB   in experiments:DSS
  203  LYS   A       187  CB    LYS   A       384  CB   in experiments:DSS
  204  LYS   A       187  CB    LYS   A       391  CB   in experiments:DSS
  205  LYS   A       187  CB    LYS   A       429  CB   in experiments:DSS
  206  LYS   A       187  CB    LYS   A       455  CB   in experiments:DSS
  207  LYS   A       187  CB    LYS   A       460  CB   in experiments:DSS
  208  LYS   A       187  CB    LYS   A       463  CB   in experiments:DSS
  209  LYS   A       187  CB    LYS   A       488  CB   in experiments:DSS
  210  LYS   A       187  CB    LYS   A       496  CB   in experiments:DSS
  211  LYS   A       187  CB    LYS   I        21  CB   in experiments:DSS
  212  LYS   A       187  CB    LYS   I        28  CB   in experiments:DSS
  213  LYS   A       187  CB    LYS   I        32  CB   in experiments:DSS
  214  LYS   A       187  CB    LYS   I        37  CB   in experiments:DSS
  215  LYS   A       187  CB    LYS   I        44  CB   in experiments:DSS
  216  LYS   A       187  CB    LYS   I        47  CB   in experiments:DSS
  217  LYS   A       196  CB    LYS   A       197  CB   in experiments:DSS
  218  LYS   A       196  CB    LYS   A       198  CB   in experiments:DSS
  219  LYS   A       196  CB    LYS   A       218  CB   in experiments:DSS
  220  LYS   A       196  CB    LYS   A       262  CB   in experiments:DSS
  221  LYS   A       196  CB    LYS   A       273  CB   in experiments:DSS
  222  LYS   A       196  CB    LYS   A       384  CB   in experiments:DSS
  223  LYS   A       196  CB    LYS   A       391  CB   in experiments:DSS
  224  LYS   A       196  CB    LYS   A       429  CB   in experiments:DSS
  225  LYS   A       196  CB    LYS   A       455  CB   in experiments:DSS
  226  LYS   A       196  CB    LYS   A       460  CB   in experiments:DSS
  227  LYS   A       196  CB    LYS   A       463  CB   in experiments:DSS
  228  LYS   A       196  CB    LYS   A       488  CB   in experiments:DSS
  229  LYS   A       196  CB    LYS   A       496  CB   in experiments:DSS
  230  LYS   A       196  CB    LYS   I        21  CB   in experiments:DSS
  231  LYS   A       196  CB    LYS   I        28  CB   in experiments:DSS
  232  LYS   A       196  CB    LYS   I        32  CB   in experiments:DSS
  233  LYS   A       196  CB    LYS   I        37  CB   in experiments:DSS
  234  LYS   A       196  CB    LYS   I        44  CB   in experiments:DSS
  235  LYS   A       196  CB    LYS   I        47  CB   in experiments:DSS
  236  LYS   A       197  CB    LYS   A       198  CB   in experiments:DSS
  237  LYS   A       197  CB    LYS   A       218  CB   in experiments:DSS
  238  LYS   A       197  CB    LYS   A       262  CB   in experiments:DSS
  239  LYS   A       197  CB    LYS   A       273  CB   in experiments:DSS
  240  LYS   A       197  CB    LYS   A       384  CB   in experiments:DSS
  241  LYS   A       197  CB    LYS   A       391  CB   in experiments:DSS
  242  LYS   A       197  CB    LYS   A       429  CB   in experiments:DSS
  243  LYS   A       197  CB    LYS   A       455  CB   in experiments:DSS
  244  LYS   A       197  CB    LYS   A       460  CB   in experiments:DSS
  245  LYS   A       197  CB    LYS   A       463  CB   in experiments:DSS
  246  LYS   A       197  CB    LYS   A       488  CB   in experiments:DSS
  247  LYS   A       197  CB    LYS   A       496  CB   in experiments:DSS
  248  LYS   A       197  CB    LYS   I        21  CB   in experiments:DSS
  249  LYS   A       197  CB    LYS   I        28  CB   in experiments:DSS
  250  LYS   A       197  CB    LYS   I        32  CB   in experiments:DSS
  251  LYS   A       197  CB    LYS   I        37  CB   in experiments:DSS
  252  LYS   A       197  CB    LYS   I        44  CB   in experiments:DSS
  253  LYS   A       197  CB    LYS   I        47  CB   in experiments:DSS
  254  LYS   A       198  CB    LYS   A       218  CB   in experiments:DSS
  255  LYS   A       198  CB    LYS   A       262  CB   in experiments:DSS
  256  LYS   A       198  CB    LYS   A       273  CB   in experiments:DSS
  257  LYS   A       198  CB    LYS   A       384  CB   in experiments:DSS
  258  LYS   A       198  CB    LYS   A       391  CB   in experiments:DSS
  259  LYS   A       198  CB    LYS   A       429  CB   in experiments:DSS
  260  LYS   A       198  CB    LYS   A       455  CB   in experiments:DSS
  261  LYS   A       198  CB    LYS   A       460  CB   in experiments:DSS
  262  LYS   A       198  CB    LYS   A       463  CB   in experiments:DSS
  263  LYS   A       198  CB    LYS   A       488  CB   in experiments:DSS
  264  LYS   A       198  CB    LYS   A       496  CB   in experiments:DSS
  265  LYS   A       198  CB    LYS   I        21  CB   in experiments:DSS
  266  LYS   A       198  CB    LYS   I        28  CB   in experiments:DSS
  267  LYS   A       198  CB    LYS   I        32  CB   in experiments:DSS
  268  LYS   A       198  CB    LYS   I        37  CB   in experiments:DSS
  269  LYS   A       198  CB    LYS   I        44  CB   in experiments:DSS
  270  LYS   A       198  CB    LYS   I        47  CB   in experiments:DSS
  271  LYS   A       218  CB    LYS   A       262  CB   in experiments:DSS
  272  LYS   A       218  CB    LYS   A       273  CB   in experiments:DSS
  273  LYS   A       218  CB    LYS   A       384  CB   in experiments:DSS
  274  LYS   A       218  CB    LYS   A       391  CB   in experiments:DSS
  275  LYS   A       218  CB    LYS   A       429  CB   in experiments:DSS
  276  LYS   A       218  CB    LYS   A       455  CB   in experiments:DSS
  277  LYS   A       218  CB    LYS   A       460  CB   in experiments:DSS
  278  LYS   A       218  CB    LYS   A       463  CB   in experiments:DSS
  279  LYS   A       218  CB    LYS   A       488  CB   in experiments:DSS
  280  LYS   A       218  CB    LYS   A       496  CB   in experiments:DSS
  281  LYS   A       218  CB    LYS   I        21  CB   in experiments:DSS
  282  LYS   A       218  CB    LYS   I        28  CB   in experiments:DSS
  283  LYS   A       218  CB    LYS   I        32  CB   in experiments:DSS
  284  LYS   A       218  CB    LYS   I        37  CB   in experiments:DSS
  285  LYS   A       218  CB    LYS   I        44  CB   in experiments:DSS
  286  LYS   A       218  CB    LYS   I        47  CB   in experiments:DSS
  287  LYS   A       262  CB    LYS   A       273  CB   in experiments:DSS
  288  LYS   A       262  CB    LYS   A       384  CB   in experiments:DSS
  289  LYS   A       262  CB    LYS   A       391  CB   in experiments:DSS
  290  LYS   A       262  CB    LYS   A       429  CB   in experiments:DSS
  291  LYS   A       262  CB    LYS   A       455  CB   in experiments:DSS
  292  LYS   A       262  CB    LYS   A       460  CB   in experiments:DSS
  293  LYS   A       262  CB    LYS   A       463  CB   in experiments:DSS
  294  LYS   A       262  CB    LYS   A       488  CB   in experiments:DSS
  295  LYS   A       262  CB    LYS   A       496  CB   in experiments:DSS
  296  LYS   A       262  CB    LYS   I        21  CB   in experiments:DSS
  297  LYS   A       262  CB    LYS   I        28  CB   in experiments:DSS
  298  LYS   A       262  CB    LYS   I        32  CB   in experiments:DSS
  299  LYS   A       262  CB    LYS   I        37  CB   in experiments:DSS
  300  LYS   A       262  CB    LYS   I        44  CB   in experiments:DSS
  301  LYS   A       262  CB    LYS   I        47  CB   in experiments:DSS
  302  LYS   A       273  CB    LYS   A       384  CB   in experiments:DSS
  303  LYS   A       273  CB    LYS   A       391  CB   in experiments:DSS
  304  LYS   A       273  CB    LYS   A       429  CB   in experiments:DSS
  305  LYS   A       273  CB    LYS   A       455  CB   in experiments:DSS
  306  LYS   A       273  CB    LYS   A       460  CB   in experiments:DSS
  307  LYS   A       273  CB    LYS   A       463  CB   in experiments:DSS
  308  LYS   A       273  CB    LYS   A       488  CB   in experiments:DSS
  309  LYS   A       273  CB    LYS   A       496  CB   in experiments:DSS
  310  LYS   A       273  CB    LYS   I        21  CB   in experiments:DSS
  311  LYS   A       273  CB    LYS   I        28  CB   in experiments:DSS
  312  LYS   A       273  CB    LYS   I        32  CB   in experiments:DSS
  313  LYS   A       273  CB    LYS   I        37  CB   in experiments:DSS
  314  LYS   A       273  CB    LYS   I        44  CB   in experiments:DSS
  315  LYS   A       273  CB    LYS   I        47  CB   in experiments:DSS
  316  LYS   A       384  CB    LYS   A       391  CB   in experiments:DSS
  317  LYS   A       384  CB    LYS   A       429  CB   in experiments:DSS
  318  LYS   A       384  CB    LYS   A       455  CB   in experiments:DSS
  319  LYS   A       384  CB    LYS   A       460  CB   in experiments:DSS
  320  LYS   A       384  CB    LYS   A       463  CB   in experiments:DSS
  321  LYS   A       384  CB    LYS   A       488  CB   in experiments:DSS
  322  LYS   A       384  CB    LYS   A       496  CB   in experiments:DSS
  323  LYS   A       384  CB    LYS   I        21  CB   in experiments:DSS
  324  LYS   A       384  CB    LYS   I        28  CB   in experiments:DSS
  325  LYS   A       384  CB    LYS   I        32  CB   in experiments:DSS
  326  LYS   A       384  CB    LYS   I        37  CB   in experiments:DSS
  327  LYS   A       384  CB    LYS   I        44  CB   in experiments:DSS
  328  LYS   A       384  CB    LYS   I        47  CB   in experiments:DSS
  329  LYS   A       391  CB    LYS   A       429  CB   in experiments:DSS
  330  LYS   A       391  CB    LYS   A       455  CB   in experiments:DSS
  331  LYS   A       391  CB    LYS   A       460  CB   in experiments:DSS
  332  LYS   A       391  CB    LYS   A       463  CB   in experiments:DSS
  333  LYS   A       391  CB    LYS   A       488  CB   in experiments:DSS
  334  LYS   A       391  CB    LYS   A       496  CB   in experiments:DSS
  335  LYS   A       391  CB    LYS   I        21  CB   in experiments:DSS
  336  LYS   A       391  CB    LYS   I        28  CB   in experiments:DSS
  337  LYS   A       391  CB    LYS   I        32  CB   in experiments:DSS
  338  LYS   A       391  CB    LYS   I        37  CB   in experiments:DSS
  339  LYS   A       391  CB    LYS   I        44  CB   in experiments:DSS
  340  LYS   A       391  CB    LYS   I        47  CB   in experiments:DSS
  341  LYS   A       429  CB    LYS   A       455  CB   in experiments:DSS
  342  LYS   A       429  CB    LYS   A       460  CB   in experiments:DSS
  343  LYS   A       429  CB    LYS   A       463  CB   in experiments:DSS
  344  LYS   A       429  CB    LYS   A       488  CB   in experiments:DSS
  345  LYS   A       429  CB    LYS   A       496  CB   in experiments:DSS
  346  LYS   A       429  CB    LYS   I        21  CB   in experiments:DSS
  347  LYS   A       429  CB    LYS   I        28  CB   in experiments:DSS
  348  LYS   A       429  CB    LYS   I        32  CB   in experiments:DSS
  349  LYS   A       429  CB    LYS   I        37  CB   in experiments:DSS
  350  LYS   A       429  CB    LYS   I        44  CB   in experiments:DSS
  351  LYS   A       429  CB    LYS   I        47  CB   in experiments:DSS
  352  LYS   A       455  CB    LYS   A       460  CB   in experiments:DSS
  353  LYS   A       455  CB    LYS   A       463  CB   in experiments:DSS
  354  LYS   A       455  CB    LYS   A       488  CB   in experiments:DSS
  355  LYS   A       455  CB    LYS   A       496  CB   in experiments:DSS
  356  LYS   A       455  CB    LYS   I        21  CB   in experiments:DSS
  357  LYS   A       455  CB    LYS   I        28  CB   in experiments:DSS
  358  LYS   A       455  CB    LYS   I        32  CB   in experiments:DSS
  359  LYS   A       455  CB    LYS   I        37  CB   in experiments:DSS
  360  LYS   A       455  CB    LYS   I        44  CB   in experiments:DSS
  361  LYS   A       455  CB    LYS   I        47  CB   in experiments:DSS
  362  LYS   A       460  CB    LYS   A       463  CB   in experiments:DSS
  363  LYS   A       460  CB    LYS   A       488  CB   in experiments:DSS
  364  LYS   A       460  CB    LYS   A       496  CB   in experiments:DSS
  365  LYS   A       460  CB    LYS   I        21  CB   in experiments:DSS
  366  LYS   A       460  CB    LYS   I        28  CB   in experiments:DSS
  367  LYS   A       460  CB    LYS   I        32  CB   in experiments:DSS
  368  LYS   A       460  CB    LYS   I        37  CB   in experiments:DSS
  369  LYS   A       460  CB    LYS   I        44  CB   in experiments:DSS
  370  LYS   A       460  CB    LYS   I        47  CB   in experiments:DSS
  371  LYS   A       463  CB    LYS   A       488  CB   in experiments:DSS
  372  LYS   A       463  CB    LYS   A       496  CB   in experiments:DSS
  373  LYS   A       463  CB    LYS   I        21  CB   in experiments:DSS
  374  LYS   A       463  CB    LYS   I        28  CB   in experiments:DSS
  375  LYS   A       463  CB    LYS   I        32  CB   in experiments:DSS
  376  LYS   A       463  CB    LYS   I        37  CB   in experiments:DSS
  377  LYS   A       463  CB    LYS   I        44  CB   in experiments:DSS
  378  LYS   A       463  CB    LYS   I        47  CB   in experiments:DSS
  379  LYS   A       488  CB    LYS   A       496  CB   in experiments:DSS
  380  LYS   A       488  CB    LYS   I        21  CB   in experiments:DSS
  381  LYS   A       488  CB    LYS   I        28  CB   in experiments:DSS
  382  LYS   A       488  CB    LYS   I        32  CB   in experiments:DSS
  383  LYS   A       488  CB    LYS   I        37  CB   in experiments:DSS
  384  LYS   A       488  CB    LYS   I        44  CB   in experiments:DSS
  385  LYS   A       488  CB    LYS   I        47  CB   in experiments:DSS
  386  LYS   A       496  CB    LYS   I        21  CB   in experiments:DSS
  387  LYS   A       496  CB    LYS   I        28  CB   in experiments:DSS
  388  LYS   A       496  CB    LYS   I        32  CB   in experiments:DSS
  389  LYS   A       496  CB    LYS   I        37  CB   in experiments:DSS
  390  LYS   A       496  CB    LYS   I        44  CB   in experiments:DSS
  391  LYS   A       496  CB    LYS   I        47  CB   in experiments:DSS
  392  LYS   I        21  CB    LYS   I        28  CB   in experiments:DSS
  393  LYS   I        21  CB    LYS   I        32  CB   in experiments:DSS
  394  LYS   I        21  CB    LYS   I        37  CB   in experiments:DSS
  395  LYS   I        21  CB    LYS   I        44  CB   in experiments:DSS
  396  LYS   I        21  CB    LYS   I        47  CB   in experiments:DSS
  397  LYS   I        28  CB    LYS   I        32  CB   in experiments:DSS
  398  LYS   I        28  CB    LYS   I        37  CB   in experiments:DSS
  399  LYS   I        28  CB    LYS   I        44  CB   in experiments:DSS
  400  LYS   I        28  CB    LYS   I        47  CB   in experiments:DSS
  401  LYS   I        32  CB    LYS   I        37  CB   in experiments:DSS
  402  LYS   I        32  CB    LYS   I        44  CB   in experiments:DSS
  403  LYS   I        32  CB    LYS   I        47  CB   in experiments:DSS
  404  LYS   I        37  CB    LYS   I        44  CB   in experiments:DSS
  405  LYS   I        37  CB    LYS   I        47  CB   in experiments:DSS
  406  LYS   I        44  CB    LYS   I        47  CB   in experiments:DSS
  
  Number of atoms accessible to solvent:         2646
  Number of residues accessible to solvent:          554
  
  -------------------------------------------------------------------------------------------------------------------------
  >     RESIDUE1   ATOM1 RESIDUE2   ATOM2 EUCLDIST  TOPODIST OBSERVED    DMIN      DMAX        RESULT  OBSRES REACRES RA AA
  -------------------------------------------------------------------------------------------------------------------------
  LINK: LYS  A   80 CB   LYS  A  132 CB     36.493    38.784   YES      0.000    35.000     BAD: LONG    0/ 1    0/ 1 YY YY
  LINK: LYS  A   83 CB   LYS  A  124 CB     37.504    41.344   YES      0.000    35.000     BAD: LONG    0/ 1    0/ 1 YY YY
  LINK: LYS  A   83 CB   LYS  A  132 CB     37.444    41.945   YES      0.000    35.000     BAD: LONG    0/ 1    0/ 1 YY YY
  LINK: LYS  A   89 CB   LYS  A  118 CB     31.073    31.849   YES      0.000    35.000     OK: FOUND    1/ 1    1/ 1 YY YY
  LINK: LYS  A   89 CB   LYS  A  124 CB     26.068    26.992   YES      0.000    35.000     OK: FOUND    1/ 1    1/ 1 YY YY
  LINK: LYS  A   89 CB   LYS  A  132 CB     27.978    32.064   YES      0.000    35.000     OK: FOUND    1/ 1    1/ 1 YY YY
  LINK: LYS  A   89 CB   LYS  A  488 CB     61.350    67.478   YES      0.000    35.000     BAD: LONG    0/ 1    0/ 1 YY YY
  LINK: LYS  A  118 CB   LYS  A  124 CB     19.202    20.417   YES      0.000    35.000     OK: FOUND    1/ 1    1/ 1 YY YY
  LINK: LYS  A  118 CB   LYS  A  132 CB     34.385    42.582   YES      0.000    35.000     BAD: LONG    0/ 1    0/ 1 YY YY
  LINK: LYS  A  118 CB   LYS  A  151 CB     35.583    41.422   YES      0.000    35.000     BAD: LONG    0/ 1    0/ 1 YY YY
  LINK: LYS  A  118 CB   LYS  A  175 CB     28.861    29.434   YES      0.000    35.000     OK: FOUND    1/ 1    1/ 1 YY YY
  LINK: LYS  A  118 CB   LYS  A  196 CB     30.774    33.057   YES      0.000    35.000     OK: FOUND    1/ 1    1/ 1 YY YY
  LINK: LYS  A  118 CB   LYS  A  218 CB     13.439    13.574   YES      0.000    35.000     OK: FOUND    1/ 1    1/ 1 YY YY
  LINK: LYS  A  118 CB   LYS  A  262 CB     24.054    25.077   YES      0.000    35.000     OK: FOUND    1/ 1    1/ 1 YY YY
  LINK: LYS  A  124 CB   LYS  A  132 CB     23.270    23.736   YES      0.000    35.000     OK: FOUND    1/ 1    1/ 1 YY YY
  LINK: LYS  A  124 CB   LYS  A  151 CB     40.247    47.909   YES      0.000    35.000     BAD: LONG    0/ 1    0/ 1 YY YY
  LINK: LYS  A  124 CB   LYS  A  175 CB     35.476    46.113   YES      0.000    35.000     BAD: LONG    0/ 1    0/ 1 YY YY
  LINK: LYS  A  124 CB   LYS  A  196 CB     23.795    24.088   YES      0.000    35.000     OK: FOUND    1/ 1    1/ 1 YY YY
  LINK: LYS  A  124 CB   LYS  A  197 CB     25.258    26.797   YES      0.000    35.000     OK: FOUND    1/ 1    1/ 1 YY YY
  LINK: LYS  A  124 CB   LYS  A  218 CB     28.934    31.301   YES      0.000    35.000     OK: FOUND    1/ 1    1/ 1 YY YY
  LINK: LYS  A  124 CB   LYS  A  262 CB     15.748    15.748   YES      0.000    35.000     OK: FOUND    1/ 1    1/ 1 YY YY
  LINK: LYS  A  124 CB   LYS  A  488 CB     41.676    43.026   YES      0.000    35.000     BAD: LONG    0/ 1    0/ 1 YY YY
  LINK: LYS  A  124 CB   LYS  A  496 CB     50.315    53.328   YES      0.000    35.000     BAD: LONG    0/ 1    0/ 1 YY YY
  LINK: LYS  A  132 CB   LYS  A  151 CB     37.572    50.036   YES      0.000    35.000     BAD: LONG    0/ 1    0/ 1 YY YY
  LINK: LYS  A  132 CB   LYS  A  175 CB     30.161   >70.000   YES      0.000    35.000 BAD: NOTFOUND    0/ 1    0/ 1 YY YY
  LINK: LYS  A  132 CB   LYS  A  187 CB     33.685    41.851   YES      0.000    35.000     BAD: LONG    0/ 1    0/ 1 YY YY
  LINK: LYS  A  132 CB   LYS  A  196 CB     25.982    30.845   YES      0.000    35.000     OK: FOUND    1/ 1    1/ 1 YY YY
  LINK: LYS  A  132 CB   LYS  A  218 CB     37.125    47.818   YES      0.000    35.000     BAD: LONG    0/ 1    0/ 1 YY YY
  LINK: LYS  A  132 CB   LYS  A  262 CB     21.009    25.725   YES      0.000    35.000     OK: FOUND    1/ 1    1/ 1 YY YY
  LINK: LYS  A  132 CB   LYS  A  273 CB     24.905    27.105   YES      0.000    35.000     OK: FOUND    1/ 1    1/ 1 YY YY
  LINK: LYS  A  132 CB   LYS  A  384 CB     34.646    37.982   YES      0.000    35.000     BAD: LONG    0/ 1    0/ 1 YY YY
  LINK: LYS  A  132 CB   LYS  A  455 CB     58.399   >70.000   YES      0.000    35.000     BAD: EUCL    0/ 1    0/ 1 YY YY
  LINK: LYS  A  132 CB   LYS  A  460 CB     55.273   >70.000   YES      0.000    35.000     BAD: EUCL    0/ 1    0/ 1 YY YY
  LINK: LYS  A  132 CB   LYS  A  488 CB     39.078    42.260   YES      0.000    35.000     BAD: LONG    0/ 1    0/ 1 YY YY
  LINK: LYS  A  151 CB   LYS  A  175 CB     16.878    17.634   YES      0.000    35.000     OK: FOUND    1/ 1    1/ 1 YY YY
  LINK: LYS  A  151 CB   LYS  A  488 CB     17.724    20.102   YES      0.000    35.000     OK: FOUND    1/ 1    1/ 1 YY YY
  LINK: LYS  A  187 CB   LYS  A  197 CB     11.936    15.044   YES      0.000    35.000     OK: FOUND    1/ 1    1/ 1 YY YY
  LINK: LYS  A  187 CB   LYS  A  218 CB     15.958    19.495   YES      0.000    35.000     OK: FOUND    1/ 1    1/ 1 YY YY
  LINK: LYS  A  187 CB   LYS  A  488 CB     23.861    25.616   YES      0.000    35.000     OK: FOUND    1/ 1    1/ 1 YY YY
  LINK: LYS  A  187 CB   LYS  A  496 CB     27.731    28.319   YES      0.000    35.000     OK: FOUND    1/ 1    1/ 1 YY YY
  LINK: LYS  A  196 CB   LYS  A  198 CB      7.881    11.003   YES      0.000    35.000     OK: FOUND    1/ 1    1/ 1 YY YY
  LINK: LYS  A  196 CB   LYS  A  218 CB     30.712    38.869   YES      0.000    35.000     BAD: LONG    0/ 1    0/ 1 YY YY
  LINK: LYS  A  196 CB   LYS  A  262 CB      8.551     9.684   YES      0.000    35.000     OK: FOUND    1/ 1    1/ 1 YY YY
  LINK: LYS  A  196 CB   LYS  A  384 CB     19.158    19.482   YES      0.000    35.000     OK: FOUND    1/ 1    1/ 1 YY YY
  LINK: LYS  A  196 CB   LYS  A  488 CB     18.379    18.423   YES      0.000    35.000     OK: FOUND    1/ 1    1/ 1 YY YY
  LINK: LYS  A  196 CB   LYS  A  496 CB     28.772    31.047   YES      0.000    35.000     OK: FOUND    1/ 1    1/ 1 YY YY
  LINK: LYS  A  197 CB   LYS  A  384 CB     18.052    18.958   YES      0.000    35.000     OK: FOUND    1/ 1    1/ 1 YY YY
  LINK: LYS  A  197 CB   LYS  A  488 CB     16.879    17.272   YES      0.000    35.000     OK: FOUND    1/ 1    1/ 1 YY YY
  LINK: LYS  A  218 CB   LYS  A  262 CB     26.457    31.179   YES      0.000    35.000     OK: FOUND    1/ 1    1/ 1 YY YY
  LINK: LYS  A  218 CB   LYS  A  455 CB     43.474    45.056   YES      0.000    35.000     BAD: LONG    0/ 1    0/ 1 YY YY
  LINK: LYS  A  218 CB   LYS  A  463 CB     30.354    30.543   YES      0.000    35.000     OK: FOUND    1/ 1    1/ 1 YY YY
  LINK: LYS  A  218 CB   LYS  A  488 CB     38.376    41.847   YES      0.000    35.000     BAD: LONG    0/ 1    0/ 1 YY YY
  LINK: LYS  A  218 CB   LYS  A  496 CB     41.293    41.659   YES      0.000    35.000     BAD: LONG    0/ 1    0/ 1 YY YY
  LINK: LYS  A  262 CB   LYS  A  384 CB     25.396    26.946   YES      0.000    35.000     OK: FOUND    1/ 1    1/ 1 YY YY
  LINK: LYS  A  262 CB   LYS  A  488 CB     26.050    27.004   YES      0.000    35.000     OK: FOUND    1/ 1    1/ 1 YY YY
  LINK: LYS  A  384 CB   LYS  A  429 CB     22.143    27.094   YES      0.000    35.000     OK: FOUND    1/ 1    1/ 1 YY YY
  LINK: LYS  A  384 CB   LYS  A  460 CB     28.939    36.983   YES      0.000    35.000     BAD: LONG    0/ 1    0/ 1 YY YY
  LINK: LYS  A  384 CB   LYS  A  488 CB      7.850     9.639   YES      0.000    35.000     OK: FOUND    1/ 1    1/ 1 YY YY
  LINK: LYS  A  384 CB   LYS  A  496 CB     19.638    25.338   YES      0.000    35.000     OK: FOUND    1/ 1    1/ 1 YY YY
  LINK: LYS  A  391 CB   LYS  A  488 CB     17.203    19.501   YES      0.000    35.000     OK: FOUND    1/ 1    1/ 1 YY YY
  LINK: LYS  A  455 CB   LYS  A  463 CB     14.678    15.228   YES      0.000    35.000     OK: FOUND    1/ 1    1/ 1 YY YY
  LINK: LYS  A  455 CB   LYS  A  488 CB     28.258    29.765   YES      0.000    35.000     OK: FOUND    1/ 1    1/ 1 YY YY
  LINK: LYS  A  455 CB   LYS  A  496 CB     21.912    24.591   YES      0.000    35.000     OK: FOUND    1/ 1    1/ 1 YY YY
  LINK: LYS  A  460 CB   LYS  A  488 CB     29.868    31.772   YES      0.000    35.000     OK: FOUND    1/ 1    1/ 1 YY YY
  LINK: LYS  A  460 CB   LYS  A  496 CB     24.338    24.750   YES      0.000    35.000     OK: FOUND    1/ 1    1/ 1 YY YY
  LINK: LYS  A  463 CB   LYS  A  488 CB     28.749    31.810   YES      0.000    35.000     OK: FOUND    1/ 1    1/ 1 YY YY
  LINK: LYS  A  488 CB   LYS  A  496 CB     13.876    15.683   YES      0.000    35.000     OK: FOUND    1/ 1    1/ 1 YY YY
  LINK: LYS  I   21 CB   LYS  I   28 CB     15.876    19.094   YES      0.000    35.000     OK: FOUND    1/ 1    1/ 1 YY YY
  LINK: LYS  I   21 CB   LYS  I   32 CB     11.557    12.189   YES      0.000    35.000     OK: FOUND    1/ 1    1/ 1 YY YY
  LINK: LYS  I   21 CB   LYS  I   37 CB     14.726    17.895   YES      0.000    35.000     OK: FOUND    1/ 1    1/ 1 YY YY
  LINK: LYS  I   21 CB   LYS  I   44 CB     19.647    20.017   YES      0.000    35.000     OK: FOUND    1/ 1    1/ 1 YY YY
  LINK: LYS  I   21 CB   LYS  I   47 CB     25.594    25.594   YES      0.000    35.000     OK: FOUND    1/ 1    1/ 1 YY YY
  LINK: LYS  I   32 CB   LYS  I   44 CB     25.228    26.578   YES      0.000    35.000     OK: FOUND    1/ 1    1/ 1 YY YY
  LINK: LYS  I   37 CB   LYS  I   47 CB     29.357    31.705   YES      0.000    35.000     OK: FOUND    1/ 1    1/ 1 YY YY
  -------------------------------------------------------------------------------------------------------------------------
  
  RESULTS:
  
  For each experiment:
  
  -------------------------------------------------------------------------------------------------------------------------
  
  Experiment: DSS
  
  Number of type-reactive pairs of atoms:      630
  
  Number of observed-reactive pairs of atoms:      406
  Number of observed-reactive pairs of atoms within linker reach:       51
  Number of observed-reactive pairs of atoms outside linker reach:      355
  Missing links, according to the structure and observed-reactivity:        0
  
  Number of observed links:       82
  Number of observed links consistent with the structure:       51
  Number of observed links NOT consistent with the structure:       23
  
  Sum of scores of observed links:    0.0000000
  
  Sensitivity of the cross-linking reaction:    1.0000000
  False-assignment probability:    0.0365079
  
  Likelihood of the experimental result:    1.0000000
  Log-likelihood of the experimental result:    0.0000000
  
  Likelihood using user-defined pbad and pgood:    0.9998221
  Log-likelihood using user-defined pbad and pgood:   -0.0001779
  Using: pgood =    0.700; pbad =    0.050
  
  -------------------------------------------------------------------------------------------------------------------------
  
  FINAL RESULTS:
  
  RESULT0:    51 : Number of observations that are consistent with the structure.
  
  RESULT1:    51 : Number of topological distances consistent with all observations.
  RESULT2:    23 : Number of topological distances NOT consistent with observations.
  RESULT3:     0 : Number of links with missing observations.
  
  RESULT4:      0.00000 : Sum of scores of observed links of all experiments.
  
  RESULT5:      1.00000 : Likelihood of the set of experimental results.
  RESULT6:      0.00000 : Log-likelihood of the set of experimental results.
  
  Using: pgood =    0.700; pbad =    0.050
  RESULT7:      0.99982 : Likelihood of the set of experimental results.
  RESULT8:     -0.00018 : Log-likelihood of the set of experimental results.
  
  -------------------------------------------------------------------------------------------------------------------------
  ATTENTION: There are WARNINGS of input file parsing. Please check the output carefully.
  -------------------------------------------------------------------------------------------------------------------------
  
  
  #########################################################################################################################
