IN:
#
# TOPOLINK input file example
#
# L. Martinez - Institute of Chemistry, University of Campinas
# http://leandro.iqm.unicamp.br
#
# Structure file (can be provided in the command line, overwriting this definition); PDB or mmCIF formats
structure data/temp/dist_reeval/tmp.pdb#endread ENDMDL  # Use this to stop reading atoms if this keyword is found (comment otherwise)
readatoms backplusCB # Which atoms to consider (all/heavy(no-H)/backbone/backplusCB)
# Output directory for links (comment if you do not want the PDB files, that may be a lot)
printlinks no
#linkdir ./links
# What cross-links to compute (all/reactive/observed)
compute observed
#compute reactive
#compute all
# If only inter-domain (inter-chain) links are of interested, uncomment the following line
#interchain
# Only consider observed links with score greater than scorecut
scorecut 0.d0
# Cross-links observed:
experiment DSS
  # Possible types of cross-links and maximum distances
  #        ResType  Chain  ResNum   AtomType    ResType  Chain  ResNum   AtomType  MaxDist
  linktype   MET     all      1       N           LYS     all     all       CB        35
  linktype   LYS     all     all      CB          LYS     all     all       CB        35

  observed LYS A 441 LYS A 450
  observed LYS A 298 LYS A 305
  observed LYS A 281 LYS A 285
  observed LYS A 298 LYS A 437
  observed LYS A 298 LYS A 352
  observed LYS A 298 LYS A 441
  observed LYS A 281 LYS A 281
  observed LYS A 437 LYS A 450
  observed LYS A 639 LYS A 639
  observed LYS A 343 LYS A 249
  observed LYS A 298 LYS A 342
  observed LYS A 305 LYS A 342
  observed LYS A 281 LYS A 352
  observed LYS A 281 LYS A 370
  observed LYS A 281 LYS A 343
  observed LYS A 303 LYS A 296
  observed LYS A 343 LYS A 296
  observed LYS A 303 LYS A 313
  observed LYS A 441 LYS A 305
  observed LYS A 305 LYS A 313
  observed LYS A 437 LYS A 342
  observed LYS A 441 LYS A 342
  observed LYS A 343 LYS A 435
  observed LYS A 437 LYS A 352
  observed LYS A 435 LYS A 422
  observed LYS A 437 LYS A 426
  observed LYS A 435 LYS A 426
  observed LYS A 437 LYS A 435

end experiment DSS
# Optional parameters
search_limit relative 2  # Search for topological distances of up to search_range*dmaxlink
printallfound yes    # Prints, or not, the structure of the links that were found but violate the distances
printPDBnotfound yes # Prints, or not, PDB files for the links which were not found at all (prints a straight line)
pgood 0.70 # Probability of observing a link which is within link reach
pbad  0.05 # Probability of observing a link which is NOT within linker reach
vdwrad 3.         # Radius to be used for excluded atom volume computation
print 0           # Extensive or concise printing
printnotfound yes # Print data for pairs for links which were not found
quitgood no       # Quit whenever a valid link is found (stop searching for shortest one)
dbond 1.5         # Bond distance of link atoms
kbond 10.         # Energy constant for link bonds
kpath 10.         # Energy constant for the complete path distension, used for computing probability
kvdw  2.          # Force constant of overlap function
# Technical parameters for the optimization method
ntrial 400  # Maximum number of trials for best link search
nbest 5     # Number of times the same best link is found until satisfied
maxfunc 50  # Maximum number of function evaluations of CG-Newton
maxcg 40    # Maximum number of CG iterations
seed random # Seed for random number generator (random or integer number)
iguess 2
exit # You can add anything after this


OUT:

  ######################################################## TOPOLINK #######################################################
                 Institute of Chemistry - University of Campinas. http://m3g.iqm.unicamp.br/topolink

                                                                                                         Version 19.156 

  Structure file: data/temp/dist_reeval/tmp.pdb
  TopoLink input file: data/temp/dist_reeval/topo.tmp
  Will stop structure reading when ################## is found.
  Only backbone plus CB atoms will be considered.
  
  Links will not be written as PDB files.
  
  Printing option:        0
  Leave when first valid link is found:  F
  Link bond distance:    1.5000000
  Link bond force-constant:   10.0000000
  VdW radius for volume exclusion:    3.0000000
  Path energy constant:   10.0000000
  Cutoff for observed scores:    0.0000000
  Number of trials for link search:      400
  Number of repeated best links to find until quit:        5
  Maximum number of function evaluations of CGNewton:       50
  Maximum number of CG iterations in CGNewton:       40
  Seed for random number generator:     6416
  
  Number of experiments:        1
  
  Number of atoms read from structure file:     3752
  Number of chains found in structure file:            1
  
  -------------------------------------------------------------------------------------------------------------------------
  Experiment: DSS
  Observed links:
  1  LYS   A       441  LYS   A       450
  2  LYS   A       298  LYS   A       305
  3  LYS   A       281  LYS   A       285
  4  LYS   A       298  LYS   A       437
  5  LYS   A       298  LYS   A       352
  6  LYS   A       298  LYS   A       441
  7  LYS   A       281  LYS   A       281
  8  LYS   A       437  LYS   A       450
  9  LYS   A       639  LYS   A       639
  10  LYS   A       343  LYS   A       249
  11  LYS   A       298  LYS   A       342
  12  LYS   A       305  LYS   A       342
  13  LYS   A       281  LYS   A       352
  14  LYS   A       281  LYS   A       370
  15  LYS   A       281  LYS   A       343
  16  LYS   A       303  LYS   A       296
  17  LYS   A       343  LYS   A       296
  18  LYS   A       303  LYS   A       313
  19  LYS   A       441  LYS   A       305
  20  LYS   A       305  LYS   A       313
  21  LYS   A       437  LYS   A       342
  22  LYS   A       441  LYS   A       342
  23  LYS   A       343  LYS   A       435
  24  LYS   A       437  LYS   A       352
  25  LYS   A       435  LYS   A       422
  26  LYS   A       437  LYS   A       426
  27  LYS   A       435  LYS   A       426
  28  LYS   A       437  LYS   A       435
  
  -------------------------------------------------------------------------------------------------------------------------
  -------------------------------------------------------------------------------------------------------------------------
  
  Number of atoms that might be involved in reactions, according link types:       56
  
  All reactive atoms, according to observations:
  1   LYS   A       249  CB
  2   LYS   A       281  CB
  3   LYS   A       285  CB
  4   LYS   A       296  CB
  5   LYS   A       298  CB
  6   LYS   A       303  CB
  7   LYS   A       305  CB
  8   LYS   A       313  CB
  9   LYS   A       342  CB
  10   LYS   A       343  CB
  11   LYS   A       352  CB
  12   LYS   A       370  CB
  13   LYS   A       422  CB
  14   LYS   A       426  CB
  15   LYS   A       435  CB
  16   LYS   A       437  CB
  17   LYS   A       441  CB
  18   LYS   A       450  CB
  19   LYS   A       639  CB
  
  Number of reactive pairs according to sequence:
  Experiment DSS:  1540
  Total number of unique reactive pairs, according to link types:         1540
  
  Number of reactive pairs according to observations:
  Experiment DSS:   171
  Total number of unique reactive pairs, according to observations:          171
  
  List of reactive atom pairs, according to observations:
  1  LYS   A       249  CB    LYS   A       281  CB   in experiments:DSS
  2  LYS   A       249  CB    LYS   A       285  CB   in experiments:DSS
  3  LYS   A       249  CB    LYS   A       296  CB   in experiments:DSS
  4  LYS   A       249  CB    LYS   A       298  CB   in experiments:DSS
  5  LYS   A       249  CB    LYS   A       303  CB   in experiments:DSS
  6  LYS   A       249  CB    LYS   A       305  CB   in experiments:DSS
  7  LYS   A       249  CB    LYS   A       313  CB   in experiments:DSS
  8  LYS   A       249  CB    LYS   A       342  CB   in experiments:DSS
  9  LYS   A       249  CB    LYS   A       343  CB   in experiments:DSS
  10  LYS   A       249  CB    LYS   A       352  CB   in experiments:DSS
  11  LYS   A       249  CB    LYS   A       370  CB   in experiments:DSS
  12  LYS   A       249  CB    LYS   A       422  CB   in experiments:DSS
  13  LYS   A       249  CB    LYS   A       426  CB   in experiments:DSS
  14  LYS   A       249  CB    LYS   A       435  CB   in experiments:DSS
  15  LYS   A       249  CB    LYS   A       437  CB   in experiments:DSS
  16  LYS   A       249  CB    LYS   A       441  CB   in experiments:DSS
  17  LYS   A       249  CB    LYS   A       450  CB   in experiments:DSS
  18  LYS   A       249  CB    LYS   A       639  CB   in experiments:DSS
  19  LYS   A       281  CB    LYS   A       285  CB   in experiments:DSS
  20  LYS   A       281  CB    LYS   A       296  CB   in experiments:DSS
  21  LYS   A       281  CB    LYS   A       298  CB   in experiments:DSS
  22  LYS   A       281  CB    LYS   A       303  CB   in experiments:DSS
  23  LYS   A       281  CB    LYS   A       305  CB   in experiments:DSS
  24  LYS   A       281  CB    LYS   A       313  CB   in experiments:DSS
  25  LYS   A       281  CB    LYS   A       342  CB   in experiments:DSS
  26  LYS   A       281  CB    LYS   A       343  CB   in experiments:DSS
  27  LYS   A       281  CB    LYS   A       352  CB   in experiments:DSS
  28  LYS   A       281  CB    LYS   A       370  CB   in experiments:DSS
  29  LYS   A       281  CB    LYS   A       422  CB   in experiments:DSS
  30  LYS   A       281  CB    LYS   A       426  CB   in experiments:DSS
  31  LYS   A       281  CB    LYS   A       435  CB   in experiments:DSS
  32  LYS   A       281  CB    LYS   A       437  CB   in experiments:DSS
  33  LYS   A       281  CB    LYS   A       441  CB   in experiments:DSS
  34  LYS   A       281  CB    LYS   A       450  CB   in experiments:DSS
  35  LYS   A       281  CB    LYS   A       639  CB   in experiments:DSS
  36  LYS   A       285  CB    LYS   A       296  CB   in experiments:DSS
  37  LYS   A       285  CB    LYS   A       298  CB   in experiments:DSS
  38  LYS   A       285  CB    LYS   A       303  CB   in experiments:DSS
  39  LYS   A       285  CB    LYS   A       305  CB   in experiments:DSS
  40  LYS   A       285  CB    LYS   A       313  CB   in experiments:DSS
  41  LYS   A       285  CB    LYS   A       342  CB   in experiments:DSS
  42  LYS   A       285  CB    LYS   A       343  CB   in experiments:DSS
  43  LYS   A       285  CB    LYS   A       352  CB   in experiments:DSS
  44  LYS   A       285  CB    LYS   A       370  CB   in experiments:DSS
  45  LYS   A       285  CB    LYS   A       422  CB   in experiments:DSS
  46  LYS   A       285  CB    LYS   A       426  CB   in experiments:DSS
  47  LYS   A       285  CB    LYS   A       435  CB   in experiments:DSS
  48  LYS   A       285  CB    LYS   A       437  CB   in experiments:DSS
  49  LYS   A       285  CB    LYS   A       441  CB   in experiments:DSS
  50  LYS   A       285  CB    LYS   A       450  CB   in experiments:DSS
  51  LYS   A       285  CB    LYS   A       639  CB   in experiments:DSS
  52  LYS   A       296  CB    LYS   A       298  CB   in experiments:DSS
  53  LYS   A       296  CB    LYS   A       303  CB   in experiments:DSS
  54  LYS   A       296  CB    LYS   A       305  CB   in experiments:DSS
  55  LYS   A       296  CB    LYS   A       313  CB   in experiments:DSS
  56  LYS   A       296  CB    LYS   A       342  CB   in experiments:DSS
  57  LYS   A       296  CB    LYS   A       343  CB   in experiments:DSS
  58  LYS   A       296  CB    LYS   A       352  CB   in experiments:DSS
  59  LYS   A       296  CB    LYS   A       370  CB   in experiments:DSS
  60  LYS   A       296  CB    LYS   A       422  CB   in experiments:DSS
  61  LYS   A       296  CB    LYS   A       426  CB   in experiments:DSS
  62  LYS   A       296  CB    LYS   A       435  CB   in experiments:DSS
  63  LYS   A       296  CB    LYS   A       437  CB   in experiments:DSS
  64  LYS   A       296  CB    LYS   A       441  CB   in experiments:DSS
  65  LYS   A       296  CB    LYS   A       450  CB   in experiments:DSS
  66  LYS   A       296  CB    LYS   A       639  CB   in experiments:DSS
  67  LYS   A       298  CB    LYS   A       303  CB   in experiments:DSS
  68  LYS   A       298  CB    LYS   A       305  CB   in experiments:DSS
  69  LYS   A       298  CB    LYS   A       313  CB   in experiments:DSS
  70  LYS   A       298  CB    LYS   A       342  CB   in experiments:DSS
  71  LYS   A       298  CB    LYS   A       343  CB   in experiments:DSS
  72  LYS   A       298  CB    LYS   A       352  CB   in experiments:DSS
  73  LYS   A       298  CB    LYS   A       370  CB   in experiments:DSS
  74  LYS   A       298  CB    LYS   A       422  CB   in experiments:DSS
  75  LYS   A       298  CB    LYS   A       426  CB   in experiments:DSS
  76  LYS   A       298  CB    LYS   A       435  CB   in experiments:DSS
  77  LYS   A       298  CB    LYS   A       437  CB   in experiments:DSS
  78  LYS   A       298  CB    LYS   A       441  CB   in experiments:DSS
  79  LYS   A       298  CB    LYS   A       450  CB   in experiments:DSS
  80  LYS   A       298  CB    LYS   A       639  CB   in experiments:DSS
  81  LYS   A       303  CB    LYS   A       305  CB   in experiments:DSS
  82  LYS   A       303  CB    LYS   A       313  CB   in experiments:DSS
  83  LYS   A       303  CB    LYS   A       342  CB   in experiments:DSS
  84  LYS   A       303  CB    LYS   A       343  CB   in experiments:DSS
  85  LYS   A       303  CB    LYS   A       352  CB   in experiments:DSS
  86  LYS   A       303  CB    LYS   A       370  CB   in experiments:DSS
  87  LYS   A       303  CB    LYS   A       422  CB   in experiments:DSS
  88  LYS   A       303  CB    LYS   A       426  CB   in experiments:DSS
  89  LYS   A       303  CB    LYS   A       435  CB   in experiments:DSS
  90  LYS   A       303  CB    LYS   A       437  CB   in experiments:DSS
  91  LYS   A       303  CB    LYS   A       441  CB   in experiments:DSS
  92  LYS   A       303  CB    LYS   A       450  CB   in experiments:DSS
  93  LYS   A       303  CB    LYS   A       639  CB   in experiments:DSS
  94  LYS   A       305  CB    LYS   A       313  CB   in experiments:DSS
  95  LYS   A       305  CB    LYS   A       342  CB   in experiments:DSS
  96  LYS   A       305  CB    LYS   A       343  CB   in experiments:DSS
  97  LYS   A       305  CB    LYS   A       352  CB   in experiments:DSS
  98  LYS   A       305  CB    LYS   A       370  CB   in experiments:DSS
  99  LYS   A       305  CB    LYS   A       422  CB   in experiments:DSS
  100  LYS   A       305  CB    LYS   A       426  CB   in experiments:DSS
  101  LYS   A       305  CB    LYS   A       435  CB   in experiments:DSS
  102  LYS   A       305  CB    LYS   A       437  CB   in experiments:DSS
  103  LYS   A       305  CB    LYS   A       441  CB   in experiments:DSS
  104  LYS   A       305  CB    LYS   A       450  CB   in experiments:DSS
  105  LYS   A       305  CB    LYS   A       639  CB   in experiments:DSS
  106  LYS   A       313  CB    LYS   A       342  CB   in experiments:DSS
  107  LYS   A       313  CB    LYS   A       343  CB   in experiments:DSS
  108  LYS   A       313  CB    LYS   A       352  CB   in experiments:DSS
  109  LYS   A       313  CB    LYS   A       370  CB   in experiments:DSS
  110  LYS   A       313  CB    LYS   A       422  CB   in experiments:DSS
  111  LYS   A       313  CB    LYS   A       426  CB   in experiments:DSS
  112  LYS   A       313  CB    LYS   A       435  CB   in experiments:DSS
  113  LYS   A       313  CB    LYS   A       437  CB   in experiments:DSS
  114  LYS   A       313  CB    LYS   A       441  CB   in experiments:DSS
  115  LYS   A       313  CB    LYS   A       450  CB   in experiments:DSS
  116  LYS   A       313  CB    LYS   A       639  CB   in experiments:DSS
  117  LYS   A       342  CB    LYS   A       343  CB   in experiments:DSS
  118  LYS   A       342  CB    LYS   A       352  CB   in experiments:DSS
  119  LYS   A       342  CB    LYS   A       370  CB   in experiments:DSS
  120  LYS   A       342  CB    LYS   A       422  CB   in experiments:DSS
  121  LYS   A       342  CB    LYS   A       426  CB   in experiments:DSS
  122  LYS   A       342  CB    LYS   A       435  CB   in experiments:DSS
  123  LYS   A       342  CB    LYS   A       437  CB   in experiments:DSS
  124  LYS   A       342  CB    LYS   A       441  CB   in experiments:DSS
  125  LYS   A       342  CB    LYS   A       450  CB   in experiments:DSS
  126  LYS   A       342  CB    LYS   A       639  CB   in experiments:DSS
  127  LYS   A       343  CB    LYS   A       352  CB   in experiments:DSS
  128  LYS   A       343  CB    LYS   A       370  CB   in experiments:DSS
  129  LYS   A       343  CB    LYS   A       422  CB   in experiments:DSS
  130  LYS   A       343  CB    LYS   A       426  CB   in experiments:DSS
  131  LYS   A       343  CB    LYS   A       435  CB   in experiments:DSS
  132  LYS   A       343  CB    LYS   A       437  CB   in experiments:DSS
  133  LYS   A       343  CB    LYS   A       441  CB   in experiments:DSS
  134  LYS   A       343  CB    LYS   A       450  CB   in experiments:DSS
  135  LYS   A       343  CB    LYS   A       639  CB   in experiments:DSS
  136  LYS   A       352  CB    LYS   A       370  CB   in experiments:DSS
  137  LYS   A       352  CB    LYS   A       422  CB   in experiments:DSS
  138  LYS   A       352  CB    LYS   A       426  CB   in experiments:DSS
  139  LYS   A       352  CB    LYS   A       435  CB   in experiments:DSS
  140  LYS   A       352  CB    LYS   A       437  CB   in experiments:DSS
  141  LYS   A       352  CB    LYS   A       441  CB   in experiments:DSS
  142  LYS   A       352  CB    LYS   A       450  CB   in experiments:DSS
  143  LYS   A       352  CB    LYS   A       639  CB   in experiments:DSS
  144  LYS   A       370  CB    LYS   A       422  CB   in experiments:DSS
  145  LYS   A       370  CB    LYS   A       426  CB   in experiments:DSS
  146  LYS   A       370  CB    LYS   A       435  CB   in experiments:DSS
  147  LYS   A       370  CB    LYS   A       437  CB   in experiments:DSS
  148  LYS   A       370  CB    LYS   A       441  CB   in experiments:DSS
  149  LYS   A       370  CB    LYS   A       450  CB   in experiments:DSS
  150  LYS   A       370  CB    LYS   A       639  CB   in experiments:DSS
  151  LYS   A       422  CB    LYS   A       426  CB   in experiments:DSS
  152  LYS   A       422  CB    LYS   A       435  CB   in experiments:DSS
  153  LYS   A       422  CB    LYS   A       437  CB   in experiments:DSS
  154  LYS   A       422  CB    LYS   A       441  CB   in experiments:DSS
  155  LYS   A       422  CB    LYS   A       450  CB   in experiments:DSS
  156  LYS   A       422  CB    LYS   A       639  CB   in experiments:DSS
  157  LYS   A       426  CB    LYS   A       435  CB   in experiments:DSS
  158  LYS   A       426  CB    LYS   A       437  CB   in experiments:DSS
  159  LYS   A       426  CB    LYS   A       441  CB   in experiments:DSS
  160  LYS   A       426  CB    LYS   A       450  CB   in experiments:DSS
  161  LYS   A       426  CB    LYS   A       639  CB   in experiments:DSS
  162  LYS   A       435  CB    LYS   A       437  CB   in experiments:DSS
  163  LYS   A       435  CB    LYS   A       441  CB   in experiments:DSS
  164  LYS   A       435  CB    LYS   A       450  CB   in experiments:DSS
  165  LYS   A       435  CB    LYS   A       639  CB   in experiments:DSS
  166  LYS   A       437  CB    LYS   A       441  CB   in experiments:DSS
  167  LYS   A       437  CB    LYS   A       450  CB   in experiments:DSS
  168  LYS   A       437  CB    LYS   A       639  CB   in experiments:DSS
  169  LYS   A       441  CB    LYS   A       450  CB   in experiments:DSS
  170  LYS   A       441  CB    LYS   A       639  CB   in experiments:DSS
  171  LYS   A       450  CB    LYS   A       639  CB   in experiments:DSS
  
  Number of atoms accessible to solvent:         3593
  Number of residues accessible to solvent:          757
  
  -------------------------------------------------------------------------------------------------------------------------
  >     RESIDUE1   ATOM1 RESIDUE2   ATOM2 EUCLDIST  TOPODIST OBSERVED    DMIN      DMAX        RESULT  OBSRES REACRES RA AA
  -------------------------------------------------------------------------------------------------------------------------
  LINK: LYS  A  249 CB   LYS  A  343 CB     10.309    10.334   YES      0.000    35.000     OK: FOUND    1/ 1    1/ 1 YY YY
  LINK: LYS  A  281 CB   LYS  A  285 CB      6.532     6.865   YES      0.000    35.000     OK: FOUND    1/ 1    1/ 1 YY YY
  LINK: LYS  A  281 CB   LYS  A  343 CB     21.806    26.125   YES      0.000    35.000     OK: FOUND    1/ 1    1/ 1 YY YY
  LINK: LYS  A  281 CB   LYS  A  352 CB     18.039    19.368   YES      0.000    35.000     OK: FOUND    1/ 1    1/ 1 YY YY
  LINK: LYS  A  281 CB   LYS  A  370 CB     32.719    33.107   YES      0.000    35.000     OK: FOUND    1/ 1    1/ 1 YY YY
  LINK: LYS  A  296 CB   LYS  A  303 CB     10.589    11.139   YES      0.000    35.000     OK: FOUND    1/ 1    1/ 1 YY YY
  LINK: LYS  A  296 CB   LYS  A  343 CB     18.626    19.955   YES      0.000    35.000     OK: FOUND    1/ 1    1/ 1 YY YY
  LINK: LYS  A  298 CB   LYS  A  305 CB     10.495    10.970   YES      0.000    35.000     OK: FOUND    1/ 1    1/ 1 YY YY
  LINK: LYS  A  298 CB   LYS  A  342 CB     15.268    15.644   YES      0.000    35.000     OK: FOUND    1/ 1    1/ 1 YY YY
  LINK: LYS  A  298 CB   LYS  A  352 CB     23.939    23.945   YES      0.000    35.000     OK: FOUND    1/ 1    1/ 1 YY YY
  LINK: LYS  A  298 CB   LYS  A  437 CB     35.913    36.591   YES      0.000    35.000     BAD: LONG    0/ 1    0/ 1 YY YY
  LINK: LYS  A  298 CB   LYS  A  441 CB     35.895    38.370   YES      0.000    35.000     BAD: LONG    0/ 1    0/ 1 YY YY
  LINK: LYS  A  303 CB   LYS  A  313 CB     15.769    17.220   YES      0.000    35.000     OK: FOUND    1/ 1    1/ 1 YY YY
  LINK: LYS  A  305 CB   LYS  A  313 CB     12.800    14.238   YES      0.000    35.000     OK: FOUND    1/ 1    1/ 1 YY YY
  LINK: LYS  A  305 CB   LYS  A  342 CB     21.319    21.791   YES      0.000    35.000     OK: FOUND    1/ 1    1/ 1 YY YY
  LINK: LYS  A  305 CB   LYS  A  441 CB     36.462    38.556   YES      0.000    35.000     BAD: LONG    0/ 1    0/ 1 YY YY
  LINK: LYS  A  342 CB   LYS  A  437 CB     23.901    24.230   YES      0.000    35.000     OK: FOUND    1/ 1    1/ 1 YY YY
  LINK: LYS  A  342 CB   LYS  A  441 CB     25.652    27.400   YES      0.000    35.000     OK: FOUND    1/ 1    1/ 1 YY YY
  LINK: LYS  A  343 CB   LYS  A  435 CB     27.316    27.900   YES      0.000    35.000     OK: FOUND    1/ 1    1/ 1 YY YY
  LINK: LYS  A  352 CB   LYS  A  437 CB     27.497    27.717   YES      0.000    35.000     OK: FOUND    1/ 1    1/ 1 YY YY
  LINK: LYS  A  422 CB   LYS  A  435 CB     20.202    23.313   YES      0.000    35.000     OK: FOUND    1/ 1    1/ 1 YY YY
  LINK: LYS  A  426 CB   LYS  A  435 CB     14.922    18.479   YES      0.000    35.000     OK: FOUND    1/ 1    1/ 1 YY YY
  LINK: LYS  A  426 CB   LYS  A  437 CB     16.146    16.722   YES      0.000    35.000     OK: FOUND    1/ 1    1/ 1 YY YY
  LINK: LYS  A  435 CB   LYS  A  437 CB      7.330    11.544   YES      0.000    35.000     OK: FOUND    1/ 1    1/ 1 YY YY
  LINK: LYS  A  437 CB   LYS  A  450 CB     20.290    24.552   YES      0.000    35.000     OK: FOUND    1/ 1    1/ 1 YY YY
  LINK: LYS  A  441 CB   LYS  A  450 CB     14.867    18.056   YES      0.000    35.000     OK: FOUND    1/ 1    1/ 1 YY YY
  -------------------------------------------------------------------------------------------------------------------------
  
  RESULTS:
  
  For each experiment:
  
  -------------------------------------------------------------------------------------------------------------------------
  
  Experiment: DSS
  
  Number of type-reactive pairs of atoms:     1540
  
  Number of observed-reactive pairs of atoms:      171
  Number of observed-reactive pairs of atoms within linker reach:       23
  Number of observed-reactive pairs of atoms outside linker reach:      148
  Missing links, according to the structure and observed-reactivity:        0
  
  Number of observed links:       28
  Number of observed links consistent with the structure:       23
  Number of observed links NOT consistent with the structure:        3
  
  Sum of scores of observed links:    0.0000000
  
  Sensitivity of the cross-linking reaction:    1.0000000
  False-assignment probability:    0.0019481
  
  Likelihood of the experimental result:    1.0000000
  Log-likelihood of the experimental result:    0.0000000
  
  Likelihood using user-defined pbad and pgood:    0.9327550
  Log-likelihood using user-defined pbad and pgood:   -0.0696127
  Using: pgood =    0.700; pbad =    0.050
  
  -------------------------------------------------------------------------------------------------------------------------
  
  FINAL RESULTS:
  
  RESULT0:    23 : Number of observations that are consistent with the structure.
  
  RESULT1:    23 : Number of topological distances consistent with all observations.
  RESULT2:     3 : Number of topological distances NOT consistent with observations.
  RESULT3:     0 : Number of links with missing observations.
  
  RESULT4:      0.00000 : Sum of scores of observed links of all experiments.
  
  RESULT5:      1.00000 : Likelihood of the set of experimental results.
  RESULT6:      0.00000 : Log-likelihood of the set of experimental results.
  
  Using: pgood =    0.700; pbad =    0.050
  RESULT7:      0.93275 : Likelihood of the set of experimental results.
  RESULT8:     -0.06961 : Log-likelihood of the set of experimental results.
  
  #########################################################################################################################
