IN:
#
# TOPOLINK input file example
#
# L. Martinez - Institute of Chemistry, University of Campinas
# http://leandro.iqm.unicamp.br
#
# Structure file (can be provided in the command line, overwriting this definition); PDB or mmCIF formats
structure data/temp/dist_reeval/tmp.pdb#endread ENDMDL  # Use this to stop reading atoms if this keyword is found (comment otherwise)
readatoms backplusCB # Which atoms to consider (all/heavy(no-H)/backbone/backplusCB)
# Output directory for links (comment if you do not want the PDB files, that may be a lot)
printlinks no
#linkdir ./links
# What cross-links to compute (all/reactive/observed)
compute observed
#compute reactive
#compute all
# If only inter-domain (inter-chain) links are of interested, uncomment the following line
#interchain
# Only consider observed links with score greater than scorecut
scorecut 0.d0
# Cross-links observed:
experiment DSS
  # Possible types of cross-links and maximum distances
  #        ResType  Chain  ResNum   AtomType    ResType  Chain  ResNum   AtomType  MaxDist
  linktype   MET     all      1       N           LYS     all     all       CB        35
  linktype   LYS     all     all      CB          LYS     all     all       CB        35

  observed LYS D 435 LYS D 148
  observed LYS D 148 LYS D 74
  observed LYS D 109 LYS D 209
  observed LYS D 109 LYS D 151
  observed LYS D 435 LYS D 214
  observed LYS D 409 LYS D 435
  observed LYS D 409 LYS D 376
  observed LYS D 376 LYS D 148
  observed LYS D 435 LYS D 435
  observed LYS D 109 LYS D 74
  observed LYS D 472 LYS D 151
  observed LYS D 472 LYS D 430
  observed LYS D 435 LYS D 472
  observed LYS D 435 LYS D 175
  observed LYS D 109 LYS D 300
  observed LYS D 435 LYS D 74
  observed LYS D 300 LYS D 148
  observed LYS D 472 LYS D 74
  observed LYS D 109 LYS D 109
  observed LYS D 74 LYS D 162
  observed LYS D 148 LYS D 430
  observed LYS D 74 LYS D 74
  observed LYS D 300 LYS D 209
  observed LYS D 472 LYS D 209
  observed LYS D 300 LYS D 472

end experiment DSS
# Optional parameters
search_limit relative 2  # Search for topological distances of up to search_range*dmaxlink
printallfound yes    # Prints, or not, the structure of the links that were found but violate the distances
printPDBnotfound yes # Prints, or not, PDB files for the links which were not found at all (prints a straight line)
pgood 0.70 # Probability of observing a link which is within link reach
pbad  0.05 # Probability of observing a link which is NOT within linker reach
vdwrad 3.         # Radius to be used for excluded atom volume computation
print 0           # Extensive or concise printing
printnotfound yes # Print data for pairs for links which were not found
quitgood no       # Quit whenever a valid link is found (stop searching for shortest one)
dbond 1.5         # Bond distance of link atoms
kbond 10.         # Energy constant for link bonds
kpath 10.         # Energy constant for the complete path distension, used for computing probability
kvdw  2.          # Force constant of overlap function
# Technical parameters for the optimization method
ntrial 400  # Maximum number of trials for best link search
nbest 5     # Number of times the same best link is found until satisfied
maxfunc 50  # Maximum number of function evaluations of CG-Newton
maxcg 40    # Maximum number of CG iterations
seed random # Seed for random number generator (random or integer number)
iguess 2
exit # You can add anything after this


OUT:

  ######################################################## TOPOLINK #######################################################
                 Institute of Chemistry - University of Campinas. http://m3g.iqm.unicamp.br/topolink

                                                                                                         Version 19.156 

  Structure file: data/temp/dist_reeval/tmp.pdb
  TopoLink input file: data/temp/dist_reeval/topo.tmp
  Will stop structure reading when ################## is found.
  Only backbone plus CB atoms will be considered.
  
  Links will not be written as PDB files.
  
  Printing option:        0
  Leave when first valid link is found:  F
  Link bond distance:    1.5000000
  Link bond force-constant:   10.0000000
  VdW radius for volume exclusion:    3.0000000
  Path energy constant:   10.0000000
  Cutoff for observed scores:    0.0000000
  Number of trials for link search:      400
  Number of repeated best links to find until quit:        5
  Maximum number of function evaluations of CGNewton:       50
  Maximum number of CG iterations in CGNewton:       40
  Seed for random number generator:     9361
  
  Number of experiments:        1
  
  Number of atoms read from structure file:     2290
  Number of chains found in structure file:            1
  
  WARNING: First atom of link type does not correspond to any atom of the structure.
  Experiment: DSS
  Link type:   MET   all   N     LYS   all   CB      35.000
  
  -------------------------------------------------------------------------------------------------------------------------
  Experiment: DSS
  Observed links:
  1  LYS   D       435  LYS   D       148
  2  LYS   D       148  LYS   D        74
  3  LYS   D       109  LYS   D       209
  4  LYS   D       109  LYS   D       151
  5  LYS   D       435  LYS   D       214
  6  LYS   D       409  LYS   D       435
  7  LYS   D       409  LYS   D       376
  8  LYS   D       376  LYS   D       148
  9  LYS   D       435  LYS   D       435
  10  LYS   D       109  LYS   D        74
  11  LYS   D       472  LYS   D       151
  12  LYS   D       472  LYS   D       430
  13  LYS   D       435  LYS   D       472
  14  LYS   D       435  LYS   D       175
  15  LYS   D       109  LYS   D       300
  16  LYS   D       435  LYS   D        74
  17  LYS   D       300  LYS   D       148
  18  LYS   D       472  LYS   D        74
  19  LYS   D       109  LYS   D       109
  20  LYS   D        74  LYS   D       162
  21  LYS   D       148  LYS   D       430
  22  LYS   D        74  LYS   D        74
  23  LYS   D       300  LYS   D       209
  24  LYS   D       472  LYS   D       209
  25  LYS   D       300  LYS   D       472
  
  -------------------------------------------------------------------------------------------------------------------------
  -------------------------------------------------------------------------------------------------------------------------
  
  Number of atoms that might be involved in reactions, according link types:       21
  
  All reactive atoms, according to observations:
  1   LYS   D        74  CB
  2   LYS   D       109  CB
  3   LYS   D       148  CB
  4   LYS   D       151  CB
  5   LYS   D       162  CB
  6   LYS   D       175  CB
  7   LYS   D       209  CB
  8   LYS   D       214  CB
  9   LYS   D       300  CB
  10   LYS   D       376  CB
  11   LYS   D       409  CB
  12   LYS   D       430  CB
  13   LYS   D       435  CB
  14   LYS   D       472  CB
  
  Number of reactive pairs according to sequence:
  Experiment DSS:   210
  Total number of unique reactive pairs, according to link types:          210
  
  Number of reactive pairs according to observations:
  Experiment DSS:    91
  Total number of unique reactive pairs, according to observations:           91
  
  List of reactive atom pairs, according to observations:
  1  LYS   D        74  CB    LYS   D       109  CB   in experiments:DSS
  2  LYS   D        74  CB    LYS   D       148  CB   in experiments:DSS
  3  LYS   D        74  CB    LYS   D       151  CB   in experiments:DSS
  4  LYS   D        74  CB    LYS   D       162  CB   in experiments:DSS
  5  LYS   D        74  CB    LYS   D       175  CB   in experiments:DSS
  6  LYS   D        74  CB    LYS   D       209  CB   in experiments:DSS
  7  LYS   D        74  CB    LYS   D       214  CB   in experiments:DSS
  8  LYS   D        74  CB    LYS   D       300  CB   in experiments:DSS
  9  LYS   D        74  CB    LYS   D       376  CB   in experiments:DSS
  10  LYS   D        74  CB    LYS   D       409  CB   in experiments:DSS
  11  LYS   D        74  CB    LYS   D       430  CB   in experiments:DSS
  12  LYS   D        74  CB    LYS   D       435  CB   in experiments:DSS
  13  LYS   D        74  CB    LYS   D       472  CB   in experiments:DSS
  14  LYS   D       109  CB    LYS   D       148  CB   in experiments:DSS
  15  LYS   D       109  CB    LYS   D       151  CB   in experiments:DSS
  16  LYS   D       109  CB    LYS   D       162  CB   in experiments:DSS
  17  LYS   D       109  CB    LYS   D       175  CB   in experiments:DSS
  18  LYS   D       109  CB    LYS   D       209  CB   in experiments:DSS
  19  LYS   D       109  CB    LYS   D       214  CB   in experiments:DSS
  20  LYS   D       109  CB    LYS   D       300  CB   in experiments:DSS
  21  LYS   D       109  CB    LYS   D       376  CB   in experiments:DSS
  22  LYS   D       109  CB    LYS   D       409  CB   in experiments:DSS
  23  LYS   D       109  CB    LYS   D       430  CB   in experiments:DSS
  24  LYS   D       109  CB    LYS   D       435  CB   in experiments:DSS
  25  LYS   D       109  CB    LYS   D       472  CB   in experiments:DSS
  26  LYS   D       148  CB    LYS   D       151  CB   in experiments:DSS
  27  LYS   D       148  CB    LYS   D       162  CB   in experiments:DSS
  28  LYS   D       148  CB    LYS   D       175  CB   in experiments:DSS
  29  LYS   D       148  CB    LYS   D       209  CB   in experiments:DSS
  30  LYS   D       148  CB    LYS   D       214  CB   in experiments:DSS
  31  LYS   D       148  CB    LYS   D       300  CB   in experiments:DSS
  32  LYS   D       148  CB    LYS   D       376  CB   in experiments:DSS
  33  LYS   D       148  CB    LYS   D       409  CB   in experiments:DSS
  34  LYS   D       148  CB    LYS   D       430  CB   in experiments:DSS
  35  LYS   D       148  CB    LYS   D       435  CB   in experiments:DSS
  36  LYS   D       148  CB    LYS   D       472  CB   in experiments:DSS
  37  LYS   D       151  CB    LYS   D       162  CB   in experiments:DSS
  38  LYS   D       151  CB    LYS   D       175  CB   in experiments:DSS
  39  LYS   D       151  CB    LYS   D       209  CB   in experiments:DSS
  40  LYS   D       151  CB    LYS   D       214  CB   in experiments:DSS
  41  LYS   D       151  CB    LYS   D       300  CB   in experiments:DSS
  42  LYS   D       151  CB    LYS   D       376  CB   in experiments:DSS
  43  LYS   D       151  CB    LYS   D       409  CB   in experiments:DSS
  44  LYS   D       151  CB    LYS   D       430  CB   in experiments:DSS
  45  LYS   D       151  CB    LYS   D       435  CB   in experiments:DSS
  46  LYS   D       151  CB    LYS   D       472  CB   in experiments:DSS
  47  LYS   D       162  CB    LYS   D       175  CB   in experiments:DSS
  48  LYS   D       162  CB    LYS   D       209  CB   in experiments:DSS
  49  LYS   D       162  CB    LYS   D       214  CB   in experiments:DSS
  50  LYS   D       162  CB    LYS   D       300  CB   in experiments:DSS
  51  LYS   D       162  CB    LYS   D       376  CB   in experiments:DSS
  52  LYS   D       162  CB    LYS   D       409  CB   in experiments:DSS
  53  LYS   D       162  CB    LYS   D       430  CB   in experiments:DSS
  54  LYS   D       162  CB    LYS   D       435  CB   in experiments:DSS
  55  LYS   D       162  CB    LYS   D       472  CB   in experiments:DSS
  56  LYS   D       175  CB    LYS   D       209  CB   in experiments:DSS
  57  LYS   D       175  CB    LYS   D       214  CB   in experiments:DSS
  58  LYS   D       175  CB    LYS   D       300  CB   in experiments:DSS
  59  LYS   D       175  CB    LYS   D       376  CB   in experiments:DSS
  60  LYS   D       175  CB    LYS   D       409  CB   in experiments:DSS
  61  LYS   D       175  CB    LYS   D       430  CB   in experiments:DSS
  62  LYS   D       175  CB    LYS   D       435  CB   in experiments:DSS
  63  LYS   D       175  CB    LYS   D       472  CB   in experiments:DSS
  64  LYS   D       209  CB    LYS   D       214  CB   in experiments:DSS
  65  LYS   D       209  CB    LYS   D       300  CB   in experiments:DSS
  66  LYS   D       209  CB    LYS   D       376  CB   in experiments:DSS
  67  LYS   D       209  CB    LYS   D       409  CB   in experiments:DSS
  68  LYS   D       209  CB    LYS   D       430  CB   in experiments:DSS
  69  LYS   D       209  CB    LYS   D       435  CB   in experiments:DSS
  70  LYS   D       209  CB    LYS   D       472  CB   in experiments:DSS
  71  LYS   D       214  CB    LYS   D       300  CB   in experiments:DSS
  72  LYS   D       214  CB    LYS   D       376  CB   in experiments:DSS
  73  LYS   D       214  CB    LYS   D       409  CB   in experiments:DSS
  74  LYS   D       214  CB    LYS   D       430  CB   in experiments:DSS
  75  LYS   D       214  CB    LYS   D       435  CB   in experiments:DSS
  76  LYS   D       214  CB    LYS   D       472  CB   in experiments:DSS
  77  LYS   D       300  CB    LYS   D       376  CB   in experiments:DSS
  78  LYS   D       300  CB    LYS   D       409  CB   in experiments:DSS
  79  LYS   D       300  CB    LYS   D       430  CB   in experiments:DSS
  80  LYS   D       300  CB    LYS   D       435  CB   in experiments:DSS
  81  LYS   D       300  CB    LYS   D       472  CB   in experiments:DSS
  82  LYS   D       376  CB    LYS   D       409  CB   in experiments:DSS
  83  LYS   D       376  CB    LYS   D       430  CB   in experiments:DSS
  84  LYS   D       376  CB    LYS   D       435  CB   in experiments:DSS
  85  LYS   D       376  CB    LYS   D       472  CB   in experiments:DSS
  86  LYS   D       409  CB    LYS   D       430  CB   in experiments:DSS
  87  LYS   D       409  CB    LYS   D       435  CB   in experiments:DSS
  88  LYS   D       409  CB    LYS   D       472  CB   in experiments:DSS
  89  LYS   D       430  CB    LYS   D       435  CB   in experiments:DSS
  90  LYS   D       430  CB    LYS   D       472  CB   in experiments:DSS
  91  LYS   D       435  CB    LYS   D       472  CB   in experiments:DSS
  
  Number of atoms accessible to solvent:         2213
  Number of residues accessible to solvent:          467
  
  -------------------------------------------------------------------------------------------------------------------------
  >     RESIDUE1   ATOM1 RESIDUE2   ATOM2 EUCLDIST  TOPODIST OBSERVED    DMIN      DMAX        RESULT  OBSRES REACRES RA AA
  -------------------------------------------------------------------------------------------------------------------------
  LINK: LYS  D   74 CB   LYS  D  109 CB     29.760    29.886   YES      0.000    35.000     OK: FOUND    1/ 1    1/ 1 YY YY
  LINK: LYS  D   74 CB   LYS  D  148 CB     50.596    64.350   YES      0.000    35.000     BAD: LONG    0/ 1    0/ 1 YY YY
  LINK: LYS  D   74 CB   LYS  D  162 CB     42.941    49.227   YES      0.000    35.000     BAD: LONG    0/ 1    0/ 1 YY YY
  LINK: LYS  D   74 CB   LYS  D  435 CB     66.075   >70.000   YES      0.000    35.000     BAD: EUCL    0/ 1    0/ 1 YY YY
  LINK: LYS  D   74 CB   LYS  D  472 CB     72.972   >72.972   YES      0.000    35.000     BAD: EUCL    0/ 1    0/ 1 YY YY
  LINK: LYS  D  109 CB   LYS  D  151 CB     32.677    35.431   YES      0.000    35.000     BAD: LONG    0/ 1    0/ 1 YY YY
  LINK: LYS  D  109 CB   LYS  D  209 CB     16.737    17.857   YES      0.000    35.000     OK: FOUND    1/ 1    1/ 1 YY YY
  LINK: LYS  D  109 CB   LYS  D  300 CB     30.683    33.411   YES      0.000    35.000     OK: FOUND    1/ 1    1/ 1 YY YY
  LINK: LYS  D  148 CB   LYS  D  300 CB     14.831    15.437   YES      0.000    35.000     OK: FOUND    1/ 1    1/ 1 YY YY
  LINK: LYS  D  148 CB   LYS  D  376 CB     28.129    30.666   YES      0.000    35.000     OK: FOUND    1/ 1    1/ 1 YY YY
  LINK: LYS  D  148 CB   LYS  D  430 CB     23.049    25.829   YES      0.000    35.000     OK: FOUND    1/ 1    1/ 1 YY YY
  LINK: LYS  D  148 CB   LYS  D  435 CB     18.285    18.711   YES      0.000    35.000     OK: FOUND    1/ 1    1/ 1 YY YY
  LINK: LYS  D  151 CB   LYS  D  472 CB     41.719    47.707   YES      0.000    35.000     BAD: LONG    0/ 1    0/ 1 YY YY
  LINK: LYS  D  175 CB   LYS  D  435 CB     21.583    21.775   YES      0.000    35.000     OK: FOUND    1/ 1    1/ 1 YY YY
  LINK: LYS  D  209 CB   LYS  D  300 CB     36.385    40.822   YES      0.000    35.000     BAD: LONG    0/ 1    0/ 1 YY YY
  LINK: LYS  D  209 CB   LYS  D  472 CB     45.599    45.695   YES      0.000    35.000     BAD: LONG    0/ 1    0/ 1 YY YY
  LINK: LYS  D  214 CB   LYS  D  435 CB     28.420    30.302   YES      0.000    35.000     OK: FOUND    1/ 1    1/ 1 YY YY
  LINK: LYS  D  300 CB   LYS  D  472 CB     53.045    55.125   YES      0.000    35.000     BAD: LONG    0/ 1    0/ 1 YY YY
  LINK: LYS  D  376 CB   LYS  D  409 CB     14.993    15.922   YES      0.000    35.000     OK: FOUND    1/ 1    1/ 1 YY YY
  LINK: LYS  D  409 CB   LYS  D  435 CB     19.848    22.236   YES      0.000    35.000     OK: FOUND    1/ 1    1/ 1 YY YY
  LINK: LYS  D  430 CB   LYS  D  472 CB     15.817    15.817   YES      0.000    35.000     OK: FOUND    1/ 1    1/ 1 YY YY
  LINK: LYS  D  435 CB   LYS  D  472 CB     25.008    26.165   YES      0.000    35.000     OK: FOUND    1/ 1    1/ 1 YY YY
  -------------------------------------------------------------------------------------------------------------------------
  
  RESULTS:
  
  For each experiment:
  
  -------------------------------------------------------------------------------------------------------------------------
  
  Experiment: DSS
  
  Number of type-reactive pairs of atoms:      210
  
  Number of observed-reactive pairs of atoms:       91
  Number of observed-reactive pairs of atoms within linker reach:       13
  Number of observed-reactive pairs of atoms outside linker reach:       78
  Missing links, according to the structure and observed-reactivity:        0
  
  Number of observed links:       25
  Number of observed links consistent with the structure:       13
  Number of observed links NOT consistent with the structure:        9
  
  Sum of scores of observed links:    0.0000000
  
  Sensitivity of the cross-linking reaction:    1.0000000
  False-assignment probability:    0.0428571
  
  Likelihood of the experimental result:    0.9999992
  Log-likelihood of the experimental result:   -0.0000008
  
  Likelihood using user-defined pbad and pgood:    0.9998701
  Log-likelihood using user-defined pbad and pgood:   -0.0001299
  Using: pgood =    0.700; pbad =    0.050
  
  -------------------------------------------------------------------------------------------------------------------------
  
  FINAL RESULTS:
  
  RESULT0:    13 : Number of observations that are consistent with the structure.
  
  RESULT1:    13 : Number of topological distances consistent with all observations.
  RESULT2:     9 : Number of topological distances NOT consistent with observations.
  RESULT3:     0 : Number of links with missing observations.
  
  RESULT4:      0.00000 : Sum of scores of observed links of all experiments.
  
  RESULT5:      1.00000 : Likelihood of the set of experimental results.
  RESULT6:     -0.00000 : Log-likelihood of the set of experimental results.
  
  Using: pgood =    0.700; pbad =    0.050
  RESULT7:      0.99987 : Likelihood of the set of experimental results.
  RESULT8:     -0.00013 : Log-likelihood of the set of experimental results.
  
  -------------------------------------------------------------------------------------------------------------------------
  ATTENTION: There are WARNINGS of input file parsing. Please check the output carefully.
  -------------------------------------------------------------------------------------------------------------------------
  
  
  #########################################################################################################################
