IN:
#
# TOPOLINK input file example
#
# L. Martinez - Institute of Chemistry, University of Campinas
# http://leandro.iqm.unicamp.br
#
# Structure file (can be provided in the command line, overwriting this definition); PDB or mmCIF formats
structure data/temp/dist_reeval/tmp.pdb#endread ENDMDL  # Use this to stop reading atoms if this keyword is found (comment otherwise)
readatoms backplusCB # Which atoms to consider (all/heavy(no-H)/backbone/backplusCB)
# Output directory for links (comment if you do not want the PDB files, that may be a lot)
printlinks no
#linkdir ./links
# What cross-links to compute (all/reactive/observed)
compute observed
#compute reactive
#compute all
# If only inter-domain (inter-chain) links are of interested, uncomment the following line
#interchain
# Only consider observed links with score greater than scorecut
scorecut 0.d0
# Cross-links observed:
experiment DSS
  # Possible types of cross-links and maximum distances
  #        ResType  Chain  ResNum   AtomType    ResType  Chain  ResNum   AtomType  MaxDist
  linktype   MET     all      1       N           LYS     all     all       CB        35
  linktype   LYS     all     all      CB          LYS     all     all       CB        35

  observed LYS A 214 LYS A 228
  observed LYS A 841 LYS A 831
  observed LYS A 831 LYS A 793
  observed LYS A 1224 LYS A 1232
  observed LYS A 237 LYS A 214
  observed LYS A 237 LYS A 210
  observed LYS A 811 LYS A 831
  observed LYS A 841 LYS A 793
  observed LYS A 811 LYS A 793
  observed LYS A 237 LYS A 176
  observed LYS A 1224 LYS A 1183
  observed LYS A 171 LYS A 214
  observed LYS A 176 LYS A 171
  observed LYS A 237 LYS A 228
  observed LYS A 237 LYS A 119
  observed LYS A 527 LYS A 1356
  observed LYS A 1168 LYS A 1183
  observed LYS A 176 LYS A 307
  observed LYS A 171 LYS A 310
  observed LYS A 772 LYS A 728
  observed LYS A 728 LYS A 751
  observed LYS A 1183 LYS A 1232
  observed LYS A 307 LYS A 757

end experiment DSS
# Optional parameters
search_limit relative 2  # Search for topological distances of up to search_range*dmaxlink
printallfound yes    # Prints, or not, the structure of the links that were found but violate the distances
printPDBnotfound yes # Prints, or not, PDB files for the links which were not found at all (prints a straight line)
pgood 0.70 # Probability of observing a link which is within link reach
pbad  0.05 # Probability of observing a link which is NOT within linker reach
vdwrad 3.         # Radius to be used for excluded atom volume computation
print 0           # Extensive or concise printing
printnotfound yes # Print data for pairs for links which were not found
quitgood no       # Quit whenever a valid link is found (stop searching for shortest one)
dbond 1.5         # Bond distance of link atoms
kbond 10.         # Energy constant for link bonds
kpath 10.         # Energy constant for the complete path distension, used for computing probability
kvdw  2.          # Force constant of overlap function
# Technical parameters for the optimization method
ntrial 400  # Maximum number of trials for best link search
nbest 5     # Number of times the same best link is found until satisfied
maxfunc 50  # Maximum number of function evaluations of CG-Newton
maxcg 40    # Maximum number of CG iterations
seed random # Seed for random number generator (random or integer number)
iguess 2
exit # You can add anything after this


OUT:

  ######################################################## TOPOLINK #######################################################
                 Institute of Chemistry - University of Campinas. http://m3g.iqm.unicamp.br/topolink

                                                                                                         Version 19.156 

  Structure file: data/temp/dist_reeval/tmp.pdb
  TopoLink input file: data/temp/dist_reeval/topo.tmp
  Will stop structure reading when ################## is found.
  Only backbone plus CB atoms will be considered.
  
  Links will not be written as PDB files.
  
  Printing option:        0
  Leave when first valid link is found:  F
  Link bond distance:    1.5000000
  Link bond force-constant:   10.0000000
  VdW radius for volume exclusion:    3.0000000
  Path energy constant:   10.0000000
  Cutoff for observed scores:    0.0000000
  Number of trials for link search:      400
  Number of repeated best links to find until quit:        5
  Maximum number of function evaluations of CGNewton:       50
  Maximum number of CG iterations in CGNewton:       40
  Seed for random number generator:     8810
  
  Number of experiments:        1
  
  Number of atoms read from structure file:     6566
  Number of chains found in structure file:            1
  
  WARNING: First atom of link type does not correspond to any atom of the structure.
  Experiment: DSS
  Link type:   MET   all   N     LYS   all   CB      35.000
  
  -------------------------------------------------------------------------------------------------------------------------
  Experiment: DSS
  Observed links:
  1  LYS   A       214  LYS   A       228
  2  LYS   A       841  LYS   A       831
  3  LYS   A       831  LYS   A       793
  4  LYS   A      1224  LYS   A      1232
  5  LYS   A       237  LYS   A       214
  6  LYS   A       237  LYS   A       210
  7  LYS   A       811  LYS   A       831
  8  LYS   A       841  LYS   A       793
  9  LYS   A       811  LYS   A       793
  10  LYS   A       237  LYS   A       176
  11  LYS   A      1224  LYS   A      1183
  12  LYS   A       171  LYS   A       214
  13  LYS   A       176  LYS   A       171
  14  LYS   A       237  LYS   A       228
  15  LYS   A       237  LYS   A       119
  16  LYS   A       527  LYS   A      1356
  17  LYS   A      1168  LYS   A      1183
  18  LYS   A       176  LYS   A       307
  19  LYS   A       171  LYS   A       310
  20  LYS   A       772  LYS   A       728
  21  LYS   A       728  LYS   A       751
  22  LYS   A      1183  LYS   A      1232
  23  LYS   A       307  LYS   A       757
  
  -------------------------------------------------------------------------------------------------------------------------
  -------------------------------------------------------------------------------------------------------------------------
  
  Number of atoms that might be involved in reactions, according link types:       92
  
  All reactive atoms, according to observations:
  1   LYS   A       119  CB
  2   LYS   A       171  CB
  3   LYS   A       176  CB
  4   LYS   A       210  CB
  5   LYS   A       214  CB
  6   LYS   A       228  CB
  7   LYS   A       237  CB
  8   LYS   A       307  CB
  9   LYS   A       310  CB
  10   LYS   A       527  CB
  11   LYS   A       728  CB
  12   LYS   A       751  CB
  13   LYS   A       757  CB
  14   LYS   A       772  CB
  15   LYS   A       793  CB
  16   LYS   A       811  CB
  17   LYS   A       831  CB
  18   LYS   A       841  CB
  19   LYS   A      1168  CB
  20   LYS   A      1183  CB
  21   LYS   A      1224  CB
  22   LYS   A      1232  CB
  23   LYS   A      1356  CB
  
  Number of reactive pairs according to sequence:
  Experiment DSS:  4186
  Total number of unique reactive pairs, according to link types:         4186
  
  Number of reactive pairs according to observations:
  Experiment DSS:   253
  Total number of unique reactive pairs, according to observations:          253
  
  List of reactive atom pairs, according to observations:
  1  LYS   A       119  CB    LYS   A       171  CB   in experiments:DSS
  2  LYS   A       119  CB    LYS   A       176  CB   in experiments:DSS
  3  LYS   A       119  CB    LYS   A       210  CB   in experiments:DSS
  4  LYS   A       119  CB    LYS   A       214  CB   in experiments:DSS
  5  LYS   A       119  CB    LYS   A       228  CB   in experiments:DSS
  6  LYS   A       119  CB    LYS   A       237  CB   in experiments:DSS
  7  LYS   A       119  CB    LYS   A       307  CB   in experiments:DSS
  8  LYS   A       119  CB    LYS   A       310  CB   in experiments:DSS
  9  LYS   A       119  CB    LYS   A       527  CB   in experiments:DSS
  10  LYS   A       119  CB    LYS   A       728  CB   in experiments:DSS
  11  LYS   A       119  CB    LYS   A       751  CB   in experiments:DSS
  12  LYS   A       119  CB    LYS   A       757  CB   in experiments:DSS
  13  LYS   A       119  CB    LYS   A       772  CB   in experiments:DSS
  14  LYS   A       119  CB    LYS   A       793  CB   in experiments:DSS
  15  LYS   A       119  CB    LYS   A       811  CB   in experiments:DSS
  16  LYS   A       119  CB    LYS   A       831  CB   in experiments:DSS
  17  LYS   A       119  CB    LYS   A       841  CB   in experiments:DSS
  18  LYS   A       119  CB    LYS   A      1168  CB   in experiments:DSS
  19  LYS   A       119  CB    LYS   A      1183  CB   in experiments:DSS
  20  LYS   A       119  CB    LYS   A      1224  CB   in experiments:DSS
  21  LYS   A       119  CB    LYS   A      1232  CB   in experiments:DSS
  22  LYS   A       119  CB    LYS   A      1356  CB   in experiments:DSS
  23  LYS   A       171  CB    LYS   A       176  CB   in experiments:DSS
  24  LYS   A       171  CB    LYS   A       210  CB   in experiments:DSS
  25  LYS   A       171  CB    LYS   A       214  CB   in experiments:DSS
  26  LYS   A       171  CB    LYS   A       228  CB   in experiments:DSS
  27  LYS   A       171  CB    LYS   A       237  CB   in experiments:DSS
  28  LYS   A       171  CB    LYS   A       307  CB   in experiments:DSS
  29  LYS   A       171  CB    LYS   A       310  CB   in experiments:DSS
  30  LYS   A       171  CB    LYS   A       527  CB   in experiments:DSS
  31  LYS   A       171  CB    LYS   A       728  CB   in experiments:DSS
  32  LYS   A       171  CB    LYS   A       751  CB   in experiments:DSS
  33  LYS   A       171  CB    LYS   A       757  CB   in experiments:DSS
  34  LYS   A       171  CB    LYS   A       772  CB   in experiments:DSS
  35  LYS   A       171  CB    LYS   A       793  CB   in experiments:DSS
  36  LYS   A       171  CB    LYS   A       811  CB   in experiments:DSS
  37  LYS   A       171  CB    LYS   A       831  CB   in experiments:DSS
  38  LYS   A       171  CB    LYS   A       841  CB   in experiments:DSS
  39  LYS   A       171  CB    LYS   A      1168  CB   in experiments:DSS
  40  LYS   A       171  CB    LYS   A      1183  CB   in experiments:DSS
  41  LYS   A       171  CB    LYS   A      1224  CB   in experiments:DSS
  42  LYS   A       171  CB    LYS   A      1232  CB   in experiments:DSS
  43  LYS   A       171  CB    LYS   A      1356  CB   in experiments:DSS
  44  LYS   A       176  CB    LYS   A       210  CB   in experiments:DSS
  45  LYS   A       176  CB    LYS   A       214  CB   in experiments:DSS
  46  LYS   A       176  CB    LYS   A       228  CB   in experiments:DSS
  47  LYS   A       176  CB    LYS   A       237  CB   in experiments:DSS
  48  LYS   A       176  CB    LYS   A       307  CB   in experiments:DSS
  49  LYS   A       176  CB    LYS   A       310  CB   in experiments:DSS
  50  LYS   A       176  CB    LYS   A       527  CB   in experiments:DSS
  51  LYS   A       176  CB    LYS   A       728  CB   in experiments:DSS
  52  LYS   A       176  CB    LYS   A       751  CB   in experiments:DSS
  53  LYS   A       176  CB    LYS   A       757  CB   in experiments:DSS
  54  LYS   A       176  CB    LYS   A       772  CB   in experiments:DSS
  55  LYS   A       176  CB    LYS   A       793  CB   in experiments:DSS
  56  LYS   A       176  CB    LYS   A       811  CB   in experiments:DSS
  57  LYS   A       176  CB    LYS   A       831  CB   in experiments:DSS
  58  LYS   A       176  CB    LYS   A       841  CB   in experiments:DSS
  59  LYS   A       176  CB    LYS   A      1168  CB   in experiments:DSS
  60  LYS   A       176  CB    LYS   A      1183  CB   in experiments:DSS
  61  LYS   A       176  CB    LYS   A      1224  CB   in experiments:DSS
  62  LYS   A       176  CB    LYS   A      1232  CB   in experiments:DSS
  63  LYS   A       176  CB    LYS   A      1356  CB   in experiments:DSS
  64  LYS   A       210  CB    LYS   A       214  CB   in experiments:DSS
  65  LYS   A       210  CB    LYS   A       228  CB   in experiments:DSS
  66  LYS   A       210  CB    LYS   A       237  CB   in experiments:DSS
  67  LYS   A       210  CB    LYS   A       307  CB   in experiments:DSS
  68  LYS   A       210  CB    LYS   A       310  CB   in experiments:DSS
  69  LYS   A       210  CB    LYS   A       527  CB   in experiments:DSS
  70  LYS   A       210  CB    LYS   A       728  CB   in experiments:DSS
  71  LYS   A       210  CB    LYS   A       751  CB   in experiments:DSS
  72  LYS   A       210  CB    LYS   A       757  CB   in experiments:DSS
  73  LYS   A       210  CB    LYS   A       772  CB   in experiments:DSS
  74  LYS   A       210  CB    LYS   A       793  CB   in experiments:DSS
  75  LYS   A       210  CB    LYS   A       811  CB   in experiments:DSS
  76  LYS   A       210  CB    LYS   A       831  CB   in experiments:DSS
  77  LYS   A       210  CB    LYS   A       841  CB   in experiments:DSS
  78  LYS   A       210  CB    LYS   A      1168  CB   in experiments:DSS
  79  LYS   A       210  CB    LYS   A      1183  CB   in experiments:DSS
  80  LYS   A       210  CB    LYS   A      1224  CB   in experiments:DSS
  81  LYS   A       210  CB    LYS   A      1232  CB   in experiments:DSS
  82  LYS   A       210  CB    LYS   A      1356  CB   in experiments:DSS
  83  LYS   A       214  CB    LYS   A       228  CB   in experiments:DSS
  84  LYS   A       214  CB    LYS   A       237  CB   in experiments:DSS
  85  LYS   A       214  CB    LYS   A       307  CB   in experiments:DSS
  86  LYS   A       214  CB    LYS   A       310  CB   in experiments:DSS
  87  LYS   A       214  CB    LYS   A       527  CB   in experiments:DSS
  88  LYS   A       214  CB    LYS   A       728  CB   in experiments:DSS
  89  LYS   A       214  CB    LYS   A       751  CB   in experiments:DSS
  90  LYS   A       214  CB    LYS   A       757  CB   in experiments:DSS
  91  LYS   A       214  CB    LYS   A       772  CB   in experiments:DSS
  92  LYS   A       214  CB    LYS   A       793  CB   in experiments:DSS
  93  LYS   A       214  CB    LYS   A       811  CB   in experiments:DSS
  94  LYS   A       214  CB    LYS   A       831  CB   in experiments:DSS
  95  LYS   A       214  CB    LYS   A       841  CB   in experiments:DSS
  96  LYS   A       214  CB    LYS   A      1168  CB   in experiments:DSS
  97  LYS   A       214  CB    LYS   A      1183  CB   in experiments:DSS
  98  LYS   A       214  CB    LYS   A      1224  CB   in experiments:DSS
  99  LYS   A       214  CB    LYS   A      1232  CB   in experiments:DSS
  100  LYS   A       214  CB    LYS   A      1356  CB   in experiments:DSS
  101  LYS   A       228  CB    LYS   A       237  CB   in experiments:DSS
  102  LYS   A       228  CB    LYS   A       307  CB   in experiments:DSS
  103  LYS   A       228  CB    LYS   A       310  CB   in experiments:DSS
  104  LYS   A       228  CB    LYS   A       527  CB   in experiments:DSS
  105  LYS   A       228  CB    LYS   A       728  CB   in experiments:DSS
  106  LYS   A       228  CB    LYS   A       751  CB   in experiments:DSS
  107  LYS   A       228  CB    LYS   A       757  CB   in experiments:DSS
  108  LYS   A       228  CB    LYS   A       772  CB   in experiments:DSS
  109  LYS   A       228  CB    LYS   A       793  CB   in experiments:DSS
  110  LYS   A       228  CB    LYS   A       811  CB   in experiments:DSS
  111  LYS   A       228  CB    LYS   A       831  CB   in experiments:DSS
  112  LYS   A       228  CB    LYS   A       841  CB   in experiments:DSS
  113  LYS   A       228  CB    LYS   A      1168  CB   in experiments:DSS
  114  LYS   A       228  CB    LYS   A      1183  CB   in experiments:DSS
  115  LYS   A       228  CB    LYS   A      1224  CB   in experiments:DSS
  116  LYS   A       228  CB    LYS   A      1232  CB   in experiments:DSS
  117  LYS   A       228  CB    LYS   A      1356  CB   in experiments:DSS
  118  LYS   A       237  CB    LYS   A       307  CB   in experiments:DSS
  119  LYS   A       237  CB    LYS   A       310  CB   in experiments:DSS
  120  LYS   A       237  CB    LYS   A       527  CB   in experiments:DSS
  121  LYS   A       237  CB    LYS   A       728  CB   in experiments:DSS
  122  LYS   A       237  CB    LYS   A       751  CB   in experiments:DSS
  123  LYS   A       237  CB    LYS   A       757  CB   in experiments:DSS
  124  LYS   A       237  CB    LYS   A       772  CB   in experiments:DSS
  125  LYS   A       237  CB    LYS   A       793  CB   in experiments:DSS
  126  LYS   A       237  CB    LYS   A       811  CB   in experiments:DSS
  127  LYS   A       237  CB    LYS   A       831  CB   in experiments:DSS
  128  LYS   A       237  CB    LYS   A       841  CB   in experiments:DSS
  129  LYS   A       237  CB    LYS   A      1168  CB   in experiments:DSS
  130  LYS   A       237  CB    LYS   A      1183  CB   in experiments:DSS
  131  LYS   A       237  CB    LYS   A      1224  CB   in experiments:DSS
  132  LYS   A       237  CB    LYS   A      1232  CB   in experiments:DSS
  133  LYS   A       237  CB    LYS   A      1356  CB   in experiments:DSS
  134  LYS   A       307  CB    LYS   A       310  CB   in experiments:DSS
  135  LYS   A       307  CB    LYS   A       527  CB   in experiments:DSS
  136  LYS   A       307  CB    LYS   A       728  CB   in experiments:DSS
  137  LYS   A       307  CB    LYS   A       751  CB   in experiments:DSS
  138  LYS   A       307  CB    LYS   A       757  CB   in experiments:DSS
  139  LYS   A       307  CB    LYS   A       772  CB   in experiments:DSS
  140  LYS   A       307  CB    LYS   A       793  CB   in experiments:DSS
  141  LYS   A       307  CB    LYS   A       811  CB   in experiments:DSS
  142  LYS   A       307  CB    LYS   A       831  CB   in experiments:DSS
  143  LYS   A       307  CB    LYS   A       841  CB   in experiments:DSS
  144  LYS   A       307  CB    LYS   A      1168  CB   in experiments:DSS
  145  LYS   A       307  CB    LYS   A      1183  CB   in experiments:DSS
  146  LYS   A       307  CB    LYS   A      1224  CB   in experiments:DSS
  147  LYS   A       307  CB    LYS   A      1232  CB   in experiments:DSS
  148  LYS   A       307  CB    LYS   A      1356  CB   in experiments:DSS
  149  LYS   A       310  CB    LYS   A       527  CB   in experiments:DSS
  150  LYS   A       310  CB    LYS   A       728  CB   in experiments:DSS
  151  LYS   A       310  CB    LYS   A       751  CB   in experiments:DSS
  152  LYS   A       310  CB    LYS   A       757  CB   in experiments:DSS
  153  LYS   A       310  CB    LYS   A       772  CB   in experiments:DSS
  154  LYS   A       310  CB    LYS   A       793  CB   in experiments:DSS
  155  LYS   A       310  CB    LYS   A       811  CB   in experiments:DSS
  156  LYS   A       310  CB    LYS   A       831  CB   in experiments:DSS
  157  LYS   A       310  CB    LYS   A       841  CB   in experiments:DSS
  158  LYS   A       310  CB    LYS   A      1168  CB   in experiments:DSS
  159  LYS   A       310  CB    LYS   A      1183  CB   in experiments:DSS
  160  LYS   A       310  CB    LYS   A      1224  CB   in experiments:DSS
  161  LYS   A       310  CB    LYS   A      1232  CB   in experiments:DSS
  162  LYS   A       310  CB    LYS   A      1356  CB   in experiments:DSS
  163  LYS   A       527  CB    LYS   A       728  CB   in experiments:DSS
  164  LYS   A       527  CB    LYS   A       751  CB   in experiments:DSS
  165  LYS   A       527  CB    LYS   A       757  CB   in experiments:DSS
  166  LYS   A       527  CB    LYS   A       772  CB   in experiments:DSS
  167  LYS   A       527  CB    LYS   A       793  CB   in experiments:DSS
  168  LYS   A       527  CB    LYS   A       811  CB   in experiments:DSS
  169  LYS   A       527  CB    LYS   A       831  CB   in experiments:DSS
  170  LYS   A       527  CB    LYS   A       841  CB   in experiments:DSS
  171  LYS   A       527  CB    LYS   A      1168  CB   in experiments:DSS
  172  LYS   A       527  CB    LYS   A      1183  CB   in experiments:DSS
  173  LYS   A       527  CB    LYS   A      1224  CB   in experiments:DSS
  174  LYS   A       527  CB    LYS   A      1232  CB   in experiments:DSS
  175  LYS   A       527  CB    LYS   A      1356  CB   in experiments:DSS
  176  LYS   A       728  CB    LYS   A       751  CB   in experiments:DSS
  177  LYS   A       728  CB    LYS   A       757  CB   in experiments:DSS
  178  LYS   A       728  CB    LYS   A       772  CB   in experiments:DSS
  179  LYS   A       728  CB    LYS   A       793  CB   in experiments:DSS
  180  LYS   A       728  CB    LYS   A       811  CB   in experiments:DSS
  181  LYS   A       728  CB    LYS   A       831  CB   in experiments:DSS
  182  LYS   A       728  CB    LYS   A       841  CB   in experiments:DSS
  183  LYS   A       728  CB    LYS   A      1168  CB   in experiments:DSS
  184  LYS   A       728  CB    LYS   A      1183  CB   in experiments:DSS
  185  LYS   A       728  CB    LYS   A      1224  CB   in experiments:DSS
  186  LYS   A       728  CB    LYS   A      1232  CB   in experiments:DSS
  187  LYS   A       728  CB    LYS   A      1356  CB   in experiments:DSS
  188  LYS   A       751  CB    LYS   A       757  CB   in experiments:DSS
  189  LYS   A       751  CB    LYS   A       772  CB   in experiments:DSS
  190  LYS   A       751  CB    LYS   A       793  CB   in experiments:DSS
  191  LYS   A       751  CB    LYS   A       811  CB   in experiments:DSS
  192  LYS   A       751  CB    LYS   A       831  CB   in experiments:DSS
  193  LYS   A       751  CB    LYS   A       841  CB   in experiments:DSS
  194  LYS   A       751  CB    LYS   A      1168  CB   in experiments:DSS
  195  LYS   A       751  CB    LYS   A      1183  CB   in experiments:DSS
  196  LYS   A       751  CB    LYS   A      1224  CB   in experiments:DSS
  197  LYS   A       751  CB    LYS   A      1232  CB   in experiments:DSS
  198  LYS   A       751  CB    LYS   A      1356  CB   in experiments:DSS
  199  LYS   A       757  CB    LYS   A       772  CB   in experiments:DSS
  200  LYS   A       757  CB    LYS   A       793  CB   in experiments:DSS
  201  LYS   A       757  CB    LYS   A       811  CB   in experiments:DSS
  202  LYS   A       757  CB    LYS   A       831  CB   in experiments:DSS
  203  LYS   A       757  CB    LYS   A       841  CB   in experiments:DSS
  204  LYS   A       757  CB    LYS   A      1168  CB   in experiments:DSS
  205  LYS   A       757  CB    LYS   A      1183  CB   in experiments:DSS
  206  LYS   A       757  CB    LYS   A      1224  CB   in experiments:DSS
  207  LYS   A       757  CB    LYS   A      1232  CB   in experiments:DSS
  208  LYS   A       757  CB    LYS   A      1356  CB   in experiments:DSS
  209  LYS   A       772  CB    LYS   A       793  CB   in experiments:DSS
  210  LYS   A       772  CB    LYS   A       811  CB   in experiments:DSS
  211  LYS   A       772  CB    LYS   A       831  CB   in experiments:DSS
  212  LYS   A       772  CB    LYS   A       841  CB   in experiments:DSS
  213  LYS   A       772  CB    LYS   A      1168  CB   in experiments:DSS
  214  LYS   A       772  CB    LYS   A      1183  CB   in experiments:DSS
  215  LYS   A       772  CB    LYS   A      1224  CB   in experiments:DSS
  216  LYS   A       772  CB    LYS   A      1232  CB   in experiments:DSS
  217  LYS   A       772  CB    LYS   A      1356  CB   in experiments:DSS
  218  LYS   A       793  CB    LYS   A       811  CB   in experiments:DSS
  219  LYS   A       793  CB    LYS   A       831  CB   in experiments:DSS
  220  LYS   A       793  CB    LYS   A       841  CB   in experiments:DSS
  221  LYS   A       793  CB    LYS   A      1168  CB   in experiments:DSS
  222  LYS   A       793  CB    LYS   A      1183  CB   in experiments:DSS
  223  LYS   A       793  CB    LYS   A      1224  CB   in experiments:DSS
  224  LYS   A       793  CB    LYS   A      1232  CB   in experiments:DSS
  225  LYS   A       793  CB    LYS   A      1356  CB   in experiments:DSS
  226  LYS   A       811  CB    LYS   A       831  CB   in experiments:DSS
  227  LYS   A       811  CB    LYS   A       841  CB   in experiments:DSS
  228  LYS   A       811  CB    LYS   A      1168  CB   in experiments:DSS
  229  LYS   A       811  CB    LYS   A      1183  CB   in experiments:DSS
  230  LYS   A       811  CB    LYS   A      1224  CB   in experiments:DSS
  231  LYS   A       811  CB    LYS   A      1232  CB   in experiments:DSS
  232  LYS   A       811  CB    LYS   A      1356  CB   in experiments:DSS
  233  LYS   A       831  CB    LYS   A       841  CB   in experiments:DSS
  234  LYS   A       831  CB    LYS   A      1168  CB   in experiments:DSS
  235  LYS   A       831  CB    LYS   A      1183  CB   in experiments:DSS
  236  LYS   A       831  CB    LYS   A      1224  CB   in experiments:DSS
  237  LYS   A       831  CB    LYS   A      1232  CB   in experiments:DSS
  238  LYS   A       831  CB    LYS   A      1356  CB   in experiments:DSS
  239  LYS   A       841  CB    LYS   A      1168  CB   in experiments:DSS
  240  LYS   A       841  CB    LYS   A      1183  CB   in experiments:DSS
  241  LYS   A       841  CB    LYS   A      1224  CB   in experiments:DSS
  242  LYS   A       841  CB    LYS   A      1232  CB   in experiments:DSS
  243  LYS   A       841  CB    LYS   A      1356  CB   in experiments:DSS
  244  LYS   A      1168  CB    LYS   A      1183  CB   in experiments:DSS
  245  LYS   A      1168  CB    LYS   A      1224  CB   in experiments:DSS
  246  LYS   A      1168  CB    LYS   A      1232  CB   in experiments:DSS
  247  LYS   A      1168  CB    LYS   A      1356  CB   in experiments:DSS
  248  LYS   A      1183  CB    LYS   A      1224  CB   in experiments:DSS
  249  LYS   A      1183  CB    LYS   A      1232  CB   in experiments:DSS
  250  LYS   A      1183  CB    LYS   A      1356  CB   in experiments:DSS
  251  LYS   A      1224  CB    LYS   A      1232  CB   in experiments:DSS
  252  LYS   A      1224  CB    LYS   A      1356  CB   in experiments:DSS
  253  LYS   A      1232  CB    LYS   A      1356  CB   in experiments:DSS
  
  Number of atoms accessible to solvent:         6365
  Number of residues accessible to solvent:         1333
  
  -------------------------------------------------------------------------------------------------------------------------
  >     RESIDUE1   ATOM1 RESIDUE2   ATOM2 EUCLDIST  TOPODIST OBSERVED    DMIN      DMAX        RESULT  OBSRES REACRES RA AA
  -------------------------------------------------------------------------------------------------------------------------
  LINK: LYS  A  119 CB   LYS  A  237 CB     14.865    15.088   YES      0.000    35.000     OK: FOUND    1/ 1    1/ 1 YY YY
  LINK: LYS  A  171 CB   LYS  A  176 CB     10.495    12.353   YES      0.000    35.000     OK: FOUND    1/ 1    1/ 1 YY YY
  LINK: LYS  A  171 CB   LYS  A  214 CB     49.154   >70.000   YES      0.000    35.000     BAD: EUCL    0/ 1    0/ 1 YY YY
  LINK: LYS  A  171 CB   LYS  A  310 CB     19.964    24.234   YES      0.000    35.000     OK: FOUND    1/ 1    1/ 1 YY YY
  LINK: LYS  A  176 CB   LYS  A  237 CB     39.853    42.889   YES      0.000    35.000     BAD: LONG    0/ 1    0/ 1 YY YY
  LINK: LYS  A  176 CB   LYS  A  307 CB     21.249    23.273   YES      0.000    35.000     OK: FOUND    1/ 1    1/ 1 YY YY
  LINK: LYS  A  210 CB   LYS  A  237 CB     17.351    18.206   YES      0.000    35.000     OK: FOUND    1/ 1    1/ 1 YY YY
  LINK: LYS  A  214 CB   LYS  A  228 CB     20.363    25.417   YES      0.000    35.000     OK: FOUND    1/ 1    1/ 1 YY YY
  LINK: LYS  A  214 CB   LYS  A  237 CB     14.499    15.984   YES      0.000    35.000     OK: FOUND    1/ 1    1/ 1 YY YY
  LINK: LYS  A  228 CB   LYS  A  237 CB     14.351    16.132   YES      0.000    35.000     OK: FOUND    1/ 1    1/ 1 YY YY
  LINK: LYS  A  307 CB   LYS  A  757 CB     25.868    25.913   YES      0.000    35.000     OK: FOUND    1/ 1    1/ 1 YY YY
  LINK: LYS  A  527 CB   LYS  A 1356 CB     25.784    27.984   YES      0.000    35.000     OK: FOUND    1/ 1    1/ 1 YY YY
  LINK: LYS  A  728 CB   LYS  A  751 CB     19.245    20.565   YES      0.000    35.000     OK: FOUND    1/ 1    1/ 1 YY YY
  LINK: LYS  A  728 CB   LYS  A  772 CB      8.842     8.842   YES      0.000    35.000     OK: FOUND    1/ 1    1/ 1 YY YY
  LINK: LYS  A  793 CB   LYS  A  811 CB     23.933    33.106   YES      0.000    35.000     OK: FOUND    1/ 1    1/ 1 YY YY
  LINK: LYS  A  793 CB   LYS  A  831 CB     22.533    23.657   YES      0.000    35.000     OK: FOUND    1/ 1    1/ 1 YY YY
  LINK: LYS  A  793 CB   LYS  A  841 CB     22.794    24.286   YES      0.000    35.000     OK: FOUND    1/ 1    1/ 1 YY YY
  LINK: LYS  A  811 CB   LYS  A  831 CB     23.026    29.267   YES      0.000    35.000     OK: FOUND    1/ 1    1/ 1 YY YY
  LINK: LYS  A  831 CB   LYS  A  841 CB     17.882    17.882   YES      0.000    35.000     OK: FOUND    1/ 1    1/ 1 YY YY
  LINK: LYS  A 1168 CB   LYS  A 1183 CB     34.502    44.909   YES      0.000    35.000     BAD: LONG    0/ 1    0/ 1 YY YY
  LINK: LYS  A 1183 CB   LYS  A 1224 CB     16.358    18.141   YES      0.000    35.000     OK: FOUND    1/ 1    1/ 1 YY YY
  LINK: LYS  A 1183 CB   LYS  A 1232 CB     11.398    13.593   YES      0.000    35.000     OK: FOUND    1/ 1    1/ 1 YY YY
  LINK: LYS  A 1224 CB   LYS  A 1232 CB     12.887    14.396   YES      0.000    35.000     OK: FOUND    1/ 1    1/ 1 YY YY
  -------------------------------------------------------------------------------------------------------------------------
  
  RESULTS:
  
  For each experiment:
  
  -------------------------------------------------------------------------------------------------------------------------
  
  Experiment: DSS
  
  Number of type-reactive pairs of atoms:     4186
  
  Number of observed-reactive pairs of atoms:      253
  Number of observed-reactive pairs of atoms within linker reach:       20
  Number of observed-reactive pairs of atoms outside linker reach:      233
  Missing links, according to the structure and observed-reactivity:        0
  
  Number of observed links:       23
  Number of observed links consistent with the structure:       20
  Number of observed links NOT consistent with the structure:        3
  
  Sum of scores of observed links:    0.0000000
  
  Sensitivity of the cross-linking reaction:    1.0000000
  False-assignment probability:    0.0007167
  
  Likelihood of the experimental result:    1.0000000
  Log-likelihood of the experimental result:    0.0000000
  
  Likelihood using user-defined pbad and pgood:    0.9998234
  Log-likelihood using user-defined pbad and pgood:   -0.0001767
  Using: pgood =    0.700; pbad =    0.050
  
  -------------------------------------------------------------------------------------------------------------------------
  
  FINAL RESULTS:
  
  RESULT0:    20 : Number of observations that are consistent with the structure.
  
  RESULT1:    20 : Number of topological distances consistent with all observations.
  RESULT2:     3 : Number of topological distances NOT consistent with observations.
  RESULT3:     0 : Number of links with missing observations.
  
  RESULT4:      0.00000 : Sum of scores of observed links of all experiments.
  
  RESULT5:      1.00000 : Likelihood of the set of experimental results.
  RESULT6:      0.00000 : Log-likelihood of the set of experimental results.
  
  Using: pgood =    0.700; pbad =    0.050
  RESULT7:      0.99982 : Likelihood of the set of experimental results.
  RESULT8:     -0.00018 : Log-likelihood of the set of experimental results.
  
  -------------------------------------------------------------------------------------------------------------------------
  ATTENTION: There are WARNINGS of input file parsing. Please check the output carefully.
  -------------------------------------------------------------------------------------------------------------------------
  
  
  #########################################################################################################################
