IN:
#
# TOPOLINK input file example
#
# L. Martinez - Institute of Chemistry, University of Campinas
# http://leandro.iqm.unicamp.br
#
# Structure file (can be provided in the command line, overwriting this definition); PDB or mmCIF formats
structure data/temp/dist_reeval/tmp.pdb#endread ENDMDL  # Use this to stop reading atoms if this keyword is found (comment otherwise)
readatoms backplusCB # Which atoms to consider (all/heavy(no-H)/backbone/backplusCB)
# Output directory for links (comment if you do not want the PDB files, that may be a lot)
printlinks no
#linkdir ./links
# What cross-links to compute (all/reactive/observed)
compute observed
#compute reactive
#compute all
# If only inter-domain (inter-chain) links are of interested, uncomment the following line
#interchain
# Only consider observed links with score greater than scorecut
scorecut 0.d0
# Cross-links observed:
experiment DSS
  # Possible types of cross-links and maximum distances
  #        ResType  Chain  ResNum   AtomType    ResType  Chain  ResNum   AtomType  MaxDist
  linktype   MET     all      1       N           LYS     all     all       CB        35
  linktype   LYS     all     all      CB          LYS     all     all       CB        35

  observed LYS A 629 LYS A 644
  observed LYS A 420 LYS A 357
  observed LYS A 208 LYS A 241
  observed LYS A 644 LYS A 633
  observed LYS A 114 LYS A 208
  observed LYS A 512 LYS A 533
  observed LYS A 641 LYS A 649
  observed LYS A 398 LYS A 387
  observed LYS A 208 LYS A 240
  observed LYS A 241 LYS A 217
  observed LYS A 387 LYS A 420
  observed LYS A 240 LYS A 217
  observed LYS A 208 LYS A 644
  observed LYS A 558 LYS A 573
  observed LYS A 387 LYS A 357
  observed LYS A 522 LYS A 512
  observed LYS A 518 LYS A 533
  observed LYS A 512 LYS A 81
  observed LYS A 557 LYS A 678
  observed LYS A 678 LYS A 264
  observed LYS A 649 LYS A 264
  observed LYS A 428 LYS A 415
  observed LYS A 678 LYS A 504
  observed LYS A 512 LYS A 644
  observed LYS A 557 LYS A 533
  observed LYS A 678 LYS A 533
  observed LYS A 644 LYS A 533
  observed LYS A 649 LYS A 533
  observed LYS A 678 LYS A 552
  observed LYS A 552 LYS A 644
  observed LYS A 649 LYS A 552
  observed LYS A 649 LYS A 573
  observed LYS A 557 LYS A 644
  observed LYS A 557 LYS A 649
  observed LYS A 557 LYS A 676
  observed LYS A 678 LYS A 208
  observed LYS A 518 LYS A 644

end experiment DSS
# Optional parameters
search_limit relative 2  # Search for topological distances of up to search_range*dmaxlink
printallfound yes    # Prints, or not, the structure of the links that were found but violate the distances
printPDBnotfound yes # Prints, or not, PDB files for the links which were not found at all (prints a straight line)
pgood 0.70 # Probability of observing a link which is within link reach
pbad  0.05 # Probability of observing a link which is NOT within linker reach
vdwrad 3.         # Radius to be used for excluded atom volume computation
print 0           # Extensive or concise printing
printnotfound yes # Print data for pairs for links which were not found
quitgood no       # Quit whenever a valid link is found (stop searching for shortest one)
dbond 1.5         # Bond distance of link atoms
kbond 10.         # Energy constant for link bonds
kpath 10.         # Energy constant for the complete path distension, used for computing probability
kvdw  2.          # Force constant of overlap function
# Technical parameters for the optimization method
ntrial 400  # Maximum number of trials for best link search
nbest 5     # Number of times the same best link is found until satisfied
maxfunc 50  # Maximum number of function evaluations of CG-Newton
maxcg 40    # Maximum number of CG iterations
seed random # Seed for random number generator (random or integer number)
iguess 2
exit # You can add anything after this


OUT:

  ######################################################## TOPOLINK #######################################################
                 Institute of Chemistry - University of Campinas. http://m3g.iqm.unicamp.br/topolink

                                                                                                         Version 19.156 

  Structure file: data/temp/dist_reeval/tmp.pdb
  TopoLink input file: data/temp/dist_reeval/topo.tmp
  Will stop structure reading when ################## is found.
  Only backbone plus CB atoms will be considered.
  
  Links will not be written as PDB files.
  
  Printing option:        0
  Leave when first valid link is found:  F
  Link bond distance:    1.5000000
  Link bond force-constant:   10.0000000
  VdW radius for volume exclusion:    3.0000000
  Path energy constant:   10.0000000
  Cutoff for observed scores:    0.0000000
  Number of trials for link search:      400
  Number of repeated best links to find until quit:        5
  Maximum number of function evaluations of CGNewton:       50
  Maximum number of CG iterations in CGNewton:       40
  Seed for random number generator:     9388
  
  Number of experiments:        1
  
  Number of atoms read from structure file:     3441
  Number of chains found in structure file:            1
  
  -------------------------------------------------------------------------------------------------------------------------
  Experiment: DSS
  Observed links:
  1  LYS   A       629  LYS   A       644
  2  LYS   A       420  LYS   A       357
  3  LYS   A       208  LYS   A       241
  4  LYS   A       644  LYS   A       633
  5  LYS   A       114  LYS   A       208
  6  LYS   A       512  LYS   A       533
  7  LYS   A       641  LYS   A       649
  8  LYS   A       398  LYS   A       387
  9  LYS   A       208  LYS   A       240
  10  LYS   A       241  LYS   A       217
  11  LYS   A       387  LYS   A       420
  12  LYS   A       240  LYS   A       217
  13  LYS   A       208  LYS   A       644
  14  LYS   A       558  LYS   A       573
  15  LYS   A       387  LYS   A       357
  16  LYS   A       522  LYS   A       512
  17  LYS   A       518  LYS   A       533
  18  LYS   A       512  LYS   A        81
  19  LYS   A       557  LYS   A       678
  20  LYS   A       678  LYS   A       264
  21  LYS   A       649  LYS   A       264
  22  LYS   A       428  LYS   A       415
  23  LYS   A       678  LYS   A       504
  24  LYS   A       512  LYS   A       644
  25  LYS   A       557  LYS   A       533
  26  LYS   A       678  LYS   A       533
  27  LYS   A       644  LYS   A       533
  28  LYS   A       649  LYS   A       533
  29  LYS   A       678  LYS   A       552
  30  LYS   A       552  LYS   A       644
  31  LYS   A       649  LYS   A       552
  32  LYS   A       649  LYS   A       573
  33  LYS   A       557  LYS   A       644
  34  LYS   A       557  LYS   A       649
  35  LYS   A       557  LYS   A       676
  36  LYS   A       678  LYS   A       208
  37  LYS   A       518  LYS   A       644
  
  -------------------------------------------------------------------------------------------------------------------------
  -------------------------------------------------------------------------------------------------------------------------
  
  Number of atoms that might be involved in reactions, according link types:       51
  
  All reactive atoms, according to observations:
  1   LYS   A        81  CB
  2   LYS   A       114  CB
  3   LYS   A       208  CB
  4   LYS   A       217  CB
  5   LYS   A       240  CB
  6   LYS   A       241  CB
  7   LYS   A       264  CB
  8   LYS   A       357  CB
  9   LYS   A       387  CB
  10   LYS   A       398  CB
  11   LYS   A       415  CB
  12   LYS   A       420  CB
  13   LYS   A       428  CB
  14   LYS   A       504  CB
  15   LYS   A       512  CB
  16   LYS   A       518  CB
  17   LYS   A       522  CB
  18   LYS   A       533  CB
  19   LYS   A       552  CB
  20   LYS   A       557  CB
  21   LYS   A       558  CB
  22   LYS   A       573  CB
  23   LYS   A       629  CB
  24   LYS   A       633  CB
  25   LYS   A       641  CB
  26   LYS   A       644  CB
  27   LYS   A       649  CB
  28   LYS   A       676  CB
  29   LYS   A       678  CB
  
  Number of reactive pairs according to sequence:
  Experiment DSS:  1275
  Total number of unique reactive pairs, according to link types:         1275
  
  Number of reactive pairs according to observations:
  Experiment DSS:   406
  Total number of unique reactive pairs, according to observations:          406
  
  List of reactive atom pairs, according to observations:
  1  LYS   A        81  CB    LYS   A       114  CB   in experiments:DSS
  2  LYS   A        81  CB    LYS   A       208  CB   in experiments:DSS
  3  LYS   A        81  CB    LYS   A       217  CB   in experiments:DSS
  4  LYS   A        81  CB    LYS   A       240  CB   in experiments:DSS
  5  LYS   A        81  CB    LYS   A       241  CB   in experiments:DSS
  6  LYS   A        81  CB    LYS   A       264  CB   in experiments:DSS
  7  LYS   A        81  CB    LYS   A       357  CB   in experiments:DSS
  8  LYS   A        81  CB    LYS   A       387  CB   in experiments:DSS
  9  LYS   A        81  CB    LYS   A       398  CB   in experiments:DSS
  10  LYS   A        81  CB    LYS   A       415  CB   in experiments:DSS
  11  LYS   A        81  CB    LYS   A       420  CB   in experiments:DSS
  12  LYS   A        81  CB    LYS   A       428  CB   in experiments:DSS
  13  LYS   A        81  CB    LYS   A       504  CB   in experiments:DSS
  14  LYS   A        81  CB    LYS   A       512  CB   in experiments:DSS
  15  LYS   A        81  CB    LYS   A       518  CB   in experiments:DSS
  16  LYS   A        81  CB    LYS   A       522  CB   in experiments:DSS
  17  LYS   A        81  CB    LYS   A       533  CB   in experiments:DSS
  18  LYS   A        81  CB    LYS   A       552  CB   in experiments:DSS
  19  LYS   A        81  CB    LYS   A       557  CB   in experiments:DSS
  20  LYS   A        81  CB    LYS   A       558  CB   in experiments:DSS
  21  LYS   A        81  CB    LYS   A       573  CB   in experiments:DSS
  22  LYS   A        81  CB    LYS   A       629  CB   in experiments:DSS
  23  LYS   A        81  CB    LYS   A       633  CB   in experiments:DSS
  24  LYS   A        81  CB    LYS   A       641  CB   in experiments:DSS
  25  LYS   A        81  CB    LYS   A       644  CB   in experiments:DSS
  26  LYS   A        81  CB    LYS   A       649  CB   in experiments:DSS
  27  LYS   A        81  CB    LYS   A       676  CB   in experiments:DSS
  28  LYS   A        81  CB    LYS   A       678  CB   in experiments:DSS
  29  LYS   A       114  CB    LYS   A       208  CB   in experiments:DSS
  30  LYS   A       114  CB    LYS   A       217  CB   in experiments:DSS
  31  LYS   A       114  CB    LYS   A       240  CB   in experiments:DSS
  32  LYS   A       114  CB    LYS   A       241  CB   in experiments:DSS
  33  LYS   A       114  CB    LYS   A       264  CB   in experiments:DSS
  34  LYS   A       114  CB    LYS   A       357  CB   in experiments:DSS
  35  LYS   A       114  CB    LYS   A       387  CB   in experiments:DSS
  36  LYS   A       114  CB    LYS   A       398  CB   in experiments:DSS
  37  LYS   A       114  CB    LYS   A       415  CB   in experiments:DSS
  38  LYS   A       114  CB    LYS   A       420  CB   in experiments:DSS
  39  LYS   A       114  CB    LYS   A       428  CB   in experiments:DSS
  40  LYS   A       114  CB    LYS   A       504  CB   in experiments:DSS
  41  LYS   A       114  CB    LYS   A       512  CB   in experiments:DSS
  42  LYS   A       114  CB    LYS   A       518  CB   in experiments:DSS
  43  LYS   A       114  CB    LYS   A       522  CB   in experiments:DSS
  44  LYS   A       114  CB    LYS   A       533  CB   in experiments:DSS
  45  LYS   A       114  CB    LYS   A       552  CB   in experiments:DSS
  46  LYS   A       114  CB    LYS   A       557  CB   in experiments:DSS
  47  LYS   A       114  CB    LYS   A       558  CB   in experiments:DSS
  48  LYS   A       114  CB    LYS   A       573  CB   in experiments:DSS
  49  LYS   A       114  CB    LYS   A       629  CB   in experiments:DSS
  50  LYS   A       114  CB    LYS   A       633  CB   in experiments:DSS
  51  LYS   A       114  CB    LYS   A       641  CB   in experiments:DSS
  52  LYS   A       114  CB    LYS   A       644  CB   in experiments:DSS
  53  LYS   A       114  CB    LYS   A       649  CB   in experiments:DSS
  54  LYS   A       114  CB    LYS   A       676  CB   in experiments:DSS
  55  LYS   A       114  CB    LYS   A       678  CB   in experiments:DSS
  56  LYS   A       208  CB    LYS   A       217  CB   in experiments:DSS
  57  LYS   A       208  CB    LYS   A       240  CB   in experiments:DSS
  58  LYS   A       208  CB    LYS   A       241  CB   in experiments:DSS
  59  LYS   A       208  CB    LYS   A       264  CB   in experiments:DSS
  60  LYS   A       208  CB    LYS   A       357  CB   in experiments:DSS
  61  LYS   A       208  CB    LYS   A       387  CB   in experiments:DSS
  62  LYS   A       208  CB    LYS   A       398  CB   in experiments:DSS
  63  LYS   A       208  CB    LYS   A       415  CB   in experiments:DSS
  64  LYS   A       208  CB    LYS   A       420  CB   in experiments:DSS
  65  LYS   A       208  CB    LYS   A       428  CB   in experiments:DSS
  66  LYS   A       208  CB    LYS   A       504  CB   in experiments:DSS
  67  LYS   A       208  CB    LYS   A       512  CB   in experiments:DSS
  68  LYS   A       208  CB    LYS   A       518  CB   in experiments:DSS
  69  LYS   A       208  CB    LYS   A       522  CB   in experiments:DSS
  70  LYS   A       208  CB    LYS   A       533  CB   in experiments:DSS
  71  LYS   A       208  CB    LYS   A       552  CB   in experiments:DSS
  72  LYS   A       208  CB    LYS   A       557  CB   in experiments:DSS
  73  LYS   A       208  CB    LYS   A       558  CB   in experiments:DSS
  74  LYS   A       208  CB    LYS   A       573  CB   in experiments:DSS
  75  LYS   A       208  CB    LYS   A       629  CB   in experiments:DSS
  76  LYS   A       208  CB    LYS   A       633  CB   in experiments:DSS
  77  LYS   A       208  CB    LYS   A       641  CB   in experiments:DSS
  78  LYS   A       208  CB    LYS   A       644  CB   in experiments:DSS
  79  LYS   A       208  CB    LYS   A       649  CB   in experiments:DSS
  80  LYS   A       208  CB    LYS   A       676  CB   in experiments:DSS
  81  LYS   A       208  CB    LYS   A       678  CB   in experiments:DSS
  82  LYS   A       217  CB    LYS   A       240  CB   in experiments:DSS
  83  LYS   A       217  CB    LYS   A       241  CB   in experiments:DSS
  84  LYS   A       217  CB    LYS   A       264  CB   in experiments:DSS
  85  LYS   A       217  CB    LYS   A       357  CB   in experiments:DSS
  86  LYS   A       217  CB    LYS   A       387  CB   in experiments:DSS
  87  LYS   A       217  CB    LYS   A       398  CB   in experiments:DSS
  88  LYS   A       217  CB    LYS   A       415  CB   in experiments:DSS
  89  LYS   A       217  CB    LYS   A       420  CB   in experiments:DSS
  90  LYS   A       217  CB    LYS   A       428  CB   in experiments:DSS
  91  LYS   A       217  CB    LYS   A       504  CB   in experiments:DSS
  92  LYS   A       217  CB    LYS   A       512  CB   in experiments:DSS
  93  LYS   A       217  CB    LYS   A       518  CB   in experiments:DSS
  94  LYS   A       217  CB    LYS   A       522  CB   in experiments:DSS
  95  LYS   A       217  CB    LYS   A       533  CB   in experiments:DSS
  96  LYS   A       217  CB    LYS   A       552  CB   in experiments:DSS
  97  LYS   A       217  CB    LYS   A       557  CB   in experiments:DSS
  98  LYS   A       217  CB    LYS   A       558  CB   in experiments:DSS
  99  LYS   A       217  CB    LYS   A       573  CB   in experiments:DSS
  100  LYS   A       217  CB    LYS   A       629  CB   in experiments:DSS
  101  LYS   A       217  CB    LYS   A       633  CB   in experiments:DSS
  102  LYS   A       217  CB    LYS   A       641  CB   in experiments:DSS
  103  LYS   A       217  CB    LYS   A       644  CB   in experiments:DSS
  104  LYS   A       217  CB    LYS   A       649  CB   in experiments:DSS
  105  LYS   A       217  CB    LYS   A       676  CB   in experiments:DSS
  106  LYS   A       217  CB    LYS   A       678  CB   in experiments:DSS
  107  LYS   A       240  CB    LYS   A       241  CB   in experiments:DSS
  108  LYS   A       240  CB    LYS   A       264  CB   in experiments:DSS
  109  LYS   A       240  CB    LYS   A       357  CB   in experiments:DSS
  110  LYS   A       240  CB    LYS   A       387  CB   in experiments:DSS
  111  LYS   A       240  CB    LYS   A       398  CB   in experiments:DSS
  112  LYS   A       240  CB    LYS   A       415  CB   in experiments:DSS
  113  LYS   A       240  CB    LYS   A       420  CB   in experiments:DSS
  114  LYS   A       240  CB    LYS   A       428  CB   in experiments:DSS
  115  LYS   A       240  CB    LYS   A       504  CB   in experiments:DSS
  116  LYS   A       240  CB    LYS   A       512  CB   in experiments:DSS
  117  LYS   A       240  CB    LYS   A       518  CB   in experiments:DSS
  118  LYS   A       240  CB    LYS   A       522  CB   in experiments:DSS
  119  LYS   A       240  CB    LYS   A       533  CB   in experiments:DSS
  120  LYS   A       240  CB    LYS   A       552  CB   in experiments:DSS
  121  LYS   A       240  CB    LYS   A       557  CB   in experiments:DSS
  122  LYS   A       240  CB    LYS   A       558  CB   in experiments:DSS
  123  LYS   A       240  CB    LYS   A       573  CB   in experiments:DSS
  124  LYS   A       240  CB    LYS   A       629  CB   in experiments:DSS
  125  LYS   A       240  CB    LYS   A       633  CB   in experiments:DSS
  126  LYS   A       240  CB    LYS   A       641  CB   in experiments:DSS
  127  LYS   A       240  CB    LYS   A       644  CB   in experiments:DSS
  128  LYS   A       240  CB    LYS   A       649  CB   in experiments:DSS
  129  LYS   A       240  CB    LYS   A       676  CB   in experiments:DSS
  130  LYS   A       240  CB    LYS   A       678  CB   in experiments:DSS
  131  LYS   A       241  CB    LYS   A       264  CB   in experiments:DSS
  132  LYS   A       241  CB    LYS   A       357  CB   in experiments:DSS
  133  LYS   A       241  CB    LYS   A       387  CB   in experiments:DSS
  134  LYS   A       241  CB    LYS   A       398  CB   in experiments:DSS
  135  LYS   A       241  CB    LYS   A       415  CB   in experiments:DSS
  136  LYS   A       241  CB    LYS   A       420  CB   in experiments:DSS
  137  LYS   A       241  CB    LYS   A       428  CB   in experiments:DSS
  138  LYS   A       241  CB    LYS   A       504  CB   in experiments:DSS
  139  LYS   A       241  CB    LYS   A       512  CB   in experiments:DSS
  140  LYS   A       241  CB    LYS   A       518  CB   in experiments:DSS
  141  LYS   A       241  CB    LYS   A       522  CB   in experiments:DSS
  142  LYS   A       241  CB    LYS   A       533  CB   in experiments:DSS
  143  LYS   A       241  CB    LYS   A       552  CB   in experiments:DSS
  144  LYS   A       241  CB    LYS   A       557  CB   in experiments:DSS
  145  LYS   A       241  CB    LYS   A       558  CB   in experiments:DSS
  146  LYS   A       241  CB    LYS   A       573  CB   in experiments:DSS
  147  LYS   A       241  CB    LYS   A       629  CB   in experiments:DSS
  148  LYS   A       241  CB    LYS   A       633  CB   in experiments:DSS
  149  LYS   A       241  CB    LYS   A       641  CB   in experiments:DSS
  150  LYS   A       241  CB    LYS   A       644  CB   in experiments:DSS
  151  LYS   A       241  CB    LYS   A       649  CB   in experiments:DSS
  152  LYS   A       241  CB    LYS   A       676  CB   in experiments:DSS
  153  LYS   A       241  CB    LYS   A       678  CB   in experiments:DSS
  154  LYS   A       264  CB    LYS   A       357  CB   in experiments:DSS
  155  LYS   A       264  CB    LYS   A       387  CB   in experiments:DSS
  156  LYS   A       264  CB    LYS   A       398  CB   in experiments:DSS
  157  LYS   A       264  CB    LYS   A       415  CB   in experiments:DSS
  158  LYS   A       264  CB    LYS   A       420  CB   in experiments:DSS
  159  LYS   A       264  CB    LYS   A       428  CB   in experiments:DSS
  160  LYS   A       264  CB    LYS   A       504  CB   in experiments:DSS
  161  LYS   A       264  CB    LYS   A       512  CB   in experiments:DSS
  162  LYS   A       264  CB    LYS   A       518  CB   in experiments:DSS
  163  LYS   A       264  CB    LYS   A       522  CB   in experiments:DSS
  164  LYS   A       264  CB    LYS   A       533  CB   in experiments:DSS
  165  LYS   A       264  CB    LYS   A       552  CB   in experiments:DSS
  166  LYS   A       264  CB    LYS   A       557  CB   in experiments:DSS
  167  LYS   A       264  CB    LYS   A       558  CB   in experiments:DSS
  168  LYS   A       264  CB    LYS   A       573  CB   in experiments:DSS
  169  LYS   A       264  CB    LYS   A       629  CB   in experiments:DSS
  170  LYS   A       264  CB    LYS   A       633  CB   in experiments:DSS
  171  LYS   A       264  CB    LYS   A       641  CB   in experiments:DSS
  172  LYS   A       264  CB    LYS   A       644  CB   in experiments:DSS
  173  LYS   A       264  CB    LYS   A       649  CB   in experiments:DSS
  174  LYS   A       264  CB    LYS   A       676  CB   in experiments:DSS
  175  LYS   A       264  CB    LYS   A       678  CB   in experiments:DSS
  176  LYS   A       357  CB    LYS   A       387  CB   in experiments:DSS
  177  LYS   A       357  CB    LYS   A       398  CB   in experiments:DSS
  178  LYS   A       357  CB    LYS   A       415  CB   in experiments:DSS
  179  LYS   A       357  CB    LYS   A       420  CB   in experiments:DSS
  180  LYS   A       357  CB    LYS   A       428  CB   in experiments:DSS
  181  LYS   A       357  CB    LYS   A       504  CB   in experiments:DSS
  182  LYS   A       357  CB    LYS   A       512  CB   in experiments:DSS
  183  LYS   A       357  CB    LYS   A       518  CB   in experiments:DSS
  184  LYS   A       357  CB    LYS   A       522  CB   in experiments:DSS
  185  LYS   A       357  CB    LYS   A       533  CB   in experiments:DSS
  186  LYS   A       357  CB    LYS   A       552  CB   in experiments:DSS
  187  LYS   A       357  CB    LYS   A       557  CB   in experiments:DSS
  188  LYS   A       357  CB    LYS   A       558  CB   in experiments:DSS
  189  LYS   A       357  CB    LYS   A       573  CB   in experiments:DSS
  190  LYS   A       357  CB    LYS   A       629  CB   in experiments:DSS
  191  LYS   A       357  CB    LYS   A       633  CB   in experiments:DSS
  192  LYS   A       357  CB    LYS   A       641  CB   in experiments:DSS
  193  LYS   A       357  CB    LYS   A       644  CB   in experiments:DSS
  194  LYS   A       357  CB    LYS   A       649  CB   in experiments:DSS
  195  LYS   A       357  CB    LYS   A       676  CB   in experiments:DSS
  196  LYS   A       357  CB    LYS   A       678  CB   in experiments:DSS
  197  LYS   A       387  CB    LYS   A       398  CB   in experiments:DSS
  198  LYS   A       387  CB    LYS   A       415  CB   in experiments:DSS
  199  LYS   A       387  CB    LYS   A       420  CB   in experiments:DSS
  200  LYS   A       387  CB    LYS   A       428  CB   in experiments:DSS
  201  LYS   A       387  CB    LYS   A       504  CB   in experiments:DSS
  202  LYS   A       387  CB    LYS   A       512  CB   in experiments:DSS
  203  LYS   A       387  CB    LYS   A       518  CB   in experiments:DSS
  204  LYS   A       387  CB    LYS   A       522  CB   in experiments:DSS
  205  LYS   A       387  CB    LYS   A       533  CB   in experiments:DSS
  206  LYS   A       387  CB    LYS   A       552  CB   in experiments:DSS
  207  LYS   A       387  CB    LYS   A       557  CB   in experiments:DSS
  208  LYS   A       387  CB    LYS   A       558  CB   in experiments:DSS
  209  LYS   A       387  CB    LYS   A       573  CB   in experiments:DSS
  210  LYS   A       387  CB    LYS   A       629  CB   in experiments:DSS
  211  LYS   A       387  CB    LYS   A       633  CB   in experiments:DSS
  212  LYS   A       387  CB    LYS   A       641  CB   in experiments:DSS
  213  LYS   A       387  CB    LYS   A       644  CB   in experiments:DSS
  214  LYS   A       387  CB    LYS   A       649  CB   in experiments:DSS
  215  LYS   A       387  CB    LYS   A       676  CB   in experiments:DSS
  216  LYS   A       387  CB    LYS   A       678  CB   in experiments:DSS
  217  LYS   A       398  CB    LYS   A       415  CB   in experiments:DSS
  218  LYS   A       398  CB    LYS   A       420  CB   in experiments:DSS
  219  LYS   A       398  CB    LYS   A       428  CB   in experiments:DSS
  220  LYS   A       398  CB    LYS   A       504  CB   in experiments:DSS
  221  LYS   A       398  CB    LYS   A       512  CB   in experiments:DSS
  222  LYS   A       398  CB    LYS   A       518  CB   in experiments:DSS
  223  LYS   A       398  CB    LYS   A       522  CB   in experiments:DSS
  224  LYS   A       398  CB    LYS   A       533  CB   in experiments:DSS
  225  LYS   A       398  CB    LYS   A       552  CB   in experiments:DSS
  226  LYS   A       398  CB    LYS   A       557  CB   in experiments:DSS
  227  LYS   A       398  CB    LYS   A       558  CB   in experiments:DSS
  228  LYS   A       398  CB    LYS   A       573  CB   in experiments:DSS
  229  LYS   A       398  CB    LYS   A       629  CB   in experiments:DSS
  230  LYS   A       398  CB    LYS   A       633  CB   in experiments:DSS
  231  LYS   A       398  CB    LYS   A       641  CB   in experiments:DSS
  232  LYS   A       398  CB    LYS   A       644  CB   in experiments:DSS
  233  LYS   A       398  CB    LYS   A       649  CB   in experiments:DSS
  234  LYS   A       398  CB    LYS   A       676  CB   in experiments:DSS
  235  LYS   A       398  CB    LYS   A       678  CB   in experiments:DSS
  236  LYS   A       415  CB    LYS   A       420  CB   in experiments:DSS
  237  LYS   A       415  CB    LYS   A       428  CB   in experiments:DSS
  238  LYS   A       415  CB    LYS   A       504  CB   in experiments:DSS
  239  LYS   A       415  CB    LYS   A       512  CB   in experiments:DSS
  240  LYS   A       415  CB    LYS   A       518  CB   in experiments:DSS
  241  LYS   A       415  CB    LYS   A       522  CB   in experiments:DSS
  242  LYS   A       415  CB    LYS   A       533  CB   in experiments:DSS
  243  LYS   A       415  CB    LYS   A       552  CB   in experiments:DSS
  244  LYS   A       415  CB    LYS   A       557  CB   in experiments:DSS
  245  LYS   A       415  CB    LYS   A       558  CB   in experiments:DSS
  246  LYS   A       415  CB    LYS   A       573  CB   in experiments:DSS
  247  LYS   A       415  CB    LYS   A       629  CB   in experiments:DSS
  248  LYS   A       415  CB    LYS   A       633  CB   in experiments:DSS
  249  LYS   A       415  CB    LYS   A       641  CB   in experiments:DSS
  250  LYS   A       415  CB    LYS   A       644  CB   in experiments:DSS
  251  LYS   A       415  CB    LYS   A       649  CB   in experiments:DSS
  252  LYS   A       415  CB    LYS   A       676  CB   in experiments:DSS
  253  LYS   A       415  CB    LYS   A       678  CB   in experiments:DSS
  254  LYS   A       420  CB    LYS   A       428  CB   in experiments:DSS
  255  LYS   A       420  CB    LYS   A       504  CB   in experiments:DSS
  256  LYS   A       420  CB    LYS   A       512  CB   in experiments:DSS
  257  LYS   A       420  CB    LYS   A       518  CB   in experiments:DSS
  258  LYS   A       420  CB    LYS   A       522  CB   in experiments:DSS
  259  LYS   A       420  CB    LYS   A       533  CB   in experiments:DSS
  260  LYS   A       420  CB    LYS   A       552  CB   in experiments:DSS
  261  LYS   A       420  CB    LYS   A       557  CB   in experiments:DSS
  262  LYS   A       420  CB    LYS   A       558  CB   in experiments:DSS
  263  LYS   A       420  CB    LYS   A       573  CB   in experiments:DSS
  264  LYS   A       420  CB    LYS   A       629  CB   in experiments:DSS
  265  LYS   A       420  CB    LYS   A       633  CB   in experiments:DSS
  266  LYS   A       420  CB    LYS   A       641  CB   in experiments:DSS
  267  LYS   A       420  CB    LYS   A       644  CB   in experiments:DSS
  268  LYS   A       420  CB    LYS   A       649  CB   in experiments:DSS
  269  LYS   A       420  CB    LYS   A       676  CB   in experiments:DSS
  270  LYS   A       420  CB    LYS   A       678  CB   in experiments:DSS
  271  LYS   A       428  CB    LYS   A       504  CB   in experiments:DSS
  272  LYS   A       428  CB    LYS   A       512  CB   in experiments:DSS
  273  LYS   A       428  CB    LYS   A       518  CB   in experiments:DSS
  274  LYS   A       428  CB    LYS   A       522  CB   in experiments:DSS
  275  LYS   A       428  CB    LYS   A       533  CB   in experiments:DSS
  276  LYS   A       428  CB    LYS   A       552  CB   in experiments:DSS
  277  LYS   A       428  CB    LYS   A       557  CB   in experiments:DSS
  278  LYS   A       428  CB    LYS   A       558  CB   in experiments:DSS
  279  LYS   A       428  CB    LYS   A       573  CB   in experiments:DSS
  280  LYS   A       428  CB    LYS   A       629  CB   in experiments:DSS
  281  LYS   A       428  CB    LYS   A       633  CB   in experiments:DSS
  282  LYS   A       428  CB    LYS   A       641  CB   in experiments:DSS
  283  LYS   A       428  CB    LYS   A       644  CB   in experiments:DSS
  284  LYS   A       428  CB    LYS   A       649  CB   in experiments:DSS
  285  LYS   A       428  CB    LYS   A       676  CB   in experiments:DSS
  286  LYS   A       428  CB    LYS   A       678  CB   in experiments:DSS
  287  LYS   A       504  CB    LYS   A       512  CB   in experiments:DSS
  288  LYS   A       504  CB    LYS   A       518  CB   in experiments:DSS
  289  LYS   A       504  CB    LYS   A       522  CB   in experiments:DSS
  290  LYS   A       504  CB    LYS   A       533  CB   in experiments:DSS
  291  LYS   A       504  CB    LYS   A       552  CB   in experiments:DSS
  292  LYS   A       504  CB    LYS   A       557  CB   in experiments:DSS
  293  LYS   A       504  CB    LYS   A       558  CB   in experiments:DSS
  294  LYS   A       504  CB    LYS   A       573  CB   in experiments:DSS
  295  LYS   A       504  CB    LYS   A       629  CB   in experiments:DSS
  296  LYS   A       504  CB    LYS   A       633  CB   in experiments:DSS
  297  LYS   A       504  CB    LYS   A       641  CB   in experiments:DSS
  298  LYS   A       504  CB    LYS   A       644  CB   in experiments:DSS
  299  LYS   A       504  CB    LYS   A       649  CB   in experiments:DSS
  300  LYS   A       504  CB    LYS   A       676  CB   in experiments:DSS
  301  LYS   A       504  CB    LYS   A       678  CB   in experiments:DSS
  302  LYS   A       512  CB    LYS   A       518  CB   in experiments:DSS
  303  LYS   A       512  CB    LYS   A       522  CB   in experiments:DSS
  304  LYS   A       512  CB    LYS   A       533  CB   in experiments:DSS
  305  LYS   A       512  CB    LYS   A       552  CB   in experiments:DSS
  306  LYS   A       512  CB    LYS   A       557  CB   in experiments:DSS
  307  LYS   A       512  CB    LYS   A       558  CB   in experiments:DSS
  308  LYS   A       512  CB    LYS   A       573  CB   in experiments:DSS
  309  LYS   A       512  CB    LYS   A       629  CB   in experiments:DSS
  310  LYS   A       512  CB    LYS   A       633  CB   in experiments:DSS
  311  LYS   A       512  CB    LYS   A       641  CB   in experiments:DSS
  312  LYS   A       512  CB    LYS   A       644  CB   in experiments:DSS
  313  LYS   A       512  CB    LYS   A       649  CB   in experiments:DSS
  314  LYS   A       512  CB    LYS   A       676  CB   in experiments:DSS
  315  LYS   A       512  CB    LYS   A       678  CB   in experiments:DSS
  316  LYS   A       518  CB    LYS   A       522  CB   in experiments:DSS
  317  LYS   A       518  CB    LYS   A       533  CB   in experiments:DSS
  318  LYS   A       518  CB    LYS   A       552  CB   in experiments:DSS
  319  LYS   A       518  CB    LYS   A       557  CB   in experiments:DSS
  320  LYS   A       518  CB    LYS   A       558  CB   in experiments:DSS
  321  LYS   A       518  CB    LYS   A       573  CB   in experiments:DSS
  322  LYS   A       518  CB    LYS   A       629  CB   in experiments:DSS
  323  LYS   A       518  CB    LYS   A       633  CB   in experiments:DSS
  324  LYS   A       518  CB    LYS   A       641  CB   in experiments:DSS
  325  LYS   A       518  CB    LYS   A       644  CB   in experiments:DSS
  326  LYS   A       518  CB    LYS   A       649  CB   in experiments:DSS
  327  LYS   A       518  CB    LYS   A       676  CB   in experiments:DSS
  328  LYS   A       518  CB    LYS   A       678  CB   in experiments:DSS
  329  LYS   A       522  CB    LYS   A       533  CB   in experiments:DSS
  330  LYS   A       522  CB    LYS   A       552  CB   in experiments:DSS
  331  LYS   A       522  CB    LYS   A       557  CB   in experiments:DSS
  332  LYS   A       522  CB    LYS   A       558  CB   in experiments:DSS
  333  LYS   A       522  CB    LYS   A       573  CB   in experiments:DSS
  334  LYS   A       522  CB    LYS   A       629  CB   in experiments:DSS
  335  LYS   A       522  CB    LYS   A       633  CB   in experiments:DSS
  336  LYS   A       522  CB    LYS   A       641  CB   in experiments:DSS
  337  LYS   A       522  CB    LYS   A       644  CB   in experiments:DSS
  338  LYS   A       522  CB    LYS   A       649  CB   in experiments:DSS
  339  LYS   A       522  CB    LYS   A       676  CB   in experiments:DSS
  340  LYS   A       522  CB    LYS   A       678  CB   in experiments:DSS
  341  LYS   A       533  CB    LYS   A       552  CB   in experiments:DSS
  342  LYS   A       533  CB    LYS   A       557  CB   in experiments:DSS
  343  LYS   A       533  CB    LYS   A       558  CB   in experiments:DSS
  344  LYS   A       533  CB    LYS   A       573  CB   in experiments:DSS
  345  LYS   A       533  CB    LYS   A       629  CB   in experiments:DSS
  346  LYS   A       533  CB    LYS   A       633  CB   in experiments:DSS
  347  LYS   A       533  CB    LYS   A       641  CB   in experiments:DSS
  348  LYS   A       533  CB    LYS   A       644  CB   in experiments:DSS
  349  LYS   A       533  CB    LYS   A       649  CB   in experiments:DSS
  350  LYS   A       533  CB    LYS   A       676  CB   in experiments:DSS
  351  LYS   A       533  CB    LYS   A       678  CB   in experiments:DSS
  352  LYS   A       552  CB    LYS   A       557  CB   in experiments:DSS
  353  LYS   A       552  CB    LYS   A       558  CB   in experiments:DSS
  354  LYS   A       552  CB    LYS   A       573  CB   in experiments:DSS
  355  LYS   A       552  CB    LYS   A       629  CB   in experiments:DSS
  356  LYS   A       552  CB    LYS   A       633  CB   in experiments:DSS
  357  LYS   A       552  CB    LYS   A       641  CB   in experiments:DSS
  358  LYS   A       552  CB    LYS   A       644  CB   in experiments:DSS
  359  LYS   A       552  CB    LYS   A       649  CB   in experiments:DSS
  360  LYS   A       552  CB    LYS   A       676  CB   in experiments:DSS
  361  LYS   A       552  CB    LYS   A       678  CB   in experiments:DSS
  362  LYS   A       557  CB    LYS   A       558  CB   in experiments:DSS
  363  LYS   A       557  CB    LYS   A       573  CB   in experiments:DSS
  364  LYS   A       557  CB    LYS   A       629  CB   in experiments:DSS
  365  LYS   A       557  CB    LYS   A       633  CB   in experiments:DSS
  366  LYS   A       557  CB    LYS   A       641  CB   in experiments:DSS
  367  LYS   A       557  CB    LYS   A       644  CB   in experiments:DSS
  368  LYS   A       557  CB    LYS   A       649  CB   in experiments:DSS
  369  LYS   A       557  CB    LYS   A       676  CB   in experiments:DSS
  370  LYS   A       557  CB    LYS   A       678  CB   in experiments:DSS
  371  LYS   A       558  CB    LYS   A       573  CB   in experiments:DSS
  372  LYS   A       558  CB    LYS   A       629  CB   in experiments:DSS
  373  LYS   A       558  CB    LYS   A       633  CB   in experiments:DSS
  374  LYS   A       558  CB    LYS   A       641  CB   in experiments:DSS
  375  LYS   A       558  CB    LYS   A       644  CB   in experiments:DSS
  376  LYS   A       558  CB    LYS   A       649  CB   in experiments:DSS
  377  LYS   A       558  CB    LYS   A       676  CB   in experiments:DSS
  378  LYS   A       558  CB    LYS   A       678  CB   in experiments:DSS
  379  LYS   A       573  CB    LYS   A       629  CB   in experiments:DSS
  380  LYS   A       573  CB    LYS   A       633  CB   in experiments:DSS
  381  LYS   A       573  CB    LYS   A       641  CB   in experiments:DSS
  382  LYS   A       573  CB    LYS   A       644  CB   in experiments:DSS
  383  LYS   A       573  CB    LYS   A       649  CB   in experiments:DSS
  384  LYS   A       573  CB    LYS   A       676  CB   in experiments:DSS
  385  LYS   A       573  CB    LYS   A       678  CB   in experiments:DSS
  386  LYS   A       629  CB    LYS   A       633  CB   in experiments:DSS
  387  LYS   A       629  CB    LYS   A       641  CB   in experiments:DSS
  388  LYS   A       629  CB    LYS   A       644  CB   in experiments:DSS
  389  LYS   A       629  CB    LYS   A       649  CB   in experiments:DSS
  390  LYS   A       629  CB    LYS   A       676  CB   in experiments:DSS
  391  LYS   A       629  CB    LYS   A       678  CB   in experiments:DSS
  392  LYS   A       633  CB    LYS   A       641  CB   in experiments:DSS
  393  LYS   A       633  CB    LYS   A       644  CB   in experiments:DSS
  394  LYS   A       633  CB    LYS   A       649  CB   in experiments:DSS
  395  LYS   A       633  CB    LYS   A       676  CB   in experiments:DSS
  396  LYS   A       633  CB    LYS   A       678  CB   in experiments:DSS
  397  LYS   A       641  CB    LYS   A       644  CB   in experiments:DSS
  398  LYS   A       641  CB    LYS   A       649  CB   in experiments:DSS
  399  LYS   A       641  CB    LYS   A       676  CB   in experiments:DSS
  400  LYS   A       641  CB    LYS   A       678  CB   in experiments:DSS
  401  LYS   A       644  CB    LYS   A       649  CB   in experiments:DSS
  402  LYS   A       644  CB    LYS   A       676  CB   in experiments:DSS
  403  LYS   A       644  CB    LYS   A       678  CB   in experiments:DSS
  404  LYS   A       649  CB    LYS   A       676  CB   in experiments:DSS
  405  LYS   A       649  CB    LYS   A       678  CB   in experiments:DSS
  406  LYS   A       676  CB    LYS   A       678  CB   in experiments:DSS
  
  Number of atoms accessible to solvent:         3321
  Number of residues accessible to solvent:          699
  
  -------------------------------------------------------------------------------------------------------------------------
  >     RESIDUE1   ATOM1 RESIDUE2   ATOM2 EUCLDIST  TOPODIST OBSERVED    DMIN      DMAX        RESULT  OBSRES REACRES RA AA
  -------------------------------------------------------------------------------------------------------------------------
  LINK: LYS  A   81 CB   LYS  A  512 CB     13.028    13.598   YES      0.000    35.000     OK: FOUND    1/ 1    1/ 1 YY YY
  LINK: LYS  A  114 CB   LYS  A  208 CB     24.376    24.663   YES      0.000    35.000     OK: FOUND    1/ 1    1/ 1 YY YY
  LINK: LYS  A  208 CB   LYS  A  240 CB     14.575    18.994   YES      0.000    35.000     OK: FOUND    1/ 1    1/ 1 YY YY
  LINK: LYS  A  208 CB   LYS  A  241 CB     13.093    13.461   YES      0.000    35.000     OK: FOUND    1/ 1    1/ 1 YY YY
  LINK: LYS  A  208 CB   LYS  A  644 CB     53.284    64.462   YES      0.000    35.000     BAD: LONG    0/ 1    0/ 1 YY YY
  LINK: LYS  A  208 CB   LYS  A  678 CB     26.578    26.835   YES      0.000    35.000     OK: FOUND    1/ 1    1/ 1 YY YY
  LINK: LYS  A  217 CB   LYS  A  240 CB     16.602    19.303   YES      0.000    35.000     OK: FOUND    1/ 1    1/ 1 YY YY
  LINK: LYS  A  217 CB   LYS  A  241 CB     13.108    13.271   YES      0.000    35.000     OK: FOUND    1/ 1    1/ 1 YY YY
  LINK: LYS  A  264 CB   LYS  A  649 CB     60.355   >70.000   YES      0.000    35.000     BAD: EUCL    0/ 1    0/ 1 YY YY
  LINK: LYS  A  264 CB   LYS  A  678 CB     41.071    48.446   YES      0.000    35.000     BAD: LONG    0/ 1    0/ 1 YY YY
  LINK: LYS  A  357 CB   LYS  A  387 CB     22.955    22.970   YES      0.000    35.000     OK: FOUND    1/ 1    1/ 1 YY YY
  LINK: LYS  A  357 CB   LYS  A  420 CB     12.083    12.457   YES      0.000    35.000     OK: FOUND    1/ 1    1/ 1 YY YY
  LINK: LYS  A  387 CB   LYS  A  398 CB     16.224    16.686   YES      0.000    35.000     OK: FOUND    1/ 1    1/ 1 YY YY
  LINK: LYS  A  387 CB   LYS  A  420 CB     11.671    11.671   YES      0.000    35.000     OK: FOUND    1/ 1    1/ 1 YY YY
  LINK: LYS  A  415 CB   LYS  A  428 CB     16.245    16.927   YES      0.000    35.000     OK: FOUND    1/ 1    1/ 1 YY YY
  LINK: LYS  A  504 CB   LYS  A  678 CB     31.325    34.709   YES      0.000    35.000     OK: FOUND    1/ 1    1/ 1 YY YY
  LINK: LYS  A  512 CB   LYS  A  522 CB     23.817    26.057   YES      0.000    35.000     OK: FOUND    1/ 1    1/ 1 YY YY
  LINK: LYS  A  512 CB   LYS  A  533 CB     12.014    13.856   YES      0.000    35.000     OK: FOUND    1/ 1    1/ 1 YY YY
  LINK: LYS  A  512 CB   LYS  A  644 CB     39.976    51.603   YES      0.000    35.000     BAD: LONG    0/ 1    0/ 1 YY YY
  LINK: LYS  A  518 CB   LYS  A  533 CB     15.320    16.436   YES      0.000    35.000     OK: FOUND    1/ 1    1/ 1 YY YY
  LINK: LYS  A  518 CB   LYS  A  644 CB     46.897    55.964   YES      0.000    35.000     BAD: LONG    0/ 1    0/ 1 YY YY
  LINK: LYS  A  533 CB   LYS  A  557 CB     18.993    19.169   YES      0.000    35.000     OK: FOUND    1/ 1    1/ 1 YY YY
  LINK: LYS  A  533 CB   LYS  A  644 CB     44.879    49.030   YES      0.000    35.000     BAD: LONG    0/ 1    0/ 1 YY YY
  LINK: LYS  A  533 CB   LYS  A  649 CB     37.433    37.767   YES      0.000    35.000     BAD: LONG    0/ 1    0/ 1 YY YY
  LINK: LYS  A  533 CB   LYS  A  678 CB     30.897    33.291   YES      0.000    35.000     OK: FOUND    1/ 1    1/ 1 YY YY
  LINK: LYS  A  552 CB   LYS  A  644 CB     21.740    24.804   YES      0.000    35.000     OK: FOUND    1/ 1    1/ 1 YY YY
  LINK: LYS  A  552 CB   LYS  A  649 CB     19.091    19.091   YES      0.000    35.000     OK: FOUND    1/ 1    1/ 1 YY YY
  LINK: LYS  A  552 CB   LYS  A  678 CB     24.838    26.625   YES      0.000    35.000     OK: FOUND    1/ 1    1/ 1 YY YY
  LINK: LYS  A  557 CB   LYS  A  644 CB     26.716    30.036   YES      0.000    35.000     OK: FOUND    1/ 1    1/ 1 YY YY
  LINK: LYS  A  557 CB   LYS  A  649 CB     19.895    20.393   YES      0.000    35.000     OK: FOUND    1/ 1    1/ 1 YY YY
  LINK: LYS  A  557 CB   LYS  A  676 CB     14.288    14.455   YES      0.000    35.000     OK: FOUND    1/ 1    1/ 1 YY YY
  LINK: LYS  A  557 CB   LYS  A  678 CB     16.925    17.839   YES      0.000    35.000     OK: FOUND    1/ 1    1/ 1 YY YY
  LINK: LYS  A  558 CB   LYS  A  573 CB     14.446    16.559   YES      0.000    35.000     OK: FOUND    1/ 1    1/ 1 YY YY
  LINK: LYS  A  573 CB   LYS  A  649 CB     10.764    10.787   YES      0.000    35.000     OK: FOUND    1/ 1    1/ 1 YY YY
  LINK: LYS  A  629 CB   LYS  A  644 CB     22.521    23.490   YES      0.000    35.000     OK: FOUND    1/ 1    1/ 1 YY YY
  LINK: LYS  A  633 CB   LYS  A  644 CB     16.461    16.998   YES      0.000    35.000     OK: FOUND    1/ 1    1/ 1 YY YY
  LINK: LYS  A  641 CB   LYS  A  649 CB     14.975    18.321   YES      0.000    35.000     OK: FOUND    1/ 1    1/ 1 YY YY
  -------------------------------------------------------------------------------------------------------------------------
  
  RESULTS:
  
  For each experiment:
  
  -------------------------------------------------------------------------------------------------------------------------
  
  Experiment: DSS
  
  Number of type-reactive pairs of atoms:     1275
  
  Number of observed-reactive pairs of atoms:      406
  Number of observed-reactive pairs of atoms within linker reach:       30
  Number of observed-reactive pairs of atoms outside linker reach:      376
  Missing links, according to the structure and observed-reactivity:        0
  
  Number of observed links:       37
  Number of observed links consistent with the structure:       30
  Number of observed links NOT consistent with the structure:        7
  
  Sum of scores of observed links:    0.0000000
  
  Sensitivity of the cross-linking reaction:    1.0000000
  False-assignment probability:    0.0054902
  
  Likelihood of the experimental result:    1.0000000
  Log-likelihood of the experimental result:    0.0000000
  
  Likelihood using user-defined pbad and pgood:    0.9999998
  Log-likelihood using user-defined pbad and pgood:   -0.0000002
  Using: pgood =    0.700; pbad =    0.050
  
  -------------------------------------------------------------------------------------------------------------------------
  
  FINAL RESULTS:
  
  RESULT0:    30 : Number of observations that are consistent with the structure.
  
  RESULT1:    30 : Number of topological distances consistent with all observations.
  RESULT2:     7 : Number of topological distances NOT consistent with observations.
  RESULT3:     0 : Number of links with missing observations.
  
  RESULT4:      0.00000 : Sum of scores of observed links of all experiments.
  
  RESULT5:      1.00000 : Likelihood of the set of experimental results.
  RESULT6:      0.00000 : Log-likelihood of the set of experimental results.
  
  Using: pgood =    0.700; pbad =    0.050
  RESULT7:      1.00000 : Likelihood of the set of experimental results.
  RESULT8:     -0.00000 : Log-likelihood of the set of experimental results.
  
  #########################################################################################################################
