IN:
#
# TOPOLINK input file example
#
# L. Martinez - Institute of Chemistry, University of Campinas
# http://leandro.iqm.unicamp.br
#
# Structure file (can be provided in the command line, overwriting this definition); PDB or mmCIF formats
structure data/temp/dist_reeval/tmp.pdb#endread ENDMDL  # Use this to stop reading atoms if this keyword is found (comment otherwise)
readatoms backplusCB # Which atoms to consider (all/heavy(no-H)/backbone/backplusCB)
# Output directory for links (comment if you do not want the PDB files, that may be a lot)
printlinks no
#linkdir ./links
# What cross-links to compute (all/reactive/observed)
compute observed
#compute reactive
#compute all
# If only inter-domain (inter-chain) links are of interested, uncomment the following line
#interchain
# Only consider observed links with score greater than scorecut
scorecut 0.d0
# Cross-links observed:
experiment DSS
  # Possible types of cross-links and maximum distances
  #        ResType  Chain  ResNum   AtomType    ResType  Chain  ResNum   AtomType  MaxDist
  linktype   MET     all      1       N           LYS     all     all       CB        35
  linktype   LYS     all     all      CB          LYS     all     all       CB        35

  observed LYS A 27 LYS A 57
  observed LYS A 993 LYS A 181
  observed LYS A 993 LYS A 351
  observed LYS A 1028 LYS A 1028
  observed LYS A 1028 LYS A 351
  observed LYS A 1028 LYS A 410
  observed LYS A 1036 LYS A 360
  observed LYS A 181 LYS A 351
  observed LYS A 354 LYS A 181
  observed LYS A 281 LYS A 247
  observed LYS A 408 LYS A 247
  observed LYS A 281 LYS A 251
  observed LYS A 360 LYS A 12
  observed LYS A 387 LYS A 6

end experiment DSS
# Optional parameters
search_limit relative 2  # Search for topological distances of up to search_range*dmaxlink
printallfound yes    # Prints, or not, the structure of the links that were found but violate the distances
printPDBnotfound yes # Prints, or not, PDB files for the links which were not found at all (prints a straight line)
pgood 0.70 # Probability of observing a link which is within link reach
pbad  0.05 # Probability of observing a link which is NOT within linker reach
vdwrad 3.         # Radius to be used for excluded atom volume computation
print 0           # Extensive or concise printing
printnotfound yes # Print data for pairs for links which were not found
quitgood no       # Quit whenever a valid link is found (stop searching for shortest one)
dbond 1.5         # Bond distance of link atoms
kbond 10.         # Energy constant for link bonds
kpath 10.         # Energy constant for the complete path distension, used for computing probability
kvdw  2.          # Force constant of overlap function
# Technical parameters for the optimization method
ntrial 400  # Maximum number of trials for best link search
nbest 5     # Number of times the same best link is found until satisfied
maxfunc 50  # Maximum number of function evaluations of CG-Newton
maxcg 40    # Maximum number of CG iterations
seed random # Seed for random number generator (random or integer number)
iguess 2
exit # You can add anything after this


OUT:

  ######################################################## TOPOLINK #######################################################
                 Institute of Chemistry - University of Campinas. http://m3g.iqm.unicamp.br/topolink

                                                                                                         Version 19.156 

  Structure file: data/temp/dist_reeval/tmp.pdb
  TopoLink input file: data/temp/dist_reeval/topo.tmp
  Will stop structure reading when ################## is found.
  Only backbone plus CB atoms will be considered.
  
  Links will not be written as PDB files.
  
  Printing option:        0
  Leave when first valid link is found:  F
  Link bond distance:    1.5000000
  Link bond force-constant:   10.0000000
  VdW radius for volume exclusion:    3.0000000
  Path energy constant:   10.0000000
  Cutoff for observed scores:    0.0000000
  Number of trials for link search:      400
  Number of repeated best links to find until quit:        5
  Maximum number of function evaluations of CGNewton:       50
  Maximum number of CG iterations in CGNewton:       40
  Seed for random number generator:     8900
  
  Number of experiments:        1
  
  Number of atoms read from structure file:     5076
  Number of chains found in structure file:            1
  
  WARNING: First atom of link type does not correspond to any atom of the structure.
  Experiment: DSS
  Link type:   MET   all   N     LYS   all   CB      35.000
  
  -------------------------------------------------------------------------------------------------------------------------
  Experiment: DSS
  Observed links:
  1  LYS   A        27  LYS   A        57
  2  LYS   A       993  LYS   A       181
  3  LYS   A       993  LYS   A       351
  4  LYS   A      1028  LYS   A      1028
  5  LYS   A      1028  LYS   A       351
  6  LYS   A      1028  LYS   A       410
  7  LYS   A      1036  LYS   A       360
  8  LYS   A       181  LYS   A       351
  9  LYS   A       354  LYS   A       181
  10  LYS   A       281  LYS   A       247
  11  LYS   A       408  LYS   A       247
  12  LYS   A       281  LYS   A       251
  13  LYS   A       360  LYS   A        12
  14  LYS   A       387  LYS   A         6
  
  -------------------------------------------------------------------------------------------------------------------------
  -------------------------------------------------------------------------------------------------------------------------
  
  Number of atoms that might be involved in reactions, according link types:       55
  
  All reactive atoms, according to observations:
  1   LYS   A         6  CB
  2   LYS   A        12  CB
  3   LYS   A        27  CB
  4   LYS   A        57  CB
  5   LYS   A       181  CB
  6   LYS   A       247  CB
  7   LYS   A       251  CB
  8   LYS   A       281  CB
  9   LYS   A       351  CB
  10   LYS   A       354  CB
  11   LYS   A       360  CB
  12   LYS   A       387  CB
  13   LYS   A       408  CB
  14   LYS   A       410  CB
  15   LYS   A       993  CB
  16   LYS   A      1028  CB
  17   LYS   A      1036  CB
  
  Number of reactive pairs according to sequence:
  Experiment DSS:  1485
  Total number of unique reactive pairs, according to link types:         1485
  
  Number of reactive pairs according to observations:
  Experiment DSS:   136
  Total number of unique reactive pairs, according to observations:          136
  
  List of reactive atom pairs, according to observations:
  1  LYS   A         6  CB    LYS   A        12  CB   in experiments:DSS
  2  LYS   A         6  CB    LYS   A        27  CB   in experiments:DSS
  3  LYS   A         6  CB    LYS   A        57  CB   in experiments:DSS
  4  LYS   A         6  CB    LYS   A       181  CB   in experiments:DSS
  5  LYS   A         6  CB    LYS   A       247  CB   in experiments:DSS
  6  LYS   A         6  CB    LYS   A       251  CB   in experiments:DSS
  7  LYS   A         6  CB    LYS   A       281  CB   in experiments:DSS
  8  LYS   A         6  CB    LYS   A       351  CB   in experiments:DSS
  9  LYS   A         6  CB    LYS   A       354  CB   in experiments:DSS
  10  LYS   A         6  CB    LYS   A       360  CB   in experiments:DSS
  11  LYS   A         6  CB    LYS   A       387  CB   in experiments:DSS
  12  LYS   A         6  CB    LYS   A       408  CB   in experiments:DSS
  13  LYS   A         6  CB    LYS   A       410  CB   in experiments:DSS
  14  LYS   A         6  CB    LYS   A       993  CB   in experiments:DSS
  15  LYS   A         6  CB    LYS   A      1028  CB   in experiments:DSS
  16  LYS   A         6  CB    LYS   A      1036  CB   in experiments:DSS
  17  LYS   A        12  CB    LYS   A        27  CB   in experiments:DSS
  18  LYS   A        12  CB    LYS   A        57  CB   in experiments:DSS
  19  LYS   A        12  CB    LYS   A       181  CB   in experiments:DSS
  20  LYS   A        12  CB    LYS   A       247  CB   in experiments:DSS
  21  LYS   A        12  CB    LYS   A       251  CB   in experiments:DSS
  22  LYS   A        12  CB    LYS   A       281  CB   in experiments:DSS
  23  LYS   A        12  CB    LYS   A       351  CB   in experiments:DSS
  24  LYS   A        12  CB    LYS   A       354  CB   in experiments:DSS
  25  LYS   A        12  CB    LYS   A       360  CB   in experiments:DSS
  26  LYS   A        12  CB    LYS   A       387  CB   in experiments:DSS
  27  LYS   A        12  CB    LYS   A       408  CB   in experiments:DSS
  28  LYS   A        12  CB    LYS   A       410  CB   in experiments:DSS
  29  LYS   A        12  CB    LYS   A       993  CB   in experiments:DSS
  30  LYS   A        12  CB    LYS   A      1028  CB   in experiments:DSS
  31  LYS   A        12  CB    LYS   A      1036  CB   in experiments:DSS
  32  LYS   A        27  CB    LYS   A        57  CB   in experiments:DSS
  33  LYS   A        27  CB    LYS   A       181  CB   in experiments:DSS
  34  LYS   A        27  CB    LYS   A       247  CB   in experiments:DSS
  35  LYS   A        27  CB    LYS   A       251  CB   in experiments:DSS
  36  LYS   A        27  CB    LYS   A       281  CB   in experiments:DSS
  37  LYS   A        27  CB    LYS   A       351  CB   in experiments:DSS
  38  LYS   A        27  CB    LYS   A       354  CB   in experiments:DSS
  39  LYS   A        27  CB    LYS   A       360  CB   in experiments:DSS
  40  LYS   A        27  CB    LYS   A       387  CB   in experiments:DSS
  41  LYS   A        27  CB    LYS   A       408  CB   in experiments:DSS
  42  LYS   A        27  CB    LYS   A       410  CB   in experiments:DSS
  43  LYS   A        27  CB    LYS   A       993  CB   in experiments:DSS
  44  LYS   A        27  CB    LYS   A      1028  CB   in experiments:DSS
  45  LYS   A        27  CB    LYS   A      1036  CB   in experiments:DSS
  46  LYS   A        57  CB    LYS   A       181  CB   in experiments:DSS
  47  LYS   A        57  CB    LYS   A       247  CB   in experiments:DSS
  48  LYS   A        57  CB    LYS   A       251  CB   in experiments:DSS
  49  LYS   A        57  CB    LYS   A       281  CB   in experiments:DSS
  50  LYS   A        57  CB    LYS   A       351  CB   in experiments:DSS
  51  LYS   A        57  CB    LYS   A       354  CB   in experiments:DSS
  52  LYS   A        57  CB    LYS   A       360  CB   in experiments:DSS
  53  LYS   A        57  CB    LYS   A       387  CB   in experiments:DSS
  54  LYS   A        57  CB    LYS   A       408  CB   in experiments:DSS
  55  LYS   A        57  CB    LYS   A       410  CB   in experiments:DSS
  56  LYS   A        57  CB    LYS   A       993  CB   in experiments:DSS
  57  LYS   A        57  CB    LYS   A      1028  CB   in experiments:DSS
  58  LYS   A        57  CB    LYS   A      1036  CB   in experiments:DSS
  59  LYS   A       181  CB    LYS   A       247  CB   in experiments:DSS
  60  LYS   A       181  CB    LYS   A       251  CB   in experiments:DSS
  61  LYS   A       181  CB    LYS   A       281  CB   in experiments:DSS
  62  LYS   A       181  CB    LYS   A       351  CB   in experiments:DSS
  63  LYS   A       181  CB    LYS   A       354  CB   in experiments:DSS
  64  LYS   A       181  CB    LYS   A       360  CB   in experiments:DSS
  65  LYS   A       181  CB    LYS   A       387  CB   in experiments:DSS
  66  LYS   A       181  CB    LYS   A       408  CB   in experiments:DSS
  67  LYS   A       181  CB    LYS   A       410  CB   in experiments:DSS
  68  LYS   A       181  CB    LYS   A       993  CB   in experiments:DSS
  69  LYS   A       181  CB    LYS   A      1028  CB   in experiments:DSS
  70  LYS   A       181  CB    LYS   A      1036  CB   in experiments:DSS
  71  LYS   A       247  CB    LYS   A       251  CB   in experiments:DSS
  72  LYS   A       247  CB    LYS   A       281  CB   in experiments:DSS
  73  LYS   A       247  CB    LYS   A       351  CB   in experiments:DSS
  74  LYS   A       247  CB    LYS   A       354  CB   in experiments:DSS
  75  LYS   A       247  CB    LYS   A       360  CB   in experiments:DSS
  76  LYS   A       247  CB    LYS   A       387  CB   in experiments:DSS
  77  LYS   A       247  CB    LYS   A       408  CB   in experiments:DSS
  78  LYS   A       247  CB    LYS   A       410  CB   in experiments:DSS
  79  LYS   A       247  CB    LYS   A       993  CB   in experiments:DSS
  80  LYS   A       247  CB    LYS   A      1028  CB   in experiments:DSS
  81  LYS   A       247  CB    LYS   A      1036  CB   in experiments:DSS
  82  LYS   A       251  CB    LYS   A       281  CB   in experiments:DSS
  83  LYS   A       251  CB    LYS   A       351  CB   in experiments:DSS
  84  LYS   A       251  CB    LYS   A       354  CB   in experiments:DSS
  85  LYS   A       251  CB    LYS   A       360  CB   in experiments:DSS
  86  LYS   A       251  CB    LYS   A       387  CB   in experiments:DSS
  87  LYS   A       251  CB    LYS   A       408  CB   in experiments:DSS
  88  LYS   A       251  CB    LYS   A       410  CB   in experiments:DSS
  89  LYS   A       251  CB    LYS   A       993  CB   in experiments:DSS
  90  LYS   A       251  CB    LYS   A      1028  CB   in experiments:DSS
  91  LYS   A       251  CB    LYS   A      1036  CB   in experiments:DSS
  92  LYS   A       281  CB    LYS   A       351  CB   in experiments:DSS
  93  LYS   A       281  CB    LYS   A       354  CB   in experiments:DSS
  94  LYS   A       281  CB    LYS   A       360  CB   in experiments:DSS
  95  LYS   A       281  CB    LYS   A       387  CB   in experiments:DSS
  96  LYS   A       281  CB    LYS   A       408  CB   in experiments:DSS
  97  LYS   A       281  CB    LYS   A       410  CB   in experiments:DSS
  98  LYS   A       281  CB    LYS   A       993  CB   in experiments:DSS
  99  LYS   A       281  CB    LYS   A      1028  CB   in experiments:DSS
  100  LYS   A       281  CB    LYS   A      1036  CB   in experiments:DSS
  101  LYS   A       351  CB    LYS   A       354  CB   in experiments:DSS
  102  LYS   A       351  CB    LYS   A       360  CB   in experiments:DSS
  103  LYS   A       351  CB    LYS   A       387  CB   in experiments:DSS
  104  LYS   A       351  CB    LYS   A       408  CB   in experiments:DSS
  105  LYS   A       351  CB    LYS   A       410  CB   in experiments:DSS
  106  LYS   A       351  CB    LYS   A       993  CB   in experiments:DSS
  107  LYS   A       351  CB    LYS   A      1028  CB   in experiments:DSS
  108  LYS   A       351  CB    LYS   A      1036  CB   in experiments:DSS
  109  LYS   A       354  CB    LYS   A       360  CB   in experiments:DSS
  110  LYS   A       354  CB    LYS   A       387  CB   in experiments:DSS
  111  LYS   A       354  CB    LYS   A       408  CB   in experiments:DSS
  112  LYS   A       354  CB    LYS   A       410  CB   in experiments:DSS
  113  LYS   A       354  CB    LYS   A       993  CB   in experiments:DSS
  114  LYS   A       354  CB    LYS   A      1028  CB   in experiments:DSS
  115  LYS   A       354  CB    LYS   A      1036  CB   in experiments:DSS
  116  LYS   A       360  CB    LYS   A       387  CB   in experiments:DSS
  117  LYS   A       360  CB    LYS   A       408  CB   in experiments:DSS
  118  LYS   A       360  CB    LYS   A       410  CB   in experiments:DSS
  119  LYS   A       360  CB    LYS   A       993  CB   in experiments:DSS
  120  LYS   A       360  CB    LYS   A      1028  CB   in experiments:DSS
  121  LYS   A       360  CB    LYS   A      1036  CB   in experiments:DSS
  122  LYS   A       387  CB    LYS   A       408  CB   in experiments:DSS
  123  LYS   A       387  CB    LYS   A       410  CB   in experiments:DSS
  124  LYS   A       387  CB    LYS   A       993  CB   in experiments:DSS
  125  LYS   A       387  CB    LYS   A      1028  CB   in experiments:DSS
  126  LYS   A       387  CB    LYS   A      1036  CB   in experiments:DSS
  127  LYS   A       408  CB    LYS   A       410  CB   in experiments:DSS
  128  LYS   A       408  CB    LYS   A       993  CB   in experiments:DSS
  129  LYS   A       408  CB    LYS   A      1028  CB   in experiments:DSS
  130  LYS   A       408  CB    LYS   A      1036  CB   in experiments:DSS
  131  LYS   A       410  CB    LYS   A       993  CB   in experiments:DSS
  132  LYS   A       410  CB    LYS   A      1028  CB   in experiments:DSS
  133  LYS   A       410  CB    LYS   A      1036  CB   in experiments:DSS
  134  LYS   A       993  CB    LYS   A      1028  CB   in experiments:DSS
  135  LYS   A       993  CB    LYS   A      1036  CB   in experiments:DSS
  136  LYS   A      1028  CB    LYS   A      1036  CB   in experiments:DSS
  
  Number of atoms accessible to solvent:         4920
  Number of residues accessible to solvent:         1038
  
  -------------------------------------------------------------------------------------------------------------------------
  >     RESIDUE1   ATOM1 RESIDUE2   ATOM2 EUCLDIST  TOPODIST OBSERVED    DMIN      DMAX        RESULT  OBSRES REACRES RA AA
  -------------------------------------------------------------------------------------------------------------------------
  LINK: LYS  A    6 CB   LYS  A  387 CB     21.011    22.040   YES      0.000    35.000     OK: FOUND    1/ 1    1/ 1 YY YY
  LINK: LYS  A   12 CB   LYS  A  360 CB     11.997    12.281   YES      0.000    35.000     OK: FOUND    1/ 1    1/ 1 YY YY
  LINK: LYS  A   27 CB   LYS  A   57 CB      9.480    10.449   YES      0.000    35.000     OK: FOUND    1/ 1    1/ 1 YY YY
  LINK: LYS  A  181 CB   LYS  A  351 CB     48.854    50.097   YES      0.000    35.000     BAD: LONG    0/ 1    0/ 1 YY YY
  LINK: LYS  A  181 CB   LYS  A  354 CB     54.008    55.041   YES      0.000    35.000     BAD: LONG    0/ 1    0/ 1 YY YY
  LINK: LYS  A  181 CB   LYS  A  993 CB     34.994    35.122   YES      0.000    35.000     BAD: LONG    0/ 1    0/ 1 YY YY
  LINK: LYS  A  247 CB   LYS  A  281 CB     13.879    14.982   YES      0.000    35.000     OK: FOUND    1/ 1    1/ 1 YY YY
  LINK: LYS  A  247 CB   LYS  A  408 CB     20.562    21.581   YES      0.000    35.000     OK: FOUND    1/ 1    1/ 1 YY YY
  LINK: LYS  A  251 CB   LYS  A  281 CB     15.942    15.998   YES      0.000    35.000     OK: FOUND    1/ 1    1/ 1 YY YY
  LINK: LYS  A  351 CB   LYS  A  993 CB     21.400    21.496   YES      0.000    35.000     OK: FOUND    1/ 1    1/ 1 YY YY
  LINK: LYS  A  351 CB   LYS  A 1028 CB     32.250    32.646   YES      0.000    35.000     OK: FOUND    1/ 1    1/ 1 YY YY
  LINK: LYS  A  360 CB   LYS  A 1036 CB     31.228    31.378   YES      0.000    35.000     OK: FOUND    1/ 1    1/ 1 YY YY
  LINK: LYS  A  410 CB   LYS  A 1028 CB     43.214    48.892   YES      0.000    35.000     BAD: LONG    0/ 1    0/ 1 YY YY
  -------------------------------------------------------------------------------------------------------------------------
  
  RESULTS:
  
  For each experiment:
  
  -------------------------------------------------------------------------------------------------------------------------
  
  Experiment: DSS
  
  Number of type-reactive pairs of atoms:     1485
  
  Number of observed-reactive pairs of atoms:      136
  Number of observed-reactive pairs of atoms within linker reach:        9
  Number of observed-reactive pairs of atoms outside linker reach:      127
  Missing links, according to the structure and observed-reactivity:        0
  
  Number of observed links:       14
  Number of observed links consistent with the structure:        9
  Number of observed links NOT consistent with the structure:        4
  
  Sum of scores of observed links:    0.0000000
  
  Sensitivity of the cross-linking reaction:    1.0000000
  False-assignment probability:    0.0026936
  
  Likelihood of the experimental result:    1.0000000
  Log-likelihood of the experimental result:   -0.0000000
  
  Likelihood using user-defined pbad and pgood:    0.9974754
  Log-likelihood using user-defined pbad and pgood:   -0.0025278
  Using: pgood =    0.700; pbad =    0.050
  
  -------------------------------------------------------------------------------------------------------------------------
  
  FINAL RESULTS:
  
  RESULT0:     9 : Number of observations that are consistent with the structure.
  
  RESULT1:     9 : Number of topological distances consistent with all observations.
  RESULT2:     4 : Number of topological distances NOT consistent with observations.
  RESULT3:     0 : Number of links with missing observations.
  
  RESULT4:      0.00000 : Sum of scores of observed links of all experiments.
  
  RESULT5:      1.00000 : Likelihood of the set of experimental results.
  RESULT6:     -0.00000 : Log-likelihood of the set of experimental results.
  
  Using: pgood =    0.700; pbad =    0.050
  RESULT7:      0.99748 : Likelihood of the set of experimental results.
  RESULT8:     -0.00253 : Log-likelihood of the set of experimental results.
  
  -------------------------------------------------------------------------------------------------------------------------
  ATTENTION: There are WARNINGS of input file parsing. Please check the output carefully.
  -------------------------------------------------------------------------------------------------------------------------
  
  
  #########################################################################################################################
