IN:
#
# TOPOLINK input file example
#
# L. Martinez - Institute of Chemistry, University of Campinas
# http://leandro.iqm.unicamp.br
#
# Structure file (can be provided in the command line, overwriting this definition); PDB or mmCIF formats
structure data/temp/dist_reeval/tmp.pdb#endread ENDMDL  # Use this to stop reading atoms if this keyword is found (comment otherwise)
readatoms backplusCB # Which atoms to consider (all/heavy(no-H)/backbone/backplusCB)
# Output directory for links (comment if you do not want the PDB files, that may be a lot)
printlinks no
#linkdir ./links
# What cross-links to compute (all/reactive/observed)
compute observed
#compute reactive
#compute all
# If only inter-domain (inter-chain) links are of interested, uncomment the following line
#interchain
# Only consider observed links with score greater than scorecut
scorecut 0.d0
# Cross-links observed:
experiment DSS
  # Possible types of cross-links and maximum distances
  #        ResType  Chain  ResNum   AtomType    ResType  Chain  ResNum   AtomType  MaxDist
  linktype   MET     all      1       N           LYS     all     all       CB        35
  linktype   LYS     all     all      CB          LYS     all     all       CB        35

  observed LYS A 316 LYS A 76
  observed LYS A 150 LYS A 94
  observed LYS A 97 LYS A 150
  observed LYS A 316 LYS A 230
  observed LYS A 94 LYS A 94
  observed LYS A 97 LYS A 94
  observed LYS A 76 LYS A 230
  observed LYS A 150 LYS A 150
  observed LYS A 316 LYS A 111
  observed LYS A 320 LYS A 230

end experiment DSS
# Optional parameters
search_limit relative 2  # Search for topological distances of up to search_range*dmaxlink
printallfound yes    # Prints, or not, the structure of the links that were found but violate the distances
printPDBnotfound yes # Prints, or not, PDB files for the links which were not found at all (prints a straight line)
pgood 0.70 # Probability of observing a link which is within link reach
pbad  0.05 # Probability of observing a link which is NOT within linker reach
vdwrad 3.         # Radius to be used for excluded atom volume computation
print 0           # Extensive or concise printing
printnotfound yes # Print data for pairs for links which were not found
quitgood no       # Quit whenever a valid link is found (stop searching for shortest one)
dbond 1.5         # Bond distance of link atoms
kbond 10.         # Energy constant for link bonds
kpath 10.         # Energy constant for the complete path distension, used for computing probability
kvdw  2.          # Force constant of overlap function
# Technical parameters for the optimization method
ntrial 400  # Maximum number of trials for best link search
nbest 5     # Number of times the same best link is found until satisfied
maxfunc 50  # Maximum number of function evaluations of CG-Newton
maxcg 40    # Maximum number of CG iterations
seed random # Seed for random number generator (random or integer number)
iguess 2
exit # You can add anything after this


OUT:

  ######################################################## TOPOLINK #######################################################
                 Institute of Chemistry - University of Campinas. http://m3g.iqm.unicamp.br/topolink

                                                                                                         Version 19.156 

  Structure file: data/temp/dist_reeval/tmp.pdb
  TopoLink input file: data/temp/dist_reeval/topo.tmp
  Will stop structure reading when ################## is found.
  Only backbone plus CB atoms will be considered.
  
  Links will not be written as PDB files.
  
  Printing option:        0
  Leave when first valid link is found:  F
  Link bond distance:    1.5000000
  Link bond force-constant:   10.0000000
  VdW radius for volume exclusion:    3.0000000
  Path energy constant:   10.0000000
  Cutoff for observed scores:    0.0000000
  Number of trials for link search:      400
  Number of repeated best links to find until quit:        5
  Maximum number of function evaluations of CGNewton:       50
  Maximum number of CG iterations in CGNewton:       40
  Seed for random number generator:     9490
  
  Number of experiments:        1
  WARNING: Multiple conformations of residue GLU A       55 found. Using only A.
  WARNING: Multiple conformations of residue GLU A       55 found. Using only A.
  WARNING: Multiple conformations of residue GLU A       55 found. Using only A.
  WARNING: Multiple conformations of residue GLU A       55 found. Using only A.
  WARNING: Multiple conformations of residue SER A       56 found. Using only A.
  WARNING: Multiple conformations of residue SER A       61 found. Using only A.
  WARNING: Multiple conformations of residue ARG A       77 found. Using only A.
  WARNING: Multiple conformations of residue ARG A       77 found. Using only A.
  WARNING: Multiple conformations of residue ARG A       77 found. Using only A.
  WARNING: Multiple conformations of residue ARG A       77 found. Using only A.
  WARNING: Multiple conformations of residue ARG A       77 found. Using only A.
  WARNING: Multiple conformations of residue ARG A       77 found. Using only A.
  WARNING: Multiple conformations of residue LYS A       94 found. Using only A.
  WARNING: Multiple conformations of residue LYS A       94 found. Using only A.
  WARNING: Multiple conformations of residue LYS A       94 found. Using only A.
  WARNING: Multiple conformations of residue LYS A       94 found. Using only A.
  WARNING: Multiple conformations of residue SER A      124 found. Using only A.
  WARNING: Multiple conformations of residue CYS A      158 found. Using only A.
  WARNING: Multiple conformations of residue ASP A      250 found. Using only A.
  WARNING: Multiple conformations of residue ASP A      250 found. Using only A.
  WARNING: Multiple conformations of residue ASP A      250 found. Using only A.
  WARNING: Multiple conformations of residue MET A      293 found. Using only A.
  WARNING: Multiple conformations of residue MET A      293 found. Using only A.
  WARNING: Multiple conformations of residue MET A      293 found. Using only A.
  WARNING: Multiple conformations of residue SER A      299 found. Using only A.
  WARNING: Multiple conformations of residue MET A      300 found. Using only A.
  WARNING: Multiple conformations of residue MET A      300 found. Using only A.
  WARNING: Multiple conformations of residue MET A      300 found. Using only A.
  WARNING: Multiple conformations of residue LYS A      316 found. Using only A.
  WARNING: Multiple conformations of residue LYS A      316 found. Using only A.
  WARNING: Multiple conformations of residue LYS A      316 found. Using only A.
  WARNING: Multiple conformations of residue LYS A      316 found. Using only A.
  
  Number of atoms read from structure file:     1361
  Number of chains found in structure file:            1
  
  WARNING: First atom of link type does not correspond to any atom of the structure.
  Experiment: DSS
  Link type:   MET   all   N     LYS   all   CB      35.000
  
  -------------------------------------------------------------------------------------------------------------------------
  Experiment: DSS
  Observed links:
  1  LYS   A       316  LYS   A        76
  2  LYS   A       150  LYS   A        94
  3  LYS   A        97  LYS   A       150
  4  LYS   A       316  LYS   A       230
  5  LYS   A        94  LYS   A        94
  6  LYS   A        97  LYS   A        94
  7  LYS   A        76  LYS   A       230
  8  LYS   A       150  LYS   A       150
  9  LYS   A       316  LYS   A       111
  10  LYS   A       320  LYS   A       230
  
  -------------------------------------------------------------------------------------------------------------------------
  -------------------------------------------------------------------------------------------------------------------------
  
  Number of atoms that might be involved in reactions, according link types:       19
  
  All reactive atoms, according to observations:
  1   LYS   A        76  CB
  2   LYS   A        94  CB
  3   LYS   A        97  CB
  4   LYS   A       111  CB
  5   LYS   A       150  CB
  6   LYS   A       230  CB
  7   LYS   A       316  CB
  8   LYS   A       320  CB
  
  Number of reactive pairs according to sequence:
  Experiment DSS:   171
  Total number of unique reactive pairs, according to link types:          171
  
  Number of reactive pairs according to observations:
  Experiment DSS:    28
  Total number of unique reactive pairs, according to observations:           28
  
  List of reactive atom pairs, according to observations:
  1  LYS   A        76  CB    LYS   A        94  CB   in experiments:DSS
  2  LYS   A        76  CB    LYS   A        97  CB   in experiments:DSS
  3  LYS   A        76  CB    LYS   A       111  CB   in experiments:DSS
  4  LYS   A        76  CB    LYS   A       150  CB   in experiments:DSS
  5  LYS   A        76  CB    LYS   A       230  CB   in experiments:DSS
  6  LYS   A        76  CB    LYS   A       316  CB   in experiments:DSS
  7  LYS   A        76  CB    LYS   A       320  CB   in experiments:DSS
  8  LYS   A        94  CB    LYS   A        97  CB   in experiments:DSS
  9  LYS   A        94  CB    LYS   A       111  CB   in experiments:DSS
  10  LYS   A        94  CB    LYS   A       150  CB   in experiments:DSS
  11  LYS   A        94  CB    LYS   A       230  CB   in experiments:DSS
  12  LYS   A        94  CB    LYS   A       316  CB   in experiments:DSS
  13  LYS   A        94  CB    LYS   A       320  CB   in experiments:DSS
  14  LYS   A        97  CB    LYS   A       111  CB   in experiments:DSS
  15  LYS   A        97  CB    LYS   A       150  CB   in experiments:DSS
  16  LYS   A        97  CB    LYS   A       230  CB   in experiments:DSS
  17  LYS   A        97  CB    LYS   A       316  CB   in experiments:DSS
  18  LYS   A        97  CB    LYS   A       320  CB   in experiments:DSS
  19  LYS   A       111  CB    LYS   A       150  CB   in experiments:DSS
  20  LYS   A       111  CB    LYS   A       230  CB   in experiments:DSS
  21  LYS   A       111  CB    LYS   A       316  CB   in experiments:DSS
  22  LYS   A       111  CB    LYS   A       320  CB   in experiments:DSS
  23  LYS   A       150  CB    LYS   A       230  CB   in experiments:DSS
  24  LYS   A       150  CB    LYS   A       316  CB   in experiments:DSS
  25  LYS   A       150  CB    LYS   A       320  CB   in experiments:DSS
  26  LYS   A       230  CB    LYS   A       316  CB   in experiments:DSS
  27  LYS   A       230  CB    LYS   A       320  CB   in experiments:DSS
  28  LYS   A       316  CB    LYS   A       320  CB   in experiments:DSS
  
  Number of atoms accessible to solvent:         1320
  Number of residues accessible to solvent:          275
  
  -------------------------------------------------------------------------------------------------------------------------
  >     RESIDUE1   ATOM1 RESIDUE2   ATOM2 EUCLDIST  TOPODIST OBSERVED    DMIN      DMAX        RESULT  OBSRES REACRES RA AA
  -------------------------------------------------------------------------------------------------------------------------
  LINK: LYS  A   76 CB   LYS  A  230 CB     20.304    21.289   YES      0.000    35.000     OK: FOUND    1/ 1    1/ 1 YY YY
  LINK: LYS  A   76 CB   LYS  A  316 CB     51.409    55.105   YES      0.000    35.000     BAD: LONG    0/ 1    0/ 1 YY YY
  LINK: LYS  A   94 CB   LYS  A   97 CB      6.263     7.085   YES      0.000    35.000     OK: FOUND    1/ 1    1/ 1 YY YY
  LINK: LYS  A   94 CB   LYS  A  150 CB     14.247    15.423   YES      0.000    35.000     OK: FOUND    1/ 1    1/ 1 YY YY
  LINK: LYS  A   97 CB   LYS  A  150 CB     16.050    16.194   YES      0.000    35.000     OK: FOUND    1/ 1    1/ 1 YY YY
  LINK: LYS  A  111 CB   LYS  A  316 CB     46.289    48.959   YES      0.000    35.000     BAD: LONG    0/ 1    0/ 1 YY YY
  LINK: LYS  A  230 CB   LYS  A  316 CB     48.215    53.994   YES      0.000    35.000     BAD: LONG    0/ 1    0/ 1 YY YY
  LINK: LYS  A  230 CB   LYS  A  320 CB     39.853    48.382   YES      0.000    35.000     BAD: LONG    0/ 1    0/ 1 YY YY
  -------------------------------------------------------------------------------------------------------------------------
  
  RESULTS:
  
  For each experiment:
  
  -------------------------------------------------------------------------------------------------------------------------
  
  Experiment: DSS
  
  Number of type-reactive pairs of atoms:      171
  
  Number of observed-reactive pairs of atoms:       28
  Number of observed-reactive pairs of atoms within linker reach:        4
  Number of observed-reactive pairs of atoms outside linker reach:       24
  Missing links, according to the structure and observed-reactivity:        0
  
  Number of observed links:       10
  Number of observed links consistent with the structure:        4
  Number of observed links NOT consistent with the structure:        4
  
  Sum of scores of observed links:    0.0000000
  
  Sensitivity of the cross-linking reaction:    1.0000000
  False-assignment probability:    0.0233918
  
  Likelihood of the experimental result:    0.9982842
  Log-likelihood of the experimental result:   -0.0017173
  
  Likelihood using user-defined pbad and pgood:    0.9905461
  Log-likelihood using user-defined pbad and pgood:   -0.0094989
  Using: pgood =    0.700; pbad =    0.050
  
  -------------------------------------------------------------------------------------------------------------------------
  
  FINAL RESULTS:
  
  RESULT0:     4 : Number of observations that are consistent with the structure.
  
  RESULT1:     4 : Number of topological distances consistent with all observations.
  RESULT2:     4 : Number of topological distances NOT consistent with observations.
  RESULT3:     0 : Number of links with missing observations.
  
  RESULT4:      0.00000 : Sum of scores of observed links of all experiments.
  
  RESULT5:      0.99828 : Likelihood of the set of experimental results.
  RESULT6:     -0.00172 : Log-likelihood of the set of experimental results.
  
  Using: pgood =    0.700; pbad =    0.050
  RESULT7:      0.99055 : Likelihood of the set of experimental results.
  RESULT8:     -0.00950 : Log-likelihood of the set of experimental results.
  
  -------------------------------------------------------------------------------------------------------------------------
  ATTENTION: There are WARNINGS of input file parsing. Please check the output carefully.
  -------------------------------------------------------------------------------------------------------------------------
  
  
  #########################################################################################################################
