IN:
#
# TOPOLINK input file example
#
# L. Martinez - Institute of Chemistry, University of Campinas
# http://leandro.iqm.unicamp.br
#
# Structure file (can be provided in the command line, overwriting this definition); PDB or mmCIF formats
structure data/temp/dist_reeval/tmp.pdb#endread ENDMDL  # Use this to stop reading atoms if this keyword is found (comment otherwise)
readatoms backplusCB # Which atoms to consider (all/heavy(no-H)/backbone/backplusCB)
# Output directory for links (comment if you do not want the PDB files, that may be a lot)
printlinks no
#linkdir ./links
# What cross-links to compute (all/reactive/observed)
compute observed
#compute reactive
#compute all
# If only inter-domain (inter-chain) links are of interested, uncomment the following line
#interchain
# Only consider observed links with score greater than scorecut
scorecut 0.d0
# Cross-links observed:
experiment DSS
  # Possible types of cross-links and maximum distances
  #        ResType  Chain  ResNum   AtomType    ResType  Chain  ResNum   AtomType  MaxDist
  linktype   MET     all      1       N           LYS     all     all       CB        35
  linktype   LYS     all     all      CB          LYS     all     all       CB        35

  observed LYS A 56 LYS A 48
  observed LYS A 48 LYS A 292
  observed LYS A 34 LYS A 48
  observed LYS A 48 LYS A 307
  observed LYS A 215 LYS A 215
  observed LYS A 54 LYS A 292
  observed LYS A 215 LYS A 248
  observed LYS A 284 LYS A 48
  observed LYS A 292 LYS A 307
  observed LYS A 215 LYS A 11
  observed LYS A 54 LYS A 48
  observed LYS A 284 LYS A 10

end experiment DSS
# Optional parameters
search_limit relative 2  # Search for topological distances of up to search_range*dmaxlink
printallfound yes    # Prints, or not, the structure of the links that were found but violate the distances
printPDBnotfound yes # Prints, or not, PDB files for the links which were not found at all (prints a straight line)
pgood 0.70 # Probability of observing a link which is within link reach
pbad  0.05 # Probability of observing a link which is NOT within linker reach
vdwrad 3.         # Radius to be used for excluded atom volume computation
print 0           # Extensive or concise printing
printnotfound yes # Print data for pairs for links which were not found
quitgood no       # Quit whenever a valid link is found (stop searching for shortest one)
dbond 1.5         # Bond distance of link atoms
kbond 10.         # Energy constant for link bonds
kpath 10.         # Energy constant for the complete path distension, used for computing probability
kvdw  2.          # Force constant of overlap function
# Technical parameters for the optimization method
ntrial 400  # Maximum number of trials for best link search
nbest 5     # Number of times the same best link is found until satisfied
maxfunc 50  # Maximum number of function evaluations of CG-Newton
maxcg 40    # Maximum number of CG iterations
seed random # Seed for random number generator (random or integer number)
iguess 2
exit # You can add anything after this


OUT:

  ######################################################## TOPOLINK #######################################################
                 Institute of Chemistry - University of Campinas. http://m3g.iqm.unicamp.br/topolink

                                                                                                         Version 19.156 

  Structure file: data/temp/dist_reeval/tmp.pdb
  TopoLink input file: data/temp/dist_reeval/topo.tmp
  Will stop structure reading when ################## is found.
  Only backbone plus CB atoms will be considered.
  
  Links will not be written as PDB files.
  
  Printing option:        0
  Leave when first valid link is found:  F
  Link bond distance:    1.5000000
  Link bond force-constant:   10.0000000
  VdW radius for volume exclusion:    3.0000000
  Path energy constant:   10.0000000
  Cutoff for observed scores:    0.0000000
  Number of trials for link search:      400
  Number of repeated best links to find until quit:        5
  Maximum number of function evaluations of CGNewton:       50
  Maximum number of CG iterations in CGNewton:       40
  Seed for random number generator:    12690
  
  Number of experiments:        1
  
  Number of atoms read from structure file:     1780
  Number of chains found in structure file:            1
  
  WARNING: First atom of link type does not correspond to any atom of the structure.
  Experiment: DSS
  Link type:   MET   all   N     LYS   all   CB      35.000
  
  -------------------------------------------------------------------------------------------------------------------------
  Experiment: DSS
  Observed links:
  1  LYS   A        56  LYS   A        48
  2  LYS   A        48  LYS   A       292
  3  LYS   A        34  LYS   A        48
  4  LYS   A        48  LYS   A       307
  5  LYS   A       215  LYS   A       215
  6  LYS   A        54  LYS   A       292
  7  LYS   A       215  LYS   A       248
  8  LYS   A       284  LYS   A        48
  9  LYS   A       292  LYS   A       307
  10  LYS   A       215  LYS   A        11
  11  LYS   A        54  LYS   A        48
  12  LYS   A       284  LYS   A        10
  
  -------------------------------------------------------------------------------------------------------------------------
  -------------------------------------------------------------------------------------------------------------------------
  
  Number of atoms that might be involved in reactions, according link types:       21
  
  All reactive atoms, according to observations:
  1   LYS   A        10  CB
  2   LYS   A        11  CB
  3   LYS   A        34  CB
  4   LYS   A        48  CB
  5   LYS   A        54  CB
  6   LYS   A        56  CB
  7   LYS   A       215  CB
  8   LYS   A       248  CB
  9   LYS   A       284  CB
  10   LYS   A       292  CB
  11   LYS   A       307  CB
  
  Number of reactive pairs according to sequence:
  Experiment DSS:   210
  Total number of unique reactive pairs, according to link types:          210
  
  Number of reactive pairs according to observations:
  Experiment DSS:    55
  Total number of unique reactive pairs, according to observations:           55
  
  List of reactive atom pairs, according to observations:
  1  LYS   A        10  CB    LYS   A        11  CB   in experiments:DSS
  2  LYS   A        10  CB    LYS   A        34  CB   in experiments:DSS
  3  LYS   A        10  CB    LYS   A        48  CB   in experiments:DSS
  4  LYS   A        10  CB    LYS   A        54  CB   in experiments:DSS
  5  LYS   A        10  CB    LYS   A        56  CB   in experiments:DSS
  6  LYS   A        10  CB    LYS   A       215  CB   in experiments:DSS
  7  LYS   A        10  CB    LYS   A       248  CB   in experiments:DSS
  8  LYS   A        10  CB    LYS   A       284  CB   in experiments:DSS
  9  LYS   A        10  CB    LYS   A       292  CB   in experiments:DSS
  10  LYS   A        10  CB    LYS   A       307  CB   in experiments:DSS
  11  LYS   A        11  CB    LYS   A        34  CB   in experiments:DSS
  12  LYS   A        11  CB    LYS   A        48  CB   in experiments:DSS
  13  LYS   A        11  CB    LYS   A        54  CB   in experiments:DSS
  14  LYS   A        11  CB    LYS   A        56  CB   in experiments:DSS
  15  LYS   A        11  CB    LYS   A       215  CB   in experiments:DSS
  16  LYS   A        11  CB    LYS   A       248  CB   in experiments:DSS
  17  LYS   A        11  CB    LYS   A       284  CB   in experiments:DSS
  18  LYS   A        11  CB    LYS   A       292  CB   in experiments:DSS
  19  LYS   A        11  CB    LYS   A       307  CB   in experiments:DSS
  20  LYS   A        34  CB    LYS   A        48  CB   in experiments:DSS
  21  LYS   A        34  CB    LYS   A        54  CB   in experiments:DSS
  22  LYS   A        34  CB    LYS   A        56  CB   in experiments:DSS
  23  LYS   A        34  CB    LYS   A       215  CB   in experiments:DSS
  24  LYS   A        34  CB    LYS   A       248  CB   in experiments:DSS
  25  LYS   A        34  CB    LYS   A       284  CB   in experiments:DSS
  26  LYS   A        34  CB    LYS   A       292  CB   in experiments:DSS
  27  LYS   A        34  CB    LYS   A       307  CB   in experiments:DSS
  28  LYS   A        48  CB    LYS   A        54  CB   in experiments:DSS
  29  LYS   A        48  CB    LYS   A        56  CB   in experiments:DSS
  30  LYS   A        48  CB    LYS   A       215  CB   in experiments:DSS
  31  LYS   A        48  CB    LYS   A       248  CB   in experiments:DSS
  32  LYS   A        48  CB    LYS   A       284  CB   in experiments:DSS
  33  LYS   A        48  CB    LYS   A       292  CB   in experiments:DSS
  34  LYS   A        48  CB    LYS   A       307  CB   in experiments:DSS
  35  LYS   A        54  CB    LYS   A        56  CB   in experiments:DSS
  36  LYS   A        54  CB    LYS   A       215  CB   in experiments:DSS
  37  LYS   A        54  CB    LYS   A       248  CB   in experiments:DSS
  38  LYS   A        54  CB    LYS   A       284  CB   in experiments:DSS
  39  LYS   A        54  CB    LYS   A       292  CB   in experiments:DSS
  40  LYS   A        54  CB    LYS   A       307  CB   in experiments:DSS
  41  LYS   A        56  CB    LYS   A       215  CB   in experiments:DSS
  42  LYS   A        56  CB    LYS   A       248  CB   in experiments:DSS
  43  LYS   A        56  CB    LYS   A       284  CB   in experiments:DSS
  44  LYS   A        56  CB    LYS   A       292  CB   in experiments:DSS
  45  LYS   A        56  CB    LYS   A       307  CB   in experiments:DSS
  46  LYS   A       215  CB    LYS   A       248  CB   in experiments:DSS
  47  LYS   A       215  CB    LYS   A       284  CB   in experiments:DSS
  48  LYS   A       215  CB    LYS   A       292  CB   in experiments:DSS
  49  LYS   A       215  CB    LYS   A       307  CB   in experiments:DSS
  50  LYS   A       248  CB    LYS   A       284  CB   in experiments:DSS
  51  LYS   A       248  CB    LYS   A       292  CB   in experiments:DSS
  52  LYS   A       248  CB    LYS   A       307  CB   in experiments:DSS
  53  LYS   A       284  CB    LYS   A       292  CB   in experiments:DSS
  54  LYS   A       284  CB    LYS   A       307  CB   in experiments:DSS
  55  LYS   A       292  CB    LYS   A       307  CB   in experiments:DSS
  
  Number of atoms accessible to solvent:         1723
  Number of residues accessible to solvent:          363
  
  -------------------------------------------------------------------------------------------------------------------------
  >     RESIDUE1   ATOM1 RESIDUE2   ATOM2 EUCLDIST  TOPODIST OBSERVED    DMIN      DMAX        RESULT  OBSRES REACRES RA AA
  -------------------------------------------------------------------------------------------------------------------------
  LINK: LYS  A   10 CB   LYS  A  284 CB     13.276    13.281   YES      0.000    35.000     OK: FOUND    1/ 1    1/ 1 YY YY
  LINK: LYS  A   11 CB   LYS  A  215 CB     16.341    17.646   YES      0.000    35.000     OK: FOUND    1/ 1    1/ 1 YY YY
  LINK: LYS  A   34 CB   LYS  A   48 CB     21.189    22.358   YES      0.000    35.000     OK: FOUND    1/ 1    1/ 1 YY YY
  LINK: LYS  A   48 CB   LYS  A   54 CB     10.953    13.972   YES      0.000    35.000     OK: FOUND    1/ 1    1/ 1 YY YY
  LINK: LYS  A   48 CB   LYS  A   56 CB     14.586    17.421   YES      0.000    35.000     OK: FOUND    1/ 1    1/ 1 YY YY
  LINK: LYS  A   48 CB   LYS  A  284 CB     25.353    28.840   YES      0.000    35.000     OK: FOUND    1/ 1    1/ 1 YY YY
  LINK: LYS  A   48 CB   LYS  A  292 CB     20.433    20.962   YES      0.000    35.000     OK: FOUND    1/ 1    1/ 1 YY YY
  LINK: LYS  A   48 CB   LYS  A  307 CB     19.183    19.779   YES      0.000    35.000     OK: FOUND    1/ 1    1/ 1 YY YY
  LINK: LYS  A   54 CB   LYS  A  292 CB     27.816    27.898   YES      0.000    35.000     OK: FOUND    1/ 1    1/ 1 YY YY
  LINK: LYS  A  215 CB   LYS  A  248 CB     17.634    21.159   YES      0.000    35.000     OK: FOUND    1/ 1    1/ 1 YY YY
  LINK: LYS  A  292 CB   LYS  A  307 CB      9.796    10.049   YES      0.000    35.000     OK: FOUND    1/ 1    1/ 1 YY YY
  -------------------------------------------------------------------------------------------------------------------------
  
  RESULTS:
  
  For each experiment:
  
  -------------------------------------------------------------------------------------------------------------------------
  
  Experiment: DSS
  
  Number of type-reactive pairs of atoms:      210
  
  Number of observed-reactive pairs of atoms:       55
  Number of observed-reactive pairs of atoms within linker reach:       11
  Number of observed-reactive pairs of atoms outside linker reach:       44
  Missing links, according to the structure and observed-reactivity:        0
  
  Number of observed links:       12
  Number of observed links consistent with the structure:       11
  Number of observed links NOT consistent with the structure:        0
  
  Sum of scores of observed links:    0.0000000
  
  Sensitivity of the cross-linking reaction:    1.0000000
  False-assignment probability:    0.0000000
  
  Likelihood of the experimental result:    1.0000000
  Log-likelihood of the experimental result:   -0.0000000
  
  Likelihood using user-defined pbad and pgood:    0.7627208
  Log-likelihood using user-defined pbad and pgood:   -0.2708633
  Using: pgood =    0.700; pbad =    0.050
  
  -------------------------------------------------------------------------------------------------------------------------
  
  FINAL RESULTS:
  
  RESULT0:    11 : Number of observations that are consistent with the structure.
  
  RESULT1:    11 : Number of topological distances consistent with all observations.
  RESULT2:     0 : Number of topological distances NOT consistent with observations.
  RESULT3:     0 : Number of links with missing observations.
  
  RESULT4:      0.00000 : Sum of scores of observed links of all experiments.
  
  RESULT5:      1.00000 : Likelihood of the set of experimental results.
  RESULT6:     -0.00000 : Log-likelihood of the set of experimental results.
  
  Using: pgood =    0.700; pbad =    0.050
  RESULT7:      0.76272 : Likelihood of the set of experimental results.
  RESULT8:     -0.27086 : Log-likelihood of the set of experimental results.
  
  -------------------------------------------------------------------------------------------------------------------------
  ATTENTION: There are WARNINGS of input file parsing. Please check the output carefully.
  -------------------------------------------------------------------------------------------------------------------------
  
  
  #########################################################################################################################
