IN:
#
# TOPOLINK input file example
#
# L. Martinez - Institute of Chemistry, University of Campinas
# http://leandro.iqm.unicamp.br
#
# Structure file (can be provided in the command line, overwriting this definition); PDB or mmCIF formats
structure data/temp/dist_reeval/tmp.pdb#endread ENDMDL  # Use this to stop reading atoms if this keyword is found (comment otherwise)
readatoms backplusCB # Which atoms to consider (all/heavy(no-H)/backbone/backplusCB)
# Output directory for links (comment if you do not want the PDB files, that may be a lot)
printlinks no
#linkdir ./links
# What cross-links to compute (all/reactive/observed)
compute observed
#compute reactive
#compute all
# If only inter-domain (inter-chain) links are of interested, uncomment the following line
#interchain
# Only consider observed links with score greater than scorecut
scorecut 0.d0
# Cross-links observed:
experiment DSS
  # Possible types of cross-links and maximum distances
  #        ResType  Chain  ResNum   AtomType    ResType  Chain  ResNum   AtomType  MaxDist
  linktype   MET     all      1       N           LYS     all     all       CB        35
  linktype   LYS     all     all      CB          LYS     all     all       CB        35

  observed LYS A 386 LYS A 393
  observed LYS A 404 LYS A 393
  observed LYS A 386 LYS A 368
  observed LYS A 368 LYS A 393
  observed LYS A 367 LYS A 374
  observed LYS A 368 LYS A 388
  observed LYS A 411 LYS A 393
  observed LYS A 414 LYS A 393
  observed LYS A 405 LYS A 401
  observed LYS A 578 LYS A 420
  observed LYS A 388 LYS A 374
  observed LYS A 388 LYS A 386
  observed LYS A 388 LYS A 393
  observed LYS A 405 LYS A 420
  observed LYS A 578 LYS A 559

end experiment DSS
# Optional parameters
search_limit relative 2  # Search for topological distances of up to search_range*dmaxlink
printallfound yes    # Prints, or not, the structure of the links that were found but violate the distances
printPDBnotfound yes # Prints, or not, PDB files for the links which were not found at all (prints a straight line)
pgood 0.70 # Probability of observing a link which is within link reach
pbad  0.05 # Probability of observing a link which is NOT within linker reach
vdwrad 3.         # Radius to be used for excluded atom volume computation
print 0           # Extensive or concise printing
printnotfound yes # Print data for pairs for links which were not found
quitgood no       # Quit whenever a valid link is found (stop searching for shortest one)
dbond 1.5         # Bond distance of link atoms
kbond 10.         # Energy constant for link bonds
kpath 10.         # Energy constant for the complete path distension, used for computing probability
kvdw  2.          # Force constant of overlap function
# Technical parameters for the optimization method
ntrial 400  # Maximum number of trials for best link search
nbest 5     # Number of times the same best link is found until satisfied
maxfunc 50  # Maximum number of function evaluations of CG-Newton
maxcg 40    # Maximum number of CG iterations
seed random # Seed for random number generator (random or integer number)
iguess 2
exit # You can add anything after this


OUT:

  ######################################################## TOPOLINK #######################################################
                 Institute of Chemistry - University of Campinas. http://m3g.iqm.unicamp.br/topolink

                                                                                                         Version 19.156 

  Structure file: data/temp/dist_reeval/tmp.pdb
  TopoLink input file: data/temp/dist_reeval/topo.tmp
  Will stop structure reading when ################## is found.
  Only backbone plus CB atoms will be considered.
  
  Links will not be written as PDB files.
  
  Printing option:        0
  Leave when first valid link is found:  F
  Link bond distance:    1.5000000
  Link bond force-constant:   10.0000000
  VdW radius for volume exclusion:    3.0000000
  Path energy constant:   10.0000000
  Cutoff for observed scores:    0.0000000
  Number of trials for link search:      400
  Number of repeated best links to find until quit:        5
  Maximum number of function evaluations of CGNewton:       50
  Maximum number of CG iterations in CGNewton:       40
  Seed for random number generator:     6193
  
  Number of experiments:        1
  
  Number of atoms read from structure file:     3832
  Number of chains found in structure file:            1
  
  WARNING: First atom of link type does not correspond to any atom of the structure.
  Experiment: DSS
  Link type:   MET   all   N     LYS   all   CB      35.000
  
  -------------------------------------------------------------------------------------------------------------------------
  Experiment: DSS
  Observed links:
  1  LYS   A       386  LYS   A       393
  2  LYS   A       404  LYS   A       393
  3  LYS   A       386  LYS   A       368
  4  LYS   A       368  LYS   A       393
  5  LYS   A       367  LYS   A       374
  6  LYS   A       368  LYS   A       388
  7  LYS   A       411  LYS   A       393
  8  LYS   A       414  LYS   A       393
  9  LYS   A       405  LYS   A       401
  10  LYS   A       578  LYS   A       420
  11  LYS   A       388  LYS   A       374
  12  LYS   A       388  LYS   A       386
  13  LYS   A       388  LYS   A       393
  14  LYS   A       405  LYS   A       420
  15  LYS   A       578  LYS   A       559
  
  -------------------------------------------------------------------------------------------------------------------------
  -------------------------------------------------------------------------------------------------------------------------
  
  Number of atoms that might be involved in reactions, according link types:       58
  
  All reactive atoms, according to observations:
  1   LYS   A       367  CB
  2   LYS   A       368  CB
  3   LYS   A       374  CB
  4   LYS   A       386  CB
  5   LYS   A       388  CB
  6   LYS   A       393  CB
  7   LYS   A       401  CB
  8   LYS   A       404  CB
  9   LYS   A       405  CB
  10   LYS   A       411  CB
  11   LYS   A       414  CB
  12   LYS   A       420  CB
  13   LYS   A       559  CB
  14   LYS   A       578  CB
  
  Number of reactive pairs according to sequence:
  Experiment DSS:  1653
  Total number of unique reactive pairs, according to link types:         1653
  
  Number of reactive pairs according to observations:
  Experiment DSS:    91
  Total number of unique reactive pairs, according to observations:           91
  
  List of reactive atom pairs, according to observations:
  1  LYS   A       367  CB    LYS   A       368  CB   in experiments:DSS
  2  LYS   A       367  CB    LYS   A       374  CB   in experiments:DSS
  3  LYS   A       367  CB    LYS   A       386  CB   in experiments:DSS
  4  LYS   A       367  CB    LYS   A       388  CB   in experiments:DSS
  5  LYS   A       367  CB    LYS   A       393  CB   in experiments:DSS
  6  LYS   A       367  CB    LYS   A       401  CB   in experiments:DSS
  7  LYS   A       367  CB    LYS   A       404  CB   in experiments:DSS
  8  LYS   A       367  CB    LYS   A       405  CB   in experiments:DSS
  9  LYS   A       367  CB    LYS   A       411  CB   in experiments:DSS
  10  LYS   A       367  CB    LYS   A       414  CB   in experiments:DSS
  11  LYS   A       367  CB    LYS   A       420  CB   in experiments:DSS
  12  LYS   A       367  CB    LYS   A       559  CB   in experiments:DSS
  13  LYS   A       367  CB    LYS   A       578  CB   in experiments:DSS
  14  LYS   A       368  CB    LYS   A       374  CB   in experiments:DSS
  15  LYS   A       368  CB    LYS   A       386  CB   in experiments:DSS
  16  LYS   A       368  CB    LYS   A       388  CB   in experiments:DSS
  17  LYS   A       368  CB    LYS   A       393  CB   in experiments:DSS
  18  LYS   A       368  CB    LYS   A       401  CB   in experiments:DSS
  19  LYS   A       368  CB    LYS   A       404  CB   in experiments:DSS
  20  LYS   A       368  CB    LYS   A       405  CB   in experiments:DSS
  21  LYS   A       368  CB    LYS   A       411  CB   in experiments:DSS
  22  LYS   A       368  CB    LYS   A       414  CB   in experiments:DSS
  23  LYS   A       368  CB    LYS   A       420  CB   in experiments:DSS
  24  LYS   A       368  CB    LYS   A       559  CB   in experiments:DSS
  25  LYS   A       368  CB    LYS   A       578  CB   in experiments:DSS
  26  LYS   A       374  CB    LYS   A       386  CB   in experiments:DSS
  27  LYS   A       374  CB    LYS   A       388  CB   in experiments:DSS
  28  LYS   A       374  CB    LYS   A       393  CB   in experiments:DSS
  29  LYS   A       374  CB    LYS   A       401  CB   in experiments:DSS
  30  LYS   A       374  CB    LYS   A       404  CB   in experiments:DSS
  31  LYS   A       374  CB    LYS   A       405  CB   in experiments:DSS
  32  LYS   A       374  CB    LYS   A       411  CB   in experiments:DSS
  33  LYS   A       374  CB    LYS   A       414  CB   in experiments:DSS
  34  LYS   A       374  CB    LYS   A       420  CB   in experiments:DSS
  35  LYS   A       374  CB    LYS   A       559  CB   in experiments:DSS
  36  LYS   A       374  CB    LYS   A       578  CB   in experiments:DSS
  37  LYS   A       386  CB    LYS   A       388  CB   in experiments:DSS
  38  LYS   A       386  CB    LYS   A       393  CB   in experiments:DSS
  39  LYS   A       386  CB    LYS   A       401  CB   in experiments:DSS
  40  LYS   A       386  CB    LYS   A       404  CB   in experiments:DSS
  41  LYS   A       386  CB    LYS   A       405  CB   in experiments:DSS
  42  LYS   A       386  CB    LYS   A       411  CB   in experiments:DSS
  43  LYS   A       386  CB    LYS   A       414  CB   in experiments:DSS
  44  LYS   A       386  CB    LYS   A       420  CB   in experiments:DSS
  45  LYS   A       386  CB    LYS   A       559  CB   in experiments:DSS
  46  LYS   A       386  CB    LYS   A       578  CB   in experiments:DSS
  47  LYS   A       388  CB    LYS   A       393  CB   in experiments:DSS
  48  LYS   A       388  CB    LYS   A       401  CB   in experiments:DSS
  49  LYS   A       388  CB    LYS   A       404  CB   in experiments:DSS
  50  LYS   A       388  CB    LYS   A       405  CB   in experiments:DSS
  51  LYS   A       388  CB    LYS   A       411  CB   in experiments:DSS
  52  LYS   A       388  CB    LYS   A       414  CB   in experiments:DSS
  53  LYS   A       388  CB    LYS   A       420  CB   in experiments:DSS
  54  LYS   A       388  CB    LYS   A       559  CB   in experiments:DSS
  55  LYS   A       388  CB    LYS   A       578  CB   in experiments:DSS
  56  LYS   A       393  CB    LYS   A       401  CB   in experiments:DSS
  57  LYS   A       393  CB    LYS   A       404  CB   in experiments:DSS
  58  LYS   A       393  CB    LYS   A       405  CB   in experiments:DSS
  59  LYS   A       393  CB    LYS   A       411  CB   in experiments:DSS
  60  LYS   A       393  CB    LYS   A       414  CB   in experiments:DSS
  61  LYS   A       393  CB    LYS   A       420  CB   in experiments:DSS
  62  LYS   A       393  CB    LYS   A       559  CB   in experiments:DSS
  63  LYS   A       393  CB    LYS   A       578  CB   in experiments:DSS
  64  LYS   A       401  CB    LYS   A       404  CB   in experiments:DSS
  65  LYS   A       401  CB    LYS   A       405  CB   in experiments:DSS
  66  LYS   A       401  CB    LYS   A       411  CB   in experiments:DSS
  67  LYS   A       401  CB    LYS   A       414  CB   in experiments:DSS
  68  LYS   A       401  CB    LYS   A       420  CB   in experiments:DSS
  69  LYS   A       401  CB    LYS   A       559  CB   in experiments:DSS
  70  LYS   A       401  CB    LYS   A       578  CB   in experiments:DSS
  71  LYS   A       404  CB    LYS   A       405  CB   in experiments:DSS
  72  LYS   A       404  CB    LYS   A       411  CB   in experiments:DSS
  73  LYS   A       404  CB    LYS   A       414  CB   in experiments:DSS
  74  LYS   A       404  CB    LYS   A       420  CB   in experiments:DSS
  75  LYS   A       404  CB    LYS   A       559  CB   in experiments:DSS
  76  LYS   A       404  CB    LYS   A       578  CB   in experiments:DSS
  77  LYS   A       405  CB    LYS   A       411  CB   in experiments:DSS
  78  LYS   A       405  CB    LYS   A       414  CB   in experiments:DSS
  79  LYS   A       405  CB    LYS   A       420  CB   in experiments:DSS
  80  LYS   A       405  CB    LYS   A       559  CB   in experiments:DSS
  81  LYS   A       405  CB    LYS   A       578  CB   in experiments:DSS
  82  LYS   A       411  CB    LYS   A       414  CB   in experiments:DSS
  83  LYS   A       411  CB    LYS   A       420  CB   in experiments:DSS
  84  LYS   A       411  CB    LYS   A       559  CB   in experiments:DSS
  85  LYS   A       411  CB    LYS   A       578  CB   in experiments:DSS
  86  LYS   A       414  CB    LYS   A       420  CB   in experiments:DSS
  87  LYS   A       414  CB    LYS   A       559  CB   in experiments:DSS
  88  LYS   A       414  CB    LYS   A       578  CB   in experiments:DSS
  89  LYS   A       420  CB    LYS   A       559  CB   in experiments:DSS
  90  LYS   A       420  CB    LYS   A       578  CB   in experiments:DSS
  91  LYS   A       559  CB    LYS   A       578  CB   in experiments:DSS
  
  Number of atoms accessible to solvent:         3719
  Number of residues accessible to solvent:          776
  
  -------------------------------------------------------------------------------------------------------------------------
  >     RESIDUE1   ATOM1 RESIDUE2   ATOM2 EUCLDIST  TOPODIST OBSERVED    DMIN      DMAX        RESULT  OBSRES REACRES RA AA
  -------------------------------------------------------------------------------------------------------------------------
  LINK: LYS  A  367 CB   LYS  A  374 CB     10.266    10.677   YES      0.000    35.000     OK: FOUND    1/ 1    1/ 1 YY YY
  LINK: LYS  A  368 CB   LYS  A  386 CB     27.885    29.097   YES      0.000    35.000     OK: FOUND    1/ 1    1/ 1 YY YY
  LINK: LYS  A  368 CB   LYS  A  388 CB     31.537    34.518   YES      0.000    35.000     OK: FOUND    1/ 1    1/ 1 YY YY
  LINK: LYS  A  368 CB   LYS  A  393 CB     39.375    40.842   YES      0.000    35.000     BAD: LONG    0/ 1    0/ 1 YY YY
  LINK: LYS  A  374 CB   LYS  A  388 CB     20.920    21.652   YES      0.000    35.000     OK: FOUND    1/ 1    1/ 1 YY YY
  LINK: LYS  A  386 CB   LYS  A  388 CB      7.243    11.304   YES      0.000    35.000     OK: FOUND    1/ 1    1/ 1 YY YY
  LINK: LYS  A  386 CB   LYS  A  393 CB     11.667    12.379   YES      0.000    35.000     OK: FOUND    1/ 1    1/ 1 YY YY
  LINK: LYS  A  388 CB   LYS  A  393 CB     10.088    12.257   YES      0.000    35.000     OK: FOUND    1/ 1    1/ 1 YY YY
  LINK: LYS  A  393 CB   LYS  A  404 CB     16.783    17.517   YES      0.000    35.000     OK: FOUND    1/ 1    1/ 1 YY YY
  LINK: LYS  A  393 CB   LYS  A  411 CB     26.775    27.792   YES      0.000    35.000     OK: FOUND    1/ 1    1/ 1 YY YY
  LINK: LYS  A  393 CB   LYS  A  414 CB     26.726    27.570   YES      0.000    35.000     OK: FOUND    1/ 1    1/ 1 YY YY
  LINK: LYS  A  401 CB   LYS  A  405 CB      6.045     6.266   YES      0.000    35.000     OK: FOUND    1/ 1    1/ 1 YY YY
  LINK: LYS  A  405 CB   LYS  A  420 CB     19.861    21.342   YES      0.000    35.000     OK: FOUND    1/ 1    1/ 1 YY YY
  LINK: LYS  A  420 CB   LYS  A  578 CB     16.775    17.184   YES      0.000    35.000     OK: FOUND    1/ 1    1/ 1 YY YY
  LINK: LYS  A  559 CB   LYS  A  578 CB     15.670    19.287   YES      0.000    35.000     OK: FOUND    1/ 1    1/ 1 YY YY
  -------------------------------------------------------------------------------------------------------------------------
  
  RESULTS:
  
  For each experiment:
  
  -------------------------------------------------------------------------------------------------------------------------
  
  Experiment: DSS
  
  Number of type-reactive pairs of atoms:     1653
  
  Number of observed-reactive pairs of atoms:       91
  Number of observed-reactive pairs of atoms within linker reach:       14
  Number of observed-reactive pairs of atoms outside linker reach:       77
  Missing links, according to the structure and observed-reactivity:        0
  
  Number of observed links:       15
  Number of observed links consistent with the structure:       14
  Number of observed links NOT consistent with the structure:        1
  
  Sum of scores of observed links:    0.0000000
  
  Sensitivity of the cross-linking reaction:    1.0000000
  False-assignment probability:    0.0006050
  
  Likelihood of the experimental result:    1.0000000
  Log-likelihood of the experimental result:    0.0000000
  
  Likelihood using user-defined pbad and pgood:    0.9949133
  Log-likelihood using user-defined pbad and pgood:   -0.0050997
  Using: pgood =    0.700; pbad =    0.050
  
  -------------------------------------------------------------------------------------------------------------------------
  
  FINAL RESULTS:
  
  RESULT0:    14 : Number of observations that are consistent with the structure.
  
  RESULT1:    14 : Number of topological distances consistent with all observations.
  RESULT2:     1 : Number of topological distances NOT consistent with observations.
  RESULT3:     0 : Number of links with missing observations.
  
  RESULT4:      0.00000 : Sum of scores of observed links of all experiments.
  
  RESULT5:      1.00000 : Likelihood of the set of experimental results.
  RESULT6:      0.00000 : Log-likelihood of the set of experimental results.
  
  Using: pgood =    0.700; pbad =    0.050
  RESULT7:      0.99491 : Likelihood of the set of experimental results.
  RESULT8:     -0.00510 : Log-likelihood of the set of experimental results.
  
  -------------------------------------------------------------------------------------------------------------------------
  ATTENTION: There are WARNINGS of input file parsing. Please check the output carefully.
  -------------------------------------------------------------------------------------------------------------------------
  
  
  #########################################################################################################################
