IN:
#
# TOPOLINK input file example
#
# L. Martinez - Institute of Chemistry, University of Campinas
# http://leandro.iqm.unicamp.br
#
# Structure file (can be provided in the command line, overwriting this definition); PDB or mmCIF formats
structure data/temp/dist_reeval/tmp.pdb#endread ENDMDL  # Use this to stop reading atoms if this keyword is found (comment otherwise)
readatoms backplusCB # Which atoms to consider (all/heavy(no-H)/backbone/backplusCB)
# Output directory for links (comment if you do not want the PDB files, that may be a lot)
printlinks no
#linkdir ./links
# What cross-links to compute (all/reactive/observed)
compute observed
#compute reactive
#compute all
# If only inter-domain (inter-chain) links are of interested, uncomment the following line
#interchain
# Only consider observed links with score greater than scorecut
scorecut 0.d0
# Cross-links observed:
experiment DSS
  # Possible types of cross-links and maximum distances
  #        ResType  Chain  ResNum   AtomType    ResType  Chain  ResNum   AtomType  MaxDist
  linktype   MET     all      1       N           LYS     all     all       CB        35
  linktype   LYS     all     all      CB          LYS     all     all       CB        35

  observed LYS A 374 LYS A 490
  observed LYS A 278 LYS A 374
  observed LYS A 662 LYS A 712
  observed LYS A 282 LYS A 374
  observed LYS A 278 LYS A 496
  observed LYS A 23 LYS A 4
  observed LYS A 59 LYS A 662
  observed LYS A 435 LYS A 431
  observed LYS A 59 LYS A 201
  observed LYS A 673 LYS A 662
  observed LYS A 374 LYS A 496
  observed LYS A 59 LYS A 709
  observed LYS A 117 LYS A 111
  observed LYS A 490 LYS A 494
  observed LYS A 662 LYS A 674
  observed LYS A 435 LYS A 578
  observed LYS A 696 LYS A 712
  observed LYS A 278 LYS A 522
  observed LYS A 494 LYS A 384
  observed LYS A 4 LYS A 522
  observed LYS A 662 LYS A 564
  observed LYS A 278 LYS A 206
  observed LYS A 662 LYS A 23
  observed LYS A 662 LYS A 696
  observed LYS A 434 LYS A 578
  observed LYS A 374 LYS A 384
  observed LYS A 282 LYS A 218
  observed LYS A 662 LYS A 601
  observed LYS A 749 LYS A 674
  observed LYS A 562 LYS A 601
  observed LYS A 578 LYS A 601
  observed LYS A 496 LYS A 493
  observed LYS A 4 LYS A 117
  observed LYS A 218 LYS A 117
  observed LYS A 749 LYS A 522
  observed LYS A 496 LYS A 522
  observed LYS A 431 LYS A 578
  observed LYS A 59 LYS A 712
  observed LYS A 662 LYS A 522
  observed LYS A 662 LYS A 662
  observed LYS A 278 LYS A 4
  observed LYS A 662 LYS A 374
  observed LYS A 218 LYS A 522
  observed LYS A 712 LYS A 550
  observed LYS A 494 LYS A 479
  observed LYS A 431 LYS A 111
  observed LYS A 490 LYS A 384
  observed LYS A 278 LYS A 23
  observed LYS A 23 LYS A 522
  observed LYS A 749 LYS A 546
  observed LYS A 117 LYS A 522
  observed LYS A 490 LYS A 111
  observed LYS A 496 LYS A 496
  observed LYS A 374 LYS A 438
  observed LYS A 4 LYS A 41
  observed LYS A 374 LYS A 522
  observed LYS A 696 LYS A 674
  observed LYS A 374 LYS A 218
  observed LYS A 23 LYS A 117
  observed LYS A 709 LYS A 550
  observed LYS A 712 LYS A 117
  observed LYS A 59 LYS A 117
  observed LYS A 712 LYS A 201
  observed LYS A 374 LYS A 578
  observed LYS A 382 LYS A 490
  observed LYS A 30 LYS A 23
  observed LYS A 712 LYS A 30
  observed LYS A 712 LYS A 703
  observed LYS A 712 LYS A 374

end experiment DSS
# Optional parameters
search_limit relative 2  # Search for topological distances of up to search_range*dmaxlink
printallfound yes    # Prints, or not, the structure of the links that were found but violate the distances
printPDBnotfound yes # Prints, or not, PDB files for the links which were not found at all (prints a straight line)
pgood 0.70 # Probability of observing a link which is within link reach
pbad  0.05 # Probability of observing a link which is NOT within linker reach
vdwrad 3.         # Radius to be used for excluded atom volume computation
print 0           # Extensive or concise printing
printnotfound yes # Print data for pairs for links which were not found
quitgood no       # Quit whenever a valid link is found (stop searching for shortest one)
dbond 1.5         # Bond distance of link atoms
kbond 10.         # Energy constant for link bonds
kpath 10.         # Energy constant for the complete path distension, used for computing probability
kvdw  2.          # Force constant of overlap function
# Technical parameters for the optimization method
ntrial 400  # Maximum number of trials for best link search
nbest 5     # Number of times the same best link is found until satisfied
maxfunc 50  # Maximum number of function evaluations of CG-Newton
maxcg 40    # Maximum number of CG iterations
seed random # Seed for random number generator (random or integer number)
iguess 2
exit # You can add anything after this


OUT:

  ######################################################## TOPOLINK #######################################################
                 Institute of Chemistry - University of Campinas. http://m3g.iqm.unicamp.br/topolink

                                                                                                         Version 19.156 

  Structure file: data/temp/dist_reeval/tmp.pdb
  TopoLink input file: data/temp/dist_reeval/topo.tmp
  Will stop structure reading when ################## is found.
  Only backbone plus CB atoms will be considered.
  
  Links will not be written as PDB files.
  
  Printing option:        0
  Leave when first valid link is found:  F
  Link bond distance:    1.5000000
  Link bond force-constant:   10.0000000
  VdW radius for volume exclusion:    3.0000000
  Path energy constant:   10.0000000
  Cutoff for observed scores:    0.0000000
  Number of trials for link search:      400
  Number of repeated best links to find until quit:        5
  Maximum number of function evaluations of CGNewton:       50
  Maximum number of CG iterations in CGNewton:       40
  Seed for random number generator:    11020
  
  Number of experiments:        1
  
  Number of atoms read from structure file:     3693
  Number of chains found in structure file:            1
  
  WARNING: First atom of link type does not correspond to any atom of the structure.
  Experiment: DSS
  Link type:   MET   all   N     LYS   all   CB      35.000
  
  -------------------------------------------------------------------------------------------------------------------------
  Experiment: DSS
  Observed links:
  1  LYS   A       374  LYS   A       490
  2  LYS   A       278  LYS   A       374
  3  LYS   A       662  LYS   A       712
  4  LYS   A       282  LYS   A       374
  5  LYS   A       278  LYS   A       496
  6  LYS   A        23  LYS   A         4
  7  LYS   A        59  LYS   A       662
  8  LYS   A       435  LYS   A       431
  9  LYS   A        59  LYS   A       201
  10  LYS   A       673  LYS   A       662
  11  LYS   A       374  LYS   A       496
  12  LYS   A        59  LYS   A       709
  13  LYS   A       117  LYS   A       111
  14  LYS   A       490  LYS   A       494
  15  LYS   A       662  LYS   A       674
  16  LYS   A       435  LYS   A       578
  17  LYS   A       696  LYS   A       712
  18  LYS   A       278  LYS   A       522
  19  LYS   A       494  LYS   A       384
  20  LYS   A         4  LYS   A       522
  21  LYS   A       662  LYS   A       564
  22  LYS   A       278  LYS   A       206
  23  LYS   A       662  LYS   A        23
  24  LYS   A       662  LYS   A       696
  25  LYS   A       434  LYS   A       578
  26  LYS   A       374  LYS   A       384
  27  LYS   A       282  LYS   A       218
  28  LYS   A       662  LYS   A       601
  29  LYS   A       749  LYS   A       674
  30  LYS   A       562  LYS   A       601
  31  LYS   A       578  LYS   A       601
  32  LYS   A       496  LYS   A       493
  33  LYS   A         4  LYS   A       117
  34  LYS   A       218  LYS   A       117
  35  LYS   A       749  LYS   A       522
  36  LYS   A       496  LYS   A       522
  37  LYS   A       431  LYS   A       578
  38  LYS   A        59  LYS   A       712
  39  LYS   A       662  LYS   A       522
  40  LYS   A       662  LYS   A       662
  41  LYS   A       278  LYS   A         4
  42  LYS   A       662  LYS   A       374
  43  LYS   A       218  LYS   A       522
  44  LYS   A       712  LYS   A       550
  45  LYS   A       494  LYS   A       479
  46  LYS   A       431  LYS   A       111
  47  LYS   A       490  LYS   A       384
  48  LYS   A       278  LYS   A        23
  49  LYS   A        23  LYS   A       522
  50  LYS   A       749  LYS   A       546
  51  LYS   A       117  LYS   A       522
  52  LYS   A       490  LYS   A       111
  53  LYS   A       496  LYS   A       496
  54  LYS   A       374  LYS   A       438
  55  LYS   A         4  LYS   A        41
  56  LYS   A       374  LYS   A       522
  57  LYS   A       696  LYS   A       674
  58  LYS   A       374  LYS   A       218
  59  LYS   A        23  LYS   A       117
  60  LYS   A       709  LYS   A       550
  61  LYS   A       712  LYS   A       117
  62  LYS   A        59  LYS   A       117
  63  LYS   A       712  LYS   A       201
  64  LYS   A       374  LYS   A       578
  65  LYS   A       382  LYS   A       490
  66  LYS   A        30  LYS   A        23
  67  LYS   A       712  LYS   A        30
  68  LYS   A       712  LYS   A       703
  69  LYS   A       712  LYS   A       374
  
  -------------------------------------------------------------------------------------------------------------------------
  -------------------------------------------------------------------------------------------------------------------------
  
  Number of atoms that might be involved in reactions, according link types:       53
  
  All reactive atoms, according to observations:
  1   LYS   A         4  CB
  2   LYS   A        23  CB
  3   LYS   A        30  CB
  4   LYS   A        41  CB
  5   LYS   A        59  CB
  6   LYS   A       111  CB
  7   LYS   A       117  CB
  8   LYS   A       201  CB
  9   LYS   A       206  CB
  10   LYS   A       218  CB
  11   LYS   A       278  CB
  12   LYS   A       282  CB
  13   LYS   A       374  CB
  14   LYS   A       382  CB
  15   LYS   A       384  CB
  16   LYS   A       431  CB
  17   LYS   A       434  CB
  18   LYS   A       435  CB
  19   LYS   A       438  CB
  20   LYS   A       479  CB
  21   LYS   A       490  CB
  22   LYS   A       493  CB
  23   LYS   A       494  CB
  24   LYS   A       496  CB
  25   LYS   A       522  CB
  26   LYS   A       546  CB
  27   LYS   A       550  CB
  28   LYS   A       562  CB
  29   LYS   A       564  CB
  30   LYS   A       578  CB
  31   LYS   A       601  CB
  32   LYS   A       662  CB
  33   LYS   A       673  CB
  34   LYS   A       674  CB
  35   LYS   A       696  CB
  36   LYS   A       703  CB
  37   LYS   A       709  CB
  38   LYS   A       712  CB
  39   LYS   A       749  CB
  
  Number of reactive pairs according to sequence:
  Experiment DSS:  1378
  Total number of unique reactive pairs, according to link types:         1378
  
  Number of reactive pairs according to observations:
  Experiment DSS:   741
  Total number of unique reactive pairs, according to observations:          741
  
  List of reactive atom pairs, according to observations:
  1  LYS   A         4  CB    LYS   A        23  CB   in experiments:DSS
  2  LYS   A         4  CB    LYS   A        30  CB   in experiments:DSS
  3  LYS   A         4  CB    LYS   A        41  CB   in experiments:DSS
  4  LYS   A         4  CB    LYS   A        59  CB   in experiments:DSS
  5  LYS   A         4  CB    LYS   A       111  CB   in experiments:DSS
  6  LYS   A         4  CB    LYS   A       117  CB   in experiments:DSS
  7  LYS   A         4  CB    LYS   A       201  CB   in experiments:DSS
  8  LYS   A         4  CB    LYS   A       206  CB   in experiments:DSS
  9  LYS   A         4  CB    LYS   A       218  CB   in experiments:DSS
  10  LYS   A         4  CB    LYS   A       278  CB   in experiments:DSS
  11  LYS   A         4  CB    LYS   A       282  CB   in experiments:DSS
  12  LYS   A         4  CB    LYS   A       374  CB   in experiments:DSS
  13  LYS   A         4  CB    LYS   A       382  CB   in experiments:DSS
  14  LYS   A         4  CB    LYS   A       384  CB   in experiments:DSS
  15  LYS   A         4  CB    LYS   A       431  CB   in experiments:DSS
  16  LYS   A         4  CB    LYS   A       434  CB   in experiments:DSS
  17  LYS   A         4  CB    LYS   A       435  CB   in experiments:DSS
  18  LYS   A         4  CB    LYS   A       438  CB   in experiments:DSS
  19  LYS   A         4  CB    LYS   A       479  CB   in experiments:DSS
  20  LYS   A         4  CB    LYS   A       490  CB   in experiments:DSS
  21  LYS   A         4  CB    LYS   A       493  CB   in experiments:DSS
  22  LYS   A         4  CB    LYS   A       494  CB   in experiments:DSS
  23  LYS   A         4  CB    LYS   A       496  CB   in experiments:DSS
  24  LYS   A         4  CB    LYS   A       522  CB   in experiments:DSS
  25  LYS   A         4  CB    LYS   A       546  CB   in experiments:DSS
  26  LYS   A         4  CB    LYS   A       550  CB   in experiments:DSS
  27  LYS   A         4  CB    LYS   A       562  CB   in experiments:DSS
  28  LYS   A         4  CB    LYS   A       564  CB   in experiments:DSS
  29  LYS   A         4  CB    LYS   A       578  CB   in experiments:DSS
  30  LYS   A         4  CB    LYS   A       601  CB   in experiments:DSS
  31  LYS   A         4  CB    LYS   A       662  CB   in experiments:DSS
  32  LYS   A         4  CB    LYS   A       673  CB   in experiments:DSS
  33  LYS   A         4  CB    LYS   A       674  CB   in experiments:DSS
  34  LYS   A         4  CB    LYS   A       696  CB   in experiments:DSS
  35  LYS   A         4  CB    LYS   A       703  CB   in experiments:DSS
  36  LYS   A         4  CB    LYS   A       709  CB   in experiments:DSS
  37  LYS   A         4  CB    LYS   A       712  CB   in experiments:DSS
  38  LYS   A         4  CB    LYS   A       749  CB   in experiments:DSS
  39  LYS   A        23  CB    LYS   A        30  CB   in experiments:DSS
  40  LYS   A        23  CB    LYS   A        41  CB   in experiments:DSS
  41  LYS   A        23  CB    LYS   A        59  CB   in experiments:DSS
  42  LYS   A        23  CB    LYS   A       111  CB   in experiments:DSS
  43  LYS   A        23  CB    LYS   A       117  CB   in experiments:DSS
  44  LYS   A        23  CB    LYS   A       201  CB   in experiments:DSS
  45  LYS   A        23  CB    LYS   A       206  CB   in experiments:DSS
  46  LYS   A        23  CB    LYS   A       218  CB   in experiments:DSS
  47  LYS   A        23  CB    LYS   A       278  CB   in experiments:DSS
  48  LYS   A        23  CB    LYS   A       282  CB   in experiments:DSS
  49  LYS   A        23  CB    LYS   A       374  CB   in experiments:DSS
  50  LYS   A        23  CB    LYS   A       382  CB   in experiments:DSS
  51  LYS   A        23  CB    LYS   A       384  CB   in experiments:DSS
  52  LYS   A        23  CB    LYS   A       431  CB   in experiments:DSS
  53  LYS   A        23  CB    LYS   A       434  CB   in experiments:DSS
  54  LYS   A        23  CB    LYS   A       435  CB   in experiments:DSS
  55  LYS   A        23  CB    LYS   A       438  CB   in experiments:DSS
  56  LYS   A        23  CB    LYS   A       479  CB   in experiments:DSS
  57  LYS   A        23  CB    LYS   A       490  CB   in experiments:DSS
  58  LYS   A        23  CB    LYS   A       493  CB   in experiments:DSS
  59  LYS   A        23  CB    LYS   A       494  CB   in experiments:DSS
  60  LYS   A        23  CB    LYS   A       496  CB   in experiments:DSS
  61  LYS   A        23  CB    LYS   A       522  CB   in experiments:DSS
  62  LYS   A        23  CB    LYS   A       546  CB   in experiments:DSS
  63  LYS   A        23  CB    LYS   A       550  CB   in experiments:DSS
  64  LYS   A        23  CB    LYS   A       562  CB   in experiments:DSS
  65  LYS   A        23  CB    LYS   A       564  CB   in experiments:DSS
  66  LYS   A        23  CB    LYS   A       578  CB   in experiments:DSS
  67  LYS   A        23  CB    LYS   A       601  CB   in experiments:DSS
  68  LYS   A        23  CB    LYS   A       662  CB   in experiments:DSS
  69  LYS   A        23  CB    LYS   A       673  CB   in experiments:DSS
  70  LYS   A        23  CB    LYS   A       674  CB   in experiments:DSS
  71  LYS   A        23  CB    LYS   A       696  CB   in experiments:DSS
  72  LYS   A        23  CB    LYS   A       703  CB   in experiments:DSS
  73  LYS   A        23  CB    LYS   A       709  CB   in experiments:DSS
  74  LYS   A        23  CB    LYS   A       712  CB   in experiments:DSS
  75  LYS   A        23  CB    LYS   A       749  CB   in experiments:DSS
  76  LYS   A        30  CB    LYS   A        41  CB   in experiments:DSS
  77  LYS   A        30  CB    LYS   A        59  CB   in experiments:DSS
  78  LYS   A        30  CB    LYS   A       111  CB   in experiments:DSS
  79  LYS   A        30  CB    LYS   A       117  CB   in experiments:DSS
  80  LYS   A        30  CB    LYS   A       201  CB   in experiments:DSS
  81  LYS   A        30  CB    LYS   A       206  CB   in experiments:DSS
  82  LYS   A        30  CB    LYS   A       218  CB   in experiments:DSS
  83  LYS   A        30  CB    LYS   A       278  CB   in experiments:DSS
  84  LYS   A        30  CB    LYS   A       282  CB   in experiments:DSS
  85  LYS   A        30  CB    LYS   A       374  CB   in experiments:DSS
  86  LYS   A        30  CB    LYS   A       382  CB   in experiments:DSS
  87  LYS   A        30  CB    LYS   A       384  CB   in experiments:DSS
  88  LYS   A        30  CB    LYS   A       431  CB   in experiments:DSS
  89  LYS   A        30  CB    LYS   A       434  CB   in experiments:DSS
  90  LYS   A        30  CB    LYS   A       435  CB   in experiments:DSS
  91  LYS   A        30  CB    LYS   A       438  CB   in experiments:DSS
  92  LYS   A        30  CB    LYS   A       479  CB   in experiments:DSS
  93  LYS   A        30  CB    LYS   A       490  CB   in experiments:DSS
  94  LYS   A        30  CB    LYS   A       493  CB   in experiments:DSS
  95  LYS   A        30  CB    LYS   A       494  CB   in experiments:DSS
  96  LYS   A        30  CB    LYS   A       496  CB   in experiments:DSS
  97  LYS   A        30  CB    LYS   A       522  CB   in experiments:DSS
  98  LYS   A        30  CB    LYS   A       546  CB   in experiments:DSS
  99  LYS   A        30  CB    LYS   A       550  CB   in experiments:DSS
  100  LYS   A        30  CB    LYS   A       562  CB   in experiments:DSS
  101  LYS   A        30  CB    LYS   A       564  CB   in experiments:DSS
  102  LYS   A        30  CB    LYS   A       578  CB   in experiments:DSS
  103  LYS   A        30  CB    LYS   A       601  CB   in experiments:DSS
  104  LYS   A        30  CB    LYS   A       662  CB   in experiments:DSS
  105  LYS   A        30  CB    LYS   A       673  CB   in experiments:DSS
  106  LYS   A        30  CB    LYS   A       674  CB   in experiments:DSS
  107  LYS   A        30  CB    LYS   A       696  CB   in experiments:DSS
  108  LYS   A        30  CB    LYS   A       703  CB   in experiments:DSS
  109  LYS   A        30  CB    LYS   A       709  CB   in experiments:DSS
  110  LYS   A        30  CB    LYS   A       712  CB   in experiments:DSS
  111  LYS   A        30  CB    LYS   A       749  CB   in experiments:DSS
  112  LYS   A        41  CB    LYS   A        59  CB   in experiments:DSS
  113  LYS   A        41  CB    LYS   A       111  CB   in experiments:DSS
  114  LYS   A        41  CB    LYS   A       117  CB   in experiments:DSS
  115  LYS   A        41  CB    LYS   A       201  CB   in experiments:DSS
  116  LYS   A        41  CB    LYS   A       206  CB   in experiments:DSS
  117  LYS   A        41  CB    LYS   A       218  CB   in experiments:DSS
  118  LYS   A        41  CB    LYS   A       278  CB   in experiments:DSS
  119  LYS   A        41  CB    LYS   A       282  CB   in experiments:DSS
  120  LYS   A        41  CB    LYS   A       374  CB   in experiments:DSS
  121  LYS   A        41  CB    LYS   A       382  CB   in experiments:DSS
  122  LYS   A        41  CB    LYS   A       384  CB   in experiments:DSS
  123  LYS   A        41  CB    LYS   A       431  CB   in experiments:DSS
  124  LYS   A        41  CB    LYS   A       434  CB   in experiments:DSS
  125  LYS   A        41  CB    LYS   A       435  CB   in experiments:DSS
  126  LYS   A        41  CB    LYS   A       438  CB   in experiments:DSS
  127  LYS   A        41  CB    LYS   A       479  CB   in experiments:DSS
  128  LYS   A        41  CB    LYS   A       490  CB   in experiments:DSS
  129  LYS   A        41  CB    LYS   A       493  CB   in experiments:DSS
  130  LYS   A        41  CB    LYS   A       494  CB   in experiments:DSS
  131  LYS   A        41  CB    LYS   A       496  CB   in experiments:DSS
  132  LYS   A        41  CB    LYS   A       522  CB   in experiments:DSS
  133  LYS   A        41  CB    LYS   A       546  CB   in experiments:DSS
  134  LYS   A        41  CB    LYS   A       550  CB   in experiments:DSS
  135  LYS   A        41  CB    LYS   A       562  CB   in experiments:DSS
  136  LYS   A        41  CB    LYS   A       564  CB   in experiments:DSS
  137  LYS   A        41  CB    LYS   A       578  CB   in experiments:DSS
  138  LYS   A        41  CB    LYS   A       601  CB   in experiments:DSS
  139  LYS   A        41  CB    LYS   A       662  CB   in experiments:DSS
  140  LYS   A        41  CB    LYS   A       673  CB   in experiments:DSS
  141  LYS   A        41  CB    LYS   A       674  CB   in experiments:DSS
  142  LYS   A        41  CB    LYS   A       696  CB   in experiments:DSS
  143  LYS   A        41  CB    LYS   A       703  CB   in experiments:DSS
  144  LYS   A        41  CB    LYS   A       709  CB   in experiments:DSS
  145  LYS   A        41  CB    LYS   A       712  CB   in experiments:DSS
  146  LYS   A        41  CB    LYS   A       749  CB   in experiments:DSS
  147  LYS   A        59  CB    LYS   A       111  CB   in experiments:DSS
  148  LYS   A        59  CB    LYS   A       117  CB   in experiments:DSS
  149  LYS   A        59  CB    LYS   A       201  CB   in experiments:DSS
  150  LYS   A        59  CB    LYS   A       206  CB   in experiments:DSS
  151  LYS   A        59  CB    LYS   A       218  CB   in experiments:DSS
  152  LYS   A        59  CB    LYS   A       278  CB   in experiments:DSS
  153  LYS   A        59  CB    LYS   A       282  CB   in experiments:DSS
  154  LYS   A        59  CB    LYS   A       374  CB   in experiments:DSS
  155  LYS   A        59  CB    LYS   A       382  CB   in experiments:DSS
  156  LYS   A        59  CB    LYS   A       384  CB   in experiments:DSS
  157  LYS   A        59  CB    LYS   A       431  CB   in experiments:DSS
  158  LYS   A        59  CB    LYS   A       434  CB   in experiments:DSS
  159  LYS   A        59  CB    LYS   A       435  CB   in experiments:DSS
  160  LYS   A        59  CB    LYS   A       438  CB   in experiments:DSS
  161  LYS   A        59  CB    LYS   A       479  CB   in experiments:DSS
  162  LYS   A        59  CB    LYS   A       490  CB   in experiments:DSS
  163  LYS   A        59  CB    LYS   A       493  CB   in experiments:DSS
  164  LYS   A        59  CB    LYS   A       494  CB   in experiments:DSS
  165  LYS   A        59  CB    LYS   A       496  CB   in experiments:DSS
  166  LYS   A        59  CB    LYS   A       522  CB   in experiments:DSS
  167  LYS   A        59  CB    LYS   A       546  CB   in experiments:DSS
  168  LYS   A        59  CB    LYS   A       550  CB   in experiments:DSS
  169  LYS   A        59  CB    LYS   A       562  CB   in experiments:DSS
  170  LYS   A        59  CB    LYS   A       564  CB   in experiments:DSS
  171  LYS   A        59  CB    LYS   A       578  CB   in experiments:DSS
  172  LYS   A        59  CB    LYS   A       601  CB   in experiments:DSS
  173  LYS   A        59  CB    LYS   A       662  CB   in experiments:DSS
  174  LYS   A        59  CB    LYS   A       673  CB   in experiments:DSS
  175  LYS   A        59  CB    LYS   A       674  CB   in experiments:DSS
  176  LYS   A        59  CB    LYS   A       696  CB   in experiments:DSS
  177  LYS   A        59  CB    LYS   A       703  CB   in experiments:DSS
  178  LYS   A        59  CB    LYS   A       709  CB   in experiments:DSS
  179  LYS   A        59  CB    LYS   A       712  CB   in experiments:DSS
  180  LYS   A        59  CB    LYS   A       749  CB   in experiments:DSS
  181  LYS   A       111  CB    LYS   A       117  CB   in experiments:DSS
  182  LYS   A       111  CB    LYS   A       201  CB   in experiments:DSS
  183  LYS   A       111  CB    LYS   A       206  CB   in experiments:DSS
  184  LYS   A       111  CB    LYS   A       218  CB   in experiments:DSS
  185  LYS   A       111  CB    LYS   A       278  CB   in experiments:DSS
  186  LYS   A       111  CB    LYS   A       282  CB   in experiments:DSS
  187  LYS   A       111  CB    LYS   A       374  CB   in experiments:DSS
  188  LYS   A       111  CB    LYS   A       382  CB   in experiments:DSS
  189  LYS   A       111  CB    LYS   A       384  CB   in experiments:DSS
  190  LYS   A       111  CB    LYS   A       431  CB   in experiments:DSS
  191  LYS   A       111  CB    LYS   A       434  CB   in experiments:DSS
  192  LYS   A       111  CB    LYS   A       435  CB   in experiments:DSS
  193  LYS   A       111  CB    LYS   A       438  CB   in experiments:DSS
  194  LYS   A       111  CB    LYS   A       479  CB   in experiments:DSS
  195  LYS   A       111  CB    LYS   A       490  CB   in experiments:DSS
  196  LYS   A       111  CB    LYS   A       493  CB   in experiments:DSS
  197  LYS   A       111  CB    LYS   A       494  CB   in experiments:DSS
  198  LYS   A       111  CB    LYS   A       496  CB   in experiments:DSS
  199  LYS   A       111  CB    LYS   A       522  CB   in experiments:DSS
  200  LYS   A       111  CB    LYS   A       546  CB   in experiments:DSS
  201  LYS   A       111  CB    LYS   A       550  CB   in experiments:DSS
  202  LYS   A       111  CB    LYS   A       562  CB   in experiments:DSS
  203  LYS   A       111  CB    LYS   A       564  CB   in experiments:DSS
  204  LYS   A       111  CB    LYS   A       578  CB   in experiments:DSS
  205  LYS   A       111  CB    LYS   A       601  CB   in experiments:DSS
  206  LYS   A       111  CB    LYS   A       662  CB   in experiments:DSS
  207  LYS   A       111  CB    LYS   A       673  CB   in experiments:DSS
  208  LYS   A       111  CB    LYS   A       674  CB   in experiments:DSS
  209  LYS   A       111  CB    LYS   A       696  CB   in experiments:DSS
  210  LYS   A       111  CB    LYS   A       703  CB   in experiments:DSS
  211  LYS   A       111  CB    LYS   A       709  CB   in experiments:DSS
  212  LYS   A       111  CB    LYS   A       712  CB   in experiments:DSS
  213  LYS   A       111  CB    LYS   A       749  CB   in experiments:DSS
  214  LYS   A       117  CB    LYS   A       201  CB   in experiments:DSS
  215  LYS   A       117  CB    LYS   A       206  CB   in experiments:DSS
  216  LYS   A       117  CB    LYS   A       218  CB   in experiments:DSS
  217  LYS   A       117  CB    LYS   A       278  CB   in experiments:DSS
  218  LYS   A       117  CB    LYS   A       282  CB   in experiments:DSS
  219  LYS   A       117  CB    LYS   A       374  CB   in experiments:DSS
  220  LYS   A       117  CB    LYS   A       382  CB   in experiments:DSS
  221  LYS   A       117  CB    LYS   A       384  CB   in experiments:DSS
  222  LYS   A       117  CB    LYS   A       431  CB   in experiments:DSS
  223  LYS   A       117  CB    LYS   A       434  CB   in experiments:DSS
  224  LYS   A       117  CB    LYS   A       435  CB   in experiments:DSS
  225  LYS   A       117  CB    LYS   A       438  CB   in experiments:DSS
  226  LYS   A       117  CB    LYS   A       479  CB   in experiments:DSS
  227  LYS   A       117  CB    LYS   A       490  CB   in experiments:DSS
  228  LYS   A       117  CB    LYS   A       493  CB   in experiments:DSS
  229  LYS   A       117  CB    LYS   A       494  CB   in experiments:DSS
  230  LYS   A       117  CB    LYS   A       496  CB   in experiments:DSS
  231  LYS   A       117  CB    LYS   A       522  CB   in experiments:DSS
  232  LYS   A       117  CB    LYS   A       546  CB   in experiments:DSS
  233  LYS   A       117  CB    LYS   A       550  CB   in experiments:DSS
  234  LYS   A       117  CB    LYS   A       562  CB   in experiments:DSS
  235  LYS   A       117  CB    LYS   A       564  CB   in experiments:DSS
  236  LYS   A       117  CB    LYS   A       578  CB   in experiments:DSS
  237  LYS   A       117  CB    LYS   A       601  CB   in experiments:DSS
  238  LYS   A       117  CB    LYS   A       662  CB   in experiments:DSS
  239  LYS   A       117  CB    LYS   A       673  CB   in experiments:DSS
  240  LYS   A       117  CB    LYS   A       674  CB   in experiments:DSS
  241  LYS   A       117  CB    LYS   A       696  CB   in experiments:DSS
  242  LYS   A       117  CB    LYS   A       703  CB   in experiments:DSS
  243  LYS   A       117  CB    LYS   A       709  CB   in experiments:DSS
  244  LYS   A       117  CB    LYS   A       712  CB   in experiments:DSS
  245  LYS   A       117  CB    LYS   A       749  CB   in experiments:DSS
  246  LYS   A       201  CB    LYS   A       206  CB   in experiments:DSS
  247  LYS   A       201  CB    LYS   A       218  CB   in experiments:DSS
  248  LYS   A       201  CB    LYS   A       278  CB   in experiments:DSS
  249  LYS   A       201  CB    LYS   A       282  CB   in experiments:DSS
  250  LYS   A       201  CB    LYS   A       374  CB   in experiments:DSS
  251  LYS   A       201  CB    LYS   A       382  CB   in experiments:DSS
  252  LYS   A       201  CB    LYS   A       384  CB   in experiments:DSS
  253  LYS   A       201  CB    LYS   A       431  CB   in experiments:DSS
  254  LYS   A       201  CB    LYS   A       434  CB   in experiments:DSS
  255  LYS   A       201  CB    LYS   A       435  CB   in experiments:DSS
  256  LYS   A       201  CB    LYS   A       438  CB   in experiments:DSS
  257  LYS   A       201  CB    LYS   A       479  CB   in experiments:DSS
  258  LYS   A       201  CB    LYS   A       490  CB   in experiments:DSS
  259  LYS   A       201  CB    LYS   A       493  CB   in experiments:DSS
  260  LYS   A       201  CB    LYS   A       494  CB   in experiments:DSS
  261  LYS   A       201  CB    LYS   A       496  CB   in experiments:DSS
  262  LYS   A       201  CB    LYS   A       522  CB   in experiments:DSS
  263  LYS   A       201  CB    LYS   A       546  CB   in experiments:DSS
  264  LYS   A       201  CB    LYS   A       550  CB   in experiments:DSS
  265  LYS   A       201  CB    LYS   A       562  CB   in experiments:DSS
  266  LYS   A       201  CB    LYS   A       564  CB   in experiments:DSS
  267  LYS   A       201  CB    LYS   A       578  CB   in experiments:DSS
  268  LYS   A       201  CB    LYS   A       601  CB   in experiments:DSS
  269  LYS   A       201  CB    LYS   A       662  CB   in experiments:DSS
  270  LYS   A       201  CB    LYS   A       673  CB   in experiments:DSS
  271  LYS   A       201  CB    LYS   A       674  CB   in experiments:DSS
  272  LYS   A       201  CB    LYS   A       696  CB   in experiments:DSS
  273  LYS   A       201  CB    LYS   A       703  CB   in experiments:DSS
  274  LYS   A       201  CB    LYS   A       709  CB   in experiments:DSS
  275  LYS   A       201  CB    LYS   A       712  CB   in experiments:DSS
  276  LYS   A       201  CB    LYS   A       749  CB   in experiments:DSS
  277  LYS   A       206  CB    LYS   A       218  CB   in experiments:DSS
  278  LYS   A       206  CB    LYS   A       278  CB   in experiments:DSS
  279  LYS   A       206  CB    LYS   A       282  CB   in experiments:DSS
  280  LYS   A       206  CB    LYS   A       374  CB   in experiments:DSS
  281  LYS   A       206  CB    LYS   A       382  CB   in experiments:DSS
  282  LYS   A       206  CB    LYS   A       384  CB   in experiments:DSS
  283  LYS   A       206  CB    LYS   A       431  CB   in experiments:DSS
  284  LYS   A       206  CB    LYS   A       434  CB   in experiments:DSS
  285  LYS   A       206  CB    LYS   A       435  CB   in experiments:DSS
  286  LYS   A       206  CB    LYS   A       438  CB   in experiments:DSS
  287  LYS   A       206  CB    LYS   A       479  CB   in experiments:DSS
  288  LYS   A       206  CB    LYS   A       490  CB   in experiments:DSS
  289  LYS   A       206  CB    LYS   A       493  CB   in experiments:DSS
  290  LYS   A       206  CB    LYS   A       494  CB   in experiments:DSS
  291  LYS   A       206  CB    LYS   A       496  CB   in experiments:DSS
  292  LYS   A       206  CB    LYS   A       522  CB   in experiments:DSS
  293  LYS   A       206  CB    LYS   A       546  CB   in experiments:DSS
  294  LYS   A       206  CB    LYS   A       550  CB   in experiments:DSS
  295  LYS   A       206  CB    LYS   A       562  CB   in experiments:DSS
  296  LYS   A       206  CB    LYS   A       564  CB   in experiments:DSS
  297  LYS   A       206  CB    LYS   A       578  CB   in experiments:DSS
  298  LYS   A       206  CB    LYS   A       601  CB   in experiments:DSS
  299  LYS   A       206  CB    LYS   A       662  CB   in experiments:DSS
  300  LYS   A       206  CB    LYS   A       673  CB   in experiments:DSS
  301  LYS   A       206  CB    LYS   A       674  CB   in experiments:DSS
  302  LYS   A       206  CB    LYS   A       696  CB   in experiments:DSS
  303  LYS   A       206  CB    LYS   A       703  CB   in experiments:DSS
  304  LYS   A       206  CB    LYS   A       709  CB   in experiments:DSS
  305  LYS   A       206  CB    LYS   A       712  CB   in experiments:DSS
  306  LYS   A       206  CB    LYS   A       749  CB   in experiments:DSS
  307  LYS   A       218  CB    LYS   A       278  CB   in experiments:DSS
  308  LYS   A       218  CB    LYS   A       282  CB   in experiments:DSS
  309  LYS   A       218  CB    LYS   A       374  CB   in experiments:DSS
  310  LYS   A       218  CB    LYS   A       382  CB   in experiments:DSS
  311  LYS   A       218  CB    LYS   A       384  CB   in experiments:DSS
  312  LYS   A       218  CB    LYS   A       431  CB   in experiments:DSS
  313  LYS   A       218  CB    LYS   A       434  CB   in experiments:DSS
  314  LYS   A       218  CB    LYS   A       435  CB   in experiments:DSS
  315  LYS   A       218  CB    LYS   A       438  CB   in experiments:DSS
  316  LYS   A       218  CB    LYS   A       479  CB   in experiments:DSS
  317  LYS   A       218  CB    LYS   A       490  CB   in experiments:DSS
  318  LYS   A       218  CB    LYS   A       493  CB   in experiments:DSS
  319  LYS   A       218  CB    LYS   A       494  CB   in experiments:DSS
  320  LYS   A       218  CB    LYS   A       496  CB   in experiments:DSS
  321  LYS   A       218  CB    LYS   A       522  CB   in experiments:DSS
  322  LYS   A       218  CB    LYS   A       546  CB   in experiments:DSS
  323  LYS   A       218  CB    LYS   A       550  CB   in experiments:DSS
  324  LYS   A       218  CB    LYS   A       562  CB   in experiments:DSS
  325  LYS   A       218  CB    LYS   A       564  CB   in experiments:DSS
  326  LYS   A       218  CB    LYS   A       578  CB   in experiments:DSS
  327  LYS   A       218  CB    LYS   A       601  CB   in experiments:DSS
  328  LYS   A       218  CB    LYS   A       662  CB   in experiments:DSS
  329  LYS   A       218  CB    LYS   A       673  CB   in experiments:DSS
  330  LYS   A       218  CB    LYS   A       674  CB   in experiments:DSS
  331  LYS   A       218  CB    LYS   A       696  CB   in experiments:DSS
  332  LYS   A       218  CB    LYS   A       703  CB   in experiments:DSS
  333  LYS   A       218  CB    LYS   A       709  CB   in experiments:DSS
  334  LYS   A       218  CB    LYS   A       712  CB   in experiments:DSS
  335  LYS   A       218  CB    LYS   A       749  CB   in experiments:DSS
  336  LYS   A       278  CB    LYS   A       282  CB   in experiments:DSS
  337  LYS   A       278  CB    LYS   A       374  CB   in experiments:DSS
  338  LYS   A       278  CB    LYS   A       382  CB   in experiments:DSS
  339  LYS   A       278  CB    LYS   A       384  CB   in experiments:DSS
  340  LYS   A       278  CB    LYS   A       431  CB   in experiments:DSS
  341  LYS   A       278  CB    LYS   A       434  CB   in experiments:DSS
  342  LYS   A       278  CB    LYS   A       435  CB   in experiments:DSS
  343  LYS   A       278  CB    LYS   A       438  CB   in experiments:DSS
  344  LYS   A       278  CB    LYS   A       479  CB   in experiments:DSS
  345  LYS   A       278  CB    LYS   A       490  CB   in experiments:DSS
  346  LYS   A       278  CB    LYS   A       493  CB   in experiments:DSS
  347  LYS   A       278  CB    LYS   A       494  CB   in experiments:DSS
  348  LYS   A       278  CB    LYS   A       496  CB   in experiments:DSS
  349  LYS   A       278  CB    LYS   A       522  CB   in experiments:DSS
  350  LYS   A       278  CB    LYS   A       546  CB   in experiments:DSS
  351  LYS   A       278  CB    LYS   A       550  CB   in experiments:DSS
  352  LYS   A       278  CB    LYS   A       562  CB   in experiments:DSS
  353  LYS   A       278  CB    LYS   A       564  CB   in experiments:DSS
  354  LYS   A       278  CB    LYS   A       578  CB   in experiments:DSS
  355  LYS   A       278  CB    LYS   A       601  CB   in experiments:DSS
  356  LYS   A       278  CB    LYS   A       662  CB   in experiments:DSS
  357  LYS   A       278  CB    LYS   A       673  CB   in experiments:DSS
  358  LYS   A       278  CB    LYS   A       674  CB   in experiments:DSS
  359  LYS   A       278  CB    LYS   A       696  CB   in experiments:DSS
  360  LYS   A       278  CB    LYS   A       703  CB   in experiments:DSS
  361  LYS   A       278  CB    LYS   A       709  CB   in experiments:DSS
  362  LYS   A       278  CB    LYS   A       712  CB   in experiments:DSS
  363  LYS   A       278  CB    LYS   A       749  CB   in experiments:DSS
  364  LYS   A       282  CB    LYS   A       374  CB   in experiments:DSS
  365  LYS   A       282  CB    LYS   A       382  CB   in experiments:DSS
  366  LYS   A       282  CB    LYS   A       384  CB   in experiments:DSS
  367  LYS   A       282  CB    LYS   A       431  CB   in experiments:DSS
  368  LYS   A       282  CB    LYS   A       434  CB   in experiments:DSS
  369  LYS   A       282  CB    LYS   A       435  CB   in experiments:DSS
  370  LYS   A       282  CB    LYS   A       438  CB   in experiments:DSS
  371  LYS   A       282  CB    LYS   A       479  CB   in experiments:DSS
  372  LYS   A       282  CB    LYS   A       490  CB   in experiments:DSS
  373  LYS   A       282  CB    LYS   A       493  CB   in experiments:DSS
  374  LYS   A       282  CB    LYS   A       494  CB   in experiments:DSS
  375  LYS   A       282  CB    LYS   A       496  CB   in experiments:DSS
  376  LYS   A       282  CB    LYS   A       522  CB   in experiments:DSS
  377  LYS   A       282  CB    LYS   A       546  CB   in experiments:DSS
  378  LYS   A       282  CB    LYS   A       550  CB   in experiments:DSS
  379  LYS   A       282  CB    LYS   A       562  CB   in experiments:DSS
  380  LYS   A       282  CB    LYS   A       564  CB   in experiments:DSS
  381  LYS   A       282  CB    LYS   A       578  CB   in experiments:DSS
  382  LYS   A       282  CB    LYS   A       601  CB   in experiments:DSS
  383  LYS   A       282  CB    LYS   A       662  CB   in experiments:DSS
  384  LYS   A       282  CB    LYS   A       673  CB   in experiments:DSS
  385  LYS   A       282  CB    LYS   A       674  CB   in experiments:DSS
  386  LYS   A       282  CB    LYS   A       696  CB   in experiments:DSS
  387  LYS   A       282  CB    LYS   A       703  CB   in experiments:DSS
  388  LYS   A       282  CB    LYS   A       709  CB   in experiments:DSS
  389  LYS   A       282  CB    LYS   A       712  CB   in experiments:DSS
  390  LYS   A       282  CB    LYS   A       749  CB   in experiments:DSS
  391  LYS   A       374  CB    LYS   A       382  CB   in experiments:DSS
  392  LYS   A       374  CB    LYS   A       384  CB   in experiments:DSS
  393  LYS   A       374  CB    LYS   A       431  CB   in experiments:DSS
  394  LYS   A       374  CB    LYS   A       434  CB   in experiments:DSS
  395  LYS   A       374  CB    LYS   A       435  CB   in experiments:DSS
  396  LYS   A       374  CB    LYS   A       438  CB   in experiments:DSS
  397  LYS   A       374  CB    LYS   A       479  CB   in experiments:DSS
  398  LYS   A       374  CB    LYS   A       490  CB   in experiments:DSS
  399  LYS   A       374  CB    LYS   A       493  CB   in experiments:DSS
  400  LYS   A       374  CB    LYS   A       494  CB   in experiments:DSS
  401  LYS   A       374  CB    LYS   A       496  CB   in experiments:DSS
  402  LYS   A       374  CB    LYS   A       522  CB   in experiments:DSS
  403  LYS   A       374  CB    LYS   A       546  CB   in experiments:DSS
  404  LYS   A       374  CB    LYS   A       550  CB   in experiments:DSS
  405  LYS   A       374  CB    LYS   A       562  CB   in experiments:DSS
  406  LYS   A       374  CB    LYS   A       564  CB   in experiments:DSS
  407  LYS   A       374  CB    LYS   A       578  CB   in experiments:DSS
  408  LYS   A       374  CB    LYS   A       601  CB   in experiments:DSS
  409  LYS   A       374  CB    LYS   A       662  CB   in experiments:DSS
  410  LYS   A       374  CB    LYS   A       673  CB   in experiments:DSS
  411  LYS   A       374  CB    LYS   A       674  CB   in experiments:DSS
  412  LYS   A       374  CB    LYS   A       696  CB   in experiments:DSS
  413  LYS   A       374  CB    LYS   A       703  CB   in experiments:DSS
  414  LYS   A       374  CB    LYS   A       709  CB   in experiments:DSS
  415  LYS   A       374  CB    LYS   A       712  CB   in experiments:DSS
  416  LYS   A       374  CB    LYS   A       749  CB   in experiments:DSS
  417  LYS   A       382  CB    LYS   A       384  CB   in experiments:DSS
  418  LYS   A       382  CB    LYS   A       431  CB   in experiments:DSS
  419  LYS   A       382  CB    LYS   A       434  CB   in experiments:DSS
  420  LYS   A       382  CB    LYS   A       435  CB   in experiments:DSS
  421  LYS   A       382  CB    LYS   A       438  CB   in experiments:DSS
  422  LYS   A       382  CB    LYS   A       479  CB   in experiments:DSS
  423  LYS   A       382  CB    LYS   A       490  CB   in experiments:DSS
  424  LYS   A       382  CB    LYS   A       493  CB   in experiments:DSS
  425  LYS   A       382  CB    LYS   A       494  CB   in experiments:DSS
  426  LYS   A       382  CB    LYS   A       496  CB   in experiments:DSS
  427  LYS   A       382  CB    LYS   A       522  CB   in experiments:DSS
  428  LYS   A       382  CB    LYS   A       546  CB   in experiments:DSS
  429  LYS   A       382  CB    LYS   A       550  CB   in experiments:DSS
  430  LYS   A       382  CB    LYS   A       562  CB   in experiments:DSS
  431  LYS   A       382  CB    LYS   A       564  CB   in experiments:DSS
  432  LYS   A       382  CB    LYS   A       578  CB   in experiments:DSS
  433  LYS   A       382  CB    LYS   A       601  CB   in experiments:DSS
  434  LYS   A       382  CB    LYS   A       662  CB   in experiments:DSS
  435  LYS   A       382  CB    LYS   A       673  CB   in experiments:DSS
  436  LYS   A       382  CB    LYS   A       674  CB   in experiments:DSS
  437  LYS   A       382  CB    LYS   A       696  CB   in experiments:DSS
  438  LYS   A       382  CB    LYS   A       703  CB   in experiments:DSS
  439  LYS   A       382  CB    LYS   A       709  CB   in experiments:DSS
  440  LYS   A       382  CB    LYS   A       712  CB   in experiments:DSS
  441  LYS   A       382  CB    LYS   A       749  CB   in experiments:DSS
  442  LYS   A       384  CB    LYS   A       431  CB   in experiments:DSS
  443  LYS   A       384  CB    LYS   A       434  CB   in experiments:DSS
  444  LYS   A       384  CB    LYS   A       435  CB   in experiments:DSS
  445  LYS   A       384  CB    LYS   A       438  CB   in experiments:DSS
  446  LYS   A       384  CB    LYS   A       479  CB   in experiments:DSS
  447  LYS   A       384  CB    LYS   A       490  CB   in experiments:DSS
  448  LYS   A       384  CB    LYS   A       493  CB   in experiments:DSS
  449  LYS   A       384  CB    LYS   A       494  CB   in experiments:DSS
  450  LYS   A       384  CB    LYS   A       496  CB   in experiments:DSS
  451  LYS   A       384  CB    LYS   A       522  CB   in experiments:DSS
  452  LYS   A       384  CB    LYS   A       546  CB   in experiments:DSS
  453  LYS   A       384  CB    LYS   A       550  CB   in experiments:DSS
  454  LYS   A       384  CB    LYS   A       562  CB   in experiments:DSS
  455  LYS   A       384  CB    LYS   A       564  CB   in experiments:DSS
  456  LYS   A       384  CB    LYS   A       578  CB   in experiments:DSS
  457  LYS   A       384  CB    LYS   A       601  CB   in experiments:DSS
  458  LYS   A       384  CB    LYS   A       662  CB   in experiments:DSS
  459  LYS   A       384  CB    LYS   A       673  CB   in experiments:DSS
  460  LYS   A       384  CB    LYS   A       674  CB   in experiments:DSS
  461  LYS   A       384  CB    LYS   A       696  CB   in experiments:DSS
  462  LYS   A       384  CB    LYS   A       703  CB   in experiments:DSS
  463  LYS   A       384  CB    LYS   A       709  CB   in experiments:DSS
  464  LYS   A       384  CB    LYS   A       712  CB   in experiments:DSS
  465  LYS   A       384  CB    LYS   A       749  CB   in experiments:DSS
  466  LYS   A       431  CB    LYS   A       434  CB   in experiments:DSS
  467  LYS   A       431  CB    LYS   A       435  CB   in experiments:DSS
  468  LYS   A       431  CB    LYS   A       438  CB   in experiments:DSS
  469  LYS   A       431  CB    LYS   A       479  CB   in experiments:DSS
  470  LYS   A       431  CB    LYS   A       490  CB   in experiments:DSS
  471  LYS   A       431  CB    LYS   A       493  CB   in experiments:DSS
  472  LYS   A       431  CB    LYS   A       494  CB   in experiments:DSS
  473  LYS   A       431  CB    LYS   A       496  CB   in experiments:DSS
  474  LYS   A       431  CB    LYS   A       522  CB   in experiments:DSS
  475  LYS   A       431  CB    LYS   A       546  CB   in experiments:DSS
  476  LYS   A       431  CB    LYS   A       550  CB   in experiments:DSS
  477  LYS   A       431  CB    LYS   A       562  CB   in experiments:DSS
  478  LYS   A       431  CB    LYS   A       564  CB   in experiments:DSS
  479  LYS   A       431  CB    LYS   A       578  CB   in experiments:DSS
  480  LYS   A       431  CB    LYS   A       601  CB   in experiments:DSS
  481  LYS   A       431  CB    LYS   A       662  CB   in experiments:DSS
  482  LYS   A       431  CB    LYS   A       673  CB   in experiments:DSS
  483  LYS   A       431  CB    LYS   A       674  CB   in experiments:DSS
  484  LYS   A       431  CB    LYS   A       696  CB   in experiments:DSS
  485  LYS   A       431  CB    LYS   A       703  CB   in experiments:DSS
  486  LYS   A       431  CB    LYS   A       709  CB   in experiments:DSS
  487  LYS   A       431  CB    LYS   A       712  CB   in experiments:DSS
  488  LYS   A       431  CB    LYS   A       749  CB   in experiments:DSS
  489  LYS   A       434  CB    LYS   A       435  CB   in experiments:DSS
  490  LYS   A       434  CB    LYS   A       438  CB   in experiments:DSS
  491  LYS   A       434  CB    LYS   A       479  CB   in experiments:DSS
  492  LYS   A       434  CB    LYS   A       490  CB   in experiments:DSS
  493  LYS   A       434  CB    LYS   A       493  CB   in experiments:DSS
  494  LYS   A       434  CB    LYS   A       494  CB   in experiments:DSS
  495  LYS   A       434  CB    LYS   A       496  CB   in experiments:DSS
  496  LYS   A       434  CB    LYS   A       522  CB   in experiments:DSS
  497  LYS   A       434  CB    LYS   A       546  CB   in experiments:DSS
  498  LYS   A       434  CB    LYS   A       550  CB   in experiments:DSS
  499  LYS   A       434  CB    LYS   A       562  CB   in experiments:DSS
  500  LYS   A       434  CB    LYS   A       564  CB   in experiments:DSS
  501  LYS   A       434  CB    LYS   A       578  CB   in experiments:DSS
  502  LYS   A       434  CB    LYS   A       601  CB   in experiments:DSS
  503  LYS   A       434  CB    LYS   A       662  CB   in experiments:DSS
  504  LYS   A       434  CB    LYS   A       673  CB   in experiments:DSS
  505  LYS   A       434  CB    LYS   A       674  CB   in experiments:DSS
  506  LYS   A       434  CB    LYS   A       696  CB   in experiments:DSS
  507  LYS   A       434  CB    LYS   A       703  CB   in experiments:DSS
  508  LYS   A       434  CB    LYS   A       709  CB   in experiments:DSS
  509  LYS   A       434  CB    LYS   A       712  CB   in experiments:DSS
  510  LYS   A       434  CB    LYS   A       749  CB   in experiments:DSS
  511  LYS   A       435  CB    LYS   A       438  CB   in experiments:DSS
  512  LYS   A       435  CB    LYS   A       479  CB   in experiments:DSS
  513  LYS   A       435  CB    LYS   A       490  CB   in experiments:DSS
  514  LYS   A       435  CB    LYS   A       493  CB   in experiments:DSS
  515  LYS   A       435  CB    LYS   A       494  CB   in experiments:DSS
  516  LYS   A       435  CB    LYS   A       496  CB   in experiments:DSS
  517  LYS   A       435  CB    LYS   A       522  CB   in experiments:DSS
  518  LYS   A       435  CB    LYS   A       546  CB   in experiments:DSS
  519  LYS   A       435  CB    LYS   A       550  CB   in experiments:DSS
  520  LYS   A       435  CB    LYS   A       562  CB   in experiments:DSS
  521  LYS   A       435  CB    LYS   A       564  CB   in experiments:DSS
  522  LYS   A       435  CB    LYS   A       578  CB   in experiments:DSS
  523  LYS   A       435  CB    LYS   A       601  CB   in experiments:DSS
  524  LYS   A       435  CB    LYS   A       662  CB   in experiments:DSS
  525  LYS   A       435  CB    LYS   A       673  CB   in experiments:DSS
  526  LYS   A       435  CB    LYS   A       674  CB   in experiments:DSS
  527  LYS   A       435  CB    LYS   A       696  CB   in experiments:DSS
  528  LYS   A       435  CB    LYS   A       703  CB   in experiments:DSS
  529  LYS   A       435  CB    LYS   A       709  CB   in experiments:DSS
  530  LYS   A       435  CB    LYS   A       712  CB   in experiments:DSS
  531  LYS   A       435  CB    LYS   A       749  CB   in experiments:DSS
  532  LYS   A       438  CB    LYS   A       479  CB   in experiments:DSS
  533  LYS   A       438  CB    LYS   A       490  CB   in experiments:DSS
  534  LYS   A       438  CB    LYS   A       493  CB   in experiments:DSS
  535  LYS   A       438  CB    LYS   A       494  CB   in experiments:DSS
  536  LYS   A       438  CB    LYS   A       496  CB   in experiments:DSS
  537  LYS   A       438  CB    LYS   A       522  CB   in experiments:DSS
  538  LYS   A       438  CB    LYS   A       546  CB   in experiments:DSS
  539  LYS   A       438  CB    LYS   A       550  CB   in experiments:DSS
  540  LYS   A       438  CB    LYS   A       562  CB   in experiments:DSS
  541  LYS   A       438  CB    LYS   A       564  CB   in experiments:DSS
  542  LYS   A       438  CB    LYS   A       578  CB   in experiments:DSS
  543  LYS   A       438  CB    LYS   A       601  CB   in experiments:DSS
  544  LYS   A       438  CB    LYS   A       662  CB   in experiments:DSS
  545  LYS   A       438  CB    LYS   A       673  CB   in experiments:DSS
  546  LYS   A       438  CB    LYS   A       674  CB   in experiments:DSS
  547  LYS   A       438  CB    LYS   A       696  CB   in experiments:DSS
  548  LYS   A       438  CB    LYS   A       703  CB   in experiments:DSS
  549  LYS   A       438  CB    LYS   A       709  CB   in experiments:DSS
  550  LYS   A       438  CB    LYS   A       712  CB   in experiments:DSS
  551  LYS   A       438  CB    LYS   A       749  CB   in experiments:DSS
  552  LYS   A       479  CB    LYS   A       490  CB   in experiments:DSS
  553  LYS   A       479  CB    LYS   A       493  CB   in experiments:DSS
  554  LYS   A       479  CB    LYS   A       494  CB   in experiments:DSS
  555  LYS   A       479  CB    LYS   A       496  CB   in experiments:DSS
  556  LYS   A       479  CB    LYS   A       522  CB   in experiments:DSS
  557  LYS   A       479  CB    LYS   A       546  CB   in experiments:DSS
  558  LYS   A       479  CB    LYS   A       550  CB   in experiments:DSS
  559  LYS   A       479  CB    LYS   A       562  CB   in experiments:DSS
  560  LYS   A       479  CB    LYS   A       564  CB   in experiments:DSS
  561  LYS   A       479  CB    LYS   A       578  CB   in experiments:DSS
  562  LYS   A       479  CB    LYS   A       601  CB   in experiments:DSS
  563  LYS   A       479  CB    LYS   A       662  CB   in experiments:DSS
  564  LYS   A       479  CB    LYS   A       673  CB   in experiments:DSS
  565  LYS   A       479  CB    LYS   A       674  CB   in experiments:DSS
  566  LYS   A       479  CB    LYS   A       696  CB   in experiments:DSS
  567  LYS   A       479  CB    LYS   A       703  CB   in experiments:DSS
  568  LYS   A       479  CB    LYS   A       709  CB   in experiments:DSS
  569  LYS   A       479  CB    LYS   A       712  CB   in experiments:DSS
  570  LYS   A       479  CB    LYS   A       749  CB   in experiments:DSS
  571  LYS   A       490  CB    LYS   A       493  CB   in experiments:DSS
  572  LYS   A       490  CB    LYS   A       494  CB   in experiments:DSS
  573  LYS   A       490  CB    LYS   A       496  CB   in experiments:DSS
  574  LYS   A       490  CB    LYS   A       522  CB   in experiments:DSS
  575  LYS   A       490  CB    LYS   A       546  CB   in experiments:DSS
  576  LYS   A       490  CB    LYS   A       550  CB   in experiments:DSS
  577  LYS   A       490  CB    LYS   A       562  CB   in experiments:DSS
  578  LYS   A       490  CB    LYS   A       564  CB   in experiments:DSS
  579  LYS   A       490  CB    LYS   A       578  CB   in experiments:DSS
  580  LYS   A       490  CB    LYS   A       601  CB   in experiments:DSS
  581  LYS   A       490  CB    LYS   A       662  CB   in experiments:DSS
  582  LYS   A       490  CB    LYS   A       673  CB   in experiments:DSS
  583  LYS   A       490  CB    LYS   A       674  CB   in experiments:DSS
  584  LYS   A       490  CB    LYS   A       696  CB   in experiments:DSS
  585  LYS   A       490  CB    LYS   A       703  CB   in experiments:DSS
  586  LYS   A       490  CB    LYS   A       709  CB   in experiments:DSS
  587  LYS   A       490  CB    LYS   A       712  CB   in experiments:DSS
  588  LYS   A       490  CB    LYS   A       749  CB   in experiments:DSS
  589  LYS   A       493  CB    LYS   A       494  CB   in experiments:DSS
  590  LYS   A       493  CB    LYS   A       496  CB   in experiments:DSS
  591  LYS   A       493  CB    LYS   A       522  CB   in experiments:DSS
  592  LYS   A       493  CB    LYS   A       546  CB   in experiments:DSS
  593  LYS   A       493  CB    LYS   A       550  CB   in experiments:DSS
  594  LYS   A       493  CB    LYS   A       562  CB   in experiments:DSS
  595  LYS   A       493  CB    LYS   A       564  CB   in experiments:DSS
  596  LYS   A       493  CB    LYS   A       578  CB   in experiments:DSS
  597  LYS   A       493  CB    LYS   A       601  CB   in experiments:DSS
  598  LYS   A       493  CB    LYS   A       662  CB   in experiments:DSS
  599  LYS   A       493  CB    LYS   A       673  CB   in experiments:DSS
  600  LYS   A       493  CB    LYS   A       674  CB   in experiments:DSS
  601  LYS   A       493  CB    LYS   A       696  CB   in experiments:DSS
  602  LYS   A       493  CB    LYS   A       703  CB   in experiments:DSS
  603  LYS   A       493  CB    LYS   A       709  CB   in experiments:DSS
  604  LYS   A       493  CB    LYS   A       712  CB   in experiments:DSS
  605  LYS   A       493  CB    LYS   A       749  CB   in experiments:DSS
  606  LYS   A       494  CB    LYS   A       496  CB   in experiments:DSS
  607  LYS   A       494  CB    LYS   A       522  CB   in experiments:DSS
  608  LYS   A       494  CB    LYS   A       546  CB   in experiments:DSS
  609  LYS   A       494  CB    LYS   A       550  CB   in experiments:DSS
  610  LYS   A       494  CB    LYS   A       562  CB   in experiments:DSS
  611  LYS   A       494  CB    LYS   A       564  CB   in experiments:DSS
  612  LYS   A       494  CB    LYS   A       578  CB   in experiments:DSS
  613  LYS   A       494  CB    LYS   A       601  CB   in experiments:DSS
  614  LYS   A       494  CB    LYS   A       662  CB   in experiments:DSS
  615  LYS   A       494  CB    LYS   A       673  CB   in experiments:DSS
  616  LYS   A       494  CB    LYS   A       674  CB   in experiments:DSS
  617  LYS   A       494  CB    LYS   A       696  CB   in experiments:DSS
  618  LYS   A       494  CB    LYS   A       703  CB   in experiments:DSS
  619  LYS   A       494  CB    LYS   A       709  CB   in experiments:DSS
  620  LYS   A       494  CB    LYS   A       712  CB   in experiments:DSS
  621  LYS   A       494  CB    LYS   A       749  CB   in experiments:DSS
  622  LYS   A       496  CB    LYS   A       522  CB   in experiments:DSS
  623  LYS   A       496  CB    LYS   A       546  CB   in experiments:DSS
  624  LYS   A       496  CB    LYS   A       550  CB   in experiments:DSS
  625  LYS   A       496  CB    LYS   A       562  CB   in experiments:DSS
  626  LYS   A       496  CB    LYS   A       564  CB   in experiments:DSS
  627  LYS   A       496  CB    LYS   A       578  CB   in experiments:DSS
  628  LYS   A       496  CB    LYS   A       601  CB   in experiments:DSS
  629  LYS   A       496  CB    LYS   A       662  CB   in experiments:DSS
  630  LYS   A       496  CB    LYS   A       673  CB   in experiments:DSS
  631  LYS   A       496  CB    LYS   A       674  CB   in experiments:DSS
  632  LYS   A       496  CB    LYS   A       696  CB   in experiments:DSS
  633  LYS   A       496  CB    LYS   A       703  CB   in experiments:DSS
  634  LYS   A       496  CB    LYS   A       709  CB   in experiments:DSS
  635  LYS   A       496  CB    LYS   A       712  CB   in experiments:DSS
  636  LYS   A       496  CB    LYS   A       749  CB   in experiments:DSS
  637  LYS   A       522  CB    LYS   A       546  CB   in experiments:DSS
  638  LYS   A       522  CB    LYS   A       550  CB   in experiments:DSS
  639  LYS   A       522  CB    LYS   A       562  CB   in experiments:DSS
  640  LYS   A       522  CB    LYS   A       564  CB   in experiments:DSS
  641  LYS   A       522  CB    LYS   A       578  CB   in experiments:DSS
  642  LYS   A       522  CB    LYS   A       601  CB   in experiments:DSS
  643  LYS   A       522  CB    LYS   A       662  CB   in experiments:DSS
  644  LYS   A       522  CB    LYS   A       673  CB   in experiments:DSS
  645  LYS   A       522  CB    LYS   A       674  CB   in experiments:DSS
  646  LYS   A       522  CB    LYS   A       696  CB   in experiments:DSS
  647  LYS   A       522  CB    LYS   A       703  CB   in experiments:DSS
  648  LYS   A       522  CB    LYS   A       709  CB   in experiments:DSS
  649  LYS   A       522  CB    LYS   A       712  CB   in experiments:DSS
  650  LYS   A       522  CB    LYS   A       749  CB   in experiments:DSS
  651  LYS   A       546  CB    LYS   A       550  CB   in experiments:DSS
  652  LYS   A       546  CB    LYS   A       562  CB   in experiments:DSS
  653  LYS   A       546  CB    LYS   A       564  CB   in experiments:DSS
  654  LYS   A       546  CB    LYS   A       578  CB   in experiments:DSS
  655  LYS   A       546  CB    LYS   A       601  CB   in experiments:DSS
  656  LYS   A       546  CB    LYS   A       662  CB   in experiments:DSS
  657  LYS   A       546  CB    LYS   A       673  CB   in experiments:DSS
  658  LYS   A       546  CB    LYS   A       674  CB   in experiments:DSS
  659  LYS   A       546  CB    LYS   A       696  CB   in experiments:DSS
  660  LYS   A       546  CB    LYS   A       703  CB   in experiments:DSS
  661  LYS   A       546  CB    LYS   A       709  CB   in experiments:DSS
  662  LYS   A       546  CB    LYS   A       712  CB   in experiments:DSS
  663  LYS   A       546  CB    LYS   A       749  CB   in experiments:DSS
  664  LYS   A       550  CB    LYS   A       562  CB   in experiments:DSS
  665  LYS   A       550  CB    LYS   A       564  CB   in experiments:DSS
  666  LYS   A       550  CB    LYS   A       578  CB   in experiments:DSS
  667  LYS   A       550  CB    LYS   A       601  CB   in experiments:DSS
  668  LYS   A       550  CB    LYS   A       662  CB   in experiments:DSS
  669  LYS   A       550  CB    LYS   A       673  CB   in experiments:DSS
  670  LYS   A       550  CB    LYS   A       674  CB   in experiments:DSS
  671  LYS   A       550  CB    LYS   A       696  CB   in experiments:DSS
  672  LYS   A       550  CB    LYS   A       703  CB   in experiments:DSS
  673  LYS   A       550  CB    LYS   A       709  CB   in experiments:DSS
  674  LYS   A       550  CB    LYS   A       712  CB   in experiments:DSS
  675  LYS   A       550  CB    LYS   A       749  CB   in experiments:DSS
  676  LYS   A       562  CB    LYS   A       564  CB   in experiments:DSS
  677  LYS   A       562  CB    LYS   A       578  CB   in experiments:DSS
  678  LYS   A       562  CB    LYS   A       601  CB   in experiments:DSS
  679  LYS   A       562  CB    LYS   A       662  CB   in experiments:DSS
  680  LYS   A       562  CB    LYS   A       673  CB   in experiments:DSS
  681  LYS   A       562  CB    LYS   A       674  CB   in experiments:DSS
  682  LYS   A       562  CB    LYS   A       696  CB   in experiments:DSS
  683  LYS   A       562  CB    LYS   A       703  CB   in experiments:DSS
  684  LYS   A       562  CB    LYS   A       709  CB   in experiments:DSS
  685  LYS   A       562  CB    LYS   A       712  CB   in experiments:DSS
  686  LYS   A       562  CB    LYS   A       749  CB   in experiments:DSS
  687  LYS   A       564  CB    LYS   A       578  CB   in experiments:DSS
  688  LYS   A       564  CB    LYS   A       601  CB   in experiments:DSS
  689  LYS   A       564  CB    LYS   A       662  CB   in experiments:DSS
  690  LYS   A       564  CB    LYS   A       673  CB   in experiments:DSS
  691  LYS   A       564  CB    LYS   A       674  CB   in experiments:DSS
  692  LYS   A       564  CB    LYS   A       696  CB   in experiments:DSS
  693  LYS   A       564  CB    LYS   A       703  CB   in experiments:DSS
  694  LYS   A       564  CB    LYS   A       709  CB   in experiments:DSS
  695  LYS   A       564  CB    LYS   A       712  CB   in experiments:DSS
  696  LYS   A       564  CB    LYS   A       749  CB   in experiments:DSS
  697  LYS   A       578  CB    LYS   A       601  CB   in experiments:DSS
  698  LYS   A       578  CB    LYS   A       662  CB   in experiments:DSS
  699  LYS   A       578  CB    LYS   A       673  CB   in experiments:DSS
  700  LYS   A       578  CB    LYS   A       674  CB   in experiments:DSS
  701  LYS   A       578  CB    LYS   A       696  CB   in experiments:DSS
  702  LYS   A       578  CB    LYS   A       703  CB   in experiments:DSS
  703  LYS   A       578  CB    LYS   A       709  CB   in experiments:DSS
  704  LYS   A       578  CB    LYS   A       712  CB   in experiments:DSS
  705  LYS   A       578  CB    LYS   A       749  CB   in experiments:DSS
  706  LYS   A       601  CB    LYS   A       662  CB   in experiments:DSS
  707  LYS   A       601  CB    LYS   A       673  CB   in experiments:DSS
  708  LYS   A       601  CB    LYS   A       674  CB   in experiments:DSS
  709  LYS   A       601  CB    LYS   A       696  CB   in experiments:DSS
  710  LYS   A       601  CB    LYS   A       703  CB   in experiments:DSS
  711  LYS   A       601  CB    LYS   A       709  CB   in experiments:DSS
  712  LYS   A       601  CB    LYS   A       712  CB   in experiments:DSS
  713  LYS   A       601  CB    LYS   A       749  CB   in experiments:DSS
  714  LYS   A       662  CB    LYS   A       673  CB   in experiments:DSS
  715  LYS   A       662  CB    LYS   A       674  CB   in experiments:DSS
  716  LYS   A       662  CB    LYS   A       696  CB   in experiments:DSS
  717  LYS   A       662  CB    LYS   A       703  CB   in experiments:DSS
  718  LYS   A       662  CB    LYS   A       709  CB   in experiments:DSS
  719  LYS   A       662  CB    LYS   A       712  CB   in experiments:DSS
  720  LYS   A       662  CB    LYS   A       749  CB   in experiments:DSS
  721  LYS   A       673  CB    LYS   A       674  CB   in experiments:DSS
  722  LYS   A       673  CB    LYS   A       696  CB   in experiments:DSS
  723  LYS   A       673  CB    LYS   A       703  CB   in experiments:DSS
  724  LYS   A       673  CB    LYS   A       709  CB   in experiments:DSS
  725  LYS   A       673  CB    LYS   A       712  CB   in experiments:DSS
  726  LYS   A       673  CB    LYS   A       749  CB   in experiments:DSS
  727  LYS   A       674  CB    LYS   A       696  CB   in experiments:DSS
  728  LYS   A       674  CB    LYS   A       703  CB   in experiments:DSS
  729  LYS   A       674  CB    LYS   A       709  CB   in experiments:DSS
  730  LYS   A       674  CB    LYS   A       712  CB   in experiments:DSS
  731  LYS   A       674  CB    LYS   A       749  CB   in experiments:DSS
  732  LYS   A       696  CB    LYS   A       703  CB   in experiments:DSS
  733  LYS   A       696  CB    LYS   A       709  CB   in experiments:DSS
  734  LYS   A       696  CB    LYS   A       712  CB   in experiments:DSS
  735  LYS   A       696  CB    LYS   A       749  CB   in experiments:DSS
  736  LYS   A       703  CB    LYS   A       709  CB   in experiments:DSS
  737  LYS   A       703  CB    LYS   A       712  CB   in experiments:DSS
  738  LYS   A       703  CB    LYS   A       749  CB   in experiments:DSS
  739  LYS   A       709  CB    LYS   A       712  CB   in experiments:DSS
  740  LYS   A       709  CB    LYS   A       749  CB   in experiments:DSS
  741  LYS   A       712  CB    LYS   A       749  CB   in experiments:DSS
  
  Number of atoms accessible to solvent:         3593
  Number of residues accessible to solvent:          753
  
  -------------------------------------------------------------------------------------------------------------------------
  >     RESIDUE1   ATOM1 RESIDUE2   ATOM2 EUCLDIST  TOPODIST OBSERVED    DMIN      DMAX        RESULT  OBSRES REACRES RA AA
  -------------------------------------------------------------------------------------------------------------------------
  LINK: LYS  A    4 CB   LYS  A   23 CB     17.076    17.490   YES      0.000    35.000     OK: FOUND    1/ 1    1/ 1 YY YY
  LINK: LYS  A    4 CB   LYS  A   41 CB     23.003    24.992   YES      0.000    35.000     OK: FOUND    1/ 1    1/ 1 YY YY
  LINK: LYS  A    4 CB   LYS  A  117 CB     38.692    41.227   YES      0.000    35.000     BAD: LONG    0/ 1    0/ 1 YY YY
  LINK: LYS  A    4 CB   LYS  A  278 CB     24.050    27.354   YES      0.000    35.000     OK: FOUND    1/ 1    1/ 1 YY YY
  LINK: LYS  A    4 CB   LYS  A  522 CB     19.188    20.023   YES      0.000    35.000     OK: FOUND    1/ 1    1/ 1 YY YY
  LINK: LYS  A   23 CB   LYS  A   30 CB     11.527    12.291   YES      0.000    35.000     OK: FOUND    1/ 1    1/ 1 YY YY
  LINK: LYS  A   23 CB   LYS  A  117 CB     46.801    50.845   YES      0.000    35.000     BAD: LONG    0/ 1    0/ 1 YY YY
  LINK: LYS  A   23 CB   LYS  A  278 CB     29.123    35.548   YES      0.000    35.000     BAD: LONG    0/ 1    0/ 1 YY YY
  LINK: LYS  A   23 CB   LYS  A  522 CB     29.153    29.231   YES      0.000    35.000     OK: FOUND    1/ 1    1/ 1 YY YY
  LINK: LYS  A   23 CB   LYS  A  662 CB     42.798    52.293   YES      0.000    35.000     BAD: LONG    0/ 1    0/ 1 YY YY
  LINK: LYS  A   30 CB   LYS  A  712 CB     43.528    45.043   YES      0.000    35.000     BAD: LONG    0/ 1    0/ 1 YY YY
  LINK: LYS  A   59 CB   LYS  A  117 CB     48.871   >70.000   YES      0.000    35.000     BAD: EUCL    0/ 1    0/ 1 YY YY
  LINK: LYS  A   59 CB   LYS  A  201 CB     10.353    11.703   YES      0.000    35.000     OK: FOUND    1/ 1    1/ 1 YY YY
  LINK: LYS  A   59 CB   LYS  A  662 CB     20.737    21.288   YES      0.000    35.000     OK: FOUND    1/ 1    1/ 1 YY YY
  LINK: LYS  A   59 CB   LYS  A  709 CB     15.546    16.346   YES      0.000    35.000     OK: FOUND    1/ 1    1/ 1 YY YY
  LINK: LYS  A   59 CB   LYS  A  712 CB     23.856    25.385   YES      0.000    35.000     OK: FOUND    1/ 1    1/ 1 YY YY
  LINK: LYS  A  111 CB   LYS  A  117 CB     11.277    14.716   YES      0.000    35.000     OK: FOUND    1/ 1    1/ 1 YY YY
  LINK: LYS  A  111 CB   LYS  A  431 CB     16.172    16.706   YES      0.000    35.000     OK: FOUND    1/ 1    1/ 1 YY YY
  LINK: LYS  A  111 CB   LYS  A  490 CB     31.530    31.627   YES      0.000    35.000     OK: FOUND    1/ 1    1/ 1 YY YY
  LINK: LYS  A  117 CB   LYS  A  218 CB     32.540    48.776   YES      0.000    35.000     BAD: LONG    0/ 1    0/ 1 YY YY
  LINK: LYS  A  117 CB   LYS  A  522 CB     25.704    27.620   YES      0.000    35.000     OK: FOUND    1/ 1    1/ 1 YY YY
  LINK: LYS  A  117 CB   LYS  A  712 CB     55.115   >70.000   YES      0.000    35.000     BAD: EUCL    0/ 1    0/ 1 YY YY
  LINK: LYS  A  201 CB   LYS  A  712 CB     30.091    32.127   YES      0.000    35.000     OK: FOUND    1/ 1    1/ 1 YY YY
  LINK: LYS  A  206 CB   LYS  A  278 CB     23.056    26.863   YES      0.000    35.000     OK: FOUND    1/ 1    1/ 1 YY YY
  LINK: LYS  A  218 CB   LYS  A  282 CB     21.983    22.156   YES      0.000    35.000     OK: FOUND    1/ 1    1/ 1 YY YY
  LINK: LYS  A  218 CB   LYS  A  374 CB     21.145    25.463   YES      0.000    35.000     OK: FOUND    1/ 1    1/ 1 YY YY
  LINK: LYS  A  218 CB   LYS  A  522 CB     40.698    43.066   YES      0.000    35.000     BAD: LONG    0/ 1    0/ 1 YY YY
  LINK: LYS  A  278 CB   LYS  A  374 CB     26.140    27.259   YES      0.000    35.000     OK: FOUND    1/ 1    1/ 1 YY YY
  LINK: LYS  A  278 CB   LYS  A  496 CB     33.153    34.004   YES      0.000    35.000     OK: FOUND    1/ 1    1/ 1 YY YY
  LINK: LYS  A  278 CB   LYS  A  522 CB     33.503    37.421   YES      0.000    35.000     BAD: LONG    0/ 1    0/ 1 YY YY
  LINK: LYS  A  282 CB   LYS  A  374 CB     24.594    25.686   YES      0.000    35.000     OK: FOUND    1/ 1    1/ 1 YY YY
  LINK: LYS  A  374 CB   LYS  A  384 CB     16.874    19.462   YES      0.000    35.000     OK: FOUND    1/ 1    1/ 1 YY YY
  LINK: LYS  A  374 CB   LYS  A  438 CB     33.589    43.826   YES      0.000    35.000     BAD: LONG    0/ 1    0/ 1 YY YY
  LINK: LYS  A  374 CB   LYS  A  490 CB     14.539    16.956   YES      0.000    35.000     OK: FOUND    1/ 1    1/ 1 YY YY
  LINK: LYS  A  374 CB   LYS  A  496 CB     14.834    16.507   YES      0.000    35.000     OK: FOUND    1/ 1    1/ 1 YY YY
  LINK: LYS  A  374 CB   LYS  A  522 CB     48.283    49.070   YES      0.000    35.000     BAD: LONG    0/ 1    0/ 1 YY YY
  LINK: LYS  A  374 CB   LYS  A  578 CB     40.293    50.238   YES      0.000    35.000     BAD: LONG    0/ 1    0/ 1 YY YY
  LINK: LYS  A  374 CB   LYS  A  662 CB     51.186   >70.000   YES      0.000    35.000     BAD: EUCL    0/ 1    0/ 1 YY YY
  LINK: LYS  A  374 CB   LYS  A  712 CB     67.619   >70.000   YES      0.000    35.000     BAD: EUCL    0/ 1    0/ 1 YY YY
  LINK: LYS  A  382 CB   LYS  A  490 CB     10.187    11.384   YES      0.000    35.000     OK: FOUND    1/ 1    1/ 1 YY YY
  LINK: LYS  A  384 CB   LYS  A  490 CB     13.409    13.472   YES      0.000    35.000     OK: FOUND    1/ 1    1/ 1 YY YY
  LINK: LYS  A  384 CB   LYS  A  494 CB     16.311    17.053   YES      0.000    35.000     OK: FOUND    1/ 1    1/ 1 YY YY
  LINK: LYS  A  431 CB   LYS  A  435 CB     10.524    10.947   YES      0.000    35.000     OK: FOUND    1/ 1    1/ 1 YY YY
  LINK: LYS  A  431 CB   LYS  A  578 CB     19.389    19.390   YES      0.000    35.000     OK: FOUND    1/ 1    1/ 1 YY YY
  LINK: LYS  A  434 CB   LYS  A  578 CB     23.237    23.739   YES      0.000    35.000     OK: FOUND    1/ 1    1/ 1 YY YY
  LINK: LYS  A  435 CB   LYS  A  578 CB     19.057    19.656   YES      0.000    35.000     OK: FOUND    1/ 1    1/ 1 YY YY
  LINK: LYS  A  479 CB   LYS  A  494 CB     16.339    16.703   YES      0.000    35.000     OK: FOUND    1/ 1    1/ 1 YY YY
  LINK: LYS  A  490 CB   LYS  A  494 CB     11.799    16.338   YES      0.000    35.000     OK: FOUND    1/ 1    1/ 1 YY YY
  LINK: LYS  A  493 CB   LYS  A  496 CB     10.741    12.100   YES      0.000    35.000     OK: FOUND    1/ 1    1/ 1 YY YY
  LINK: LYS  A  496 CB   LYS  A  522 CB     58.905    66.746   YES      0.000    35.000     BAD: LONG    0/ 1    0/ 1 YY YY
  LINK: LYS  A  522 CB   LYS  A  662 CB     48.887    57.509   YES      0.000    35.000     BAD: LONG    0/ 1    0/ 1 YY YY
  LINK: LYS  A  522 CB   LYS  A  749 CB     26.090    27.839   YES      0.000    35.000     OK: FOUND    1/ 1    1/ 1 YY YY
  LINK: LYS  A  546 CB   LYS  A  749 CB     11.441    11.514   YES      0.000    35.000     OK: FOUND    1/ 1    1/ 1 YY YY
  LINK: LYS  A  550 CB   LYS  A  709 CB     18.337    20.350   YES      0.000    35.000     OK: FOUND    1/ 1    1/ 1 YY YY
  LINK: LYS  A  550 CB   LYS  A  712 CB     15.006    16.720   YES      0.000    35.000     OK: FOUND    1/ 1    1/ 1 YY YY
  LINK: LYS  A  562 CB   LYS  A  601 CB     10.283    14.825   YES      0.000    35.000     OK: FOUND    1/ 1    1/ 1 YY YY
  LINK: LYS  A  564 CB   LYS  A  662 CB     12.303    13.500   YES      0.000    35.000     OK: FOUND    1/ 1    1/ 1 YY YY
  LINK: LYS  A  578 CB   LYS  A  601 CB     26.095    26.778   YES      0.000    35.000     OK: FOUND    1/ 1    1/ 1 YY YY
  LINK: LYS  A  601 CB   LYS  A  662 CB     21.348    26.434   YES      0.000    35.000     OK: FOUND    1/ 1    1/ 1 YY YY
  LINK: LYS  A  662 CB   LYS  A  673 CB     17.969    21.130   YES      0.000    35.000     OK: FOUND    1/ 1    1/ 1 YY YY
  LINK: LYS  A  662 CB   LYS  A  674 CB     21.700    26.348   YES      0.000    35.000     OK: FOUND    1/ 1    1/ 1 YY YY
  LINK: LYS  A  662 CB   LYS  A  696 CB     20.688    22.754   YES      0.000    35.000     OK: FOUND    1/ 1    1/ 1 YY YY
  LINK: LYS  A  662 CB   LYS  A  712 CB     17.855    25.181   YES      0.000    35.000     OK: FOUND    1/ 1    1/ 1 YY YY
  LINK: LYS  A  674 CB   LYS  A  696 CB     27.187    36.676   YES      0.000    35.000     BAD: LONG    0/ 1    0/ 1 YY YY
  LINK: LYS  A  674 CB   LYS  A  749 CB     13.737    16.152   YES      0.000    35.000     OK: FOUND    1/ 1    1/ 1 YY YY
  LINK: LYS  A  696 CB   LYS  A  712 CB     14.474    16.875   YES      0.000    35.000     OK: FOUND    1/ 1    1/ 1 YY YY
  LINK: LYS  A  703 CB   LYS  A  712 CB     12.365    13.399   YES      0.000    35.000     OK: FOUND    1/ 1    1/ 1 YY YY
  -------------------------------------------------------------------------------------------------------------------------
  
  RESULTS:
  
  For each experiment:
  
  -------------------------------------------------------------------------------------------------------------------------
  
  Experiment: DSS
  
  Number of type-reactive pairs of atoms:     1378
  
  Number of observed-reactive pairs of atoms:      741
  Number of observed-reactive pairs of atoms within linker reach:       49
  Number of observed-reactive pairs of atoms outside linker reach:      692
  Missing links, according to the structure and observed-reactivity:        0
  
  Number of observed links:       69
  Number of observed links consistent with the structure:       49
  Number of observed links NOT consistent with the structure:       18
  
  Sum of scores of observed links:    0.0000000
  
  Sensitivity of the cross-linking reaction:    1.0000000
  False-assignment probability:    0.0130624
  
  Likelihood of the experimental result:    1.0000000
  Log-likelihood of the experimental result:    0.0000000
  
  Likelihood using user-defined pbad and pgood:    1.0000000
  Log-likelihood using user-defined pbad and pgood:   -0.0000000
  Using: pgood =    0.700; pbad =    0.050
  
  -------------------------------------------------------------------------------------------------------------------------
  
  FINAL RESULTS:
  
  RESULT0:    49 : Number of observations that are consistent with the structure.
  
  RESULT1:    49 : Number of topological distances consistent with all observations.
  RESULT2:    18 : Number of topological distances NOT consistent with observations.
  RESULT3:     0 : Number of links with missing observations.
  
  RESULT4:      0.00000 : Sum of scores of observed links of all experiments.
  
  RESULT5:      1.00000 : Likelihood of the set of experimental results.
  RESULT6:      0.00000 : Log-likelihood of the set of experimental results.
  
  Using: pgood =    0.700; pbad =    0.050
  RESULT7:      1.00000 : Likelihood of the set of experimental results.
  RESULT8:     -0.00000 : Log-likelihood of the set of experimental results.
  
  -------------------------------------------------------------------------------------------------------------------------
  ATTENTION: There are WARNINGS of input file parsing. Please check the output carefully.
  -------------------------------------------------------------------------------------------------------------------------
  
  
  #########################################################################################################################
