IN:
#
# TOPOLINK input file example
#
# L. Martinez - Institute of Chemistry, University of Campinas
# http://leandro.iqm.unicamp.br
#
# Structure file (can be provided in the command line, overwriting this definition); PDB or mmCIF formats
structure data/temp/dist_reeval/tmp.pdb#endread ENDMDL  # Use this to stop reading atoms if this keyword is found (comment otherwise)
readatoms backplusCB # Which atoms to consider (all/heavy(no-H)/backbone/backplusCB)
# Output directory for links (comment if you do not want the PDB files, that may be a lot)
printlinks no
#linkdir ./links
# What cross-links to compute (all/reactive/observed)
compute observed
#compute reactive
#compute all
# If only inter-domain (inter-chain) links are of interested, uncomment the following line
#interchain
# Only consider observed links with score greater than scorecut
scorecut 0.d0
# Cross-links observed:
experiment DSS
  # Possible types of cross-links and maximum distances
  #        ResType  Chain  ResNum   AtomType    ResType  Chain  ResNum   AtomType  MaxDist
  linktype   MET     all      1       N           LYS     all     all       CB        35
  linktype   LYS     all     all      CB          LYS     all     all       CB        35

  observed LYS A 302 LYS A 396
  observed LYS A 150 LYS A 296
  observed LYS A 404 LYS A 159
  observed LYS A 82 LYS A 338
  observed LYS A 58 LYS A 73
  observed LYS A 150 LYS A 234
  observed LYS A 338 LYS A 90
  observed LYS A 58 LYS A 363
  observed LYS A 150 LYS A 235
  observed LYS A 150 LYS A 150
  observed LYS A 363 LYS A 185
  observed LYS A 150 LYS A 159
  observed LYS A 150 LYS A 404
  observed LYS A 82 LYS A 59
  observed LYS A 82 LYS A 73
  observed LYS A 90 LYS A 73
  observed LYS A 338 LYS A 122
  observed LYS A 159 LYS A 387
  observed LYS A 404 LYS A 302
  observed LYS A 82 LYS A 94
  observed LYS A 396 LYS A 159
  observed LYS A 363 LYS A 387
  observed LYS A 159 LYS A 185
  observed LYS A 122 LYS A 227
  observed LYS A 404 LYS A 185
  observed LYS A 338 LYS A 227
  observed LYS A 150 LYS A 90
  observed LYS A 234 LYS A 296
  observed LYS A 82 LYS A 296
  observed LYS A 58 LYS A 396
  observed LYS A 82 LYS A 90
  observed LYS A 90 LYS A 90
  observed LYS A 363 LYS A 363
  observed LYS A 363 LYS A 90

end experiment DSS
# Optional parameters
search_limit relative 2  # Search for topological distances of up to search_range*dmaxlink
printallfound yes    # Prints, or not, the structure of the links that were found but violate the distances
printPDBnotfound yes # Prints, or not, PDB files for the links which were not found at all (prints a straight line)
pgood 0.70 # Probability of observing a link which is within link reach
pbad  0.05 # Probability of observing a link which is NOT within linker reach
vdwrad 3.         # Radius to be used for excluded atom volume computation
print 0           # Extensive or concise printing
printnotfound yes # Print data for pairs for links which were not found
quitgood no       # Quit whenever a valid link is found (stop searching for shortest one)
dbond 1.5         # Bond distance of link atoms
kbond 10.         # Energy constant for link bonds
kpath 10.         # Energy constant for the complete path distension, used for computing probability
kvdw  2.          # Force constant of overlap function
# Technical parameters for the optimization method
ntrial 400  # Maximum number of trials for best link search
nbest 5     # Number of times the same best link is found until satisfied
maxfunc 50  # Maximum number of function evaluations of CG-Newton
maxcg 40    # Maximum number of CG iterations
seed random # Seed for random number generator (random or integer number)
iguess 2
exit # You can add anything after this


OUT:

  ######################################################## TOPOLINK #######################################################
                 Institute of Chemistry - University of Campinas. http://m3g.iqm.unicamp.br/topolink

                                                                                                         Version 19.156 

  Structure file: data/temp/dist_reeval/tmp.pdb
  TopoLink input file: data/temp/dist_reeval/topo.tmp
  Will stop structure reading when ################## is found.
  Only backbone plus CB atoms will be considered.
  
  Links will not be written as PDB files.
  
  Printing option:        0
  Leave when first valid link is found:  F
  Link bond distance:    1.5000000
  Link bond force-constant:   10.0000000
  VdW radius for volume exclusion:    3.0000000
  Path energy constant:   10.0000000
  Cutoff for observed scores:    0.0000000
  Number of trials for link search:      400
  Number of repeated best links to find until quit:        5
  Maximum number of function evaluations of CGNewton:       50
  Maximum number of CG iterations in CGNewton:       40
  Seed for random number generator:     5174
  
  Number of experiments:        1
  
  Number of atoms read from structure file:     1971
  Number of chains found in structure file:            1
  
  WARNING: First atom of link type does not correspond to any atom of the structure.
  Experiment: DSS
  Link type:   MET   all   N     LYS   all   CB      35.000
  
  -------------------------------------------------------------------------------------------------------------------------
  Experiment: DSS
  Observed links:
  1  LYS   A       302  LYS   A       396
  2  LYS   A       150  LYS   A       296
  3  LYS   A       404  LYS   A       159
  4  LYS   A        82  LYS   A       338
  5  LYS   A        58  LYS   A        73
  6  LYS   A       150  LYS   A       234
  7  LYS   A       338  LYS   A        90
  8  LYS   A        58  LYS   A       363
  9  LYS   A       150  LYS   A       235
  10  LYS   A       150  LYS   A       150
  11  LYS   A       363  LYS   A       185
  12  LYS   A       150  LYS   A       159
  13  LYS   A       150  LYS   A       404
  14  LYS   A        82  LYS   A        59
  15  LYS   A        82  LYS   A        73
  16  LYS   A        90  LYS   A        73
  17  LYS   A       338  LYS   A       122
  18  LYS   A       159  LYS   A       387
  19  LYS   A       404  LYS   A       302
  20  LYS   A        82  LYS   A        94
  21  LYS   A       396  LYS   A       159
  22  LYS   A       363  LYS   A       387
  23  LYS   A       159  LYS   A       185
  24  LYS   A       122  LYS   A       227
  25  LYS   A       404  LYS   A       185
  26  LYS   A       338  LYS   A       227
  27  LYS   A       150  LYS   A        90
  28  LYS   A       234  LYS   A       296
  29  LYS   A        82  LYS   A       296
  30  LYS   A        58  LYS   A       396
  31  LYS   A        82  LYS   A        90
  32  LYS   A        90  LYS   A        90
  33  LYS   A       363  LYS   A       363
  34  LYS   A       363  LYS   A        90
  
  -------------------------------------------------------------------------------------------------------------------------
  -------------------------------------------------------------------------------------------------------------------------
  
  Number of atoms that might be involved in reactions, according link types:       30
  
  All reactive atoms, according to observations:
  1   LYS   A        58  CB
  2   LYS   A        59  CB
  3   LYS   A        73  CB
  4   LYS   A        82  CB
  5   LYS   A        90  CB
  6   LYS   A        94  CB
  7   LYS   A       122  CB
  8   LYS   A       150  CB
  9   LYS   A       159  CB
  10   LYS   A       185  CB
  11   LYS   A       227  CB
  12   LYS   A       234  CB
  13   LYS   A       235  CB
  14   LYS   A       296  CB
  15   LYS   A       302  CB
  16   LYS   A       338  CB
  17   LYS   A       363  CB
  18   LYS   A       387  CB
  19   LYS   A       396  CB
  20   LYS   A       404  CB
  
  Number of reactive pairs according to sequence:
  Experiment DSS:   435
  Total number of unique reactive pairs, according to link types:          435
  
  Number of reactive pairs according to observations:
  Experiment DSS:   190
  Total number of unique reactive pairs, according to observations:          190
  
  List of reactive atom pairs, according to observations:
  1  LYS   A        58  CB    LYS   A        59  CB   in experiments:DSS
  2  LYS   A        58  CB    LYS   A        73  CB   in experiments:DSS
  3  LYS   A        58  CB    LYS   A        82  CB   in experiments:DSS
  4  LYS   A        58  CB    LYS   A        90  CB   in experiments:DSS
  5  LYS   A        58  CB    LYS   A        94  CB   in experiments:DSS
  6  LYS   A        58  CB    LYS   A       122  CB   in experiments:DSS
  7  LYS   A        58  CB    LYS   A       150  CB   in experiments:DSS
  8  LYS   A        58  CB    LYS   A       159  CB   in experiments:DSS
  9  LYS   A        58  CB    LYS   A       185  CB   in experiments:DSS
  10  LYS   A        58  CB    LYS   A       227  CB   in experiments:DSS
  11  LYS   A        58  CB    LYS   A       234  CB   in experiments:DSS
  12  LYS   A        58  CB    LYS   A       235  CB   in experiments:DSS
  13  LYS   A        58  CB    LYS   A       296  CB   in experiments:DSS
  14  LYS   A        58  CB    LYS   A       302  CB   in experiments:DSS
  15  LYS   A        58  CB    LYS   A       338  CB   in experiments:DSS
  16  LYS   A        58  CB    LYS   A       363  CB   in experiments:DSS
  17  LYS   A        58  CB    LYS   A       387  CB   in experiments:DSS
  18  LYS   A        58  CB    LYS   A       396  CB   in experiments:DSS
  19  LYS   A        58  CB    LYS   A       404  CB   in experiments:DSS
  20  LYS   A        59  CB    LYS   A        73  CB   in experiments:DSS
  21  LYS   A        59  CB    LYS   A        82  CB   in experiments:DSS
  22  LYS   A        59  CB    LYS   A        90  CB   in experiments:DSS
  23  LYS   A        59  CB    LYS   A        94  CB   in experiments:DSS
  24  LYS   A        59  CB    LYS   A       122  CB   in experiments:DSS
  25  LYS   A        59  CB    LYS   A       150  CB   in experiments:DSS
  26  LYS   A        59  CB    LYS   A       159  CB   in experiments:DSS
  27  LYS   A        59  CB    LYS   A       185  CB   in experiments:DSS
  28  LYS   A        59  CB    LYS   A       227  CB   in experiments:DSS
  29  LYS   A        59  CB    LYS   A       234  CB   in experiments:DSS
  30  LYS   A        59  CB    LYS   A       235  CB   in experiments:DSS
  31  LYS   A        59  CB    LYS   A       296  CB   in experiments:DSS
  32  LYS   A        59  CB    LYS   A       302  CB   in experiments:DSS
  33  LYS   A        59  CB    LYS   A       338  CB   in experiments:DSS
  34  LYS   A        59  CB    LYS   A       363  CB   in experiments:DSS
  35  LYS   A        59  CB    LYS   A       387  CB   in experiments:DSS
  36  LYS   A        59  CB    LYS   A       396  CB   in experiments:DSS
  37  LYS   A        59  CB    LYS   A       404  CB   in experiments:DSS
  38  LYS   A        73  CB    LYS   A        82  CB   in experiments:DSS
  39  LYS   A        73  CB    LYS   A        90  CB   in experiments:DSS
  40  LYS   A        73  CB    LYS   A        94  CB   in experiments:DSS
  41  LYS   A        73  CB    LYS   A       122  CB   in experiments:DSS
  42  LYS   A        73  CB    LYS   A       150  CB   in experiments:DSS
  43  LYS   A        73  CB    LYS   A       159  CB   in experiments:DSS
  44  LYS   A        73  CB    LYS   A       185  CB   in experiments:DSS
  45  LYS   A        73  CB    LYS   A       227  CB   in experiments:DSS
  46  LYS   A        73  CB    LYS   A       234  CB   in experiments:DSS
  47  LYS   A        73  CB    LYS   A       235  CB   in experiments:DSS
  48  LYS   A        73  CB    LYS   A       296  CB   in experiments:DSS
  49  LYS   A        73  CB    LYS   A       302  CB   in experiments:DSS
  50  LYS   A        73  CB    LYS   A       338  CB   in experiments:DSS
  51  LYS   A        73  CB    LYS   A       363  CB   in experiments:DSS
  52  LYS   A        73  CB    LYS   A       387  CB   in experiments:DSS
  53  LYS   A        73  CB    LYS   A       396  CB   in experiments:DSS
  54  LYS   A        73  CB    LYS   A       404  CB   in experiments:DSS
  55  LYS   A        82  CB    LYS   A        90  CB   in experiments:DSS
  56  LYS   A        82  CB    LYS   A        94  CB   in experiments:DSS
  57  LYS   A        82  CB    LYS   A       122  CB   in experiments:DSS
  58  LYS   A        82  CB    LYS   A       150  CB   in experiments:DSS
  59  LYS   A        82  CB    LYS   A       159  CB   in experiments:DSS
  60  LYS   A        82  CB    LYS   A       185  CB   in experiments:DSS
  61  LYS   A        82  CB    LYS   A       227  CB   in experiments:DSS
  62  LYS   A        82  CB    LYS   A       234  CB   in experiments:DSS
  63  LYS   A        82  CB    LYS   A       235  CB   in experiments:DSS
  64  LYS   A        82  CB    LYS   A       296  CB   in experiments:DSS
  65  LYS   A        82  CB    LYS   A       302  CB   in experiments:DSS
  66  LYS   A        82  CB    LYS   A       338  CB   in experiments:DSS
  67  LYS   A        82  CB    LYS   A       363  CB   in experiments:DSS
  68  LYS   A        82  CB    LYS   A       387  CB   in experiments:DSS
  69  LYS   A        82  CB    LYS   A       396  CB   in experiments:DSS
  70  LYS   A        82  CB    LYS   A       404  CB   in experiments:DSS
  71  LYS   A        90  CB    LYS   A        94  CB   in experiments:DSS
  72  LYS   A        90  CB    LYS   A       122  CB   in experiments:DSS
  73  LYS   A        90  CB    LYS   A       150  CB   in experiments:DSS
  74  LYS   A        90  CB    LYS   A       159  CB   in experiments:DSS
  75  LYS   A        90  CB    LYS   A       185  CB   in experiments:DSS
  76  LYS   A        90  CB    LYS   A       227  CB   in experiments:DSS
  77  LYS   A        90  CB    LYS   A       234  CB   in experiments:DSS
  78  LYS   A        90  CB    LYS   A       235  CB   in experiments:DSS
  79  LYS   A        90  CB    LYS   A       296  CB   in experiments:DSS
  80  LYS   A        90  CB    LYS   A       302  CB   in experiments:DSS
  81  LYS   A        90  CB    LYS   A       338  CB   in experiments:DSS
  82  LYS   A        90  CB    LYS   A       363  CB   in experiments:DSS
  83  LYS   A        90  CB    LYS   A       387  CB   in experiments:DSS
  84  LYS   A        90  CB    LYS   A       396  CB   in experiments:DSS
  85  LYS   A        90  CB    LYS   A       404  CB   in experiments:DSS
  86  LYS   A        94  CB    LYS   A       122  CB   in experiments:DSS
  87  LYS   A        94  CB    LYS   A       150  CB   in experiments:DSS
  88  LYS   A        94  CB    LYS   A       159  CB   in experiments:DSS
  89  LYS   A        94  CB    LYS   A       185  CB   in experiments:DSS
  90  LYS   A        94  CB    LYS   A       227  CB   in experiments:DSS
  91  LYS   A        94  CB    LYS   A       234  CB   in experiments:DSS
  92  LYS   A        94  CB    LYS   A       235  CB   in experiments:DSS
  93  LYS   A        94  CB    LYS   A       296  CB   in experiments:DSS
  94  LYS   A        94  CB    LYS   A       302  CB   in experiments:DSS
  95  LYS   A        94  CB    LYS   A       338  CB   in experiments:DSS
  96  LYS   A        94  CB    LYS   A       363  CB   in experiments:DSS
  97  LYS   A        94  CB    LYS   A       387  CB   in experiments:DSS
  98  LYS   A        94  CB    LYS   A       396  CB   in experiments:DSS
  99  LYS   A        94  CB    LYS   A       404  CB   in experiments:DSS
  100  LYS   A       122  CB    LYS   A       150  CB   in experiments:DSS
  101  LYS   A       122  CB    LYS   A       159  CB   in experiments:DSS
  102  LYS   A       122  CB    LYS   A       185  CB   in experiments:DSS
  103  LYS   A       122  CB    LYS   A       227  CB   in experiments:DSS
  104  LYS   A       122  CB    LYS   A       234  CB   in experiments:DSS
  105  LYS   A       122  CB    LYS   A       235  CB   in experiments:DSS
  106  LYS   A       122  CB    LYS   A       296  CB   in experiments:DSS
  107  LYS   A       122  CB    LYS   A       302  CB   in experiments:DSS
  108  LYS   A       122  CB    LYS   A       338  CB   in experiments:DSS
  109  LYS   A       122  CB    LYS   A       363  CB   in experiments:DSS
  110  LYS   A       122  CB    LYS   A       387  CB   in experiments:DSS
  111  LYS   A       122  CB    LYS   A       396  CB   in experiments:DSS
  112  LYS   A       122  CB    LYS   A       404  CB   in experiments:DSS
  113  LYS   A       150  CB    LYS   A       159  CB   in experiments:DSS
  114  LYS   A       150  CB    LYS   A       185  CB   in experiments:DSS
  115  LYS   A       150  CB    LYS   A       227  CB   in experiments:DSS
  116  LYS   A       150  CB    LYS   A       234  CB   in experiments:DSS
  117  LYS   A       150  CB    LYS   A       235  CB   in experiments:DSS
  118  LYS   A       150  CB    LYS   A       296  CB   in experiments:DSS
  119  LYS   A       150  CB    LYS   A       302  CB   in experiments:DSS
  120  LYS   A       150  CB    LYS   A       338  CB   in experiments:DSS
  121  LYS   A       150  CB    LYS   A       363  CB   in experiments:DSS
  122  LYS   A       150  CB    LYS   A       387  CB   in experiments:DSS
  123  LYS   A       150  CB    LYS   A       396  CB   in experiments:DSS
  124  LYS   A       150  CB    LYS   A       404  CB   in experiments:DSS
  125  LYS   A       159  CB    LYS   A       185  CB   in experiments:DSS
  126  LYS   A       159  CB    LYS   A       227  CB   in experiments:DSS
  127  LYS   A       159  CB    LYS   A       234  CB   in experiments:DSS
  128  LYS   A       159  CB    LYS   A       235  CB   in experiments:DSS
  129  LYS   A       159  CB    LYS   A       296  CB   in experiments:DSS
  130  LYS   A       159  CB    LYS   A       302  CB   in experiments:DSS
  131  LYS   A       159  CB    LYS   A       338  CB   in experiments:DSS
  132  LYS   A       159  CB    LYS   A       363  CB   in experiments:DSS
  133  LYS   A       159  CB    LYS   A       387  CB   in experiments:DSS
  134  LYS   A       159  CB    LYS   A       396  CB   in experiments:DSS
  135  LYS   A       159  CB    LYS   A       404  CB   in experiments:DSS
  136  LYS   A       185  CB    LYS   A       227  CB   in experiments:DSS
  137  LYS   A       185  CB    LYS   A       234  CB   in experiments:DSS
  138  LYS   A       185  CB    LYS   A       235  CB   in experiments:DSS
  139  LYS   A       185  CB    LYS   A       296  CB   in experiments:DSS
  140  LYS   A       185  CB    LYS   A       302  CB   in experiments:DSS
  141  LYS   A       185  CB    LYS   A       338  CB   in experiments:DSS
  142  LYS   A       185  CB    LYS   A       363  CB   in experiments:DSS
  143  LYS   A       185  CB    LYS   A       387  CB   in experiments:DSS
  144  LYS   A       185  CB    LYS   A       396  CB   in experiments:DSS
  145  LYS   A       185  CB    LYS   A       404  CB   in experiments:DSS
  146  LYS   A       227  CB    LYS   A       234  CB   in experiments:DSS
  147  LYS   A       227  CB    LYS   A       235  CB   in experiments:DSS
  148  LYS   A       227  CB    LYS   A       296  CB   in experiments:DSS
  149  LYS   A       227  CB    LYS   A       302  CB   in experiments:DSS
  150  LYS   A       227  CB    LYS   A       338  CB   in experiments:DSS
  151  LYS   A       227  CB    LYS   A       363  CB   in experiments:DSS
  152  LYS   A       227  CB    LYS   A       387  CB   in experiments:DSS
  153  LYS   A       227  CB    LYS   A       396  CB   in experiments:DSS
  154  LYS   A       227  CB    LYS   A       404  CB   in experiments:DSS
  155  LYS   A       234  CB    LYS   A       235  CB   in experiments:DSS
  156  LYS   A       234  CB    LYS   A       296  CB   in experiments:DSS
  157  LYS   A       234  CB    LYS   A       302  CB   in experiments:DSS
  158  LYS   A       234  CB    LYS   A       338  CB   in experiments:DSS
  159  LYS   A       234  CB    LYS   A       363  CB   in experiments:DSS
  160  LYS   A       234  CB    LYS   A       387  CB   in experiments:DSS
  161  LYS   A       234  CB    LYS   A       396  CB   in experiments:DSS
  162  LYS   A       234  CB    LYS   A       404  CB   in experiments:DSS
  163  LYS   A       235  CB    LYS   A       296  CB   in experiments:DSS
  164  LYS   A       235  CB    LYS   A       302  CB   in experiments:DSS
  165  LYS   A       235  CB    LYS   A       338  CB   in experiments:DSS
  166  LYS   A       235  CB    LYS   A       363  CB   in experiments:DSS
  167  LYS   A       235  CB    LYS   A       387  CB   in experiments:DSS
  168  LYS   A       235  CB    LYS   A       396  CB   in experiments:DSS
  169  LYS   A       235  CB    LYS   A       404  CB   in experiments:DSS
  170  LYS   A       296  CB    LYS   A       302  CB   in experiments:DSS
  171  LYS   A       296  CB    LYS   A       338  CB   in experiments:DSS
  172  LYS   A       296  CB    LYS   A       363  CB   in experiments:DSS
  173  LYS   A       296  CB    LYS   A       387  CB   in experiments:DSS
  174  LYS   A       296  CB    LYS   A       396  CB   in experiments:DSS
  175  LYS   A       296  CB    LYS   A       404  CB   in experiments:DSS
  176  LYS   A       302  CB    LYS   A       338  CB   in experiments:DSS
  177  LYS   A       302  CB    LYS   A       363  CB   in experiments:DSS
  178  LYS   A       302  CB    LYS   A       387  CB   in experiments:DSS
  179  LYS   A       302  CB    LYS   A       396  CB   in experiments:DSS
  180  LYS   A       302  CB    LYS   A       404  CB   in experiments:DSS
  181  LYS   A       338  CB    LYS   A       363  CB   in experiments:DSS
  182  LYS   A       338  CB    LYS   A       387  CB   in experiments:DSS
  183  LYS   A       338  CB    LYS   A       396  CB   in experiments:DSS
  184  LYS   A       338  CB    LYS   A       404  CB   in experiments:DSS
  185  LYS   A       363  CB    LYS   A       387  CB   in experiments:DSS
  186  LYS   A       363  CB    LYS   A       396  CB   in experiments:DSS
  187  LYS   A       363  CB    LYS   A       404  CB   in experiments:DSS
  188  LYS   A       387  CB    LYS   A       396  CB   in experiments:DSS
  189  LYS   A       387  CB    LYS   A       404  CB   in experiments:DSS
  190  LYS   A       396  CB    LYS   A       404  CB   in experiments:DSS
  
  Number of atoms accessible to solvent:         1874
  Number of residues accessible to solvent:          401
  
  -------------------------------------------------------------------------------------------------------------------------
  >     RESIDUE1   ATOM1 RESIDUE2   ATOM2 EUCLDIST  TOPODIST OBSERVED    DMIN      DMAX        RESULT  OBSRES REACRES RA AA
  -------------------------------------------------------------------------------------------------------------------------
  LINK: LYS  A   58 CB   LYS  A   73 CB     18.160    19.769   YES      0.000    35.000     OK: FOUND    1/ 1    1/ 1 YY YY
  LINK: LYS  A   58 CB   LYS  A  363 CB     21.626    26.111   YES      0.000    35.000     OK: FOUND    1/ 1    1/ 1 YY YY
  LINK: LYS  A   58 CB   LYS  A  396 CB     13.030    15.175   YES      0.000    35.000     OK: FOUND    1/ 1    1/ 1 YY YY
  LINK: LYS  A   59 CB   LYS  A   82 CB     34.516    35.999   YES      0.000    35.000     BAD: LONG    0/ 1    0/ 1 YY YY
  LINK: LYS  A   73 CB   LYS  A   82 CB     19.031    19.556   YES      0.000    35.000     OK: FOUND    1/ 1    1/ 1 YY YY
  LINK: LYS  A   73 CB   LYS  A   90 CB     29.313    31.164   YES      0.000    35.000     OK: FOUND    1/ 1    1/ 1 YY YY
  LINK: LYS  A   82 CB   LYS  A   90 CB     13.316    14.789   YES      0.000    35.000     OK: FOUND    1/ 1    1/ 1 YY YY
  LINK: LYS  A   82 CB   LYS  A   94 CB     21.079    23.780   YES      0.000    35.000     OK: FOUND    1/ 1    1/ 1 YY YY
  LINK: LYS  A   82 CB   LYS  A  296 CB     40.134    49.552   YES      0.000    35.000     BAD: LONG    0/ 1    0/ 1 YY YY
  LINK: LYS  A   82 CB   LYS  A  338 CB     11.934    12.673   YES      0.000    35.000     OK: FOUND    1/ 1    1/ 1 YY YY
  LINK: LYS  A   90 CB   LYS  A  150 CB     45.691    47.829   YES      0.000    35.000     BAD: LONG    0/ 1    0/ 1 YY YY
  LINK: LYS  A   90 CB   LYS  A  338 CB     21.393    23.296   YES      0.000    35.000     OK: FOUND    1/ 1    1/ 1 YY YY
  LINK: LYS  A   90 CB   LYS  A  363 CB     53.680    56.676   YES      0.000    35.000     BAD: LONG    0/ 1    0/ 1 YY YY
  LINK: LYS  A  122 CB   LYS  A  227 CB     24.029    24.780   YES      0.000    35.000     OK: FOUND    1/ 1    1/ 1 YY YY
  LINK: LYS  A  122 CB   LYS  A  338 CB     23.883    24.395   YES      0.000    35.000     OK: FOUND    1/ 1    1/ 1 YY YY
  LINK: LYS  A  150 CB   LYS  A  159 CB     26.772    31.663   YES      0.000    35.000     OK: FOUND    1/ 1    1/ 1 YY YY
  LINK: LYS  A  150 CB   LYS  A  234 CB     20.522    21.218   YES      0.000    35.000     OK: FOUND    1/ 1    1/ 1 YY YY
  LINK: LYS  A  150 CB   LYS  A  235 CB     21.559    23.413   YES      0.000    35.000     OK: FOUND    1/ 1    1/ 1 YY YY
  LINK: LYS  A  150 CB   LYS  A  296 CB     16.215    16.217   YES      0.000    35.000     OK: FOUND    1/ 1    1/ 1 YY YY
  LINK: LYS  A  150 CB   LYS  A  404 CB     40.000    44.248   YES      0.000    35.000     BAD: LONG    0/ 1    0/ 1 YY YY
  LINK: LYS  A  159 CB   LYS  A  185 CB     13.944    14.275   YES      0.000    35.000     OK: FOUND    1/ 1    1/ 1 YY YY
  LINK: LYS  A  159 CB   LYS  A  387 CB     18.368    18.562   YES      0.000    35.000     OK: FOUND    1/ 1    1/ 1 YY YY
  LINK: LYS  A  159 CB   LYS  A  396 CB     29.556    31.133   YES      0.000    35.000     OK: FOUND    1/ 1    1/ 1 YY YY
  LINK: LYS  A  159 CB   LYS  A  404 CB     17.081    17.188   YES      0.000    35.000     OK: FOUND    1/ 1    1/ 1 YY YY
  LINK: LYS  A  185 CB   LYS  A  363 CB     21.193    22.961   YES      0.000    35.000     OK: FOUND    1/ 1    1/ 1 YY YY
  LINK: LYS  A  185 CB   LYS  A  404 CB     19.230    19.997   YES      0.000    35.000     OK: FOUND    1/ 1    1/ 1 YY YY
  LINK: LYS  A  227 CB   LYS  A  338 CB     31.299    31.861   YES      0.000    35.000     OK: FOUND    1/ 1    1/ 1 YY YY
  LINK: LYS  A  234 CB   LYS  A  296 CB     15.334    15.610   YES      0.000    35.000     OK: FOUND    1/ 1    1/ 1 YY YY
  LINK: LYS  A  302 CB   LYS  A  396 CB     59.027   >70.000   YES      0.000    35.000     BAD: EUCL    0/ 1    0/ 1 YY YY
  LINK: LYS  A  302 CB   LYS  A  404 CB     48.056    53.275   YES      0.000    35.000     BAD: LONG    0/ 1    0/ 1 YY YY
  LINK: LYS  A  363 CB   LYS  A  387 CB     20.878    21.175   YES      0.000    35.000     OK: FOUND    1/ 1    1/ 1 YY YY
  -------------------------------------------------------------------------------------------------------------------------
  
  RESULTS:
  
  For each experiment:
  
  -------------------------------------------------------------------------------------------------------------------------
  
  Experiment: DSS
  
  Number of type-reactive pairs of atoms:      435
  
  Number of observed-reactive pairs of atoms:      190
  Number of observed-reactive pairs of atoms within linker reach:       24
  Number of observed-reactive pairs of atoms outside linker reach:      166
  Missing links, according to the structure and observed-reactivity:        0
  
  Number of observed links:       34
  Number of observed links consistent with the structure:       24
  Number of observed links NOT consistent with the structure:        7
  
  Sum of scores of observed links:    0.0000000
  
  Sensitivity of the cross-linking reaction:    1.0000000
  False-assignment probability:    0.0160920
  
  Likelihood of the experimental result:    1.0000000
  Log-likelihood of the experimental result:    0.0000000
  
  Likelihood using user-defined pbad and pgood:    0.9858690
  Log-likelihood using user-defined pbad and pgood:   -0.0142317
  Using: pgood =    0.700; pbad =    0.050
  
  -------------------------------------------------------------------------------------------------------------------------
  
  FINAL RESULTS:
  
  RESULT0:    24 : Number of observations that are consistent with the structure.
  
  RESULT1:    24 : Number of topological distances consistent with all observations.
  RESULT2:     7 : Number of topological distances NOT consistent with observations.
  RESULT3:     0 : Number of links with missing observations.
  
  RESULT4:      0.00000 : Sum of scores of observed links of all experiments.
  
  RESULT5:      1.00000 : Likelihood of the set of experimental results.
  RESULT6:      0.00000 : Log-likelihood of the set of experimental results.
  
  Using: pgood =    0.700; pbad =    0.050
  RESULT7:      0.98587 : Likelihood of the set of experimental results.
  RESULT8:     -0.01423 : Log-likelihood of the set of experimental results.
  
  -------------------------------------------------------------------------------------------------------------------------
  ATTENTION: There are WARNINGS of input file parsing. Please check the output carefully.
  -------------------------------------------------------------------------------------------------------------------------
  
  
  #########################################################################################################################
