IN:
#
# TOPOLINK input file example
#
# L. Martinez - Institute of Chemistry, University of Campinas
# http://leandro.iqm.unicamp.br
#
# Structure file (can be provided in the command line, overwriting this definition); PDB or mmCIF formats
structure data/temp/dist_reeval/tmp.pdb#endread ENDMDL  # Use this to stop reading atoms if this keyword is found (comment otherwise)
readatoms backplusCB # Which atoms to consider (all/heavy(no-H)/backbone/backplusCB)
# Output directory for links (comment if you do not want the PDB files, that may be a lot)
printlinks no
#linkdir ./links
# What cross-links to compute (all/reactive/observed)
compute observed
#compute reactive
#compute all
# If only inter-domain (inter-chain) links are of interested, uncomment the following line
#interchain
# Only consider observed links with score greater than scorecut
scorecut 0.d0
# Cross-links observed:
experiment DSS
  # Possible types of cross-links and maximum distances
  #        ResType  Chain  ResNum   AtomType    ResType  Chain  ResNum   AtomType  MaxDist
  linktype   MET     all      1       N           LYS     all     all       CB        35
  linktype   LYS     all     all      CB          LYS     all     all       CB        35

  observed LYS A 353 LYS A 319
  observed LYS A 314 LYS A 319

end experiment DSS
# Optional parameters
search_limit relative 2  # Search for topological distances of up to search_range*dmaxlink
printallfound yes    # Prints, or not, the structure of the links that were found but violate the distances
printPDBnotfound yes # Prints, or not, PDB files for the links which were not found at all (prints a straight line)
pgood 0.70 # Probability of observing a link which is within link reach
pbad  0.05 # Probability of observing a link which is NOT within linker reach
vdwrad 3.         # Radius to be used for excluded atom volume computation
print 0           # Extensive or concise printing
printnotfound yes # Print data for pairs for links which were not found
quitgood no       # Quit whenever a valid link is found (stop searching for shortest one)
dbond 1.5         # Bond distance of link atoms
kbond 10.         # Energy constant for link bonds
kpath 10.         # Energy constant for the complete path distension, used for computing probability
kvdw  2.          # Force constant of overlap function
# Technical parameters for the optimization method
ntrial 400  # Maximum number of trials for best link search
nbest 5     # Number of times the same best link is found until satisfied
maxfunc 50  # Maximum number of function evaluations of CG-Newton
maxcg 40    # Maximum number of CG iterations
seed random # Seed for random number generator (random or integer number)
iguess 2
exit # You can add anything after this


OUT:

  ######################################################## TOPOLINK #######################################################
                 Institute of Chemistry - University of Campinas. http://m3g.iqm.unicamp.br/topolink

                                                                                                         Version 19.156 

  Structure file: data/temp/dist_reeval/tmp.pdb
  TopoLink input file: data/temp/dist_reeval/topo.tmp
  Will stop structure reading when ################## is found.
  Only backbone plus CB atoms will be considered.
  
  Links will not be written as PDB files.
  
  Printing option:        0
  Leave when first valid link is found:  F
  Link bond distance:    1.5000000
  Link bond force-constant:   10.0000000
  VdW radius for volume exclusion:    3.0000000
  Path energy constant:   10.0000000
  Cutoff for observed scores:    0.0000000
  Number of trials for link search:      400
  Number of repeated best links to find until quit:        5
  Maximum number of function evaluations of CGNewton:       50
  Maximum number of CG iterations in CGNewton:       40
  Seed for random number generator:     9049
  
  Number of experiments:        1
  WARNING: Multiple conformations of residue SER A        3 found. Using only A.
  WARNING: Multiple conformations of residue SER A        3 found. Using only A.
  WARNING: Multiple conformations of residue SER A        3 found. Using only A.
  WARNING: Multiple conformations of residue SER A        3 found. Using only A.
  WARNING: Multiple conformations of residue SER A        3 found. Using only A.
  WARNING: Multiple conformations of residue SER A        3 found. Using only A.
  WARNING: Multiple conformations of residue GLN A        9 found. Using only A.
  WARNING: Multiple conformations of residue GLN A        9 found. Using only A.
  WARNING: Multiple conformations of residue GLN A        9 found. Using only A.
  WARNING: Multiple conformations of residue GLN A        9 found. Using only A.
  WARNING: Multiple conformations of residue GLN A        9 found. Using only A.
  WARNING: Multiple conformations of residue GLN A        9 found. Using only A.
  WARNING: Multiple conformations of residue GLN A        9 found. Using only A.
  WARNING: Multiple conformations of residue GLN A        9 found. Using only A.
  WARNING: Multiple conformations of residue GLN A        9 found. Using only A.
  WARNING: Multiple conformations of residue GLN A       10 found. Using only A.
  WARNING: Multiple conformations of residue GLN A       10 found. Using only A.
  WARNING: Multiple conformations of residue GLN A       10 found. Using only A.
  WARNING: Multiple conformations of residue GLN A       10 found. Using only A.
  WARNING: Multiple conformations of residue GLN A       10 found. Using only A.
  WARNING: Multiple conformations of residue GLN A       10 found. Using only A.
  WARNING: Multiple conformations of residue GLN A       10 found. Using only A.
  WARNING: Multiple conformations of residue GLN A       10 found. Using only A.
  WARNING: Multiple conformations of residue GLN A       10 found. Using only A.
  WARNING: Multiple conformations of residue SER A       25 found. Using only A.
  WARNING: Multiple conformations of residue SER A       25 found. Using only A.
  WARNING: Multiple conformations of residue SER A       25 found. Using only A.
  WARNING: Multiple conformations of residue SER A       25 found. Using only A.
  WARNING: Multiple conformations of residue SER A       25 found. Using only A.
  WARNING: Multiple conformations of residue SER A       25 found. Using only A.
  WARNING: Multiple conformations of residue SER A       26 found. Using only A.
  WARNING: Multiple conformations of residue SER A       26 found. Using only A.
  WARNING: Multiple conformations of residue SER A       26 found. Using only A.
  WARNING: Multiple conformations of residue SER A       26 found. Using only A.
  WARNING: Multiple conformations of residue SER A       26 found. Using only A.
  WARNING: Multiple conformations of residue SER A       26 found. Using only A.
  WARNING: Multiple conformations of residue MET A       56 found. Using only A.
  WARNING: Multiple conformations of residue MET A       56 found. Using only A.
  WARNING: Multiple conformations of residue MET A       56 found. Using only A.
  WARNING: Multiple conformations of residue MET A       56 found. Using only A.
  WARNING: Multiple conformations of residue MET A       56 found. Using only A.
  WARNING: Multiple conformations of residue MET A       56 found. Using only A.
  WARNING: Multiple conformations of residue MET A       56 found. Using only A.
  WARNING: Multiple conformations of residue MET A       56 found. Using only A.
  WARNING: Multiple conformations of residue LYS A       59 found. Using only A.
  WARNING: Multiple conformations of residue LYS A       59 found. Using only A.
  WARNING: Multiple conformations of residue LYS A       59 found. Using only A.
  WARNING: Multiple conformations of residue LYS A       59 found. Using only A.
  WARNING: Multiple conformations of residue LYS A       59 found. Using only A.
  WARNING: Multiple conformations of residue LYS A       59 found. Using only A.
  WARNING: Multiple conformations of residue LYS A       59 found. Using only A.
  WARNING: Multiple conformations of residue LYS A       59 found. Using only A.
  WARNING: Multiple conformations of residue LYS A       59 found. Using only A.
  WARNING: Multiple conformations of residue VAL A       85 found. Using only A.
  WARNING: Multiple conformations of residue VAL A       85 found. Using only A.
  WARNING: Multiple conformations of residue VAL A       85 found. Using only A.
  WARNING: Multiple conformations of residue VAL A       85 found. Using only A.
  WARNING: Multiple conformations of residue VAL A       85 found. Using only A.
  WARNING: Multiple conformations of residue VAL A       85 found. Using only A.
  WARNING: Multiple conformations of residue VAL A       85 found. Using only A.
  WARNING: Multiple conformations of residue LEU A       92 found. Using only A.
  WARNING: Multiple conformations of residue LEU A       92 found. Using only A.
  WARNING: Multiple conformations of residue LEU A       92 found. Using only A.
  WARNING: Multiple conformations of residue LEU A       92 found. Using only A.
  WARNING: Multiple conformations of residue LEU A       92 found. Using only A.
  WARNING: Multiple conformations of residue LEU A       92 found. Using only A.
  WARNING: Multiple conformations of residue LEU A       92 found. Using only A.
  WARNING: Multiple conformations of residue LEU A       92 found. Using only A.
  WARNING: Multiple conformations of residue GLU A       94 found. Using only A.
  WARNING: Multiple conformations of residue GLU A       94 found. Using only A.
  WARNING: Multiple conformations of residue GLU A       94 found. Using only A.
  WARNING: Multiple conformations of residue GLU A       94 found. Using only A.
  WARNING: Multiple conformations of residue GLU A       94 found. Using only A.
  WARNING: Multiple conformations of residue GLU A       94 found. Using only A.
  WARNING: Multiple conformations of residue GLU A       94 found. Using only A.
  WARNING: Multiple conformations of residue GLU A       94 found. Using only A.
  WARNING: Multiple conformations of residue GLU A       94 found. Using only A.
  WARNING: Multiple conformations of residue GLU A       94 found. Using only A.
  WARNING: Multiple conformations of residue GLU A       94 found. Using only A.
  WARNING: Multiple conformations of residue GLU A       94 found. Using only A.
  WARNING: Multiple conformations of residue GLU A       94 found. Using only A.
  WARNING: Multiple conformations of residue GLU A       94 found. Using only A.
  WARNING: Multiple conformations of residue GLU A       94 found. Using only A.
  WARNING: Multiple conformations of residue GLU A       94 found. Using only A.
  WARNING: Multiple conformations of residue GLU A       94 found. Using only A.
  WARNING: Multiple conformations of residue GLU A       94 found. Using only A.
  WARNING: Multiple conformations of residue VAL A      120 found. Using only A.
  WARNING: Multiple conformations of residue VAL A      120 found. Using only A.
  WARNING: Multiple conformations of residue VAL A      120 found. Using only A.
  WARNING: Multiple conformations of residue VAL A      120 found. Using only A.
  WARNING: Multiple conformations of residue VAL A      120 found. Using only A.
  WARNING: Multiple conformations of residue VAL A      120 found. Using only A.
  WARNING: Multiple conformations of residue VAL A      120 found. Using only A.
  WARNING: Multiple conformations of residue THR A      122 found. Using only A.
  WARNING: Multiple conformations of residue THR A      122 found. Using only A.
  WARNING: Multiple conformations of residue THR A      122 found. Using only A.
  WARNING: Multiple conformations of residue THR A      122 found. Using only A.
  WARNING: Multiple conformations of residue THR A      122 found. Using only A.
  WARNING: Multiple conformations of residue THR A      122 found. Using only A.
  WARNING: Multiple conformations of residue THR A      122 found. Using only A.
  WARNING: Multiple conformations of residue GLY A      123 found. Using only A.
  WARNING: Multiple conformations of residue GLY A      123 found. Using only A.
  WARNING: Multiple conformations of residue GLY A      123 found. Using only A.
  WARNING: Multiple conformations of residue GLY A      123 found. Using only A.
  WARNING: Multiple conformations of residue SER A      146 found. Using only A.
  WARNING: Multiple conformations of residue SER A      146 found. Using only A.
  WARNING: Multiple conformations of residue SER A      146 found. Using only A.
  WARNING: Multiple conformations of residue SER A      146 found. Using only A.
  WARNING: Multiple conformations of residue SER A      146 found. Using only A.
  WARNING: Multiple conformations of residue SER A      146 found. Using only A.
  WARNING: Multiple conformations of residue LEU A      158 found. Using only A.
  WARNING: Multiple conformations of residue LEU A      158 found. Using only A.
  WARNING: Multiple conformations of residue LEU A      158 found. Using only A.
  WARNING: Multiple conformations of residue LEU A      158 found. Using only A.
  WARNING: Multiple conformations of residue LEU A      158 found. Using only A.
  WARNING: Multiple conformations of residue LEU A      158 found. Using only A.
  WARNING: Multiple conformations of residue LEU A      158 found. Using only A.
  WARNING: Multiple conformations of residue LEU A      158 found. Using only A.
  WARNING: Multiple conformations of residue MET A      167 found. Using only A.
  WARNING: Multiple conformations of residue MET A      167 found. Using only A.
  WARNING: Multiple conformations of residue MET A      167 found. Using only A.
  WARNING: Multiple conformations of residue MET A      167 found. Using only A.
  WARNING: Multiple conformations of residue MET A      167 found. Using only A.
  WARNING: Multiple conformations of residue MET A      167 found. Using only A.
  WARNING: Multiple conformations of residue MET A      167 found. Using only A.
  WARNING: Multiple conformations of residue MET A      167 found. Using only A.
  WARNING: Multiple conformations of residue SER A      171 found. Using only A.
  WARNING: Multiple conformations of residue SER A      171 found. Using only A.
  WARNING: Multiple conformations of residue SER A      171 found. Using only A.
  WARNING: Multiple conformations of residue SER A      171 found. Using only A.
  WARNING: Multiple conformations of residue SER A      171 found. Using only A.
  WARNING: Multiple conformations of residue SER A      171 found. Using only A.
  WARNING: Multiple conformations of residue SER A      171 found. Using only A.
  WARNING: Multiple conformations of residue SER A      171 found. Using only A.
  WARNING: Multiple conformations of residue SER A      171 found. Using only A.
  WARNING: Multiple conformations of residue SER A      171 found. Using only A.
  WARNING: Multiple conformations of residue SER A      171 found. Using only A.
  WARNING: Multiple conformations of residue SER A      171 found. Using only A.
  WARNING: Multiple conformations of residue LYS A      174 found. Using only A.
  WARNING: Multiple conformations of residue LYS A      174 found. Using only A.
  WARNING: Multiple conformations of residue LYS A      174 found. Using only A.
  WARNING: Multiple conformations of residue LYS A      174 found. Using only A.
  WARNING: Multiple conformations of residue LYS A      174 found. Using only A.
  WARNING: Multiple conformations of residue LYS A      174 found. Using only A.
  WARNING: Multiple conformations of residue LYS A      174 found. Using only A.
  WARNING: Multiple conformations of residue LYS A      174 found. Using only A.
  WARNING: Multiple conformations of residue LYS A      174 found. Using only A.
  WARNING: Multiple conformations of residue ASP A      176 found. Using only A.
  WARNING: Multiple conformations of residue ASP A      176 found. Using only A.
  WARNING: Multiple conformations of residue ASP A      176 found. Using only A.
  WARNING: Multiple conformations of residue ASP A      176 found. Using only A.
  WARNING: Multiple conformations of residue ASP A      176 found. Using only A.
  WARNING: Multiple conformations of residue ASP A      176 found. Using only A.
  WARNING: Multiple conformations of residue ASP A      176 found. Using only A.
  WARNING: Multiple conformations of residue ASP A      176 found. Using only A.
  WARNING: Multiple conformations of residue ASP A      200 found. Using only A.
  WARNING: Multiple conformations of residue ASP A      200 found. Using only A.
  WARNING: Multiple conformations of residue ASP A      200 found. Using only A.
  WARNING: Multiple conformations of residue ASP A      200 found. Using only A.
  WARNING: Multiple conformations of residue ASP A      200 found. Using only A.
  WARNING: Multiple conformations of residue ASP A      200 found. Using only A.
  WARNING: Multiple conformations of residue ASP A      200 found. Using only A.
  WARNING: Multiple conformations of residue ASP A      200 found. Using only A.
  WARNING: Multiple conformations of residue ILE A      201 found. Using only A.
  WARNING: Multiple conformations of residue ILE A      201 found. Using only A.
  WARNING: Multiple conformations of residue ILE A      201 found. Using only A.
  WARNING: Multiple conformations of residue ILE A      201 found. Using only A.
  WARNING: Multiple conformations of residue ILE A      201 found. Using only A.
  WARNING: Multiple conformations of residue ILE A      201 found. Using only A.
  WARNING: Multiple conformations of residue ILE A      201 found. Using only A.
  WARNING: Multiple conformations of residue ILE A      201 found. Using only A.
  WARNING: Multiple conformations of residue GLU A      222 found. Using only A.
  WARNING: Multiple conformations of residue GLU A      222 found. Using only A.
  WARNING: Multiple conformations of residue GLU A      222 found. Using only A.
  WARNING: Multiple conformations of residue GLU A      222 found. Using only A.
  WARNING: Multiple conformations of residue GLU A      222 found. Using only A.
  WARNING: Multiple conformations of residue GLU A      222 found. Using only A.
  WARNING: Multiple conformations of residue GLU A      222 found. Using only A.
  WARNING: Multiple conformations of residue GLU A      222 found. Using only A.
  WARNING: Multiple conformations of residue GLU A      222 found. Using only A.
  WARNING: Multiple conformations of residue GLN A      230 found. Using only A.
  WARNING: Multiple conformations of residue GLN A      230 found. Using only A.
  WARNING: Multiple conformations of residue GLN A      230 found. Using only A.
  WARNING: Multiple conformations of residue GLN A      230 found. Using only A.
  WARNING: Multiple conformations of residue GLN A      230 found. Using only A.
  WARNING: Multiple conformations of residue GLN A      230 found. Using only A.
  WARNING: Multiple conformations of residue GLN A      230 found. Using only A.
  WARNING: Multiple conformations of residue GLN A      230 found. Using only A.
  WARNING: Multiple conformations of residue GLN A      230 found. Using only A.
  WARNING: Multiple conformations of residue ALA A      231 found. Using only A.
  WARNING: Multiple conformations of residue ALA A      231 found. Using only A.
  WARNING: Multiple conformations of residue ALA A      231 found. Using only A.
  WARNING: Multiple conformations of residue ALA A      231 found. Using only A.
  WARNING: Multiple conformations of residue ALA A      231 found. Using only A.
  WARNING: Multiple conformations of residue LYS A      232 found. Using only A.
  WARNING: Multiple conformations of residue LYS A      232 found. Using only A.
  WARNING: Multiple conformations of residue LYS A      232 found. Using only A.
  WARNING: Multiple conformations of residue LYS A      232 found. Using only A.
  WARNING: Multiple conformations of residue LYS A      232 found. Using only A.
  WARNING: Multiple conformations of residue LYS A      232 found. Using only A.
  WARNING: Multiple conformations of residue LYS A      232 found. Using only A.
  WARNING: Multiple conformations of residue LYS A      232 found. Using only A.
  WARNING: Multiple conformations of residue LYS A      232 found. Using only A.
  WARNING: Multiple conformations of residue HIS A      233 found. Using only A.
  WARNING: Multiple conformations of residue HIS A      233 found. Using only A.
  WARNING: Multiple conformations of residue HIS A      233 found. Using only A.
  WARNING: Multiple conformations of residue HIS A      233 found. Using only A.
  WARNING: Multiple conformations of residue HIS A      233 found. Using only A.
  WARNING: Multiple conformations of residue HIS A      233 found. Using only A.
  WARNING: Multiple conformations of residue HIS A      233 found. Using only A.
  WARNING: Multiple conformations of residue HIS A      233 found. Using only A.
  WARNING: Multiple conformations of residue HIS A      233 found. Using only A.
  WARNING: Multiple conformations of residue HIS A      233 found. Using only A.
  WARNING: Multiple conformations of residue GLN A      234 found. Using only A.
  WARNING: Multiple conformations of residue GLN A      234 found. Using only A.
  WARNING: Multiple conformations of residue GLN A      234 found. Using only A.
  WARNING: Multiple conformations of residue GLN A      234 found. Using only A.
  WARNING: Multiple conformations of residue GLN A      234 found. Using only A.
  WARNING: Multiple conformations of residue GLN A      234 found. Using only A.
  WARNING: Multiple conformations of residue GLN A      234 found. Using only A.
  WARNING: Multiple conformations of residue GLN A      234 found. Using only A.
  WARNING: Multiple conformations of residue GLN A      234 found. Using only A.
  WARNING: Multiple conformations of residue THR A      249 found. Using only A.
  WARNING: Multiple conformations of residue THR A      249 found. Using only A.
  WARNING: Multiple conformations of residue THR A      249 found. Using only A.
  WARNING: Multiple conformations of residue THR A      249 found. Using only A.
  WARNING: Multiple conformations of residue THR A      249 found. Using only A.
  WARNING: Multiple conformations of residue THR A      249 found. Using only A.
  WARNING: Multiple conformations of residue THR A      249 found. Using only A.
  WARNING: Multiple conformations of residue GLY A      250 found. Using only A.
  WARNING: Multiple conformations of residue GLY A      250 found. Using only A.
  WARNING: Multiple conformations of residue GLY A      250 found. Using only A.
  WARNING: Multiple conformations of residue GLY A      250 found. Using only A.
  WARNING: Multiple conformations of residue GLU A      255 found. Using only A.
  WARNING: Multiple conformations of residue GLU A      255 found. Using only A.
  WARNING: Multiple conformations of residue GLU A      255 found. Using only A.
  WARNING: Multiple conformations of residue GLU A      255 found. Using only A.
  WARNING: Multiple conformations of residue GLU A      255 found. Using only A.
  WARNING: Multiple conformations of residue GLU A      255 found. Using only A.
  WARNING: Multiple conformations of residue GLU A      255 found. Using only A.
  WARNING: Multiple conformations of residue GLU A      255 found. Using only A.
  WARNING: Multiple conformations of residue GLU A      255 found. Using only A.
  WARNING: Multiple conformations of residue SER A      256 found. Using only A.
  WARNING: Multiple conformations of residue SER A      256 found. Using only A.
  WARNING: Multiple conformations of residue SER A      256 found. Using only A.
  WARNING: Multiple conformations of residue SER A      256 found. Using only A.
  WARNING: Multiple conformations of residue SER A      256 found. Using only A.
  WARNING: Multiple conformations of residue SER A      256 found. Using only A.
  WARNING: Multiple conformations of residue PRO A      261 found. Using only A.
  WARNING: Multiple conformations of residue PRO A      261 found. Using only A.
  WARNING: Multiple conformations of residue PRO A      261 found. Using only A.
  WARNING: Multiple conformations of residue PRO A      261 found. Using only A.
  WARNING: Multiple conformations of residue PRO A      261 found. Using only A.
  WARNING: Multiple conformations of residue PRO A      261 found. Using only A.
  WARNING: Multiple conformations of residue PRO A      261 found. Using only A.
  WARNING: Multiple conformations of residue LEU A      262 found. Using only A.
  WARNING: Multiple conformations of residue LEU A      262 found. Using only A.
  WARNING: Multiple conformations of residue LEU A      262 found. Using only A.
  WARNING: Multiple conformations of residue LEU A      262 found. Using only A.
  WARNING: Multiple conformations of residue LEU A      262 found. Using only A.
  WARNING: Multiple conformations of residue LEU A      262 found. Using only A.
  WARNING: Multiple conformations of residue LEU A      262 found. Using only A.
  WARNING: Multiple conformations of residue LEU A      262 found. Using only A.
  WARNING: Multiple conformations of residue PRO A      263 found. Using only A.
  WARNING: Multiple conformations of residue PRO A      263 found. Using only A.
  WARNING: Multiple conformations of residue PRO A      263 found. Using only A.
  WARNING: Multiple conformations of residue PRO A      263 found. Using only A.
  WARNING: Multiple conformations of residue PRO A      263 found. Using only A.
  WARNING: Multiple conformations of residue PRO A      263 found. Using only A.
  WARNING: Multiple conformations of residue PRO A      263 found. Using only A.
  WARNING: Multiple conformations of residue LYS A      264 found. Using only A.
  WARNING: Multiple conformations of residue LYS A      264 found. Using only A.
  WARNING: Multiple conformations of residue LYS A      264 found. Using only A.
  WARNING: Multiple conformations of residue LYS A      264 found. Using only A.
  WARNING: Multiple conformations of residue LYS A      264 found. Using only A.
  WARNING: Multiple conformations of residue LYS A      264 found. Using only A.
  WARNING: Multiple conformations of residue LYS A      264 found. Using only A.
  WARNING: Multiple conformations of residue LYS A      264 found. Using only A.
  WARNING: Multiple conformations of residue LYS A      264 found. Using only A.
  WARNING: Multiple conformations of residue GLU A      273 found. Using only A.
  WARNING: Multiple conformations of residue GLU A      273 found. Using only A.
  WARNING: Multiple conformations of residue GLU A      273 found. Using only A.
  WARNING: Multiple conformations of residue GLU A      273 found. Using only A.
  WARNING: Multiple conformations of residue GLU A      273 found. Using only A.
  WARNING: Multiple conformations of residue GLU A      273 found. Using only A.
  WARNING: Multiple conformations of residue GLU A      273 found. Using only A.
  WARNING: Multiple conformations of residue GLU A      273 found. Using only A.
  WARNING: Multiple conformations of residue GLU A      273 found. Using only A.
  WARNING: Multiple conformations of residue TYR A      275 found. Using only A.
  WARNING: Multiple conformations of residue TYR A      275 found. Using only A.
  WARNING: Multiple conformations of residue TYR A      275 found. Using only A.
  WARNING: Multiple conformations of residue TYR A      275 found. Using only A.
  WARNING: Multiple conformations of residue TYR A      275 found. Using only A.
  WARNING: Multiple conformations of residue TYR A      275 found. Using only A.
  WARNING: Multiple conformations of residue TYR A      275 found. Using only A.
  WARNING: Multiple conformations of residue TYR A      275 found. Using only A.
  WARNING: Multiple conformations of residue TYR A      275 found. Using only A.
  WARNING: Multiple conformations of residue TYR A      275 found. Using only A.
  WARNING: Multiple conformations of residue TYR A      275 found. Using only A.
  WARNING: Multiple conformations of residue TYR A      275 found. Using only A.
  WARNING: Multiple conformations of residue SER A      276 found. Using only A.
  WARNING: Multiple conformations of residue SER A      276 found. Using only A.
  WARNING: Multiple conformations of residue SER A      276 found. Using only A.
  WARNING: Multiple conformations of residue SER A      276 found. Using only A.
  WARNING: Multiple conformations of residue SER A      276 found. Using only A.
  WARNING: Multiple conformations of residue SER A      276 found. Using only A.
  WARNING: Multiple conformations of residue GLN A      277 found. Using only A.
  WARNING: Multiple conformations of residue GLN A      277 found. Using only A.
  WARNING: Multiple conformations of residue GLN A      277 found. Using only A.
  WARNING: Multiple conformations of residue GLN A      277 found. Using only A.
  WARNING: Multiple conformations of residue GLN A      277 found. Using only A.
  WARNING: Multiple conformations of residue GLN A      277 found. Using only A.
  WARNING: Multiple conformations of residue GLN A      277 found. Using only A.
  WARNING: Multiple conformations of residue GLN A      277 found. Using only A.
  WARNING: Multiple conformations of residue GLN A      277 found. Using only A.
  WARNING: Multiple conformations of residue GLN A      279 found. Using only A.
  WARNING: Multiple conformations of residue GLN A      279 found. Using only A.
  WARNING: Multiple conformations of residue GLN A      279 found. Using only A.
  WARNING: Multiple conformations of residue GLN A      279 found. Using only A.
  WARNING: Multiple conformations of residue GLN A      279 found. Using only A.
  WARNING: Multiple conformations of residue GLN A      279 found. Using only A.
  WARNING: Multiple conformations of residue GLN A      279 found. Using only A.
  WARNING: Multiple conformations of residue GLN A      279 found. Using only A.
  WARNING: Multiple conformations of residue GLN A      279 found. Using only A.
  WARNING: Multiple conformations of residue ILE A      284 found. Using only A.
  WARNING: Multiple conformations of residue ILE A      284 found. Using only A.
  WARNING: Multiple conformations of residue ILE A      284 found. Using only A.
  WARNING: Multiple conformations of residue ILE A      284 found. Using only A.
  WARNING: Multiple conformations of residue ILE A      284 found. Using only A.
  WARNING: Multiple conformations of residue ILE A      284 found. Using only A.
  WARNING: Multiple conformations of residue ILE A      284 found. Using only A.
  WARNING: Multiple conformations of residue ILE A      284 found. Using only A.
  WARNING: Multiple conformations of residue SER A      295 found. Using only A.
  WARNING: Multiple conformations of residue SER A      295 found. Using only A.
  WARNING: Multiple conformations of residue SER A      295 found. Using only A.
  WARNING: Multiple conformations of residue SER A      295 found. Using only A.
  WARNING: Multiple conformations of residue SER A      295 found. Using only A.
  WARNING: Multiple conformations of residue SER A      295 found. Using only A.
  WARNING: Multiple conformations of residue ASP A      297 found. Using only A.
  WARNING: Multiple conformations of residue ASP A      297 found. Using only A.
  WARNING: Multiple conformations of residue ASP A      297 found. Using only A.
  WARNING: Multiple conformations of residue ASP A      297 found. Using only A.
  WARNING: Multiple conformations of residue ASP A      297 found. Using only A.
  WARNING: Multiple conformations of residue ASP A      297 found. Using only A.
  WARNING: Multiple conformations of residue ASP A      297 found. Using only A.
  WARNING: Multiple conformations of residue ASP A      297 found. Using only A.
  WARNING: Multiple conformations of residue ASN A      300 found. Using only A.
  WARNING: Multiple conformations of residue ASN A      300 found. Using only A.
  WARNING: Multiple conformations of residue ASN A      300 found. Using only A.
  WARNING: Multiple conformations of residue ASN A      300 found. Using only A.
  WARNING: Multiple conformations of residue ASN A      300 found. Using only A.
  WARNING: Multiple conformations of residue ASN A      300 found. Using only A.
  WARNING: Multiple conformations of residue ASN A      300 found. Using only A.
  WARNING: Multiple conformations of residue ASN A      300 found. Using only A.
  WARNING: Multiple conformations of residue TYR A      309 found. Using only A.
  WARNING: Multiple conformations of residue TYR A      309 found. Using only A.
  WARNING: Multiple conformations of residue TYR A      309 found. Using only A.
  WARNING: Multiple conformations of residue TYR A      309 found. Using only A.
  WARNING: Multiple conformations of residue TYR A      309 found. Using only A.
  WARNING: Multiple conformations of residue TYR A      309 found. Using only A.
  WARNING: Multiple conformations of residue TYR A      309 found. Using only A.
  WARNING: Multiple conformations of residue TYR A      309 found. Using only A.
  WARNING: Multiple conformations of residue TYR A      309 found. Using only A.
  WARNING: Multiple conformations of residue TYR A      309 found. Using only A.
  WARNING: Multiple conformations of residue TYR A      309 found. Using only A.
  WARNING: Multiple conformations of residue TYR A      309 found. Using only A.
  WARNING: Multiple conformations of residue LYS A      319 found. Using only A.
  WARNING: Multiple conformations of residue LYS A      319 found. Using only A.
  WARNING: Multiple conformations of residue LYS A      319 found. Using only A.
  WARNING: Multiple conformations of residue LYS A      319 found. Using only A.
  WARNING: Multiple conformations of residue LYS A      319 found. Using only A.
  WARNING: Multiple conformations of residue LYS A      319 found. Using only A.
  WARNING: Multiple conformations of residue LYS A      319 found. Using only A.
  WARNING: Multiple conformations of residue LYS A      319 found. Using only A.
  WARNING: Multiple conformations of residue LYS A      319 found. Using only A.
  WARNING: Multiple conformations of residue LEU A      328 found. Using only A.
  WARNING: Multiple conformations of residue LEU A      328 found. Using only A.
  WARNING: Multiple conformations of residue LEU A      328 found. Using only A.
  WARNING: Multiple conformations of residue LEU A      328 found. Using only A.
  WARNING: Multiple conformations of residue LEU A      328 found. Using only A.
  WARNING: Multiple conformations of residue LEU A      328 found. Using only A.
  WARNING: Multiple conformations of residue LEU A      328 found. Using only A.
  WARNING: Multiple conformations of residue LEU A      328 found. Using only A.
  WARNING: Multiple conformations of residue ASN A      344 found. Using only A.
  WARNING: Multiple conformations of residue ASN A      344 found. Using only A.
  WARNING: Multiple conformations of residue ASN A      344 found. Using only A.
  WARNING: Multiple conformations of residue ASN A      344 found. Using only A.
  WARNING: Multiple conformations of residue ASN A      344 found. Using only A.
  WARNING: Multiple conformations of residue ASN A      344 found. Using only A.
  WARNING: Multiple conformations of residue ASN A      344 found. Using only A.
  WARNING: Multiple conformations of residue ASN A      344 found. Using only A.
  WARNING: Multiple conformations of residue GLN A      367 found. Using only A.
  WARNING: Multiple conformations of residue GLN A      367 found. Using only A.
  WARNING: Multiple conformations of residue GLN A      367 found. Using only A.
  WARNING: Multiple conformations of residue GLN A      367 found. Using only A.
  WARNING: Multiple conformations of residue GLN A      367 found. Using only A.
  WARNING: Multiple conformations of residue GLN A      367 found. Using only A.
  WARNING: Multiple conformations of residue GLN A      367 found. Using only A.
  WARNING: Multiple conformations of residue GLN A      367 found. Using only A.
  WARNING: Multiple conformations of residue GLN A      367 found. Using only A.
  WARNING: Multiple conformations of residue PRO A      384 found. Using only A.
  WARNING: Multiple conformations of residue PRO A      384 found. Using only A.
  WARNING: Multiple conformations of residue PRO A      384 found. Using only A.
  WARNING: Multiple conformations of residue PRO A      384 found. Using only A.
  WARNING: Multiple conformations of residue PRO A      384 found. Using only A.
  WARNING: Multiple conformations of residue PRO A      384 found. Using only A.
  WARNING: Multiple conformations of residue PRO A      384 found. Using only A.
  WARNING: Multiple conformations of residue CYS A      386 found. Using only A.
  WARNING: Multiple conformations of residue CYS A      386 found. Using only A.
  WARNING: Multiple conformations of residue CYS A      386 found. Using only A.
  WARNING: Multiple conformations of residue CYS A      386 found. Using only A.
  WARNING: Multiple conformations of residue CYS A      386 found. Using only A.
  WARNING: Multiple conformations of residue CYS A      386 found. Using only A.
  WARNING: Multiple conformations of residue CYS A      386 found. Using only A.
  WARNING: Multiple conformations of residue CYS A      386 found. Using only A.
  WARNING: Multiple conformations of residue CYS A      386 found. Using only A.
  WARNING: Multiple conformations of residue CYS A      386 found. Using only A.
  WARNING: Multiple conformations of residue CYS A      386 found. Using only A.
  WARNING: Multiple conformations of residue CYS A      386 found. Using only A.
  WARNING: Multiple conformations of residue ARG A      395 found. Using only A.
  WARNING: Multiple conformations of residue ARG A      395 found. Using only A.
  WARNING: Multiple conformations of residue ARG A      395 found. Using only A.
  WARNING: Multiple conformations of residue ARG A      395 found. Using only A.
  WARNING: Multiple conformations of residue ARG A      395 found. Using only A.
  WARNING: Multiple conformations of residue ARG A      395 found. Using only A.
  WARNING: Multiple conformations of residue ARG A      395 found. Using only A.
  WARNING: Multiple conformations of residue ARG A      395 found. Using only A.
  WARNING: Multiple conformations of residue ARG A      395 found. Using only A.
  WARNING: Multiple conformations of residue ARG A      395 found. Using only A.
  WARNING: Multiple conformations of residue ARG A      395 found. Using only A.
  WARNING: Multiple conformations of residue SER A      408 found. Using only A.
  WARNING: Multiple conformations of residue SER A      408 found. Using only A.
  WARNING: Multiple conformations of residue SER A      408 found. Using only A.
  WARNING: Multiple conformations of residue SER A      408 found. Using only A.
  WARNING: Multiple conformations of residue SER A      408 found. Using only A.
  WARNING: Multiple conformations of residue SER A      408 found. Using only A.
  WARNING: Multiple conformations of residue LEU A      412 found. Using only A.
  WARNING: Multiple conformations of residue LEU A      412 found. Using only A.
  WARNING: Multiple conformations of residue LEU A      412 found. Using only A.
  WARNING: Multiple conformations of residue LEU A      412 found. Using only A.
  WARNING: Multiple conformations of residue LEU A      412 found. Using only A.
  WARNING: Multiple conformations of residue LEU A      412 found. Using only A.
  WARNING: Multiple conformations of residue LEU A      412 found. Using only A.
  WARNING: Multiple conformations of residue LEU A      412 found. Using only A.
  WARNING: Multiple conformations of residue SER A      415 found. Using only A.
  WARNING: Multiple conformations of residue SER A      415 found. Using only A.
  WARNING: Multiple conformations of residue SER A      415 found. Using only A.
  WARNING: Multiple conformations of residue SER A      415 found. Using only A.
  WARNING: Multiple conformations of residue SER A      415 found. Using only A.
  WARNING: Multiple conformations of residue SER A      415 found. Using only A.
  WARNING: Multiple conformations of residue SER A      427 found. Using only A.
  WARNING: Multiple conformations of residue SER A      427 found. Using only A.
  WARNING: Multiple conformations of residue SER A      427 found. Using only A.
  WARNING: Multiple conformations of residue SER A      427 found. Using only A.
  WARNING: Multiple conformations of residue SER A      427 found. Using only A.
  WARNING: Multiple conformations of residue SER A      427 found. Using only A.
  WARNING: Multiple conformations of residue GLN A      428 found. Using only A.
  WARNING: Multiple conformations of residue GLN A      428 found. Using only A.
  WARNING: Multiple conformations of residue GLN A      428 found. Using only A.
  WARNING: Multiple conformations of residue GLN A      428 found. Using only A.
  WARNING: Multiple conformations of residue GLN A      428 found. Using only A.
  WARNING: Multiple conformations of residue GLN A      428 found. Using only A.
  WARNING: Multiple conformations of residue GLN A      428 found. Using only A.
  WARNING: Multiple conformations of residue GLN A      428 found. Using only A.
  WARNING: Multiple conformations of residue GLN A      428 found. Using only A.
  WARNING: Multiple conformations of residue MET A      436 found. Using only A.
  WARNING: Multiple conformations of residue MET A      436 found. Using only A.
  WARNING: Multiple conformations of residue MET A      436 found. Using only A.
  WARNING: Multiple conformations of residue MET A      436 found. Using only A.
  WARNING: Multiple conformations of residue MET A      436 found. Using only A.
  WARNING: Multiple conformations of residue MET A      436 found. Using only A.
  WARNING: Multiple conformations of residue MET A      436 found. Using only A.
  WARNING: Multiple conformations of residue MET A      436 found. Using only A.
  WARNING: Multiple conformations of residue PRO A      441 found. Using only A.
  WARNING: Multiple conformations of residue PRO A      441 found. Using only A.
  WARNING: Multiple conformations of residue PRO A      441 found. Using only A.
  WARNING: Multiple conformations of residue PRO A      441 found. Using only A.
  WARNING: Multiple conformations of residue PRO A      441 found. Using only A.
  WARNING: Multiple conformations of residue PRO A      441 found. Using only A.
  WARNING: Multiple conformations of residue PRO A      441 found. Using only A.
  WARNING: Multiple conformations of residue THR A      442 found. Using only A.
  WARNING: Multiple conformations of residue THR A      442 found. Using only A.
  WARNING: Multiple conformations of residue THR A      442 found. Using only A.
  WARNING: Multiple conformations of residue THR A      442 found. Using only A.
  WARNING: Multiple conformations of residue THR A      442 found. Using only A.
  WARNING: Multiple conformations of residue THR A      442 found. Using only A.
  WARNING: Multiple conformations of residue THR A      442 found. Using only A.
  WARNING: Multiple conformations of residue ILE A      467 found. Using only A.
  WARNING: Multiple conformations of residue ILE A      467 found. Using only A.
  WARNING: Multiple conformations of residue ILE A      467 found. Using only A.
  WARNING: Multiple conformations of residue ILE A      467 found. Using only A.
  WARNING: Multiple conformations of residue ILE A      467 found. Using only A.
  WARNING: Multiple conformations of residue ILE A      467 found. Using only A.
  WARNING: Multiple conformations of residue ILE A      467 found. Using only A.
  WARNING: Multiple conformations of residue ILE A      467 found. Using only A.
  WARNING: Multiple conformations of residue GLU A      476 found. Using only A.
  WARNING: Multiple conformations of residue GLU A      476 found. Using only A.
  WARNING: Multiple conformations of residue GLU A      476 found. Using only A.
  WARNING: Multiple conformations of residue GLU A      476 found. Using only A.
  WARNING: Multiple conformations of residue GLU A      476 found. Using only A.
  WARNING: Multiple conformations of residue GLU A      476 found. Using only A.
  WARNING: Multiple conformations of residue GLU A      476 found. Using only A.
  WARNING: Multiple conformations of residue GLU A      476 found. Using only A.
  WARNING: Multiple conformations of residue GLU A      476 found. Using only A.
  WARNING: Multiple conformations of residue ASN A      477 found. Using only A.
  WARNING: Multiple conformations of residue ASN A      477 found. Using only A.
  WARNING: Multiple conformations of residue ASN A      477 found. Using only A.
  WARNING: Multiple conformations of residue ASN A      477 found. Using only A.
  WARNING: Multiple conformations of residue ASN A      477 found. Using only A.
  WARNING: Multiple conformations of residue ASN A      477 found. Using only A.
  WARNING: Multiple conformations of residue ASN A      477 found. Using only A.
  WARNING: Multiple conformations of residue ASN A      477 found. Using only A.
  WARNING: Multiple conformations of residue ASN A      483 found. Using only A.
  WARNING: Multiple conformations of residue ASN A      483 found. Using only A.
  WARNING: Multiple conformations of residue ASN A      483 found. Using only A.
  WARNING: Multiple conformations of residue ASN A      483 found. Using only A.
  WARNING: Multiple conformations of residue ASN A      483 found. Using only A.
  WARNING: Multiple conformations of residue ASN A      483 found. Using only A.
  WARNING: Multiple conformations of residue ASN A      483 found. Using only A.
  WARNING: Multiple conformations of residue ASN A      483 found. Using only A.
  WARNING: Multiple conformations of residue ASN A      484 found. Using only A.
  WARNING: Multiple conformations of residue ASN A      484 found. Using only A.
  WARNING: Multiple conformations of residue ASN A      484 found. Using only A.
  WARNING: Multiple conformations of residue ASN A      484 found. Using only A.
  WARNING: Multiple conformations of residue ASN A      484 found. Using only A.
  WARNING: Multiple conformations of residue ASN A      484 found. Using only A.
  WARNING: Multiple conformations of residue ASN A      484 found. Using only A.
  WARNING: Multiple conformations of residue ASN A      484 found. Using only A.
  WARNING: Multiple conformations of residue GLN A      488 found. Using only A.
  WARNING: Multiple conformations of residue GLN A      488 found. Using only A.
  WARNING: Multiple conformations of residue GLN A      488 found. Using only A.
  WARNING: Multiple conformations of residue GLN A      488 found. Using only A.
  WARNING: Multiple conformations of residue GLN A      488 found. Using only A.
  WARNING: Multiple conformations of residue GLN A      488 found. Using only A.
  WARNING: Multiple conformations of residue GLN A      488 found. Using only A.
  WARNING: Multiple conformations of residue GLN A      488 found. Using only A.
  WARNING: Multiple conformations of residue GLN A      488 found. Using only A.
  WARNING: Multiple conformations of residue GLN A      502 found. Using only A.
  WARNING: Multiple conformations of residue GLN A      502 found. Using only A.
  WARNING: Multiple conformations of residue GLN A      502 found. Using only A.
  WARNING: Multiple conformations of residue GLN A      502 found. Using only A.
  WARNING: Multiple conformations of residue GLN A      502 found. Using only A.
  WARNING: Multiple conformations of residue GLN A      502 found. Using only A.
  WARNING: Multiple conformations of residue GLN A      502 found. Using only A.
  WARNING: Multiple conformations of residue GLN A      502 found. Using only A.
  WARNING: Multiple conformations of residue GLN A      502 found. Using only A.
  WARNING: Multiple conformations of residue VAL A      503 found. Using only A.
  WARNING: Multiple conformations of residue VAL A      503 found. Using only A.
  WARNING: Multiple conformations of residue VAL A      503 found. Using only A.
  WARNING: Multiple conformations of residue VAL A      503 found. Using only A.
  WARNING: Multiple conformations of residue VAL A      503 found. Using only A.
  WARNING: Multiple conformations of residue VAL A      503 found. Using only A.
  WARNING: Multiple conformations of residue VAL A      503 found. Using only A.
  WARNING: Multiple conformations of residue VAL A      510 found. Using only A.
  WARNING: Multiple conformations of residue VAL A      510 found. Using only A.
  WARNING: Multiple conformations of residue VAL A      510 found. Using only A.
  WARNING: Multiple conformations of residue VAL A      510 found. Using only A.
  WARNING: Multiple conformations of residue VAL A      510 found. Using only A.
  WARNING: Multiple conformations of residue VAL A      510 found. Using only A.
  WARNING: Multiple conformations of residue VAL A      510 found. Using only A.
  WARNING: Multiple conformations of residue PRO A      534 found. Using only A.
  WARNING: Multiple conformations of residue PRO A      534 found. Using only A.
  WARNING: Multiple conformations of residue PRO A      534 found. Using only A.
  WARNING: Multiple conformations of residue PRO A      534 found. Using only A.
  WARNING: Multiple conformations of residue PRO A      534 found. Using only A.
  WARNING: Multiple conformations of residue PRO A      534 found. Using only A.
  WARNING: Multiple conformations of residue PRO A      534 found. Using only A.
  WARNING: Multiple conformations of residue LEU A      540 found. Using only A.
  WARNING: Multiple conformations of residue LEU A      540 found. Using only A.
  WARNING: Multiple conformations of residue LEU A      540 found. Using only A.
  WARNING: Multiple conformations of residue LEU A      540 found. Using only A.
  WARNING: Multiple conformations of residue LEU A      540 found. Using only A.
  WARNING: Multiple conformations of residue LEU A      540 found. Using only A.
  WARNING: Multiple conformations of residue LEU A      540 found. Using only A.
  WARNING: Multiple conformations of residue LEU A      540 found. Using only A.
  WARNING: Multiple conformations of residue THR A      558 found. Using only A.
  WARNING: Multiple conformations of residue THR A      558 found. Using only A.
  WARNING: Multiple conformations of residue THR A      558 found. Using only A.
  WARNING: Multiple conformations of residue THR A      558 found. Using only A.
  WARNING: Multiple conformations of residue THR A      558 found. Using only A.
  WARNING: Multiple conformations of residue THR A      558 found. Using only A.
  WARNING: Multiple conformations of residue THR A      558 found. Using only A.
  WARNING: Multiple conformations of residue SER A      574 found. Using only A.
  WARNING: Multiple conformations of residue SER A      574 found. Using only A.
  WARNING: Multiple conformations of residue SER A      574 found. Using only A.
  WARNING: Multiple conformations of residue SER A      574 found. Using only A.
  WARNING: Multiple conformations of residue SER A      574 found. Using only A.
  WARNING: Multiple conformations of residue SER A      574 found. Using only A.
  WARNING: Multiple conformations of residue HIS A      586 found. Using only A.
  WARNING: Multiple conformations of residue HIS A      586 found. Using only A.
  WARNING: Multiple conformations of residue HIS A      586 found. Using only A.
  WARNING: Multiple conformations of residue HIS A      586 found. Using only A.
  WARNING: Multiple conformations of residue HIS A      586 found. Using only A.
  WARNING: Multiple conformations of residue HIS A      586 found. Using only A.
  WARNING: Multiple conformations of residue HIS A      586 found. Using only A.
  WARNING: Multiple conformations of residue HIS A      586 found. Using only A.
  WARNING: Multiple conformations of residue HIS A      586 found. Using only A.
  WARNING: Multiple conformations of residue HIS A      586 found. Using only A.
  WARNING: Multiple conformations of residue PRO A      593 found. Using only A.
  WARNING: Multiple conformations of residue PRO A      593 found. Using only A.
  WARNING: Multiple conformations of residue PRO A      593 found. Using only A.
  WARNING: Multiple conformations of residue PRO A      593 found. Using only A.
  WARNING: Multiple conformations of residue PRO A      593 found. Using only A.
  WARNING: Multiple conformations of residue PRO A      593 found. Using only A.
  WARNING: Multiple conformations of residue PRO A      593 found. Using only A.
  WARNING: Multiple conformations of residue ASP A      608 found. Using only A.
  WARNING: Multiple conformations of residue ASP A      608 found. Using only A.
  WARNING: Multiple conformations of residue ASP A      608 found. Using only A.
  WARNING: Multiple conformations of residue ASP A      608 found. Using only A.
  WARNING: Multiple conformations of residue ASP A      608 found. Using only A.
  WARNING: Multiple conformations of residue ASP A      608 found. Using only A.
  WARNING: Multiple conformations of residue ASP A      608 found. Using only A.
  WARNING: Multiple conformations of residue ASP A      608 found. Using only A.
  
  Number of atoms read from structure file:     3055
  Number of chains found in structure file:            1
  
  WARNING: First atom of link type does not correspond to any atom of the structure.
  Experiment: DSS
  Link type:   MET   all   N     LYS   all   CB      35.000
  
  -------------------------------------------------------------------------------------------------------------------------
  Experiment: DSS
  Observed links:
  1  LYS   A       353  LYS   A       319
  2  LYS   A       314  LYS   A       319
  
  -------------------------------------------------------------------------------------------------------------------------
  -------------------------------------------------------------------------------------------------------------------------
  
  Number of atoms that might be involved in reactions, according link types:       41
  
  All reactive atoms, according to observations:
  1   LYS   A       314  CB
  2   LYS   A       319  CB
  3   LYS   A       353  CB
  
  Number of reactive pairs according to sequence:
  Experiment DSS:   820
  Total number of unique reactive pairs, according to link types:          820
  
  Number of reactive pairs according to observations:
  Experiment DSS:     3
  Total number of unique reactive pairs, according to observations:            3
  
  List of reactive atom pairs, according to observations:
  1  LYS   A       314  CB    LYS   A       319  CB   in experiments:DSS
  2  LYS   A       314  CB    LYS   A       353  CB   in experiments:DSS
  3  LYS   A       319  CB    LYS   A       353  CB   in experiments:DSS
  
  Number of atoms accessible to solvent:         2954
  Number of residues accessible to solvent:          620
  
  -------------------------------------------------------------------------------------------------------------------------
  >     RESIDUE1   ATOM1 RESIDUE2   ATOM2 EUCLDIST  TOPODIST OBSERVED    DMIN      DMAX        RESULT  OBSRES REACRES RA AA
  -------------------------------------------------------------------------------------------------------------------------
  LINK: LYS  A  314 CB   LYS  A  319 CB     10.228    10.828   YES      0.000    35.000     OK: FOUND    1/ 1    1/ 1 YY YY
  LINK: LYS  A  319 CB   LYS  A  353 CB     13.349    13.585   YES      0.000    35.000     OK: FOUND    1/ 1    1/ 1 YY YY
  -------------------------------------------------------------------------------------------------------------------------
  
  RESULTS:
  
  For each experiment:
  
  -------------------------------------------------------------------------------------------------------------------------
  
  Experiment: DSS
  
  Number of type-reactive pairs of atoms:      820
  
  Number of observed-reactive pairs of atoms:        3
  Number of observed-reactive pairs of atoms within linker reach:        2
  Number of observed-reactive pairs of atoms outside linker reach:        1
  Missing links, according to the structure and observed-reactivity:        0
  
  Number of observed links:        2
  Number of observed links consistent with the structure:        2
  Number of observed links NOT consistent with the structure:        0
  
  Sum of scores of observed links:    0.0000000
  
  Sensitivity of the cross-linking reaction:    1.0000000
  False-assignment probability:    0.0000000
  
  Likelihood of the experimental result:    0.9999941
  Log-likelihood of the experimental result:   -0.0000059
  
  Likelihood using user-defined pbad and pgood:    0.5100000
  Log-likelihood using user-defined pbad and pgood:   -0.6733446
  Using: pgood =    0.700; pbad =    0.050
  
  -------------------------------------------------------------------------------------------------------------------------
  
  FINAL RESULTS:
  
  RESULT0:     2 : Number of observations that are consistent with the structure.
  
  RESULT1:     2 : Number of topological distances consistent with all observations.
  RESULT2:     0 : Number of topological distances NOT consistent with observations.
  RESULT3:     0 : Number of links with missing observations.
  
  RESULT4:      0.00000 : Sum of scores of observed links of all experiments.
  
  RESULT5:      0.99999 : Likelihood of the set of experimental results.
  RESULT6:     -0.00001 : Log-likelihood of the set of experimental results.
  
  Using: pgood =    0.700; pbad =    0.050
  RESULT7:      0.51000 : Likelihood of the set of experimental results.
  RESULT8:     -0.67334 : Log-likelihood of the set of experimental results.
  
  -------------------------------------------------------------------------------------------------------------------------
  ATTENTION: There are WARNINGS of input file parsing. Please check the output carefully.
  -------------------------------------------------------------------------------------------------------------------------
  
  
  #########################################################################################################################
