IN:
#
# TOPOLINK input file example
#
# L. Martinez - Institute of Chemistry, University of Campinas
# http://leandro.iqm.unicamp.br
#
# Structure file (can be provided in the command line, overwriting this definition); PDB or mmCIF formats
structure data/temp/dist_reeval/tmp.pdb#endread ENDMDL  # Use this to stop reading atoms if this keyword is found (comment otherwise)
readatoms backplusCB # Which atoms to consider (all/heavy(no-H)/backbone/backplusCB)
# Output directory for links (comment if you do not want the PDB files, that may be a lot)
printlinks no
#linkdir ./links
# What cross-links to compute (all/reactive/observed)
compute observed
#compute reactive
#compute all
# If only inter-domain (inter-chain) links are of interested, uncomment the following line
#interchain
# Only consider observed links with score greater than scorecut
scorecut 0.d0
# Cross-links observed:
experiment DSS
  # Possible types of cross-links and maximum distances
  #        ResType  Chain  ResNum   AtomType    ResType  Chain  ResNum   AtomType  MaxDist
  linktype   MET     all      1       N           LYS     all     all       CB        35
  linktype   LYS     all     all      CB          LYS     all     all       CB        35

  observed LYS X 115 LYS X 236
  observed LYS X 115 LYS X 96
  observed LYS X 110 LYS X 115
  observed LYS X 115 LYS X 109
  observed LYS X 113 LYS X 119
  observed LYS X 115 LYS X 274
  observed LYS X 252 LYS X 252
  observed LYS X 236 LYS X 113
  observed LYS X 113 LYS X 109
  observed LYS X 115 LYS X 61
  observed LYS X 61 LYS X 34

end experiment DSS
# Optional parameters
search_limit relative 2  # Search for topological distances of up to search_range*dmaxlink
printallfound yes    # Prints, or not, the structure of the links that were found but violate the distances
printPDBnotfound yes # Prints, or not, PDB files for the links which were not found at all (prints a straight line)
pgood 0.70 # Probability of observing a link which is within link reach
pbad  0.05 # Probability of observing a link which is NOT within linker reach
vdwrad 3.         # Radius to be used for excluded atom volume computation
print 0           # Extensive or concise printing
printnotfound yes # Print data for pairs for links which were not found
quitgood no       # Quit whenever a valid link is found (stop searching for shortest one)
dbond 1.5         # Bond distance of link atoms
kbond 10.         # Energy constant for link bonds
kpath 10.         # Energy constant for the complete path distension, used for computing probability
kvdw  2.          # Force constant of overlap function
# Technical parameters for the optimization method
ntrial 400  # Maximum number of trials for best link search
nbest 5     # Number of times the same best link is found until satisfied
maxfunc 50  # Maximum number of function evaluations of CG-Newton
maxcg 40    # Maximum number of CG iterations
seed random # Seed for random number generator (random or integer number)
iguess 2
exit # You can add anything after this


OUT:

  ######################################################## TOPOLINK #######################################################
                 Institute of Chemistry - University of Campinas. http://m3g.iqm.unicamp.br/topolink

                                                                                                         Version 19.156 

  Structure file: data/temp/dist_reeval/tmp.pdb
  TopoLink input file: data/temp/dist_reeval/topo.tmp
  Will stop structure reading when ################## is found.
  Only backbone plus CB atoms will be considered.
  
  Links will not be written as PDB files.
  
  Printing option:        0
  Leave when first valid link is found:  F
  Link bond distance:    1.5000000
  Link bond force-constant:   10.0000000
  VdW radius for volume exclusion:    3.0000000
  Path energy constant:   10.0000000
  Cutoff for observed scores:    0.0000000
  Number of trials for link search:      400
  Number of repeated best links to find until quit:        5
  Maximum number of function evaluations of CGNewton:       50
  Maximum number of CG iterations in CGNewton:       40
  Seed for random number generator:     8179
  
  Number of experiments:        1
  WARNING: Multiple conformations of residue TRP X       75 found. Using only A.
  WARNING: Multiple conformations of residue TRP X       75 found. Using only A.
  WARNING: Multiple conformations of residue TRP X       75 found. Using only A.
  WARNING: Multiple conformations of residue TRP X       75 found. Using only A.
  WARNING: Multiple conformations of residue TRP X       75 found. Using only A.
  WARNING: Multiple conformations of residue TRP X       75 found. Using only A.
  WARNING: Multiple conformations of residue TRP X       75 found. Using only A.
  WARNING: Multiple conformations of residue TRP X       75 found. Using only A.
  WARNING: Multiple conformations of residue TRP X       75 found. Using only A.
  WARNING: Multiple conformations of residue TRP X       75 found. Using only A.
  WARNING: Multiple conformations of residue TRP X       75 found. Using only A.
  WARNING: Multiple conformations of residue TRP X       75 found. Using only A.
  WARNING: Multiple conformations of residue TRP X       75 found. Using only A.
  WARNING: Multiple conformations of residue TRP X       75 found. Using only A.
  
  Number of atoms read from structure file:     1383
  Number of chains found in structure file:            1
  
  -------------------------------------------------------------------------------------------------------------------------
  Experiment: DSS
  Observed links:
  1  LYS   X       115  LYS   X       236
  2  LYS   X       115  LYS   X        96
  3  LYS   X       110  LYS   X       115
  4  LYS   X       115  LYS   X       109
  5  LYS   X       113  LYS   X       119
  6  LYS   X       115  LYS   X       274
  7  LYS   X       252  LYS   X       252
  8  LYS   X       236  LYS   X       113
  9  LYS   X       113  LYS   X       109
  10  LYS   X       115  LYS   X        61
  11  LYS   X        61  LYS   X        34
  
  -------------------------------------------------------------------------------------------------------------------------
  -------------------------------------------------------------------------------------------------------------------------
  
  Number of atoms that might be involved in reactions, according link types:       26
  
  All reactive atoms, according to observations:
  1   LYS   X        34  CB
  2   LYS   X        61  CB
  3   LYS   X        96  CB
  4   LYS   X       109  CB
  5   LYS   X       110  CB
  6   LYS   X       113  CB
  7   LYS   X       115  CB
  8   LYS   X       119  CB
  9   LYS   X       236  CB
  10   LYS   X       252  CB
  11   LYS   X       274  CB
  
  Number of reactive pairs according to sequence:
  Experiment DSS:   325
  Total number of unique reactive pairs, according to link types:          325
  
  Number of reactive pairs according to observations:
  Experiment DSS:    55
  Total number of unique reactive pairs, according to observations:           55
  
  List of reactive atom pairs, according to observations:
  1  LYS   X        34  CB    LYS   X        61  CB   in experiments:DSS
  2  LYS   X        34  CB    LYS   X        96  CB   in experiments:DSS
  3  LYS   X        34  CB    LYS   X       109  CB   in experiments:DSS
  4  LYS   X        34  CB    LYS   X       110  CB   in experiments:DSS
  5  LYS   X        34  CB    LYS   X       113  CB   in experiments:DSS
  6  LYS   X        34  CB    LYS   X       115  CB   in experiments:DSS
  7  LYS   X        34  CB    LYS   X       119  CB   in experiments:DSS
  8  LYS   X        34  CB    LYS   X       236  CB   in experiments:DSS
  9  LYS   X        34  CB    LYS   X       252  CB   in experiments:DSS
  10  LYS   X        34  CB    LYS   X       274  CB   in experiments:DSS
  11  LYS   X        61  CB    LYS   X        96  CB   in experiments:DSS
  12  LYS   X        61  CB    LYS   X       109  CB   in experiments:DSS
  13  LYS   X        61  CB    LYS   X       110  CB   in experiments:DSS
  14  LYS   X        61  CB    LYS   X       113  CB   in experiments:DSS
  15  LYS   X        61  CB    LYS   X       115  CB   in experiments:DSS
  16  LYS   X        61  CB    LYS   X       119  CB   in experiments:DSS
  17  LYS   X        61  CB    LYS   X       236  CB   in experiments:DSS
  18  LYS   X        61  CB    LYS   X       252  CB   in experiments:DSS
  19  LYS   X        61  CB    LYS   X       274  CB   in experiments:DSS
  20  LYS   X        96  CB    LYS   X       109  CB   in experiments:DSS
  21  LYS   X        96  CB    LYS   X       110  CB   in experiments:DSS
  22  LYS   X        96  CB    LYS   X       113  CB   in experiments:DSS
  23  LYS   X        96  CB    LYS   X       115  CB   in experiments:DSS
  24  LYS   X        96  CB    LYS   X       119  CB   in experiments:DSS
  25  LYS   X        96  CB    LYS   X       236  CB   in experiments:DSS
  26  LYS   X        96  CB    LYS   X       252  CB   in experiments:DSS
  27  LYS   X        96  CB    LYS   X       274  CB   in experiments:DSS
  28  LYS   X       109  CB    LYS   X       110  CB   in experiments:DSS
  29  LYS   X       109  CB    LYS   X       113  CB   in experiments:DSS
  30  LYS   X       109  CB    LYS   X       115  CB   in experiments:DSS
  31  LYS   X       109  CB    LYS   X       119  CB   in experiments:DSS
  32  LYS   X       109  CB    LYS   X       236  CB   in experiments:DSS
  33  LYS   X       109  CB    LYS   X       252  CB   in experiments:DSS
  34  LYS   X       109  CB    LYS   X       274  CB   in experiments:DSS
  35  LYS   X       110  CB    LYS   X       113  CB   in experiments:DSS
  36  LYS   X       110  CB    LYS   X       115  CB   in experiments:DSS
  37  LYS   X       110  CB    LYS   X       119  CB   in experiments:DSS
  38  LYS   X       110  CB    LYS   X       236  CB   in experiments:DSS
  39  LYS   X       110  CB    LYS   X       252  CB   in experiments:DSS
  40  LYS   X       110  CB    LYS   X       274  CB   in experiments:DSS
  41  LYS   X       113  CB    LYS   X       115  CB   in experiments:DSS
  42  LYS   X       113  CB    LYS   X       119  CB   in experiments:DSS
  43  LYS   X       113  CB    LYS   X       236  CB   in experiments:DSS
  44  LYS   X       113  CB    LYS   X       252  CB   in experiments:DSS
  45  LYS   X       113  CB    LYS   X       274  CB   in experiments:DSS
  46  LYS   X       115  CB    LYS   X       119  CB   in experiments:DSS
  47  LYS   X       115  CB    LYS   X       236  CB   in experiments:DSS
  48  LYS   X       115  CB    LYS   X       252  CB   in experiments:DSS
  49  LYS   X       115  CB    LYS   X       274  CB   in experiments:DSS
  50  LYS   X       119  CB    LYS   X       236  CB   in experiments:DSS
  51  LYS   X       119  CB    LYS   X       252  CB   in experiments:DSS
  52  LYS   X       119  CB    LYS   X       274  CB   in experiments:DSS
  53  LYS   X       236  CB    LYS   X       252  CB   in experiments:DSS
  54  LYS   X       236  CB    LYS   X       274  CB   in experiments:DSS
  55  LYS   X       252  CB    LYS   X       274  CB   in experiments:DSS
  
  Number of atoms accessible to solvent:         1370
  Number of residues accessible to solvent:          283
  
  -------------------------------------------------------------------------------------------------------------------------
  >     RESIDUE1   ATOM1 RESIDUE2   ATOM2 EUCLDIST  TOPODIST OBSERVED    DMIN      DMAX        RESULT  OBSRES REACRES RA AA
  -------------------------------------------------------------------------------------------------------------------------
  LINK: LYS  X   34 CB   LYS  X   61 CB     10.194    10.943   YES      0.000    35.000     OK: FOUND    1/ 1    1/ 1 YY YY
  LINK: LYS  X   61 CB   LYS  X  115 CB     16.610    16.613   YES      0.000    35.000     OK: FOUND    1/ 1    1/ 1 YY YY
  LINK: LYS  X   96 CB   LYS  X  115 CB      7.618     7.661   YES      0.000    35.000     OK: FOUND    1/ 1    1/ 1 YY YY
  LINK: LYS  X  109 CB   LYS  X  113 CB     13.931    15.056   YES      0.000    35.000     OK: FOUND    1/ 1    1/ 1 YY YY
  LINK: LYS  X  109 CB   LYS  X  115 CB     20.110    21.001   YES      0.000    35.000     OK: FOUND    1/ 1    1/ 1 YY YY
  LINK: LYS  X  110 CB   LYS  X  115 CB     17.154    22.034   YES      0.000    35.000     OK: FOUND    1/ 1    1/ 1 YY YY
  LINK: LYS  X  113 CB   LYS  X  119 CB     19.036    19.952   YES      0.000    35.000     OK: FOUND    1/ 1    1/ 1 YY YY
  LINK: LYS  X  113 CB   LYS  X  236 CB     33.406    33.490   YES      0.000    35.000     OK: FOUND    1/ 1    1/ 1 YY YY
  LINK: LYS  X  115 CB   LYS  X  236 CB     31.948    32.324   YES      0.000    35.000     OK: FOUND    1/ 1    1/ 1 YY YY
  LINK: LYS  X  115 CB   LYS  X  274 CB     34.810    34.820   YES      0.000    35.000     OK: FOUND    1/ 1    1/ 1 YY YY
  -------------------------------------------------------------------------------------------------------------------------
  
  RESULTS:
  
  For each experiment:
  
  -------------------------------------------------------------------------------------------------------------------------
  
  Experiment: DSS
  
  Number of type-reactive pairs of atoms:      325
  
  Number of observed-reactive pairs of atoms:       55
  Number of observed-reactive pairs of atoms within linker reach:       10
  Number of observed-reactive pairs of atoms outside linker reach:       45
  Missing links, according to the structure and observed-reactivity:        0
  
  Number of observed links:       11
  Number of observed links consistent with the structure:       10
  Number of observed links NOT consistent with the structure:        0
  
  Sum of scores of observed links:    0.0000000
  
  Sensitivity of the cross-linking reaction:    1.0000000
  False-assignment probability:    0.0000000
  
  Likelihood of the experimental result:    1.0000000
  Log-likelihood of the experimental result:   -0.0000000
  
  Likelihood using user-defined pbad and pgood:    0.6892772
  Log-likelihood using user-defined pbad and pgood:   -0.3721117
  Using: pgood =    0.700; pbad =    0.050
  
  -------------------------------------------------------------------------------------------------------------------------
  
  FINAL RESULTS:
  
  RESULT0:    10 : Number of observations that are consistent with the structure.
  
  RESULT1:    10 : Number of topological distances consistent with all observations.
  RESULT2:     0 : Number of topological distances NOT consistent with observations.
  RESULT3:     0 : Number of links with missing observations.
  
  RESULT4:      0.00000 : Sum of scores of observed links of all experiments.
  
  RESULT5:      1.00000 : Likelihood of the set of experimental results.
  RESULT6:     -0.00000 : Log-likelihood of the set of experimental results.
  
  Using: pgood =    0.700; pbad =    0.050
  RESULT7:      0.68928 : Likelihood of the set of experimental results.
  RESULT8:     -0.37211 : Log-likelihood of the set of experimental results.
  
  #########################################################################################################################
