IN:
#
# TOPOLINK input file example
#
# L. Martinez - Institute of Chemistry, University of Campinas
# http://leandro.iqm.unicamp.br
#
# Structure file (can be provided in the command line, overwriting this definition); PDB or mmCIF formats
structure data/temp/dist_reeval/tmp.pdb#endread ENDMDL  # Use this to stop reading atoms if this keyword is found (comment otherwise)
readatoms backplusCB # Which atoms to consider (all/heavy(no-H)/backbone/backplusCB)
# Output directory for links (comment if you do not want the PDB files, that may be a lot)
printlinks no
#linkdir ./links
# What cross-links to compute (all/reactive/observed)
compute observed
#compute reactive
#compute all
# If only inter-domain (inter-chain) links are of interested, uncomment the following line
#interchain
# Only consider observed links with score greater than scorecut
scorecut 0.d0
# Cross-links observed:
experiment DSS
  # Possible types of cross-links and maximum distances
  #        ResType  Chain  ResNum   AtomType    ResType  Chain  ResNum   AtomType  MaxDist
  linktype   MET     all      1       N           LYS     all     all       CB        35
  linktype   LYS     all     all      CB          LYS     all     all       CB        35

  observed LYS A 87 LYS A 87
  observed LYS A 311 LYS A 221
  observed LYS A 87 LYS A 221
  observed LYS A 167 LYS A 60
  observed LYS A 221 LYS A 185
  observed LYS A 279 LYS A 221
  observed LYS A 311 LYS A 306
  observed LYS A 310 LYS A 221
  observed LYS A 87 LYS A 311
  observed LYS A 87 LYS A 223
  observed LYS A 87 LYS A 139
  observed LYS A 279 LYS A 289
  observed LYS A 289 LYS A 197
  observed LYS A 221 LYS A 60
  observed LYS A 278 LYS A 73
  observed LYS A 283 LYS A 197
  observed LYS A 221 LYS A 296
  observed LYS A 289 LYS A 167
  observed LYS A 317 LYS A 139
  observed LYS A 139 LYS A 73
  observed LYS A 311 LYS A 223
  observed LYS A 185 LYS A 311
  observed LYS A 296 LYS A 185
  observed LYS A 279 LYS A 73
  observed LYS A 279 LYS A 60
  observed LYS A 60 LYS A 27
  observed LYS A 283 LYS A 278
  observed LYS A 221 LYS A 73
  observed LYS A 167 LYS A 296
  observed LYS A 279 LYS A 197
  observed LYS A 221 LYS A 289
  observed LYS A 87 LYS A 60
  observed LYS A 311 LYS A 139
  observed LYS A 311 LYS A 289
  observed LYS A 311 LYS A 296
  observed LYS A 278 LYS A 60
  observed LYS A 306 LYS A 185
  observed LYS A 310 LYS A 296
  observed LYS A 87 LYS A 73
  observed LYS A 167 LYS A 197
  observed LYS A 223 LYS A 60
  observed LYS A 221 LYS A 27
  observed LYS A 311 LYS A 27
  observed LYS A 283 LYS A 296
  observed LYS A 296 LYS A 197
  observed LYS A 223 LYS A 27
  observed LYS A 139 LYS A 221
  observed LYS A 139 LYS A 296
  observed LYS A 221 LYS A 221
  observed LYS A 283 LYS A 221
  observed LYS A 311 LYS A 278
  observed LYS A 289 LYS A 289
  observed LYS A 283 LYS A 283
  observed LYS A 317 LYS A 289

end experiment DSS
# Optional parameters
search_limit relative 2  # Search for topological distances of up to search_range*dmaxlink
printallfound yes    # Prints, or not, the structure of the links that were found but violate the distances
printPDBnotfound yes # Prints, or not, PDB files for the links which were not found at all (prints a straight line)
pgood 0.70 # Probability of observing a link which is within link reach
pbad  0.05 # Probability of observing a link which is NOT within linker reach
vdwrad 3.         # Radius to be used for excluded atom volume computation
print 0           # Extensive or concise printing
printnotfound yes # Print data for pairs for links which were not found
quitgood no       # Quit whenever a valid link is found (stop searching for shortest one)
dbond 1.5         # Bond distance of link atoms
kbond 10.         # Energy constant for link bonds
kpath 10.         # Energy constant for the complete path distension, used for computing probability
kvdw  2.          # Force constant of overlap function
# Technical parameters for the optimization method
ntrial 400  # Maximum number of trials for best link search
nbest 5     # Number of times the same best link is found until satisfied
maxfunc 50  # Maximum number of function evaluations of CG-Newton
maxcg 40    # Maximum number of CG iterations
seed random # Seed for random number generator (random or integer number)
iguess 2
exit # You can add anything after this


OUT:

  ######################################################## TOPOLINK #######################################################
                 Institute of Chemistry - University of Campinas. http://m3g.iqm.unicamp.br/topolink

                                                                                                         Version 19.156 

  Structure file: data/temp/dist_reeval/tmp.pdb
  TopoLink input file: data/temp/dist_reeval/topo.tmp
  Will stop structure reading when ################## is found.
  Only backbone plus CB atoms will be considered.
  
  Links will not be written as PDB files.
  
  Printing option:        0
  Leave when first valid link is found:  F
  Link bond distance:    1.5000000
  Link bond force-constant:   10.0000000
  VdW radius for volume exclusion:    3.0000000
  Path energy constant:   10.0000000
  Cutoff for observed scores:    0.0000000
  Number of trials for link search:      400
  Number of repeated best links to find until quit:        5
  Maximum number of function evaluations of CGNewton:       50
  Maximum number of CG iterations in CGNewton:       40
  Seed for random number generator:    13500
  
  Number of experiments:        1
  WARNING: Multiple conformations of residue THR A       98 found. Using only A.
  WARNING: Multiple conformations of residue THR A       98 found. Using only A.
  WARNING: Multiple conformations of residue THR A       98 found. Using only A.
  WARNING: Multiple conformations of residue THR A      101 found. Using only A.
  WARNING: Multiple conformations of residue THR A      101 found. Using only A.
  WARNING: Multiple conformations of residue THR A      101 found. Using only A.
  WARNING: Multiple conformations of residue THR A      101 found. Using only A.
  WARNING: Multiple conformations of residue MET A      118 found. Using only A.
  WARNING: Multiple conformations of residue MET A      118 found. Using only A.
  WARNING: Multiple conformations of residue MET A      118 found. Using only A.
  WARNING: Multiple conformations of residue MET A      118 found. Using only A.
  WARNING: Multiple conformations of residue MET A      118 found. Using only A.
  WARNING: Multiple conformations of residue MET A      233 found. Using only A.
  WARNING: Multiple conformations of residue MET A      233 found. Using only A.
  WARNING: Multiple conformations of residue MET A      233 found. Using only A.
  WARNING: Multiple conformations of residue MET A      233 found. Using only A.
  WARNING: Multiple conformations of residue MET A      233 found. Using only A.
  WARNING: Multiple conformations of residue THR A      268 found. Using only A.
  WARNING: Multiple conformations of residue THR A      268 found. Using only A.
  WARNING: Multiple conformations of residue THR A      268 found. Using only A.
  
  Number of atoms read from structure file:     1552
  Number of chains found in structure file:            1
  
  WARNING: First atom of link type does not correspond to any atom of the structure.
  Experiment: DSS
  Link type:   MET   all   N     LYS   all   CB      35.000
  
  -------------------------------------------------------------------------------------------------------------------------
  Experiment: DSS
  Observed links:
  1  LYS   A        87  LYS   A        87
  2  LYS   A       311  LYS   A       221
  3  LYS   A        87  LYS   A       221
  4  LYS   A       167  LYS   A        60
  5  LYS   A       221  LYS   A       185
  6  LYS   A       279  LYS   A       221
  7  LYS   A       311  LYS   A       306
  8  LYS   A       310  LYS   A       221
  9  LYS   A        87  LYS   A       311
  10  LYS   A        87  LYS   A       223
  11  LYS   A        87  LYS   A       139
  12  LYS   A       279  LYS   A       289
  13  LYS   A       289  LYS   A       197
  14  LYS   A       221  LYS   A        60
  15  LYS   A       278  LYS   A        73
  16  LYS   A       283  LYS   A       197
  17  LYS   A       221  LYS   A       296
  18  LYS   A       289  LYS   A       167
  19  LYS   A       317  LYS   A       139
  20  LYS   A       139  LYS   A        73
  21  LYS   A       311  LYS   A       223
  22  LYS   A       185  LYS   A       311
  23  LYS   A       296  LYS   A       185
  24  LYS   A       279  LYS   A        73
  25  LYS   A       279  LYS   A        60
  26  LYS   A        60  LYS   A        27
  27  LYS   A       283  LYS   A       278
  28  LYS   A       221  LYS   A        73
  29  LYS   A       167  LYS   A       296
  30  LYS   A       279  LYS   A       197
  31  LYS   A       221  LYS   A       289
  32  LYS   A        87  LYS   A        60
  33  LYS   A       311  LYS   A       139
  34  LYS   A       311  LYS   A       289
  35  LYS   A       311  LYS   A       296
  36  LYS   A       278  LYS   A        60
  37  LYS   A       306  LYS   A       185
  38  LYS   A       310  LYS   A       296
  39  LYS   A        87  LYS   A        73
  40  LYS   A       167  LYS   A       197
  41  LYS   A       223  LYS   A        60
  42  LYS   A       221  LYS   A        27
  43  LYS   A       311  LYS   A        27
  44  LYS   A       283  LYS   A       296
  45  LYS   A       296  LYS   A       197
  46  LYS   A       223  LYS   A        27
  47  LYS   A       139  LYS   A       221
  48  LYS   A       139  LYS   A       296
  49  LYS   A       221  LYS   A       221
  50  LYS   A       283  LYS   A       221
  51  LYS   A       311  LYS   A       278
  52  LYS   A       289  LYS   A       289
  53  LYS   A       283  LYS   A       283
  54  LYS   A       317  LYS   A       289
  
  -------------------------------------------------------------------------------------------------------------------------
  -------------------------------------------------------------------------------------------------------------------------
  
  Number of atoms that might be involved in reactions, according link types:       25
  
  All reactive atoms, according to observations:
  1   LYS   A        27  CB
  2   LYS   A        60  CB
  3   LYS   A        73  CB
  4   LYS   A        87  CB
  5   LYS   A       139  CB
  6   LYS   A       167  CB
  7   LYS   A       185  CB
  8   LYS   A       197  CB
  9   LYS   A       221  CB
  10   LYS   A       223  CB
  11   LYS   A       278  CB
  12   LYS   A       279  CB
  13   LYS   A       283  CB
  14   LYS   A       289  CB
  15   LYS   A       296  CB
  16   LYS   A       306  CB
  17   LYS   A       310  CB
  18   LYS   A       311  CB
  19   LYS   A       317  CB
  
  Number of reactive pairs according to sequence:
  Experiment DSS:   300
  Total number of unique reactive pairs, according to link types:          300
  
  Number of reactive pairs according to observations:
  Experiment DSS:   171
  Total number of unique reactive pairs, according to observations:          171
  
  List of reactive atom pairs, according to observations:
  1  LYS   A        27  CB    LYS   A        60  CB   in experiments:DSS
  2  LYS   A        27  CB    LYS   A        73  CB   in experiments:DSS
  3  LYS   A        27  CB    LYS   A        87  CB   in experiments:DSS
  4  LYS   A        27  CB    LYS   A       139  CB   in experiments:DSS
  5  LYS   A        27  CB    LYS   A       167  CB   in experiments:DSS
  6  LYS   A        27  CB    LYS   A       185  CB   in experiments:DSS
  7  LYS   A        27  CB    LYS   A       197  CB   in experiments:DSS
  8  LYS   A        27  CB    LYS   A       221  CB   in experiments:DSS
  9  LYS   A        27  CB    LYS   A       223  CB   in experiments:DSS
  10  LYS   A        27  CB    LYS   A       278  CB   in experiments:DSS
  11  LYS   A        27  CB    LYS   A       279  CB   in experiments:DSS
  12  LYS   A        27  CB    LYS   A       283  CB   in experiments:DSS
  13  LYS   A        27  CB    LYS   A       289  CB   in experiments:DSS
  14  LYS   A        27  CB    LYS   A       296  CB   in experiments:DSS
  15  LYS   A        27  CB    LYS   A       306  CB   in experiments:DSS
  16  LYS   A        27  CB    LYS   A       310  CB   in experiments:DSS
  17  LYS   A        27  CB    LYS   A       311  CB   in experiments:DSS
  18  LYS   A        27  CB    LYS   A       317  CB   in experiments:DSS
  19  LYS   A        60  CB    LYS   A        73  CB   in experiments:DSS
  20  LYS   A        60  CB    LYS   A        87  CB   in experiments:DSS
  21  LYS   A        60  CB    LYS   A       139  CB   in experiments:DSS
  22  LYS   A        60  CB    LYS   A       167  CB   in experiments:DSS
  23  LYS   A        60  CB    LYS   A       185  CB   in experiments:DSS
  24  LYS   A        60  CB    LYS   A       197  CB   in experiments:DSS
  25  LYS   A        60  CB    LYS   A       221  CB   in experiments:DSS
  26  LYS   A        60  CB    LYS   A       223  CB   in experiments:DSS
  27  LYS   A        60  CB    LYS   A       278  CB   in experiments:DSS
  28  LYS   A        60  CB    LYS   A       279  CB   in experiments:DSS
  29  LYS   A        60  CB    LYS   A       283  CB   in experiments:DSS
  30  LYS   A        60  CB    LYS   A       289  CB   in experiments:DSS
  31  LYS   A        60  CB    LYS   A       296  CB   in experiments:DSS
  32  LYS   A        60  CB    LYS   A       306  CB   in experiments:DSS
  33  LYS   A        60  CB    LYS   A       310  CB   in experiments:DSS
  34  LYS   A        60  CB    LYS   A       311  CB   in experiments:DSS
  35  LYS   A        60  CB    LYS   A       317  CB   in experiments:DSS
  36  LYS   A        73  CB    LYS   A        87  CB   in experiments:DSS
  37  LYS   A        73  CB    LYS   A       139  CB   in experiments:DSS
  38  LYS   A        73  CB    LYS   A       167  CB   in experiments:DSS
  39  LYS   A        73  CB    LYS   A       185  CB   in experiments:DSS
  40  LYS   A        73  CB    LYS   A       197  CB   in experiments:DSS
  41  LYS   A        73  CB    LYS   A       221  CB   in experiments:DSS
  42  LYS   A        73  CB    LYS   A       223  CB   in experiments:DSS
  43  LYS   A        73  CB    LYS   A       278  CB   in experiments:DSS
  44  LYS   A        73  CB    LYS   A       279  CB   in experiments:DSS
  45  LYS   A        73  CB    LYS   A       283  CB   in experiments:DSS
  46  LYS   A        73  CB    LYS   A       289  CB   in experiments:DSS
  47  LYS   A        73  CB    LYS   A       296  CB   in experiments:DSS
  48  LYS   A        73  CB    LYS   A       306  CB   in experiments:DSS
  49  LYS   A        73  CB    LYS   A       310  CB   in experiments:DSS
  50  LYS   A        73  CB    LYS   A       311  CB   in experiments:DSS
  51  LYS   A        73  CB    LYS   A       317  CB   in experiments:DSS
  52  LYS   A        87  CB    LYS   A       139  CB   in experiments:DSS
  53  LYS   A        87  CB    LYS   A       167  CB   in experiments:DSS
  54  LYS   A        87  CB    LYS   A       185  CB   in experiments:DSS
  55  LYS   A        87  CB    LYS   A       197  CB   in experiments:DSS
  56  LYS   A        87  CB    LYS   A       221  CB   in experiments:DSS
  57  LYS   A        87  CB    LYS   A       223  CB   in experiments:DSS
  58  LYS   A        87  CB    LYS   A       278  CB   in experiments:DSS
  59  LYS   A        87  CB    LYS   A       279  CB   in experiments:DSS
  60  LYS   A        87  CB    LYS   A       283  CB   in experiments:DSS
  61  LYS   A        87  CB    LYS   A       289  CB   in experiments:DSS
  62  LYS   A        87  CB    LYS   A       296  CB   in experiments:DSS
  63  LYS   A        87  CB    LYS   A       306  CB   in experiments:DSS
  64  LYS   A        87  CB    LYS   A       310  CB   in experiments:DSS
  65  LYS   A        87  CB    LYS   A       311  CB   in experiments:DSS
  66  LYS   A        87  CB    LYS   A       317  CB   in experiments:DSS
  67  LYS   A       139  CB    LYS   A       167  CB   in experiments:DSS
  68  LYS   A       139  CB    LYS   A       185  CB   in experiments:DSS
  69  LYS   A       139  CB    LYS   A       197  CB   in experiments:DSS
  70  LYS   A       139  CB    LYS   A       221  CB   in experiments:DSS
  71  LYS   A       139  CB    LYS   A       223  CB   in experiments:DSS
  72  LYS   A       139  CB    LYS   A       278  CB   in experiments:DSS
  73  LYS   A       139  CB    LYS   A       279  CB   in experiments:DSS
  74  LYS   A       139  CB    LYS   A       283  CB   in experiments:DSS
  75  LYS   A       139  CB    LYS   A       289  CB   in experiments:DSS
  76  LYS   A       139  CB    LYS   A       296  CB   in experiments:DSS
  77  LYS   A       139  CB    LYS   A       306  CB   in experiments:DSS
  78  LYS   A       139  CB    LYS   A       310  CB   in experiments:DSS
  79  LYS   A       139  CB    LYS   A       311  CB   in experiments:DSS
  80  LYS   A       139  CB    LYS   A       317  CB   in experiments:DSS
  81  LYS   A       167  CB    LYS   A       185  CB   in experiments:DSS
  82  LYS   A       167  CB    LYS   A       197  CB   in experiments:DSS
  83  LYS   A       167  CB    LYS   A       221  CB   in experiments:DSS
  84  LYS   A       167  CB    LYS   A       223  CB   in experiments:DSS
  85  LYS   A       167  CB    LYS   A       278  CB   in experiments:DSS
  86  LYS   A       167  CB    LYS   A       279  CB   in experiments:DSS
  87  LYS   A       167  CB    LYS   A       283  CB   in experiments:DSS
  88  LYS   A       167  CB    LYS   A       289  CB   in experiments:DSS
  89  LYS   A       167  CB    LYS   A       296  CB   in experiments:DSS
  90  LYS   A       167  CB    LYS   A       306  CB   in experiments:DSS
  91  LYS   A       167  CB    LYS   A       310  CB   in experiments:DSS
  92  LYS   A       167  CB    LYS   A       311  CB   in experiments:DSS
  93  LYS   A       167  CB    LYS   A       317  CB   in experiments:DSS
  94  LYS   A       185  CB    LYS   A       197  CB   in experiments:DSS
  95  LYS   A       185  CB    LYS   A       221  CB   in experiments:DSS
  96  LYS   A       185  CB    LYS   A       223  CB   in experiments:DSS
  97  LYS   A       185  CB    LYS   A       278  CB   in experiments:DSS
  98  LYS   A       185  CB    LYS   A       279  CB   in experiments:DSS
  99  LYS   A       185  CB    LYS   A       283  CB   in experiments:DSS
  100  LYS   A       185  CB    LYS   A       289  CB   in experiments:DSS
  101  LYS   A       185  CB    LYS   A       296  CB   in experiments:DSS
  102  LYS   A       185  CB    LYS   A       306  CB   in experiments:DSS
  103  LYS   A       185  CB    LYS   A       310  CB   in experiments:DSS
  104  LYS   A       185  CB    LYS   A       311  CB   in experiments:DSS
  105  LYS   A       185  CB    LYS   A       317  CB   in experiments:DSS
  106  LYS   A       197  CB    LYS   A       221  CB   in experiments:DSS
  107  LYS   A       197  CB    LYS   A       223  CB   in experiments:DSS
  108  LYS   A       197  CB    LYS   A       278  CB   in experiments:DSS
  109  LYS   A       197  CB    LYS   A       279  CB   in experiments:DSS
  110  LYS   A       197  CB    LYS   A       283  CB   in experiments:DSS
  111  LYS   A       197  CB    LYS   A       289  CB   in experiments:DSS
  112  LYS   A       197  CB    LYS   A       296  CB   in experiments:DSS
  113  LYS   A       197  CB    LYS   A       306  CB   in experiments:DSS
  114  LYS   A       197  CB    LYS   A       310  CB   in experiments:DSS
  115  LYS   A       197  CB    LYS   A       311  CB   in experiments:DSS
  116  LYS   A       197  CB    LYS   A       317  CB   in experiments:DSS
  117  LYS   A       221  CB    LYS   A       223  CB   in experiments:DSS
  118  LYS   A       221  CB    LYS   A       278  CB   in experiments:DSS
  119  LYS   A       221  CB    LYS   A       279  CB   in experiments:DSS
  120  LYS   A       221  CB    LYS   A       283  CB   in experiments:DSS
  121  LYS   A       221  CB    LYS   A       289  CB   in experiments:DSS
  122  LYS   A       221  CB    LYS   A       296  CB   in experiments:DSS
  123  LYS   A       221  CB    LYS   A       306  CB   in experiments:DSS
  124  LYS   A       221  CB    LYS   A       310  CB   in experiments:DSS
  125  LYS   A       221  CB    LYS   A       311  CB   in experiments:DSS
  126  LYS   A       221  CB    LYS   A       317  CB   in experiments:DSS
  127  LYS   A       223  CB    LYS   A       278  CB   in experiments:DSS
  128  LYS   A       223  CB    LYS   A       279  CB   in experiments:DSS
  129  LYS   A       223  CB    LYS   A       283  CB   in experiments:DSS
  130  LYS   A       223  CB    LYS   A       289  CB   in experiments:DSS
  131  LYS   A       223  CB    LYS   A       296  CB   in experiments:DSS
  132  LYS   A       223  CB    LYS   A       306  CB   in experiments:DSS
  133  LYS   A       223  CB    LYS   A       310  CB   in experiments:DSS
  134  LYS   A       223  CB    LYS   A       311  CB   in experiments:DSS
  135  LYS   A       223  CB    LYS   A       317  CB   in experiments:DSS
  136  LYS   A       278  CB    LYS   A       279  CB   in experiments:DSS
  137  LYS   A       278  CB    LYS   A       283  CB   in experiments:DSS
  138  LYS   A       278  CB    LYS   A       289  CB   in experiments:DSS
  139  LYS   A       278  CB    LYS   A       296  CB   in experiments:DSS
  140  LYS   A       278  CB    LYS   A       306  CB   in experiments:DSS
  141  LYS   A       278  CB    LYS   A       310  CB   in experiments:DSS
  142  LYS   A       278  CB    LYS   A       311  CB   in experiments:DSS
  143  LYS   A       278  CB    LYS   A       317  CB   in experiments:DSS
  144  LYS   A       279  CB    LYS   A       283  CB   in experiments:DSS
  145  LYS   A       279  CB    LYS   A       289  CB   in experiments:DSS
  146  LYS   A       279  CB    LYS   A       296  CB   in experiments:DSS
  147  LYS   A       279  CB    LYS   A       306  CB   in experiments:DSS
  148  LYS   A       279  CB    LYS   A       310  CB   in experiments:DSS
  149  LYS   A       279  CB    LYS   A       311  CB   in experiments:DSS
  150  LYS   A       279  CB    LYS   A       317  CB   in experiments:DSS
  151  LYS   A       283  CB    LYS   A       289  CB   in experiments:DSS
  152  LYS   A       283  CB    LYS   A       296  CB   in experiments:DSS
  153  LYS   A       283  CB    LYS   A       306  CB   in experiments:DSS
  154  LYS   A       283  CB    LYS   A       310  CB   in experiments:DSS
  155  LYS   A       283  CB    LYS   A       311  CB   in experiments:DSS
  156  LYS   A       283  CB    LYS   A       317  CB   in experiments:DSS
  157  LYS   A       289  CB    LYS   A       296  CB   in experiments:DSS
  158  LYS   A       289  CB    LYS   A       306  CB   in experiments:DSS
  159  LYS   A       289  CB    LYS   A       310  CB   in experiments:DSS
  160  LYS   A       289  CB    LYS   A       311  CB   in experiments:DSS
  161  LYS   A       289  CB    LYS   A       317  CB   in experiments:DSS
  162  LYS   A       296  CB    LYS   A       306  CB   in experiments:DSS
  163  LYS   A       296  CB    LYS   A       310  CB   in experiments:DSS
  164  LYS   A       296  CB    LYS   A       311  CB   in experiments:DSS
  165  LYS   A       296  CB    LYS   A       317  CB   in experiments:DSS
  166  LYS   A       306  CB    LYS   A       310  CB   in experiments:DSS
  167  LYS   A       306  CB    LYS   A       311  CB   in experiments:DSS
  168  LYS   A       306  CB    LYS   A       317  CB   in experiments:DSS
  169  LYS   A       310  CB    LYS   A       311  CB   in experiments:DSS
  170  LYS   A       310  CB    LYS   A       317  CB   in experiments:DSS
  171  LYS   A       311  CB    LYS   A       317  CB   in experiments:DSS
  
  Number of atoms accessible to solvent:         1500
  Number of residues accessible to solvent:          316
  
  -------------------------------------------------------------------------------------------------------------------------
  >     RESIDUE1   ATOM1 RESIDUE2   ATOM2 EUCLDIST  TOPODIST OBSERVED    DMIN      DMAX        RESULT  OBSRES REACRES RA AA
  -------------------------------------------------------------------------------------------------------------------------
  LINK: LYS  A   27 CB   LYS  A   60 CB     11.323    12.799   YES      0.000    35.000     OK: FOUND    1/ 1    1/ 1 YY YY
  LINK: LYS  A   27 CB   LYS  A  221 CB     31.209    35.910   YES      0.000    35.000     BAD: LONG    0/ 1    0/ 1 YY YY
  LINK: LYS  A   27 CB   LYS  A  223 CB     25.086    26.232   YES      0.000    35.000     OK: FOUND    1/ 1    1/ 1 YY YY
  LINK: LYS  A   27 CB   LYS  A  311 CB     35.453    47.958   YES      0.000    35.000     BAD: LONG    0/ 1    0/ 1 YY YY
  LINK: LYS  A   60 CB   LYS  A   87 CB     32.890    41.717   YES      0.000    35.000     BAD: LONG    0/ 1    0/ 1 YY YY
  LINK: LYS  A   60 CB   LYS  A  167 CB     44.690    59.151   YES      0.000    35.000     BAD: LONG    0/ 1    0/ 1 YY YY
  LINK: LYS  A   60 CB   LYS  A  221 CB     37.064   >70.000   YES      0.000    35.000     BAD: EUCL    0/ 1    0/ 1 YY YY
  LINK: LYS  A   60 CB   LYS  A  223 CB     30.770    33.683   YES      0.000    35.000     OK: FOUND    1/ 1    1/ 1 YY YY
  LINK: LYS  A   60 CB   LYS  A  278 CB     25.832    27.125   YES      0.000    35.000     OK: FOUND    1/ 1    1/ 1 YY YY
  LINK: LYS  A   60 CB   LYS  A  279 CB     26.918    29.373   YES      0.000    35.000     OK: FOUND    1/ 1    1/ 1 YY YY
  LINK: LYS  A   73 CB   LYS  A   87 CB     36.071    38.088   YES      0.000    35.000     BAD: LONG    0/ 1    0/ 1 YY YY
  LINK: LYS  A   73 CB   LYS  A  139 CB     20.281    22.387   YES      0.000    35.000     OK: FOUND    1/ 1    1/ 1 YY YY
  LINK: LYS  A   73 CB   LYS  A  221 CB     41.116   >70.000   YES      0.000    35.000     BAD: EUCL    0/ 1    0/ 1 YY YY
  LINK: LYS  A   73 CB   LYS  A  278 CB     21.351    22.049   YES      0.000    35.000     OK: FOUND    1/ 1    1/ 1 YY YY
  LINK: LYS  A   73 CB   LYS  A  279 CB     21.008    21.972   YES      0.000    35.000     OK: FOUND    1/ 1    1/ 1 YY YY
  LINK: LYS  A   87 CB   LYS  A  139 CB     32.025    35.610   YES      0.000    35.000     BAD: LONG    0/ 1    0/ 1 YY YY
  LINK: LYS  A   87 CB   LYS  A  221 CB     10.280    13.454   YES      0.000    35.000     OK: FOUND    1/ 1    1/ 1 YY YY
  LINK: LYS  A   87 CB   LYS  A  223 CB      9.608    10.186   YES      0.000    35.000     OK: FOUND    1/ 1    1/ 1 YY YY
  LINK: LYS  A   87 CB   LYS  A  311 CB     20.584    22.601   YES      0.000    35.000     OK: FOUND    1/ 1    1/ 1 YY YY
  LINK: LYS  A  139 CB   LYS  A  221 CB     38.173    41.897   YES      0.000    35.000     BAD: LONG    0/ 1    0/ 1 YY YY
  LINK: LYS  A  139 CB   LYS  A  296 CB     37.348    41.149   YES      0.000    35.000     BAD: LONG    0/ 1    0/ 1 YY YY
  LINK: LYS  A  139 CB   LYS  A  311 CB     17.182    19.067   YES      0.000    35.000     OK: FOUND    1/ 1    1/ 1 YY YY
  LINK: LYS  A  139 CB   LYS  A  317 CB     10.002    10.607   YES      0.000    35.000     OK: FOUND    1/ 1    1/ 1 YY YY
  LINK: LYS  A  167 CB   LYS  A  197 CB     10.125    11.556   YES      0.000    35.000     OK: FOUND    1/ 1    1/ 1 YY YY
  LINK: LYS  A  167 CB   LYS  A  289 CB     21.422    24.002   YES      0.000    35.000     OK: FOUND    1/ 1    1/ 1 YY YY
  LINK: LYS  A  167 CB   LYS  A  296 CB     23.971    24.320   YES      0.000    35.000     OK: FOUND    1/ 1    1/ 1 YY YY
  LINK: LYS  A  185 CB   LYS  A  221 CB     18.315    18.652   YES      0.000    35.000     OK: FOUND    1/ 1    1/ 1 YY YY
  LINK: LYS  A  185 CB   LYS  A  296 CB     10.686    10.838   YES      0.000    35.000     OK: FOUND    1/ 1    1/ 1 YY YY
  LINK: LYS  A  185 CB   LYS  A  306 CB     13.396    16.985   YES      0.000    35.000     OK: FOUND    1/ 1    1/ 1 YY YY
  LINK: LYS  A  185 CB   LYS  A  311 CB     16.706    16.856   YES      0.000    35.000     OK: FOUND    1/ 1    1/ 1 YY YY
  LINK: LYS  A  197 CB   LYS  A  279 CB     32.723    34.142   YES      0.000    35.000     OK: FOUND    1/ 1    1/ 1 YY YY
  LINK: LYS  A  197 CB   LYS  A  283 CB     24.052    24.190   YES      0.000    35.000     OK: FOUND    1/ 1    1/ 1 YY YY
  LINK: LYS  A  197 CB   LYS  A  289 CB     13.301    13.321   YES      0.000    35.000     OK: FOUND    1/ 1    1/ 1 YY YY
  LINK: LYS  A  197 CB   LYS  A  296 CB     21.418    23.388   YES      0.000    35.000     OK: FOUND    1/ 1    1/ 1 YY YY
  LINK: LYS  A  221 CB   LYS  A  279 CB     40.570    47.957   YES      0.000    35.000     BAD: LONG    0/ 1    0/ 1 YY YY
  LINK: LYS  A  221 CB   LYS  A  283 CB     38.355    50.062   YES      0.000    35.000     BAD: LONG    0/ 1    0/ 1 YY YY
  LINK: LYS  A  221 CB   LYS  A  289 CB     35.392    38.510   YES      0.000    35.000     BAD: LONG    0/ 1    0/ 1 YY YY
  LINK: LYS  A  221 CB   LYS  A  296 CB     27.550    27.722   YES      0.000    35.000     OK: FOUND    1/ 1    1/ 1 YY YY
  LINK: LYS  A  221 CB   LYS  A  310 CB     29.385    30.350   YES      0.000    35.000     OK: FOUND    1/ 1    1/ 1 YY YY
  LINK: LYS  A  221 CB   LYS  A  311 CB     25.408    26.048   YES      0.000    35.000     OK: FOUND    1/ 1    1/ 1 YY YY
  LINK: LYS  A  223 CB   LYS  A  311 CB     26.653    28.780   YES      0.000    35.000     OK: FOUND    1/ 1    1/ 1 YY YY
  LINK: LYS  A  278 CB   LYS  A  283 CB     12.554    13.476   YES      0.000    35.000     OK: FOUND    1/ 1    1/ 1 YY YY
  LINK: LYS  A  278 CB   LYS  A  311 CB     33.310    44.354   YES      0.000    35.000     BAD: LONG    0/ 1    0/ 1 YY YY
  LINK: LYS  A  279 CB   LYS  A  289 CB     27.392    29.506   YES      0.000    35.000     OK: FOUND    1/ 1    1/ 1 YY YY
  LINK: LYS  A  283 CB   LYS  A  296 CB     26.871    30.464   YES      0.000    35.000     OK: FOUND    1/ 1    1/ 1 YY YY
  LINK: LYS  A  289 CB   LYS  A  311 CB     31.610    38.163   YES      0.000    35.000     BAD: LONG    0/ 1    0/ 1 YY YY
  LINK: LYS  A  289 CB   LYS  A  317 CB     38.054    41.236   YES      0.000    35.000     BAD: LONG    0/ 1    0/ 1 YY YY
  LINK: LYS  A  296 CB   LYS  A  310 CB     22.966    25.169   YES      0.000    35.000     OK: FOUND    1/ 1    1/ 1 YY YY
  LINK: LYS  A  296 CB   LYS  A  311 CB     24.432    27.008   YES      0.000    35.000     OK: FOUND    1/ 1    1/ 1 YY YY
  LINK: LYS  A  306 CB   LYS  A  311 CB      9.668    11.960   YES      0.000    35.000     OK: FOUND    1/ 1    1/ 1 YY YY
  -------------------------------------------------------------------------------------------------------------------------
  
  RESULTS:
  
  For each experiment:
  
  -------------------------------------------------------------------------------------------------------------------------
  
  Experiment: DSS
  
  Number of type-reactive pairs of atoms:      300
  
  Number of observed-reactive pairs of atoms:      171
  Number of observed-reactive pairs of atoms within linker reach:       34
  Number of observed-reactive pairs of atoms outside linker reach:      137
  Missing links, according to the structure and observed-reactivity:        0
  
  Number of observed links:       54
  Number of observed links consistent with the structure:       34
  Number of observed links NOT consistent with the structure:       16
  
  Sum of scores of observed links:    0.0000000
  
  Sensitivity of the cross-linking reaction:    1.0000000
  False-assignment probability:    0.0533333
  
  Likelihood of the experimental result:    1.0000000
  Log-likelihood of the experimental result:   -0.0000000
  
  Likelihood using user-defined pbad and pgood:    0.9999997
  Log-likelihood using user-defined pbad and pgood:   -0.0000003
  Using: pgood =    0.700; pbad =    0.050
  
  -------------------------------------------------------------------------------------------------------------------------
  
  FINAL RESULTS:
  
  RESULT0:    34 : Number of observations that are consistent with the structure.
  
  RESULT1:    34 : Number of topological distances consistent with all observations.
  RESULT2:    16 : Number of topological distances NOT consistent with observations.
  RESULT3:     0 : Number of links with missing observations.
  
  RESULT4:      0.00000 : Sum of scores of observed links of all experiments.
  
  RESULT5:      1.00000 : Likelihood of the set of experimental results.
  RESULT6:     -0.00000 : Log-likelihood of the set of experimental results.
  
  Using: pgood =    0.700; pbad =    0.050
  RESULT7:      1.00000 : Likelihood of the set of experimental results.
  RESULT8:     -0.00000 : Log-likelihood of the set of experimental results.
  
  -------------------------------------------------------------------------------------------------------------------------
  ATTENTION: There are WARNINGS of input file parsing. Please check the output carefully.
  -------------------------------------------------------------------------------------------------------------------------
  
  
  #########################################################################################################################
