IN:
#
# TOPOLINK input file example
#
# L. Martinez - Institute of Chemistry, University of Campinas
# http://leandro.iqm.unicamp.br
#
# Structure file (can be provided in the command line, overwriting this definition); PDB or mmCIF formats
structure data/temp/dist_reeval/tmp.pdb#endread ENDMDL  # Use this to stop reading atoms if this keyword is found (comment otherwise)
readatoms backplusCB # Which atoms to consider (all/heavy(no-H)/backbone/backplusCB)
# Output directory for links (comment if you do not want the PDB files, that may be a lot)
printlinks no
#linkdir ./links
# What cross-links to compute (all/reactive/observed)
compute observed
#compute reactive
#compute all
# If only inter-domain (inter-chain) links are of interested, uncomment the following line
#interchain
# Only consider observed links with score greater than scorecut
scorecut 0.d0
# Cross-links observed:
experiment DSS
  # Possible types of cross-links and maximum distances
  #        ResType  Chain  ResNum   AtomType    ResType  Chain  ResNum   AtomType  MaxDist
  linktype   MET     all      1       N           LYS     all     all       CB        35
  linktype   LYS     all     all      CB          LYS     all     all       CB        35

  observed LYS A 60 LYS A 162
  observed LYS A 207 LYS A 192
  observed LYS A 70 LYS A 60
  observed LYS A 204 LYS A 192
  observed LYS A 88 LYS A 70
  observed LYS A 70 LYS A 162
  observed LYS A 201 LYS A 192
  observed LYS A 201 LYS A 172
  observed LYS A 54 LYS A 97
  observed LYS A 90 LYS A 84
  observed LYS A 90 LYS A 73
  observed LYS A 70 LYS A 84
  observed LYS A 201 LYS A 207
  observed LYS A 70 LYS A 158
  observed LYS A 60 LYS A 73
  observed LYS A 97 LYS A 73
  observed LYS A 97 LYS A 53
  observed LYS A 204 LYS A 199
  observed LYS A 97 LYS A 100
  observed LYS A 60 LYS A 158
  observed LYS A 54 LYS A 100
  observed LYS A 70 LYS A 51
  observed LYS A 70 LYS A 172
  observed LYS A 192 LYS A 172
  observed LYS A 60 LYS A 51
  observed LYS A 97 LYS A 84
  observed LYS A 54 LYS A 51
  observed LYS A 60 LYS A 172
  observed LYS A 176 LYS A 158
  observed LYS A 70 LYS A 176
  observed LYS A 53 LYS A 100
  observed LYS A 100 LYS A 73
  observed LYS A 90 LYS A 100
  observed LYS A 172 LYS A 158
  observed LYS A 199 LYS A 176
  observed LYS A 199 LYS A 207
  observed LYS A 54 LYS A 60
  observed LYS A 54 LYS A 73
  observed LYS A 97 LYS A 60
  observed LYS A 70 LYS A 90
  observed LYS A 88 LYS A 73
  observed LYS A 88 LYS A 97
  observed LYS A 70 LYS A 70

end experiment DSS
# Optional parameters
search_limit relative 2  # Search for topological distances of up to search_range*dmaxlink
printallfound yes    # Prints, or not, the structure of the links that were found but violate the distances
printPDBnotfound yes # Prints, or not, PDB files for the links which were not found at all (prints a straight line)
pgood 0.70 # Probability of observing a link which is within link reach
pbad  0.05 # Probability of observing a link which is NOT within linker reach
vdwrad 3.         # Radius to be used for excluded atom volume computation
print 0           # Extensive or concise printing
printnotfound yes # Print data for pairs for links which were not found
quitgood no       # Quit whenever a valid link is found (stop searching for shortest one)
dbond 1.5         # Bond distance of link atoms
kbond 10.         # Energy constant for link bonds
kpath 10.         # Energy constant for the complete path distension, used for computing probability
kvdw  2.          # Force constant of overlap function
# Technical parameters for the optimization method
ntrial 400  # Maximum number of trials for best link search
nbest 5     # Number of times the same best link is found until satisfied
maxfunc 50  # Maximum number of function evaluations of CG-Newton
maxcg 40    # Maximum number of CG iterations
seed random # Seed for random number generator (random or integer number)
iguess 2
exit # You can add anything after this


OUT:

  ######################################################## TOPOLINK #######################################################
                 Institute of Chemistry - University of Campinas. http://m3g.iqm.unicamp.br/topolink

                                                                                                         Version 19.156 

  Structure file: data/temp/dist_reeval/tmp.pdb
  TopoLink input file: data/temp/dist_reeval/topo.tmp
  Will stop structure reading when ################## is found.
  Only backbone plus CB atoms will be considered.
  
  Links will not be written as PDB files.
  
  Printing option:        0
  Leave when first valid link is found:  F
  Link bond distance:    1.5000000
  Link bond force-constant:   10.0000000
  VdW radius for volume exclusion:    3.0000000
  Path energy constant:   10.0000000
  Cutoff for observed scores:    0.0000000
  Number of trials for link search:      400
  Number of repeated best links to find until quit:        5
  Maximum number of function evaluations of CGNewton:       50
  Maximum number of CG iterations in CGNewton:       40
  Seed for random number generator:     5446
  
  Number of experiments:        1
  
  Number of atoms read from structure file:     1054
  Number of chains found in structure file:            1
  
  -------------------------------------------------------------------------------------------------------------------------
  Experiment: DSS
  Observed links:
  1  LYS   A        60  LYS   A       162
  2  LYS   A       207  LYS   A       192
  3  LYS   A        70  LYS   A        60
  4  LYS   A       204  LYS   A       192
  5  LYS   A        88  LYS   A        70
  6  LYS   A        70  LYS   A       162
  7  LYS   A       201  LYS   A       192
  8  LYS   A       201  LYS   A       172
  9  LYS   A        54  LYS   A        97
  10  LYS   A        90  LYS   A        84
  11  LYS   A        90  LYS   A        73
  12  LYS   A        70  LYS   A        84
  13  LYS   A       201  LYS   A       207
  14  LYS   A        70  LYS   A       158
  15  LYS   A        60  LYS   A        73
  16  LYS   A        97  LYS   A        73
  17  LYS   A        97  LYS   A        53
  18  LYS   A       204  LYS   A       199
  19  LYS   A        97  LYS   A       100
  20  LYS   A        60  LYS   A       158
  21  LYS   A        54  LYS   A       100
  22  LYS   A        70  LYS   A        51
  23  LYS   A        70  LYS   A       172
  24  LYS   A       192  LYS   A       172
  25  LYS   A        60  LYS   A        51
  26  LYS   A        97  LYS   A        84
  27  LYS   A        54  LYS   A        51
  28  LYS   A        60  LYS   A       172
  29  LYS   A       176  LYS   A       158
  30  LYS   A        70  LYS   A       176
  31  LYS   A        53  LYS   A       100
  32  LYS   A       100  LYS   A        73
  33  LYS   A        90  LYS   A       100
  34  LYS   A       172  LYS   A       158
  35  LYS   A       199  LYS   A       176
  36  LYS   A       199  LYS   A       207
  37  LYS   A        54  LYS   A        60
  38  LYS   A        54  LYS   A        73
  39  LYS   A        97  LYS   A        60
  40  LYS   A        70  LYS   A        90
  41  LYS   A        88  LYS   A        73
  42  LYS   A        88  LYS   A        97
  43  LYS   A        70  LYS   A        70
  
  -------------------------------------------------------------------------------------------------------------------------
  -------------------------------------------------------------------------------------------------------------------------
  
  Number of atoms that might be involved in reactions, according link types:       22
  
  All reactive atoms, according to observations:
  1   LYS   A        51  CB
  2   LYS   A        53  CB
  3   LYS   A        54  CB
  4   LYS   A        60  CB
  5   LYS   A        70  CB
  6   LYS   A        73  CB
  7   LYS   A        84  CB
  8   LYS   A        88  CB
  9   LYS   A        90  CB
  10   LYS   A        97  CB
  11   LYS   A       100  CB
  12   LYS   A       158  CB
  13   LYS   A       162  CB
  14   LYS   A       172  CB
  15   LYS   A       176  CB
  16   LYS   A       192  CB
  17   LYS   A       199  CB
  18   LYS   A       201  CB
  19   LYS   A       204  CB
  20   LYS   A       207  CB
  
  Number of reactive pairs according to sequence:
  Experiment DSS:   231
  Total number of unique reactive pairs, according to link types:          231
  
  Number of reactive pairs according to observations:
  Experiment DSS:   190
  Total number of unique reactive pairs, according to observations:          190
  
  List of reactive atom pairs, according to observations:
  1  LYS   A        51  CB    LYS   A        53  CB   in experiments:DSS
  2  LYS   A        51  CB    LYS   A        54  CB   in experiments:DSS
  3  LYS   A        51  CB    LYS   A        60  CB   in experiments:DSS
  4  LYS   A        51  CB    LYS   A        70  CB   in experiments:DSS
  5  LYS   A        51  CB    LYS   A        73  CB   in experiments:DSS
  6  LYS   A        51  CB    LYS   A        84  CB   in experiments:DSS
  7  LYS   A        51  CB    LYS   A        88  CB   in experiments:DSS
  8  LYS   A        51  CB    LYS   A        90  CB   in experiments:DSS
  9  LYS   A        51  CB    LYS   A        97  CB   in experiments:DSS
  10  LYS   A        51  CB    LYS   A       100  CB   in experiments:DSS
  11  LYS   A        51  CB    LYS   A       158  CB   in experiments:DSS
  12  LYS   A        51  CB    LYS   A       162  CB   in experiments:DSS
  13  LYS   A        51  CB    LYS   A       172  CB   in experiments:DSS
  14  LYS   A        51  CB    LYS   A       176  CB   in experiments:DSS
  15  LYS   A        51  CB    LYS   A       192  CB   in experiments:DSS
  16  LYS   A        51  CB    LYS   A       199  CB   in experiments:DSS
  17  LYS   A        51  CB    LYS   A       201  CB   in experiments:DSS
  18  LYS   A        51  CB    LYS   A       204  CB   in experiments:DSS
  19  LYS   A        51  CB    LYS   A       207  CB   in experiments:DSS
  20  LYS   A        53  CB    LYS   A        54  CB   in experiments:DSS
  21  LYS   A        53  CB    LYS   A        60  CB   in experiments:DSS
  22  LYS   A        53  CB    LYS   A        70  CB   in experiments:DSS
  23  LYS   A        53  CB    LYS   A        73  CB   in experiments:DSS
  24  LYS   A        53  CB    LYS   A        84  CB   in experiments:DSS
  25  LYS   A        53  CB    LYS   A        88  CB   in experiments:DSS
  26  LYS   A        53  CB    LYS   A        90  CB   in experiments:DSS
  27  LYS   A        53  CB    LYS   A        97  CB   in experiments:DSS
  28  LYS   A        53  CB    LYS   A       100  CB   in experiments:DSS
  29  LYS   A        53  CB    LYS   A       158  CB   in experiments:DSS
  30  LYS   A        53  CB    LYS   A       162  CB   in experiments:DSS
  31  LYS   A        53  CB    LYS   A       172  CB   in experiments:DSS
  32  LYS   A        53  CB    LYS   A       176  CB   in experiments:DSS
  33  LYS   A        53  CB    LYS   A       192  CB   in experiments:DSS
  34  LYS   A        53  CB    LYS   A       199  CB   in experiments:DSS
  35  LYS   A        53  CB    LYS   A       201  CB   in experiments:DSS
  36  LYS   A        53  CB    LYS   A       204  CB   in experiments:DSS
  37  LYS   A        53  CB    LYS   A       207  CB   in experiments:DSS
  38  LYS   A        54  CB    LYS   A        60  CB   in experiments:DSS
  39  LYS   A        54  CB    LYS   A        70  CB   in experiments:DSS
  40  LYS   A        54  CB    LYS   A        73  CB   in experiments:DSS
  41  LYS   A        54  CB    LYS   A        84  CB   in experiments:DSS
  42  LYS   A        54  CB    LYS   A        88  CB   in experiments:DSS
  43  LYS   A        54  CB    LYS   A        90  CB   in experiments:DSS
  44  LYS   A        54  CB    LYS   A        97  CB   in experiments:DSS
  45  LYS   A        54  CB    LYS   A       100  CB   in experiments:DSS
  46  LYS   A        54  CB    LYS   A       158  CB   in experiments:DSS
  47  LYS   A        54  CB    LYS   A       162  CB   in experiments:DSS
  48  LYS   A        54  CB    LYS   A       172  CB   in experiments:DSS
  49  LYS   A        54  CB    LYS   A       176  CB   in experiments:DSS
  50  LYS   A        54  CB    LYS   A       192  CB   in experiments:DSS
  51  LYS   A        54  CB    LYS   A       199  CB   in experiments:DSS
  52  LYS   A        54  CB    LYS   A       201  CB   in experiments:DSS
  53  LYS   A        54  CB    LYS   A       204  CB   in experiments:DSS
  54  LYS   A        54  CB    LYS   A       207  CB   in experiments:DSS
  55  LYS   A        60  CB    LYS   A        70  CB   in experiments:DSS
  56  LYS   A        60  CB    LYS   A        73  CB   in experiments:DSS
  57  LYS   A        60  CB    LYS   A        84  CB   in experiments:DSS
  58  LYS   A        60  CB    LYS   A        88  CB   in experiments:DSS
  59  LYS   A        60  CB    LYS   A        90  CB   in experiments:DSS
  60  LYS   A        60  CB    LYS   A        97  CB   in experiments:DSS
  61  LYS   A        60  CB    LYS   A       100  CB   in experiments:DSS
  62  LYS   A        60  CB    LYS   A       158  CB   in experiments:DSS
  63  LYS   A        60  CB    LYS   A       162  CB   in experiments:DSS
  64  LYS   A        60  CB    LYS   A       172  CB   in experiments:DSS
  65  LYS   A        60  CB    LYS   A       176  CB   in experiments:DSS
  66  LYS   A        60  CB    LYS   A       192  CB   in experiments:DSS
  67  LYS   A        60  CB    LYS   A       199  CB   in experiments:DSS
  68  LYS   A        60  CB    LYS   A       201  CB   in experiments:DSS
  69  LYS   A        60  CB    LYS   A       204  CB   in experiments:DSS
  70  LYS   A        60  CB    LYS   A       207  CB   in experiments:DSS
  71  LYS   A        70  CB    LYS   A        73  CB   in experiments:DSS
  72  LYS   A        70  CB    LYS   A        84  CB   in experiments:DSS
  73  LYS   A        70  CB    LYS   A        88  CB   in experiments:DSS
  74  LYS   A        70  CB    LYS   A        90  CB   in experiments:DSS
  75  LYS   A        70  CB    LYS   A        97  CB   in experiments:DSS
  76  LYS   A        70  CB    LYS   A       100  CB   in experiments:DSS
  77  LYS   A        70  CB    LYS   A       158  CB   in experiments:DSS
  78  LYS   A        70  CB    LYS   A       162  CB   in experiments:DSS
  79  LYS   A        70  CB    LYS   A       172  CB   in experiments:DSS
  80  LYS   A        70  CB    LYS   A       176  CB   in experiments:DSS
  81  LYS   A        70  CB    LYS   A       192  CB   in experiments:DSS
  82  LYS   A        70  CB    LYS   A       199  CB   in experiments:DSS
  83  LYS   A        70  CB    LYS   A       201  CB   in experiments:DSS
  84  LYS   A        70  CB    LYS   A       204  CB   in experiments:DSS
  85  LYS   A        70  CB    LYS   A       207  CB   in experiments:DSS
  86  LYS   A        73  CB    LYS   A        84  CB   in experiments:DSS
  87  LYS   A        73  CB    LYS   A        88  CB   in experiments:DSS
  88  LYS   A        73  CB    LYS   A        90  CB   in experiments:DSS
  89  LYS   A        73  CB    LYS   A        97  CB   in experiments:DSS
  90  LYS   A        73  CB    LYS   A       100  CB   in experiments:DSS
  91  LYS   A        73  CB    LYS   A       158  CB   in experiments:DSS
  92  LYS   A        73  CB    LYS   A       162  CB   in experiments:DSS
  93  LYS   A        73  CB    LYS   A       172  CB   in experiments:DSS
  94  LYS   A        73  CB    LYS   A       176  CB   in experiments:DSS
  95  LYS   A        73  CB    LYS   A       192  CB   in experiments:DSS
  96  LYS   A        73  CB    LYS   A       199  CB   in experiments:DSS
  97  LYS   A        73  CB    LYS   A       201  CB   in experiments:DSS
  98  LYS   A        73  CB    LYS   A       204  CB   in experiments:DSS
  99  LYS   A        73  CB    LYS   A       207  CB   in experiments:DSS
  100  LYS   A        84  CB    LYS   A        88  CB   in experiments:DSS
  101  LYS   A        84  CB    LYS   A        90  CB   in experiments:DSS
  102  LYS   A        84  CB    LYS   A        97  CB   in experiments:DSS
  103  LYS   A        84  CB    LYS   A       100  CB   in experiments:DSS
  104  LYS   A        84  CB    LYS   A       158  CB   in experiments:DSS
  105  LYS   A        84  CB    LYS   A       162  CB   in experiments:DSS
  106  LYS   A        84  CB    LYS   A       172  CB   in experiments:DSS
  107  LYS   A        84  CB    LYS   A       176  CB   in experiments:DSS
  108  LYS   A        84  CB    LYS   A       192  CB   in experiments:DSS
  109  LYS   A        84  CB    LYS   A       199  CB   in experiments:DSS
  110  LYS   A        84  CB    LYS   A       201  CB   in experiments:DSS
  111  LYS   A        84  CB    LYS   A       204  CB   in experiments:DSS
  112  LYS   A        84  CB    LYS   A       207  CB   in experiments:DSS
  113  LYS   A        88  CB    LYS   A        90  CB   in experiments:DSS
  114  LYS   A        88  CB    LYS   A        97  CB   in experiments:DSS
  115  LYS   A        88  CB    LYS   A       100  CB   in experiments:DSS
  116  LYS   A        88  CB    LYS   A       158  CB   in experiments:DSS
  117  LYS   A        88  CB    LYS   A       162  CB   in experiments:DSS
  118  LYS   A        88  CB    LYS   A       172  CB   in experiments:DSS
  119  LYS   A        88  CB    LYS   A       176  CB   in experiments:DSS
  120  LYS   A        88  CB    LYS   A       192  CB   in experiments:DSS
  121  LYS   A        88  CB    LYS   A       199  CB   in experiments:DSS
  122  LYS   A        88  CB    LYS   A       201  CB   in experiments:DSS
  123  LYS   A        88  CB    LYS   A       204  CB   in experiments:DSS
  124  LYS   A        88  CB    LYS   A       207  CB   in experiments:DSS
  125  LYS   A        90  CB    LYS   A        97  CB   in experiments:DSS
  126  LYS   A        90  CB    LYS   A       100  CB   in experiments:DSS
  127  LYS   A        90  CB    LYS   A       158  CB   in experiments:DSS
  128  LYS   A        90  CB    LYS   A       162  CB   in experiments:DSS
  129  LYS   A        90  CB    LYS   A       172  CB   in experiments:DSS
  130  LYS   A        90  CB    LYS   A       176  CB   in experiments:DSS
  131  LYS   A        90  CB    LYS   A       192  CB   in experiments:DSS
  132  LYS   A        90  CB    LYS   A       199  CB   in experiments:DSS
  133  LYS   A        90  CB    LYS   A       201  CB   in experiments:DSS
  134  LYS   A        90  CB    LYS   A       204  CB   in experiments:DSS
  135  LYS   A        90  CB    LYS   A       207  CB   in experiments:DSS
  136  LYS   A        97  CB    LYS   A       100  CB   in experiments:DSS
  137  LYS   A        97  CB    LYS   A       158  CB   in experiments:DSS
  138  LYS   A        97  CB    LYS   A       162  CB   in experiments:DSS
  139  LYS   A        97  CB    LYS   A       172  CB   in experiments:DSS
  140  LYS   A        97  CB    LYS   A       176  CB   in experiments:DSS
  141  LYS   A        97  CB    LYS   A       192  CB   in experiments:DSS
  142  LYS   A        97  CB    LYS   A       199  CB   in experiments:DSS
  143  LYS   A        97  CB    LYS   A       201  CB   in experiments:DSS
  144  LYS   A        97  CB    LYS   A       204  CB   in experiments:DSS
  145  LYS   A        97  CB    LYS   A       207  CB   in experiments:DSS
  146  LYS   A       100  CB    LYS   A       158  CB   in experiments:DSS
  147  LYS   A       100  CB    LYS   A       162  CB   in experiments:DSS
  148  LYS   A       100  CB    LYS   A       172  CB   in experiments:DSS
  149  LYS   A       100  CB    LYS   A       176  CB   in experiments:DSS
  150  LYS   A       100  CB    LYS   A       192  CB   in experiments:DSS
  151  LYS   A       100  CB    LYS   A       199  CB   in experiments:DSS
  152  LYS   A       100  CB    LYS   A       201  CB   in experiments:DSS
  153  LYS   A       100  CB    LYS   A       204  CB   in experiments:DSS
  154  LYS   A       100  CB    LYS   A       207  CB   in experiments:DSS
  155  LYS   A       158  CB    LYS   A       162  CB   in experiments:DSS
  156  LYS   A       158  CB    LYS   A       172  CB   in experiments:DSS
  157  LYS   A       158  CB    LYS   A       176  CB   in experiments:DSS
  158  LYS   A       158  CB    LYS   A       192  CB   in experiments:DSS
  159  LYS   A       158  CB    LYS   A       199  CB   in experiments:DSS
  160  LYS   A       158  CB    LYS   A       201  CB   in experiments:DSS
  161  LYS   A       158  CB    LYS   A       204  CB   in experiments:DSS
  162  LYS   A       158  CB    LYS   A       207  CB   in experiments:DSS
  163  LYS   A       162  CB    LYS   A       172  CB   in experiments:DSS
  164  LYS   A       162  CB    LYS   A       176  CB   in experiments:DSS
  165  LYS   A       162  CB    LYS   A       192  CB   in experiments:DSS
  166  LYS   A       162  CB    LYS   A       199  CB   in experiments:DSS
  167  LYS   A       162  CB    LYS   A       201  CB   in experiments:DSS
  168  LYS   A       162  CB    LYS   A       204  CB   in experiments:DSS
  169  LYS   A       162  CB    LYS   A       207  CB   in experiments:DSS
  170  LYS   A       172  CB    LYS   A       176  CB   in experiments:DSS
  171  LYS   A       172  CB    LYS   A       192  CB   in experiments:DSS
  172  LYS   A       172  CB    LYS   A       199  CB   in experiments:DSS
  173  LYS   A       172  CB    LYS   A       201  CB   in experiments:DSS
  174  LYS   A       172  CB    LYS   A       204  CB   in experiments:DSS
  175  LYS   A       172  CB    LYS   A       207  CB   in experiments:DSS
  176  LYS   A       176  CB    LYS   A       192  CB   in experiments:DSS
  177  LYS   A       176  CB    LYS   A       199  CB   in experiments:DSS
  178  LYS   A       176  CB    LYS   A       201  CB   in experiments:DSS
  179  LYS   A       176  CB    LYS   A       204  CB   in experiments:DSS
  180  LYS   A       176  CB    LYS   A       207  CB   in experiments:DSS
  181  LYS   A       192  CB    LYS   A       199  CB   in experiments:DSS
  182  LYS   A       192  CB    LYS   A       201  CB   in experiments:DSS
  183  LYS   A       192  CB    LYS   A       204  CB   in experiments:DSS
  184  LYS   A       192  CB    LYS   A       207  CB   in experiments:DSS
  185  LYS   A       199  CB    LYS   A       201  CB   in experiments:DSS
  186  LYS   A       199  CB    LYS   A       204  CB   in experiments:DSS
  187  LYS   A       199  CB    LYS   A       207  CB   in experiments:DSS
  188  LYS   A       201  CB    LYS   A       204  CB   in experiments:DSS
  189  LYS   A       201  CB    LYS   A       207  CB   in experiments:DSS
  190  LYS   A       204  CB    LYS   A       207  CB   in experiments:DSS
  
  Number of atoms accessible to solvent:         1009
  Number of residues accessible to solvent:          213
  
  -------------------------------------------------------------------------------------------------------------------------
  >     RESIDUE1   ATOM1 RESIDUE2   ATOM2 EUCLDIST  TOPODIST OBSERVED    DMIN      DMAX        RESULT  OBSRES REACRES RA AA
  -------------------------------------------------------------------------------------------------------------------------
  LINK: LYS  A   51 CB   LYS  A   54 CB      9.050    10.067   YES      0.000    35.000     OK: FOUND    1/ 1    1/ 1 YY YY
  LINK: LYS  A   51 CB   LYS  A   60 CB     18.255    20.708   YES      0.000    35.000     OK: FOUND    1/ 1    1/ 1 YY YY
  LINK: LYS  A   51 CB   LYS  A   70 CB     30.056    32.260   YES      0.000    35.000     OK: FOUND    1/ 1    1/ 1 YY YY
  LINK: LYS  A   53 CB   LYS  A   97 CB     23.641    24.526   YES      0.000    35.000     OK: FOUND    1/ 1    1/ 1 YY YY
  LINK: LYS  A   53 CB   LYS  A  100 CB     19.108    19.375   YES      0.000    35.000     OK: FOUND    1/ 1    1/ 1 YY YY
  LINK: LYS  A   54 CB   LYS  A   60 CB     10.082    12.397   YES      0.000    35.000     OK: FOUND    1/ 1    1/ 1 YY YY
  LINK: LYS  A   54 CB   LYS  A   73 CB     29.232    29.992   YES      0.000    35.000     OK: FOUND    1/ 1    1/ 1 YY YY
  LINK: LYS  A   54 CB   LYS  A   97 CB     18.116    19.373   YES      0.000    35.000     OK: FOUND    1/ 1    1/ 1 YY YY
  LINK: LYS  A   54 CB   LYS  A  100 CB     13.770    14.042   YES      0.000    35.000     OK: FOUND    1/ 1    1/ 1 YY YY
  LINK: LYS  A   60 CB   LYS  A   70 CB     16.345    17.614   YES      0.000    35.000     OK: FOUND    1/ 1    1/ 1 YY YY
  LINK: LYS  A   60 CB   LYS  A   73 CB     22.964    24.138   YES      0.000    35.000     OK: FOUND    1/ 1    1/ 1 YY YY
  LINK: LYS  A   60 CB   LYS  A   97 CB     17.609    21.520   YES      0.000    35.000     OK: FOUND    1/ 1    1/ 1 YY YY
  LINK: LYS  A   60 CB   LYS  A  158 CB     27.164    27.175   YES      0.000    35.000     OK: FOUND    1/ 1    1/ 1 YY YY
  LINK: LYS  A   60 CB   LYS  A  162 CB     27.184    27.352   YES      0.000    35.000     OK: FOUND    1/ 1    1/ 1 YY YY
  LINK: LYS  A   60 CB   LYS  A  172 CB     18.281    18.367   YES      0.000    35.000     OK: FOUND    1/ 1    1/ 1 YY YY
  LINK: LYS  A   70 CB   LYS  A   84 CB     23.750    31.175   YES      0.000    35.000     OK: FOUND    1/ 1    1/ 1 YY YY
  LINK: LYS  A   70 CB   LYS  A   88 CB     17.479    19.946   YES      0.000    35.000     OK: FOUND    1/ 1    1/ 1 YY YY
  LINK: LYS  A   70 CB   LYS  A   90 CB     21.670    25.151   YES      0.000    35.000     OK: FOUND    1/ 1    1/ 1 YY YY
  LINK: LYS  A   70 CB   LYS  A  158 CB     32.664    32.680   YES      0.000    35.000     OK: FOUND    1/ 1    1/ 1 YY YY
  LINK: LYS  A   70 CB   LYS  A  162 CB     34.868    35.714   YES      0.000    35.000     BAD: LONG    0/ 1    0/ 1 YY YY
  LINK: LYS  A   70 CB   LYS  A  172 CB     23.368    23.368   YES      0.000    35.000     OK: FOUND    1/ 1    1/ 1 YY YY
  LINK: LYS  A   70 CB   LYS  A  176 CB     25.570    25.570   YES      0.000    35.000     OK: FOUND    1/ 1    1/ 1 YY YY
  LINK: LYS  A   73 CB   LYS  A   88 CB     13.483    13.971   YES      0.000    35.000     OK: FOUND    1/ 1    1/ 1 YY YY
  LINK: LYS  A   73 CB   LYS  A   90 CB     16.154    16.784   YES      0.000    35.000     OK: FOUND    1/ 1    1/ 1 YY YY
  LINK: LYS  A   73 CB   LYS  A   97 CB     18.063    18.965   YES      0.000    35.000     OK: FOUND    1/ 1    1/ 1 YY YY
  LINK: LYS  A   73 CB   LYS  A  100 CB     20.760    21.558   YES      0.000    35.000     OK: FOUND    1/ 1    1/ 1 YY YY
  LINK: LYS  A   84 CB   LYS  A   90 CB      9.448    10.599   YES      0.000    35.000     OK: FOUND    1/ 1    1/ 1 YY YY
  LINK: LYS  A   84 CB   LYS  A   97 CB     19.849    21.778   YES      0.000    35.000     OK: FOUND    1/ 1    1/ 1 YY YY
  LINK: LYS  A   88 CB   LYS  A   97 CB     14.988    17.942   YES      0.000    35.000     OK: FOUND    1/ 1    1/ 1 YY YY
  LINK: LYS  A   90 CB   LYS  A  100 CB     17.710    20.037   YES      0.000    35.000     OK: FOUND    1/ 1    1/ 1 YY YY
  LINK: LYS  A   97 CB   LYS  A  100 CB      7.386     8.973   YES      0.000    35.000     OK: FOUND    1/ 1    1/ 1 YY YY
  LINK: LYS  A  158 CB   LYS  A  172 CB     11.017    12.645   YES      0.000    35.000     OK: FOUND    1/ 1    1/ 1 YY YY
  LINK: LYS  A  158 CB   LYS  A  176 CB     15.747    19.987   YES      0.000    35.000     OK: FOUND    1/ 1    1/ 1 YY YY
  LINK: LYS  A  172 CB   LYS  A  192 CB     14.464    16.921   YES      0.000    35.000     OK: FOUND    1/ 1    1/ 1 YY YY
  LINK: LYS  A  172 CB   LYS  A  201 CB     27.761    31.140   YES      0.000    35.000     OK: FOUND    1/ 1    1/ 1 YY YY
  LINK: LYS  A  176 CB   LYS  A  199 CB     14.505    14.714   YES      0.000    35.000     OK: FOUND    1/ 1    1/ 1 YY YY
  LINK: LYS  A  192 CB   LYS  A  201 CB     18.757    19.686   YES      0.000    35.000     OK: FOUND    1/ 1    1/ 1 YY YY
  LINK: LYS  A  192 CB   LYS  A  204 CB     19.035    19.669   YES      0.000    35.000     OK: FOUND    1/ 1    1/ 1 YY YY
  LINK: LYS  A  192 CB   LYS  A  207 CB     23.023    23.454   YES      0.000    35.000     OK: FOUND    1/ 1    1/ 1 YY YY
  LINK: LYS  A  199 CB   LYS  A  204 CB      9.876    12.051   YES      0.000    35.000     OK: FOUND    1/ 1    1/ 1 YY YY
  LINK: LYS  A  199 CB   LYS  A  207 CB     12.615    14.236   YES      0.000    35.000     OK: FOUND    1/ 1    1/ 1 YY YY
  LINK: LYS  A  201 CB   LYS  A  207 CB     10.819    13.994   YES      0.000    35.000     OK: FOUND    1/ 1    1/ 1 YY YY
  -------------------------------------------------------------------------------------------------------------------------
  
  RESULTS:
  
  For each experiment:
  
  -------------------------------------------------------------------------------------------------------------------------
  
  Experiment: DSS
  
  Number of type-reactive pairs of atoms:      231
  
  Number of observed-reactive pairs of atoms:      190
  Number of observed-reactive pairs of atoms within linker reach:       41
  Number of observed-reactive pairs of atoms outside linker reach:      149
  Missing links, according to the structure and observed-reactivity:        0
  
  Number of observed links:       43
  Number of observed links consistent with the structure:       41
  Number of observed links NOT consistent with the structure:        1
  
  Sum of scores of observed links:    0.0000000
  
  Sensitivity of the cross-linking reaction:    1.0000000
  False-assignment probability:    0.0043290
  
  Likelihood of the experimental result:    1.0000000
  Log-likelihood of the experimental result:    0.0000000
  
  Likelihood using user-defined pbad and pgood:    0.9999598
  Log-likelihood using user-defined pbad and pgood:   -0.0000402
  Using: pgood =    0.700; pbad =    0.050
  
  -------------------------------------------------------------------------------------------------------------------------
  
  FINAL RESULTS:
  
  RESULT0:    41 : Number of observations that are consistent with the structure.
  
  RESULT1:    41 : Number of topological distances consistent with all observations.
  RESULT2:     1 : Number of topological distances NOT consistent with observations.
  RESULT3:     0 : Number of links with missing observations.
  
  RESULT4:      0.00000 : Sum of scores of observed links of all experiments.
  
  RESULT5:      1.00000 : Likelihood of the set of experimental results.
  RESULT6:      0.00000 : Log-likelihood of the set of experimental results.
  
  Using: pgood =    0.700; pbad =    0.050
  RESULT7:      0.99996 : Likelihood of the set of experimental results.
  RESULT8:     -0.00004 : Log-likelihood of the set of experimental results.
  
  #########################################################################################################################
