IN:
#
# TOPOLINK input file example
#
# L. Martinez - Institute of Chemistry, University of Campinas
# http://leandro.iqm.unicamp.br
#
# Structure file (can be provided in the command line, overwriting this definition); PDB or mmCIF formats
structure data/temp/dist_reeval/tmp.pdb#endread ENDMDL  # Use this to stop reading atoms if this keyword is found (comment otherwise)
readatoms backplusCB # Which atoms to consider (all/heavy(no-H)/backbone/backplusCB)
# Output directory for links (comment if you do not want the PDB files, that may be a lot)
printlinks no
#linkdir ./links
# What cross-links to compute (all/reactive/observed)
compute observed
#compute reactive
#compute all
# If only inter-domain (inter-chain) links are of interested, uncomment the following line
#interchain
# Only consider observed links with score greater than scorecut
scorecut 0.d0
# Cross-links observed:
experiment DSS
  # Possible types of cross-links and maximum distances
  #        ResType  Chain  ResNum   AtomType    ResType  Chain  ResNum   AtomType  MaxDist
  linktype   MET     all      1       N           LYS     all     all       CB        35
  linktype   LYS     all     all      CB          LYS     all     all       CB        35

  observed LYS B 205 LYS B 114
  observed LYS B 56 LYS B 205
  observed LYS B 56 LYS B 53
  observed LYS B 205 LYS B 116
  observed LYS B 11 LYS B 248
  observed LYS B 205 LYS B 110
  observed LYS B 11 LYS B 110
  observed LYS B 110 LYS B 59
  observed LYS B 205 LYS B 176
  observed LYS B 205 LYS B 59
  observed LYS B 250 LYS B 238
  observed LYS B 11 LYS B 19
  observed LYS B 19 LYS B 23
  observed LYS B 110 LYS B 210
  observed LYS B 110 LYS B 116

end experiment DSS
# Optional parameters
search_limit relative 2  # Search for topological distances of up to search_range*dmaxlink
printallfound yes    # Prints, or not, the structure of the links that were found but violate the distances
printPDBnotfound yes # Prints, or not, PDB files for the links which were not found at all (prints a straight line)
pgood 0.70 # Probability of observing a link which is within link reach
pbad  0.05 # Probability of observing a link which is NOT within linker reach
vdwrad 3.         # Radius to be used for excluded atom volume computation
print 0           # Extensive or concise printing
printnotfound yes # Print data for pairs for links which were not found
quitgood no       # Quit whenever a valid link is found (stop searching for shortest one)
dbond 1.5         # Bond distance of link atoms
kbond 10.         # Energy constant for link bonds
kpath 10.         # Energy constant for the complete path distension, used for computing probability
kvdw  2.          # Force constant of overlap function
# Technical parameters for the optimization method
ntrial 400  # Maximum number of trials for best link search
nbest 5     # Number of times the same best link is found until satisfied
maxfunc 50  # Maximum number of function evaluations of CG-Newton
maxcg 40    # Maximum number of CG iterations
seed random # Seed for random number generator (random or integer number)
iguess 2
exit # You can add anything after this


OUT:

  ######################################################## TOPOLINK #######################################################
                 Institute of Chemistry - University of Campinas. http://m3g.iqm.unicamp.br/topolink

                                                                                                         Version 19.156 

  Structure file: data/temp/dist_reeval/tmp.pdb
  TopoLink input file: data/temp/dist_reeval/topo.tmp
  Will stop structure reading when ################## is found.
  Only backbone plus CB atoms will be considered.
  
  Links will not be written as PDB files.
  
  Printing option:        0
  Leave when first valid link is found:  F
  Link bond distance:    1.5000000
  Link bond force-constant:   10.0000000
  VdW radius for volume exclusion:    3.0000000
  Path energy constant:   10.0000000
  Cutoff for observed scores:    0.0000000
  Number of trials for link search:      400
  Number of repeated best links to find until quit:        5
  Maximum number of function evaluations of CGNewton:       50
  Maximum number of CG iterations in CGNewton:       40
  Seed for random number generator:    12680
  
  Number of experiments:        1
  
  Number of atoms read from structure file:     1243
  Number of chains found in structure file:            1
  
  WARNING: First atom of link type does not correspond to any atom of the structure.
  Experiment: DSS
  Link type:   MET   all   N     LYS   all   CB      35.000
  
  -------------------------------------------------------------------------------------------------------------------------
  Experiment: DSS
  Observed links:
  1  LYS   B       205  LYS   B       114
  2  LYS   B        56  LYS   B       205
  3  LYS   B        56  LYS   B        53
  4  LYS   B       205  LYS   B       116
  5  LYS   B        11  LYS   B       248
  6  LYS   B       205  LYS   B       110
  7  LYS   B        11  LYS   B       110
  8  LYS   B       110  LYS   B        59
  9  LYS   B       205  LYS   B       176
  10  LYS   B       205  LYS   B        59
  11  LYS   B       250  LYS   B       238
  12  LYS   B        11  LYS   B        19
  13  LYS   B        19  LYS   B        23
  14  LYS   B       110  LYS   B       210
  15  LYS   B       110  LYS   B       116
  
  -------------------------------------------------------------------------------------------------------------------------
  -------------------------------------------------------------------------------------------------------------------------
  
  Number of atoms that might be involved in reactions, according link types:       25
  
  All reactive atoms, according to observations:
  1   LYS   B        11  CB
  2   LYS   B        19  CB
  3   LYS   B        23  CB
  4   LYS   B        53  CB
  5   LYS   B        56  CB
  6   LYS   B        59  CB
  7   LYS   B       110  CB
  8   LYS   B       114  CB
  9   LYS   B       116  CB
  10   LYS   B       176  CB
  11   LYS   B       205  CB
  12   LYS   B       210  CB
  13   LYS   B       238  CB
  14   LYS   B       248  CB
  15   LYS   B       250  CB
  
  Number of reactive pairs according to sequence:
  Experiment DSS:   300
  Total number of unique reactive pairs, according to link types:          300
  
  Number of reactive pairs according to observations:
  Experiment DSS:   105
  Total number of unique reactive pairs, according to observations:          105
  
  List of reactive atom pairs, according to observations:
  1  LYS   B        11  CB    LYS   B        19  CB   in experiments:DSS
  2  LYS   B        11  CB    LYS   B        23  CB   in experiments:DSS
  3  LYS   B        11  CB    LYS   B        53  CB   in experiments:DSS
  4  LYS   B        11  CB    LYS   B        56  CB   in experiments:DSS
  5  LYS   B        11  CB    LYS   B        59  CB   in experiments:DSS
  6  LYS   B        11  CB    LYS   B       110  CB   in experiments:DSS
  7  LYS   B        11  CB    LYS   B       114  CB   in experiments:DSS
  8  LYS   B        11  CB    LYS   B       116  CB   in experiments:DSS
  9  LYS   B        11  CB    LYS   B       176  CB   in experiments:DSS
  10  LYS   B        11  CB    LYS   B       205  CB   in experiments:DSS
  11  LYS   B        11  CB    LYS   B       210  CB   in experiments:DSS
  12  LYS   B        11  CB    LYS   B       238  CB   in experiments:DSS
  13  LYS   B        11  CB    LYS   B       248  CB   in experiments:DSS
  14  LYS   B        11  CB    LYS   B       250  CB   in experiments:DSS
  15  LYS   B        19  CB    LYS   B        23  CB   in experiments:DSS
  16  LYS   B        19  CB    LYS   B        53  CB   in experiments:DSS
  17  LYS   B        19  CB    LYS   B        56  CB   in experiments:DSS
  18  LYS   B        19  CB    LYS   B        59  CB   in experiments:DSS
  19  LYS   B        19  CB    LYS   B       110  CB   in experiments:DSS
  20  LYS   B        19  CB    LYS   B       114  CB   in experiments:DSS
  21  LYS   B        19  CB    LYS   B       116  CB   in experiments:DSS
  22  LYS   B        19  CB    LYS   B       176  CB   in experiments:DSS
  23  LYS   B        19  CB    LYS   B       205  CB   in experiments:DSS
  24  LYS   B        19  CB    LYS   B       210  CB   in experiments:DSS
  25  LYS   B        19  CB    LYS   B       238  CB   in experiments:DSS
  26  LYS   B        19  CB    LYS   B       248  CB   in experiments:DSS
  27  LYS   B        19  CB    LYS   B       250  CB   in experiments:DSS
  28  LYS   B        23  CB    LYS   B        53  CB   in experiments:DSS
  29  LYS   B        23  CB    LYS   B        56  CB   in experiments:DSS
  30  LYS   B        23  CB    LYS   B        59  CB   in experiments:DSS
  31  LYS   B        23  CB    LYS   B       110  CB   in experiments:DSS
  32  LYS   B        23  CB    LYS   B       114  CB   in experiments:DSS
  33  LYS   B        23  CB    LYS   B       116  CB   in experiments:DSS
  34  LYS   B        23  CB    LYS   B       176  CB   in experiments:DSS
  35  LYS   B        23  CB    LYS   B       205  CB   in experiments:DSS
  36  LYS   B        23  CB    LYS   B       210  CB   in experiments:DSS
  37  LYS   B        23  CB    LYS   B       238  CB   in experiments:DSS
  38  LYS   B        23  CB    LYS   B       248  CB   in experiments:DSS
  39  LYS   B        23  CB    LYS   B       250  CB   in experiments:DSS
  40  LYS   B        53  CB    LYS   B        56  CB   in experiments:DSS
  41  LYS   B        53  CB    LYS   B        59  CB   in experiments:DSS
  42  LYS   B        53  CB    LYS   B       110  CB   in experiments:DSS
  43  LYS   B        53  CB    LYS   B       114  CB   in experiments:DSS
  44  LYS   B        53  CB    LYS   B       116  CB   in experiments:DSS
  45  LYS   B        53  CB    LYS   B       176  CB   in experiments:DSS
  46  LYS   B        53  CB    LYS   B       205  CB   in experiments:DSS
  47  LYS   B        53  CB    LYS   B       210  CB   in experiments:DSS
  48  LYS   B        53  CB    LYS   B       238  CB   in experiments:DSS
  49  LYS   B        53  CB    LYS   B       248  CB   in experiments:DSS
  50  LYS   B        53  CB    LYS   B       250  CB   in experiments:DSS
  51  LYS   B        56  CB    LYS   B        59  CB   in experiments:DSS
  52  LYS   B        56  CB    LYS   B       110  CB   in experiments:DSS
  53  LYS   B        56  CB    LYS   B       114  CB   in experiments:DSS
  54  LYS   B        56  CB    LYS   B       116  CB   in experiments:DSS
  55  LYS   B        56  CB    LYS   B       176  CB   in experiments:DSS
  56  LYS   B        56  CB    LYS   B       205  CB   in experiments:DSS
  57  LYS   B        56  CB    LYS   B       210  CB   in experiments:DSS
  58  LYS   B        56  CB    LYS   B       238  CB   in experiments:DSS
  59  LYS   B        56  CB    LYS   B       248  CB   in experiments:DSS
  60  LYS   B        56  CB    LYS   B       250  CB   in experiments:DSS
  61  LYS   B        59  CB    LYS   B       110  CB   in experiments:DSS
  62  LYS   B        59  CB    LYS   B       114  CB   in experiments:DSS
  63  LYS   B        59  CB    LYS   B       116  CB   in experiments:DSS
  64  LYS   B        59  CB    LYS   B       176  CB   in experiments:DSS
  65  LYS   B        59  CB    LYS   B       205  CB   in experiments:DSS
  66  LYS   B        59  CB    LYS   B       210  CB   in experiments:DSS
  67  LYS   B        59  CB    LYS   B       238  CB   in experiments:DSS
  68  LYS   B        59  CB    LYS   B       248  CB   in experiments:DSS
  69  LYS   B        59  CB    LYS   B       250  CB   in experiments:DSS
  70  LYS   B       110  CB    LYS   B       114  CB   in experiments:DSS
  71  LYS   B       110  CB    LYS   B       116  CB   in experiments:DSS
  72  LYS   B       110  CB    LYS   B       176  CB   in experiments:DSS
  73  LYS   B       110  CB    LYS   B       205  CB   in experiments:DSS
  74  LYS   B       110  CB    LYS   B       210  CB   in experiments:DSS
  75  LYS   B       110  CB    LYS   B       238  CB   in experiments:DSS
  76  LYS   B       110  CB    LYS   B       248  CB   in experiments:DSS
  77  LYS   B       110  CB    LYS   B       250  CB   in experiments:DSS
  78  LYS   B       114  CB    LYS   B       116  CB   in experiments:DSS
  79  LYS   B       114  CB    LYS   B       176  CB   in experiments:DSS
  80  LYS   B       114  CB    LYS   B       205  CB   in experiments:DSS
  81  LYS   B       114  CB    LYS   B       210  CB   in experiments:DSS
  82  LYS   B       114  CB    LYS   B       238  CB   in experiments:DSS
  83  LYS   B       114  CB    LYS   B       248  CB   in experiments:DSS
  84  LYS   B       114  CB    LYS   B       250  CB   in experiments:DSS
  85  LYS   B       116  CB    LYS   B       176  CB   in experiments:DSS
  86  LYS   B       116  CB    LYS   B       205  CB   in experiments:DSS
  87  LYS   B       116  CB    LYS   B       210  CB   in experiments:DSS
  88  LYS   B       116  CB    LYS   B       238  CB   in experiments:DSS
  89  LYS   B       116  CB    LYS   B       248  CB   in experiments:DSS
  90  LYS   B       116  CB    LYS   B       250  CB   in experiments:DSS
  91  LYS   B       176  CB    LYS   B       205  CB   in experiments:DSS
  92  LYS   B       176  CB    LYS   B       210  CB   in experiments:DSS
  93  LYS   B       176  CB    LYS   B       238  CB   in experiments:DSS
  94  LYS   B       176  CB    LYS   B       248  CB   in experiments:DSS
  95  LYS   B       176  CB    LYS   B       250  CB   in experiments:DSS
  96  LYS   B       205  CB    LYS   B       210  CB   in experiments:DSS
  97  LYS   B       205  CB    LYS   B       238  CB   in experiments:DSS
  98  LYS   B       205  CB    LYS   B       248  CB   in experiments:DSS
  99  LYS   B       205  CB    LYS   B       250  CB   in experiments:DSS
  100  LYS   B       210  CB    LYS   B       238  CB   in experiments:DSS
  101  LYS   B       210  CB    LYS   B       248  CB   in experiments:DSS
  102  LYS   B       210  CB    LYS   B       250  CB   in experiments:DSS
  103  LYS   B       238  CB    LYS   B       248  CB   in experiments:DSS
  104  LYS   B       238  CB    LYS   B       250  CB   in experiments:DSS
  105  LYS   B       248  CB    LYS   B       250  CB   in experiments:DSS
  
  Number of atoms accessible to solvent:         1193
  Number of residues accessible to solvent:          252
  
  -------------------------------------------------------------------------------------------------------------------------
  >     RESIDUE1   ATOM1 RESIDUE2   ATOM2 EUCLDIST  TOPODIST OBSERVED    DMIN      DMAX        RESULT  OBSRES REACRES RA AA
  -------------------------------------------------------------------------------------------------------------------------
  LINK: LYS  B   11 CB   LYS  B   19 CB     20.001    22.549   YES      0.000    35.000     OK: FOUND    1/ 1    1/ 1 YY YY
  LINK: LYS  B   11 CB   LYS  B  110 CB     17.629    18.483   YES      0.000    35.000     OK: FOUND    1/ 1    1/ 1 YY YY
  LINK: LYS  B   11 CB   LYS  B  248 CB     44.039    44.980   YES      0.000    35.000     BAD: LONG    0/ 1    0/ 1 YY YY
  LINK: LYS  B   19 CB   LYS  B   23 CB     14.527    17.324   YES      0.000    35.000     OK: FOUND    1/ 1    1/ 1 YY YY
  LINK: LYS  B   53 CB   LYS  B   56 CB      7.373     9.183   YES      0.000    35.000     OK: FOUND    1/ 1    1/ 1 YY YY
  LINK: LYS  B   56 CB   LYS  B  205 CB     24.521    24.847   YES      0.000    35.000     OK: FOUND    1/ 1    1/ 1 YY YY
  LINK: LYS  B   59 CB   LYS  B  110 CB     21.218    23.078   YES      0.000    35.000     OK: FOUND    1/ 1    1/ 1 YY YY
  LINK: LYS  B   59 CB   LYS  B  205 CB     18.782    18.954   YES      0.000    35.000     OK: FOUND    1/ 1    1/ 1 YY YY
  LINK: LYS  B  110 CB   LYS  B  116 CB     12.029    14.936   YES      0.000    35.000     OK: FOUND    1/ 1    1/ 1 YY YY
  LINK: LYS  B  110 CB   LYS  B  205 CB     20.776    21.248   YES      0.000    35.000     OK: FOUND    1/ 1    1/ 1 YY YY
  LINK: LYS  B  110 CB   LYS  B  210 CB     11.759    13.878   YES      0.000    35.000     OK: FOUND    1/ 1    1/ 1 YY YY
  LINK: LYS  B  114 CB   LYS  B  205 CB     17.749    17.814   YES      0.000    35.000     OK: FOUND    1/ 1    1/ 1 YY YY
  LINK: LYS  B  116 CB   LYS  B  205 CB     19.868    20.097   YES      0.000    35.000     OK: FOUND    1/ 1    1/ 1 YY YY
  LINK: LYS  B  176 CB   LYS  B  205 CB     33.539    36.148   YES      0.000    35.000     BAD: LONG    0/ 1    0/ 1 YY YY
  LINK: LYS  B  238 CB   LYS  B  250 CB     17.559    21.082   YES      0.000    35.000     OK: FOUND    1/ 1    1/ 1 YY YY
  -------------------------------------------------------------------------------------------------------------------------
  
  RESULTS:
  
  For each experiment:
  
  -------------------------------------------------------------------------------------------------------------------------
  
  Experiment: DSS
  
  Number of type-reactive pairs of atoms:      300
  
  Number of observed-reactive pairs of atoms:      105
  Number of observed-reactive pairs of atoms within linker reach:       13
  Number of observed-reactive pairs of atoms outside linker reach:       92
  Missing links, according to the structure and observed-reactivity:        0
  
  Number of observed links:       15
  Number of observed links consistent with the structure:       13
  Number of observed links NOT consistent with the structure:        2
  
  Sum of scores of observed links:    0.0000000
  
  Sensitivity of the cross-linking reaction:    1.0000000
  False-assignment probability:    0.0066667
  
  Likelihood of the experimental result:    1.0000000
  Log-likelihood of the experimental result:   -0.0000000
  
  Likelihood using user-defined pbad and pgood:    0.9974567
  Log-likelihood using user-defined pbad and pgood:   -0.0025466
  Using: pgood =    0.700; pbad =    0.050
  
  -------------------------------------------------------------------------------------------------------------------------
  
  FINAL RESULTS:
  
  RESULT0:    13 : Number of observations that are consistent with the structure.
  
  RESULT1:    13 : Number of topological distances consistent with all observations.
  RESULT2:     2 : Number of topological distances NOT consistent with observations.
  RESULT3:     0 : Number of links with missing observations.
  
  RESULT4:      0.00000 : Sum of scores of observed links of all experiments.
  
  RESULT5:      1.00000 : Likelihood of the set of experimental results.
  RESULT6:     -0.00000 : Log-likelihood of the set of experimental results.
  
  Using: pgood =    0.700; pbad =    0.050
  RESULT7:      0.99746 : Likelihood of the set of experimental results.
  RESULT8:     -0.00255 : Log-likelihood of the set of experimental results.
  
  -------------------------------------------------------------------------------------------------------------------------
  ATTENTION: There are WARNINGS of input file parsing. Please check the output carefully.
  -------------------------------------------------------------------------------------------------------------------------
  
  
  #########################################################################################################################
