IN:
#
# TOPOLINK input file example
#
# L. Martinez - Institute of Chemistry, University of Campinas
# http://leandro.iqm.unicamp.br
#
# Structure file (can be provided in the command line, overwriting this definition); PDB or mmCIF formats
structure data/temp/dist_reeval/tmp.pdb#endread ENDMDL  # Use this to stop reading atoms if this keyword is found (comment otherwise)
readatoms backplusCB # Which atoms to consider (all/heavy(no-H)/backbone/backplusCB)
# Output directory for links (comment if you do not want the PDB files, that may be a lot)
printlinks no
#linkdir ./links
# What cross-links to compute (all/reactive/observed)
compute observed
#compute reactive
#compute all
# If only inter-domain (inter-chain) links are of interested, uncomment the following line
#interchain
# Only consider observed links with score greater than scorecut
scorecut 0.d0
# Cross-links observed:
experiment DSS
  # Possible types of cross-links and maximum distances
  #        ResType  Chain  ResNum   AtomType    ResType  Chain  ResNum   AtomType  MaxDist
  linktype   MET     all      1       N           LYS     all     all       CB        35
  linktype   LYS     all     all      CB          LYS     all     all       CB        35

  observed LYS A 214 LYS A 271
  observed LYS A 214 LYS A 214
  observed LYS A 455 LYS A 418
  observed LYS A 286 LYS A 418
  observed LYS A 446 LYS A 418
  observed LYS A 185 LYS A 173
  observed LYS A 83 LYS A 173
  observed LYS A 271 LYS A 277
  observed LYS A 451 LYS A 418
  observed LYS A 421 LYS A 446
  observed LYS A 480 LYS A 434
  observed LYS A 480 LYS A 436
  observed LYS A 473 LYS A 446
  observed LYS A 480 LYS A 455
  observed LYS A 480 LYS A 463

end experiment DSS
# Optional parameters
search_limit relative 2  # Search for topological distances of up to search_range*dmaxlink
printallfound yes    # Prints, or not, the structure of the links that were found but violate the distances
printPDBnotfound yes # Prints, or not, PDB files for the links which were not found at all (prints a straight line)
pgood 0.70 # Probability of observing a link which is within link reach
pbad  0.05 # Probability of observing a link which is NOT within linker reach
vdwrad 3.         # Radius to be used for excluded atom volume computation
print 0           # Extensive or concise printing
printnotfound yes # Print data for pairs for links which were not found
quitgood no       # Quit whenever a valid link is found (stop searching for shortest one)
dbond 1.5         # Bond distance of link atoms
kbond 10.         # Energy constant for link bonds
kpath 10.         # Energy constant for the complete path distension, used for computing probability
kvdw  2.          # Force constant of overlap function
# Technical parameters for the optimization method
ntrial 400  # Maximum number of trials for best link search
nbest 5     # Number of times the same best link is found until satisfied
maxfunc 50  # Maximum number of function evaluations of CG-Newton
maxcg 40    # Maximum number of CG iterations
seed random # Seed for random number generator (random or integer number)
iguess 2
exit # You can add anything after this


OUT:

  ######################################################## TOPOLINK #######################################################
                 Institute of Chemistry - University of Campinas. http://m3g.iqm.unicamp.br/topolink

                                                                                                         Version 19.156 

  Structure file: data/temp/dist_reeval/tmp.pdb
  TopoLink input file: data/temp/dist_reeval/topo.tmp
  Will stop structure reading when ################## is found.
  Only backbone plus CB atoms will be considered.
  
  Links will not be written as PDB files.
  
  Printing option:        0
  Leave when first valid link is found:  F
  Link bond distance:    1.5000000
  Link bond force-constant:   10.0000000
  VdW radius for volume exclusion:    3.0000000
  Path energy constant:   10.0000000
  Cutoff for observed scores:    0.0000000
  Number of trials for link search:      400
  Number of repeated best links to find until quit:        5
  Maximum number of function evaluations of CGNewton:       50
  Maximum number of CG iterations in CGNewton:       40
  Seed for random number generator:    10113
  
  Number of experiments:        1
  WARNING: Multiple conformations of residue ARG A      355 found. Using only A.
  WARNING: Multiple conformations of residue ARG A      355 found. Using only A.
  WARNING: Multiple conformations of residue ARG A      355 found. Using only A.
  WARNING: Multiple conformations of residue ARG A      355 found. Using only A.
  WARNING: Multiple conformations of residue ARG A      355 found. Using only A.
  WARNING: Multiple conformations of residue ARG A      355 found. Using only A.
  WARNING: Multiple conformations of residue ARG A      355 found. Using only A.
  WARNING: Multiple conformations of residue ARG A      355 found. Using only A.
  
  Number of atoms read from structure file:     2302
  Number of chains found in structure file:            1
  
  WARNING: First atom of link type does not correspond to any atom of the structure.
  Experiment: DSS
  Link type:   MET   all   N     LYS   all   CB      35.000
  
  -------------------------------------------------------------------------------------------------------------------------
  Experiment: DSS
  Observed links:
  1  LYS   A       214  LYS   A       271
  2  LYS   A       214  LYS   A       214
  3  LYS   A       455  LYS   A       418
  4  LYS   A       286  LYS   A       418
  5  LYS   A       446  LYS   A       418
  6  LYS   A       185  LYS   A       173
  7  LYS   A        83  LYS   A       173
  8  LYS   A       271  LYS   A       277
  9  LYS   A       451  LYS   A       418
  10  LYS   A       421  LYS   A       446
  11  LYS   A       480  LYS   A       434
  12  LYS   A       480  LYS   A       436
  13  LYS   A       473  LYS   A       446
  14  LYS   A       480  LYS   A       455
  15  LYS   A       480  LYS   A       463
  
  -------------------------------------------------------------------------------------------------------------------------
  -------------------------------------------------------------------------------------------------------------------------
  
  Number of atoms that might be involved in reactions, according link types:       34
  
  All reactive atoms, according to observations:
  1   LYS   A        83  CB
  2   LYS   A       173  CB
  3   LYS   A       185  CB
  4   LYS   A       214  CB
  5   LYS   A       271  CB
  6   LYS   A       277  CB
  7   LYS   A       286  CB
  8   LYS   A       418  CB
  9   LYS   A       421  CB
  10   LYS   A       434  CB
  11   LYS   A       436  CB
  12   LYS   A       446  CB
  13   LYS   A       451  CB
  14   LYS   A       455  CB
  15   LYS   A       463  CB
  16   LYS   A       473  CB
  17   LYS   A       480  CB
  
  Number of reactive pairs according to sequence:
  Experiment DSS:   561
  Total number of unique reactive pairs, according to link types:          561
  
  Number of reactive pairs according to observations:
  Experiment DSS:   136
  Total number of unique reactive pairs, according to observations:          136
  
  List of reactive atom pairs, according to observations:
  1  LYS   A        83  CB    LYS   A       173  CB   in experiments:DSS
  2  LYS   A        83  CB    LYS   A       185  CB   in experiments:DSS
  3  LYS   A        83  CB    LYS   A       214  CB   in experiments:DSS
  4  LYS   A        83  CB    LYS   A       271  CB   in experiments:DSS
  5  LYS   A        83  CB    LYS   A       277  CB   in experiments:DSS
  6  LYS   A        83  CB    LYS   A       286  CB   in experiments:DSS
  7  LYS   A        83  CB    LYS   A       418  CB   in experiments:DSS
  8  LYS   A        83  CB    LYS   A       421  CB   in experiments:DSS
  9  LYS   A        83  CB    LYS   A       434  CB   in experiments:DSS
  10  LYS   A        83  CB    LYS   A       436  CB   in experiments:DSS
  11  LYS   A        83  CB    LYS   A       446  CB   in experiments:DSS
  12  LYS   A        83  CB    LYS   A       451  CB   in experiments:DSS
  13  LYS   A        83  CB    LYS   A       455  CB   in experiments:DSS
  14  LYS   A        83  CB    LYS   A       463  CB   in experiments:DSS
  15  LYS   A        83  CB    LYS   A       473  CB   in experiments:DSS
  16  LYS   A        83  CB    LYS   A       480  CB   in experiments:DSS
  17  LYS   A       173  CB    LYS   A       185  CB   in experiments:DSS
  18  LYS   A       173  CB    LYS   A       214  CB   in experiments:DSS
  19  LYS   A       173  CB    LYS   A       271  CB   in experiments:DSS
  20  LYS   A       173  CB    LYS   A       277  CB   in experiments:DSS
  21  LYS   A       173  CB    LYS   A       286  CB   in experiments:DSS
  22  LYS   A       173  CB    LYS   A       418  CB   in experiments:DSS
  23  LYS   A       173  CB    LYS   A       421  CB   in experiments:DSS
  24  LYS   A       173  CB    LYS   A       434  CB   in experiments:DSS
  25  LYS   A       173  CB    LYS   A       436  CB   in experiments:DSS
  26  LYS   A       173  CB    LYS   A       446  CB   in experiments:DSS
  27  LYS   A       173  CB    LYS   A       451  CB   in experiments:DSS
  28  LYS   A       173  CB    LYS   A       455  CB   in experiments:DSS
  29  LYS   A       173  CB    LYS   A       463  CB   in experiments:DSS
  30  LYS   A       173  CB    LYS   A       473  CB   in experiments:DSS
  31  LYS   A       173  CB    LYS   A       480  CB   in experiments:DSS
  32  LYS   A       185  CB    LYS   A       214  CB   in experiments:DSS
  33  LYS   A       185  CB    LYS   A       271  CB   in experiments:DSS
  34  LYS   A       185  CB    LYS   A       277  CB   in experiments:DSS
  35  LYS   A       185  CB    LYS   A       286  CB   in experiments:DSS
  36  LYS   A       185  CB    LYS   A       418  CB   in experiments:DSS
  37  LYS   A       185  CB    LYS   A       421  CB   in experiments:DSS
  38  LYS   A       185  CB    LYS   A       434  CB   in experiments:DSS
  39  LYS   A       185  CB    LYS   A       436  CB   in experiments:DSS
  40  LYS   A       185  CB    LYS   A       446  CB   in experiments:DSS
  41  LYS   A       185  CB    LYS   A       451  CB   in experiments:DSS
  42  LYS   A       185  CB    LYS   A       455  CB   in experiments:DSS
  43  LYS   A       185  CB    LYS   A       463  CB   in experiments:DSS
  44  LYS   A       185  CB    LYS   A       473  CB   in experiments:DSS
  45  LYS   A       185  CB    LYS   A       480  CB   in experiments:DSS
  46  LYS   A       214  CB    LYS   A       271  CB   in experiments:DSS
  47  LYS   A       214  CB    LYS   A       277  CB   in experiments:DSS
  48  LYS   A       214  CB    LYS   A       286  CB   in experiments:DSS
  49  LYS   A       214  CB    LYS   A       418  CB   in experiments:DSS
  50  LYS   A       214  CB    LYS   A       421  CB   in experiments:DSS
  51  LYS   A       214  CB    LYS   A       434  CB   in experiments:DSS
  52  LYS   A       214  CB    LYS   A       436  CB   in experiments:DSS
  53  LYS   A       214  CB    LYS   A       446  CB   in experiments:DSS
  54  LYS   A       214  CB    LYS   A       451  CB   in experiments:DSS
  55  LYS   A       214  CB    LYS   A       455  CB   in experiments:DSS
  56  LYS   A       214  CB    LYS   A       463  CB   in experiments:DSS
  57  LYS   A       214  CB    LYS   A       473  CB   in experiments:DSS
  58  LYS   A       214  CB    LYS   A       480  CB   in experiments:DSS
  59  LYS   A       271  CB    LYS   A       277  CB   in experiments:DSS
  60  LYS   A       271  CB    LYS   A       286  CB   in experiments:DSS
  61  LYS   A       271  CB    LYS   A       418  CB   in experiments:DSS
  62  LYS   A       271  CB    LYS   A       421  CB   in experiments:DSS
  63  LYS   A       271  CB    LYS   A       434  CB   in experiments:DSS
  64  LYS   A       271  CB    LYS   A       436  CB   in experiments:DSS
  65  LYS   A       271  CB    LYS   A       446  CB   in experiments:DSS
  66  LYS   A       271  CB    LYS   A       451  CB   in experiments:DSS
  67  LYS   A       271  CB    LYS   A       455  CB   in experiments:DSS
  68  LYS   A       271  CB    LYS   A       463  CB   in experiments:DSS
  69  LYS   A       271  CB    LYS   A       473  CB   in experiments:DSS
  70  LYS   A       271  CB    LYS   A       480  CB   in experiments:DSS
  71  LYS   A       277  CB    LYS   A       286  CB   in experiments:DSS
  72  LYS   A       277  CB    LYS   A       418  CB   in experiments:DSS
  73  LYS   A       277  CB    LYS   A       421  CB   in experiments:DSS
  74  LYS   A       277  CB    LYS   A       434  CB   in experiments:DSS
  75  LYS   A       277  CB    LYS   A       436  CB   in experiments:DSS
  76  LYS   A       277  CB    LYS   A       446  CB   in experiments:DSS
  77  LYS   A       277  CB    LYS   A       451  CB   in experiments:DSS
  78  LYS   A       277  CB    LYS   A       455  CB   in experiments:DSS
  79  LYS   A       277  CB    LYS   A       463  CB   in experiments:DSS
  80  LYS   A       277  CB    LYS   A       473  CB   in experiments:DSS
  81  LYS   A       277  CB    LYS   A       480  CB   in experiments:DSS
  82  LYS   A       286  CB    LYS   A       418  CB   in experiments:DSS
  83  LYS   A       286  CB    LYS   A       421  CB   in experiments:DSS
  84  LYS   A       286  CB    LYS   A       434  CB   in experiments:DSS
  85  LYS   A       286  CB    LYS   A       436  CB   in experiments:DSS
  86  LYS   A       286  CB    LYS   A       446  CB   in experiments:DSS
  87  LYS   A       286  CB    LYS   A       451  CB   in experiments:DSS
  88  LYS   A       286  CB    LYS   A       455  CB   in experiments:DSS
  89  LYS   A       286  CB    LYS   A       463  CB   in experiments:DSS
  90  LYS   A       286  CB    LYS   A       473  CB   in experiments:DSS
  91  LYS   A       286  CB    LYS   A       480  CB   in experiments:DSS
  92  LYS   A       418  CB    LYS   A       421  CB   in experiments:DSS
  93  LYS   A       418  CB    LYS   A       434  CB   in experiments:DSS
  94  LYS   A       418  CB    LYS   A       436  CB   in experiments:DSS
  95  LYS   A       418  CB    LYS   A       446  CB   in experiments:DSS
  96  LYS   A       418  CB    LYS   A       451  CB   in experiments:DSS
  97  LYS   A       418  CB    LYS   A       455  CB   in experiments:DSS
  98  LYS   A       418  CB    LYS   A       463  CB   in experiments:DSS
  99  LYS   A       418  CB    LYS   A       473  CB   in experiments:DSS
  100  LYS   A       418  CB    LYS   A       480  CB   in experiments:DSS
  101  LYS   A       421  CB    LYS   A       434  CB   in experiments:DSS
  102  LYS   A       421  CB    LYS   A       436  CB   in experiments:DSS
  103  LYS   A       421  CB    LYS   A       446  CB   in experiments:DSS
  104  LYS   A       421  CB    LYS   A       451  CB   in experiments:DSS
  105  LYS   A       421  CB    LYS   A       455  CB   in experiments:DSS
  106  LYS   A       421  CB    LYS   A       463  CB   in experiments:DSS
  107  LYS   A       421  CB    LYS   A       473  CB   in experiments:DSS
  108  LYS   A       421  CB    LYS   A       480  CB   in experiments:DSS
  109  LYS   A       434  CB    LYS   A       436  CB   in experiments:DSS
  110  LYS   A       434  CB    LYS   A       446  CB   in experiments:DSS
  111  LYS   A       434  CB    LYS   A       451  CB   in experiments:DSS
  112  LYS   A       434  CB    LYS   A       455  CB   in experiments:DSS
  113  LYS   A       434  CB    LYS   A       463  CB   in experiments:DSS
  114  LYS   A       434  CB    LYS   A       473  CB   in experiments:DSS
  115  LYS   A       434  CB    LYS   A       480  CB   in experiments:DSS
  116  LYS   A       436  CB    LYS   A       446  CB   in experiments:DSS
  117  LYS   A       436  CB    LYS   A       451  CB   in experiments:DSS
  118  LYS   A       436  CB    LYS   A       455  CB   in experiments:DSS
  119  LYS   A       436  CB    LYS   A       463  CB   in experiments:DSS
  120  LYS   A       436  CB    LYS   A       473  CB   in experiments:DSS
  121  LYS   A       436  CB    LYS   A       480  CB   in experiments:DSS
  122  LYS   A       446  CB    LYS   A       451  CB   in experiments:DSS
  123  LYS   A       446  CB    LYS   A       455  CB   in experiments:DSS
  124  LYS   A       446  CB    LYS   A       463  CB   in experiments:DSS
  125  LYS   A       446  CB    LYS   A       473  CB   in experiments:DSS
  126  LYS   A       446  CB    LYS   A       480  CB   in experiments:DSS
  127  LYS   A       451  CB    LYS   A       455  CB   in experiments:DSS
  128  LYS   A       451  CB    LYS   A       463  CB   in experiments:DSS
  129  LYS   A       451  CB    LYS   A       473  CB   in experiments:DSS
  130  LYS   A       451  CB    LYS   A       480  CB   in experiments:DSS
  131  LYS   A       455  CB    LYS   A       463  CB   in experiments:DSS
  132  LYS   A       455  CB    LYS   A       473  CB   in experiments:DSS
  133  LYS   A       455  CB    LYS   A       480  CB   in experiments:DSS
  134  LYS   A       463  CB    LYS   A       473  CB   in experiments:DSS
  135  LYS   A       463  CB    LYS   A       480  CB   in experiments:DSS
  136  LYS   A       473  CB    LYS   A       480  CB   in experiments:DSS
  
  Number of atoms accessible to solvent:         2244
  Number of residues accessible to solvent:          470
  
  -------------------------------------------------------------------------------------------------------------------------
  >     RESIDUE1   ATOM1 RESIDUE2   ATOM2 EUCLDIST  TOPODIST OBSERVED    DMIN      DMAX        RESULT  OBSRES REACRES RA AA
  -------------------------------------------------------------------------------------------------------------------------
  LINK: LYS  A   83 CB   LYS  A  173 CB     17.263    17.442   YES      0.000    35.000     OK: FOUND    1/ 1    1/ 1 YY YY
  LINK: LYS  A  173 CB   LYS  A  185 CB     13.253    13.643   YES      0.000    35.000     OK: FOUND    1/ 1    1/ 1 YY YY
  LINK: LYS  A  214 CB   LYS  A  271 CB      9.561    11.624   YES      0.000    35.000     OK: FOUND    1/ 1    1/ 1 YY YY
  LINK: LYS  A  271 CB   LYS  A  277 CB     14.906    15.427   YES      0.000    35.000     OK: FOUND    1/ 1    1/ 1 YY YY
  LINK: LYS  A  286 CB   LYS  A  418 CB     32.064    32.064   YES      0.000    35.000     OK: FOUND    1/ 1    1/ 1 YY YY
  LINK: LYS  A  418 CB   LYS  A  446 CB     13.370    13.370   YES      0.000    35.000     OK: FOUND    1/ 1    1/ 1 YY YY
  LINK: LYS  A  418 CB   LYS  A  451 CB     16.046    16.050   YES      0.000    35.000     OK: FOUND    1/ 1    1/ 1 YY YY
  LINK: LYS  A  418 CB   LYS  A  455 CB     20.030    21.671   YES      0.000    35.000     OK: FOUND    1/ 1    1/ 1 YY YY
  LINK: LYS  A  421 CB   LYS  A  446 CB     19.990    20.019   YES      0.000    35.000     OK: FOUND    1/ 1    1/ 1 YY YY
  LINK: LYS  A  434 CB   LYS  A  480 CB     14.846    16.511   YES      0.000    35.000     OK: FOUND    1/ 1    1/ 1 YY YY
  LINK: LYS  A  436 CB   LYS  A  480 CB     13.577    13.939   YES      0.000    35.000     OK: FOUND    1/ 1    1/ 1 YY YY
  LINK: LYS  A  446 CB   LYS  A  473 CB     16.076    17.055   YES      0.000    35.000     OK: FOUND    1/ 1    1/ 1 YY YY
  LINK: LYS  A  455 CB   LYS  A  480 CB     13.642    14.119   YES      0.000    35.000     OK: FOUND    1/ 1    1/ 1 YY YY
  LINK: LYS  A  463 CB   LYS  A  480 CB      8.867    10.186   YES      0.000    35.000     OK: FOUND    1/ 1    1/ 1 YY YY
  -------------------------------------------------------------------------------------------------------------------------
  
  RESULTS:
  
  For each experiment:
  
  -------------------------------------------------------------------------------------------------------------------------
  
  Experiment: DSS
  
  Number of type-reactive pairs of atoms:      561
  
  Number of observed-reactive pairs of atoms:      136
  Number of observed-reactive pairs of atoms within linker reach:       14
  Number of observed-reactive pairs of atoms outside linker reach:      122
  Missing links, according to the structure and observed-reactivity:        0
  
  Number of observed links:       15
  Number of observed links consistent with the structure:       14
  Number of observed links NOT consistent with the structure:        0
  
  Sum of scores of observed links:    0.0000000
  
  Sensitivity of the cross-linking reaction:    1.0000000
  False-assignment probability:    0.0000000
  
  Likelihood of the experimental result:    1.0000000
  Log-likelihood of the experimental result:    0.0000000
  
  Likelihood using user-defined pbad and pgood:    0.8982665
  Log-likelihood using user-defined pbad and pgood:   -0.1072884
  Using: pgood =    0.700; pbad =    0.050
  
  -------------------------------------------------------------------------------------------------------------------------
  
  FINAL RESULTS:
  
  RESULT0:    14 : Number of observations that are consistent with the structure.
  
  RESULT1:    14 : Number of topological distances consistent with all observations.
  RESULT2:     0 : Number of topological distances NOT consistent with observations.
  RESULT3:     0 : Number of links with missing observations.
  
  RESULT4:      0.00000 : Sum of scores of observed links of all experiments.
  
  RESULT5:      1.00000 : Likelihood of the set of experimental results.
  RESULT6:      0.00000 : Log-likelihood of the set of experimental results.
  
  Using: pgood =    0.700; pbad =    0.050
  RESULT7:      0.89827 : Likelihood of the set of experimental results.
  RESULT8:     -0.10729 : Log-likelihood of the set of experimental results.
  
  -------------------------------------------------------------------------------------------------------------------------
  ATTENTION: There are WARNINGS of input file parsing. Please check the output carefully.
  -------------------------------------------------------------------------------------------------------------------------
  
  
  #########################################################################################################################
