IN:
#
# TOPOLINK input file example
#
# L. Martinez - Institute of Chemistry, University of Campinas
# http://leandro.iqm.unicamp.br
#
# Structure file (can be provided in the command line, overwriting this definition); PDB or mmCIF formats
structure data/temp/dist_reeval/tmp.pdb#endread ENDMDL  # Use this to stop reading atoms if this keyword is found (comment otherwise)
readatoms backplusCB # Which atoms to consider (all/heavy(no-H)/backbone/backplusCB)
# Output directory for links (comment if you do not want the PDB files, that may be a lot)
printlinks no
#linkdir ./links
# What cross-links to compute (all/reactive/observed)
compute observed
#compute reactive
#compute all
# If only inter-domain (inter-chain) links are of interested, uncomment the following line
#interchain
# Only consider observed links with score greater than scorecut
scorecut 0.d0
# Cross-links observed:
experiment DSS
  # Possible types of cross-links and maximum distances
  #        ResType  Chain  ResNum   AtomType    ResType  Chain  ResNum   AtomType  MaxDist
  linktype   MET     all      1       N           LYS     all     all       CB        35
  linktype   LYS     all     all      CB          LYS     all     all       CB        35

  observed LYS A 167 LYS A 179
  observed LYS A 179 LYS A 335
  observed LYS A 547 LYS A 498
  observed LYS A 182 LYS A 335
  observed LYS A 517 LYS A 538
  observed LYS A 182 LYS A 608
  observed LYS A 547 LYS A 636
  observed LYS A 636 LYS A 498
  observed LYS A 182 LYS A 598
  observed LYS A 250 LYS A 480
  observed LYS A 616 LYS A 624
  observed LYS A 182 LYS A 615
  observed LYS A 335 LYS A 608
  observed LYS A 182 LYS A 167
  observed LYS A 615 LYS A 647
  observed LYS A 182 LYS A 647
  observed LYS A 182 LYS A 179
  observed LYS A 182 LYS A 547
  observed LYS A 598 LYS A 608
  observed LYS A 616 LYS A 608

end experiment DSS
# Optional parameters
search_limit relative 2  # Search for topological distances of up to search_range*dmaxlink
printallfound yes    # Prints, or not, the structure of the links that were found but violate the distances
printPDBnotfound yes # Prints, or not, PDB files for the links which were not found at all (prints a straight line)
pgood 0.70 # Probability of observing a link which is within link reach
pbad  0.05 # Probability of observing a link which is NOT within linker reach
vdwrad 3.         # Radius to be used for excluded atom volume computation
print 0           # Extensive or concise printing
printnotfound yes # Print data for pairs for links which were not found
quitgood no       # Quit whenever a valid link is found (stop searching for shortest one)
dbond 1.5         # Bond distance of link atoms
kbond 10.         # Energy constant for link bonds
kpath 10.         # Energy constant for the complete path distension, used for computing probability
kvdw  2.          # Force constant of overlap function
# Technical parameters for the optimization method
ntrial 400  # Maximum number of trials for best link search
nbest 5     # Number of times the same best link is found until satisfied
maxfunc 50  # Maximum number of function evaluations of CG-Newton
maxcg 40    # Maximum number of CG iterations
seed random # Seed for random number generator (random or integer number)
iguess 2
exit # You can add anything after this


OUT:

  ######################################################## TOPOLINK #######################################################
                 Institute of Chemistry - University of Campinas. http://m3g.iqm.unicamp.br/topolink

                                                                                                         Version 19.156 

  Structure file: data/temp/dist_reeval/tmp.pdb
  TopoLink input file: data/temp/dist_reeval/topo.tmp
  Will stop structure reading when ################## is found.
  Only backbone plus CB atoms will be considered.
  
  Links will not be written as PDB files.
  
  Printing option:        0
  Leave when first valid link is found:  F
  Link bond distance:    1.5000000
  Link bond force-constant:   10.0000000
  VdW radius for volume exclusion:    3.0000000
  Path energy constant:   10.0000000
  Cutoff for observed scores:    0.0000000
  Number of trials for link search:      400
  Number of repeated best links to find until quit:        5
  Maximum number of function evaluations of CGNewton:       50
  Maximum number of CG iterations in CGNewton:       40
  Seed for random number generator:    11316
  
  Number of experiments:        1
  
  Number of atoms read from structure file:     2991
  Number of chains found in structure file:            1
  
  WARNING: First atom of link type does not correspond to any atom of the structure.
  Experiment: DSS
  Link type:   MET   all   N     LYS   all   CB      35.000
  
  -------------------------------------------------------------------------------------------------------------------------
  Experiment: DSS
  Observed links:
  1  LYS   A       167  LYS   A       179
  2  LYS   A       179  LYS   A       335
  3  LYS   A       547  LYS   A       498
  4  LYS   A       182  LYS   A       335
  5  LYS   A       517  LYS   A       538
  6  LYS   A       182  LYS   A       608
  7  LYS   A       547  LYS   A       636
  8  LYS   A       636  LYS   A       498
  9  LYS   A       182  LYS   A       598
  10  LYS   A       250  LYS   A       480
  11  LYS   A       616  LYS   A       624
  12  LYS   A       182  LYS   A       615
  13  LYS   A       335  LYS   A       608
  14  LYS   A       182  LYS   A       167
  15  LYS   A       615  LYS   A       647
  16  LYS   A       182  LYS   A       647
  17  LYS   A       182  LYS   A       179
  18  LYS   A       182  LYS   A       547
  19  LYS   A       598  LYS   A       608
  20  LYS   A       616  LYS   A       608
  
  -------------------------------------------------------------------------------------------------------------------------
  -------------------------------------------------------------------------------------------------------------------------
  
  Number of atoms that might be involved in reactions, according link types:       26
  
  All reactive atoms, according to observations:
  1   LYS   A       167  CB
  2   LYS   A       179  CB
  3   LYS   A       182  CB
  4   LYS   A       250  CB
  5   LYS   A       335  CB
  6   LYS   A       480  CB
  7   LYS   A       498  CB
  8   LYS   A       517  CB
  9   LYS   A       538  CB
  10   LYS   A       547  CB
  11   LYS   A       598  CB
  12   LYS   A       608  CB
  13   LYS   A       615  CB
  14   LYS   A       616  CB
  15   LYS   A       624  CB
  16   LYS   A       636  CB
  17   LYS   A       647  CB
  
  Number of reactive pairs according to sequence:
  Experiment DSS:   325
  Total number of unique reactive pairs, according to link types:          325
  
  Number of reactive pairs according to observations:
  Experiment DSS:   136
  Total number of unique reactive pairs, according to observations:          136
  
  List of reactive atom pairs, according to observations:
  1  LYS   A       167  CB    LYS   A       179  CB   in experiments:DSS
  2  LYS   A       167  CB    LYS   A       182  CB   in experiments:DSS
  3  LYS   A       167  CB    LYS   A       250  CB   in experiments:DSS
  4  LYS   A       167  CB    LYS   A       335  CB   in experiments:DSS
  5  LYS   A       167  CB    LYS   A       480  CB   in experiments:DSS
  6  LYS   A       167  CB    LYS   A       498  CB   in experiments:DSS
  7  LYS   A       167  CB    LYS   A       517  CB   in experiments:DSS
  8  LYS   A       167  CB    LYS   A       538  CB   in experiments:DSS
  9  LYS   A       167  CB    LYS   A       547  CB   in experiments:DSS
  10  LYS   A       167  CB    LYS   A       598  CB   in experiments:DSS
  11  LYS   A       167  CB    LYS   A       608  CB   in experiments:DSS
  12  LYS   A       167  CB    LYS   A       615  CB   in experiments:DSS
  13  LYS   A       167  CB    LYS   A       616  CB   in experiments:DSS
  14  LYS   A       167  CB    LYS   A       624  CB   in experiments:DSS
  15  LYS   A       167  CB    LYS   A       636  CB   in experiments:DSS
  16  LYS   A       167  CB    LYS   A       647  CB   in experiments:DSS
  17  LYS   A       179  CB    LYS   A       182  CB   in experiments:DSS
  18  LYS   A       179  CB    LYS   A       250  CB   in experiments:DSS
  19  LYS   A       179  CB    LYS   A       335  CB   in experiments:DSS
  20  LYS   A       179  CB    LYS   A       480  CB   in experiments:DSS
  21  LYS   A       179  CB    LYS   A       498  CB   in experiments:DSS
  22  LYS   A       179  CB    LYS   A       517  CB   in experiments:DSS
  23  LYS   A       179  CB    LYS   A       538  CB   in experiments:DSS
  24  LYS   A       179  CB    LYS   A       547  CB   in experiments:DSS
  25  LYS   A       179  CB    LYS   A       598  CB   in experiments:DSS
  26  LYS   A       179  CB    LYS   A       608  CB   in experiments:DSS
  27  LYS   A       179  CB    LYS   A       615  CB   in experiments:DSS
  28  LYS   A       179  CB    LYS   A       616  CB   in experiments:DSS
  29  LYS   A       179  CB    LYS   A       624  CB   in experiments:DSS
  30  LYS   A       179  CB    LYS   A       636  CB   in experiments:DSS
  31  LYS   A       179  CB    LYS   A       647  CB   in experiments:DSS
  32  LYS   A       182  CB    LYS   A       250  CB   in experiments:DSS
  33  LYS   A       182  CB    LYS   A       335  CB   in experiments:DSS
  34  LYS   A       182  CB    LYS   A       480  CB   in experiments:DSS
  35  LYS   A       182  CB    LYS   A       498  CB   in experiments:DSS
  36  LYS   A       182  CB    LYS   A       517  CB   in experiments:DSS
  37  LYS   A       182  CB    LYS   A       538  CB   in experiments:DSS
  38  LYS   A       182  CB    LYS   A       547  CB   in experiments:DSS
  39  LYS   A       182  CB    LYS   A       598  CB   in experiments:DSS
  40  LYS   A       182  CB    LYS   A       608  CB   in experiments:DSS
  41  LYS   A       182  CB    LYS   A       615  CB   in experiments:DSS
  42  LYS   A       182  CB    LYS   A       616  CB   in experiments:DSS
  43  LYS   A       182  CB    LYS   A       624  CB   in experiments:DSS
  44  LYS   A       182  CB    LYS   A       636  CB   in experiments:DSS
  45  LYS   A       182  CB    LYS   A       647  CB   in experiments:DSS
  46  LYS   A       250  CB    LYS   A       335  CB   in experiments:DSS
  47  LYS   A       250  CB    LYS   A       480  CB   in experiments:DSS
  48  LYS   A       250  CB    LYS   A       498  CB   in experiments:DSS
  49  LYS   A       250  CB    LYS   A       517  CB   in experiments:DSS
  50  LYS   A       250  CB    LYS   A       538  CB   in experiments:DSS
  51  LYS   A       250  CB    LYS   A       547  CB   in experiments:DSS
  52  LYS   A       250  CB    LYS   A       598  CB   in experiments:DSS
  53  LYS   A       250  CB    LYS   A       608  CB   in experiments:DSS
  54  LYS   A       250  CB    LYS   A       615  CB   in experiments:DSS
  55  LYS   A       250  CB    LYS   A       616  CB   in experiments:DSS
  56  LYS   A       250  CB    LYS   A       624  CB   in experiments:DSS
  57  LYS   A       250  CB    LYS   A       636  CB   in experiments:DSS
  58  LYS   A       250  CB    LYS   A       647  CB   in experiments:DSS
  59  LYS   A       335  CB    LYS   A       480  CB   in experiments:DSS
  60  LYS   A       335  CB    LYS   A       498  CB   in experiments:DSS
  61  LYS   A       335  CB    LYS   A       517  CB   in experiments:DSS
  62  LYS   A       335  CB    LYS   A       538  CB   in experiments:DSS
  63  LYS   A       335  CB    LYS   A       547  CB   in experiments:DSS
  64  LYS   A       335  CB    LYS   A       598  CB   in experiments:DSS
  65  LYS   A       335  CB    LYS   A       608  CB   in experiments:DSS
  66  LYS   A       335  CB    LYS   A       615  CB   in experiments:DSS
  67  LYS   A       335  CB    LYS   A       616  CB   in experiments:DSS
  68  LYS   A       335  CB    LYS   A       624  CB   in experiments:DSS
  69  LYS   A       335  CB    LYS   A       636  CB   in experiments:DSS
  70  LYS   A       335  CB    LYS   A       647  CB   in experiments:DSS
  71  LYS   A       480  CB    LYS   A       498  CB   in experiments:DSS
  72  LYS   A       480  CB    LYS   A       517  CB   in experiments:DSS
  73  LYS   A       480  CB    LYS   A       538  CB   in experiments:DSS
  74  LYS   A       480  CB    LYS   A       547  CB   in experiments:DSS
  75  LYS   A       480  CB    LYS   A       598  CB   in experiments:DSS
  76  LYS   A       480  CB    LYS   A       608  CB   in experiments:DSS
  77  LYS   A       480  CB    LYS   A       615  CB   in experiments:DSS
  78  LYS   A       480  CB    LYS   A       616  CB   in experiments:DSS
  79  LYS   A       480  CB    LYS   A       624  CB   in experiments:DSS
  80  LYS   A       480  CB    LYS   A       636  CB   in experiments:DSS
  81  LYS   A       480  CB    LYS   A       647  CB   in experiments:DSS
  82  LYS   A       498  CB    LYS   A       517  CB   in experiments:DSS
  83  LYS   A       498  CB    LYS   A       538  CB   in experiments:DSS
  84  LYS   A       498  CB    LYS   A       547  CB   in experiments:DSS
  85  LYS   A       498  CB    LYS   A       598  CB   in experiments:DSS
  86  LYS   A       498  CB    LYS   A       608  CB   in experiments:DSS
  87  LYS   A       498  CB    LYS   A       615  CB   in experiments:DSS
  88  LYS   A       498  CB    LYS   A       616  CB   in experiments:DSS
  89  LYS   A       498  CB    LYS   A       624  CB   in experiments:DSS
  90  LYS   A       498  CB    LYS   A       636  CB   in experiments:DSS
  91  LYS   A       498  CB    LYS   A       647  CB   in experiments:DSS
  92  LYS   A       517  CB    LYS   A       538  CB   in experiments:DSS
  93  LYS   A       517  CB    LYS   A       547  CB   in experiments:DSS
  94  LYS   A       517  CB    LYS   A       598  CB   in experiments:DSS
  95  LYS   A       517  CB    LYS   A       608  CB   in experiments:DSS
  96  LYS   A       517  CB    LYS   A       615  CB   in experiments:DSS
  97  LYS   A       517  CB    LYS   A       616  CB   in experiments:DSS
  98  LYS   A       517  CB    LYS   A       624  CB   in experiments:DSS
  99  LYS   A       517  CB    LYS   A       636  CB   in experiments:DSS
  100  LYS   A       517  CB    LYS   A       647  CB   in experiments:DSS
  101  LYS   A       538  CB    LYS   A       547  CB   in experiments:DSS
  102  LYS   A       538  CB    LYS   A       598  CB   in experiments:DSS
  103  LYS   A       538  CB    LYS   A       608  CB   in experiments:DSS
  104  LYS   A       538  CB    LYS   A       615  CB   in experiments:DSS
  105  LYS   A       538  CB    LYS   A       616  CB   in experiments:DSS
  106  LYS   A       538  CB    LYS   A       624  CB   in experiments:DSS
  107  LYS   A       538  CB    LYS   A       636  CB   in experiments:DSS
  108  LYS   A       538  CB    LYS   A       647  CB   in experiments:DSS
  109  LYS   A       547  CB    LYS   A       598  CB   in experiments:DSS
  110  LYS   A       547  CB    LYS   A       608  CB   in experiments:DSS
  111  LYS   A       547  CB    LYS   A       615  CB   in experiments:DSS
  112  LYS   A       547  CB    LYS   A       616  CB   in experiments:DSS
  113  LYS   A       547  CB    LYS   A       624  CB   in experiments:DSS
  114  LYS   A       547  CB    LYS   A       636  CB   in experiments:DSS
  115  LYS   A       547  CB    LYS   A       647  CB   in experiments:DSS
  116  LYS   A       598  CB    LYS   A       608  CB   in experiments:DSS
  117  LYS   A       598  CB    LYS   A       615  CB   in experiments:DSS
  118  LYS   A       598  CB    LYS   A       616  CB   in experiments:DSS
  119  LYS   A       598  CB    LYS   A       624  CB   in experiments:DSS
  120  LYS   A       598  CB    LYS   A       636  CB   in experiments:DSS
  121  LYS   A       598  CB    LYS   A       647  CB   in experiments:DSS
  122  LYS   A       608  CB    LYS   A       615  CB   in experiments:DSS
  123  LYS   A       608  CB    LYS   A       616  CB   in experiments:DSS
  124  LYS   A       608  CB    LYS   A       624  CB   in experiments:DSS
  125  LYS   A       608  CB    LYS   A       636  CB   in experiments:DSS
  126  LYS   A       608  CB    LYS   A       647  CB   in experiments:DSS
  127  LYS   A       615  CB    LYS   A       616  CB   in experiments:DSS
  128  LYS   A       615  CB    LYS   A       624  CB   in experiments:DSS
  129  LYS   A       615  CB    LYS   A       636  CB   in experiments:DSS
  130  LYS   A       615  CB    LYS   A       647  CB   in experiments:DSS
  131  LYS   A       616  CB    LYS   A       624  CB   in experiments:DSS
  132  LYS   A       616  CB    LYS   A       636  CB   in experiments:DSS
  133  LYS   A       616  CB    LYS   A       647  CB   in experiments:DSS
  134  LYS   A       624  CB    LYS   A       636  CB   in experiments:DSS
  135  LYS   A       624  CB    LYS   A       647  CB   in experiments:DSS
  136  LYS   A       636  CB    LYS   A       647  CB   in experiments:DSS
  
  Number of atoms accessible to solvent:         2929
  Number of residues accessible to solvent:          611
  
  -------------------------------------------------------------------------------------------------------------------------
  >     RESIDUE1   ATOM1 RESIDUE2   ATOM2 EUCLDIST  TOPODIST OBSERVED    DMIN      DMAX        RESULT  OBSRES REACRES RA AA
  -------------------------------------------------------------------------------------------------------------------------
  LINK: LYS  A  167 CB   LYS  A  179 CB     21.658    24.325   YES      0.000    35.000     OK: FOUND    1/ 1    1/ 1 YY YY
  LINK: LYS  A  167 CB   LYS  A  182 CB     25.124    27.542   YES      0.000    35.000     OK: FOUND    1/ 1    1/ 1 YY YY
  LINK: LYS  A  179 CB   LYS  A  182 CB      3.923     3.958   YES      0.000    35.000     OK: FOUND    1/ 1    1/ 1 YY YY
  LINK: LYS  A  179 CB   LYS  A  335 CB     27.410    28.263   YES      0.000    35.000     OK: FOUND    1/ 1    1/ 1 YY YY
  LINK: LYS  A  182 CB   LYS  A  335 CB     25.599    27.220   YES      0.000    35.000     OK: FOUND    1/ 1    1/ 1 YY YY
  LINK: LYS  A  182 CB   LYS  A  547 CB     58.391   >70.000   YES      0.000    35.000     BAD: EUCL    0/ 1    0/ 1 YY YY
  LINK: LYS  A  182 CB   LYS  A  598 CB     28.486    29.570   YES      0.000    35.000     OK: FOUND    1/ 1    1/ 1 YY YY
  LINK: LYS  A  182 CB   LYS  A  608 CB     22.816    24.330   YES      0.000    35.000     OK: FOUND    1/ 1    1/ 1 YY YY
  LINK: LYS  A  182 CB   LYS  A  615 CB     28.789    28.838   YES      0.000    35.000     OK: FOUND    1/ 1    1/ 1 YY YY
  LINK: LYS  A  182 CB   LYS  A  647 CB     24.060    26.257   YES      0.000    35.000     OK: FOUND    1/ 1    1/ 1 YY YY
  LINK: LYS  A  250 CB   LYS  A  480 CB      7.857     8.759   YES      0.000    35.000     OK: FOUND    1/ 1    1/ 1 YY YY
  LINK: LYS  A  335 CB   LYS  A  608 CB     32.135    36.459   YES      0.000    35.000     BAD: LONG    0/ 1    0/ 1 YY YY
  LINK: LYS  A  498 CB   LYS  A  547 CB      9.445     9.651   YES      0.000    35.000     OK: FOUND    1/ 1    1/ 1 YY YY
  LINK: LYS  A  498 CB   LYS  A  636 CB     20.766    23.244   YES      0.000    35.000     OK: FOUND    1/ 1    1/ 1 YY YY
  LINK: LYS  A  517 CB   LYS  A  538 CB      9.165     9.534   YES      0.000    35.000     OK: FOUND    1/ 1    1/ 1 YY YY
  LINK: LYS  A  547 CB   LYS  A  636 CB     15.316    16.337   YES      0.000    35.000     OK: FOUND    1/ 1    1/ 1 YY YY
  LINK: LYS  A  598 CB   LYS  A  608 CB     17.537    17.694   YES      0.000    35.000     OK: FOUND    1/ 1    1/ 1 YY YY
  LINK: LYS  A  608 CB   LYS  A  616 CB     13.167    13.325   YES      0.000    35.000     OK: FOUND    1/ 1    1/ 1 YY YY
  LINK: LYS  A  615 CB   LYS  A  647 CB     16.778    16.798   YES      0.000    35.000     OK: FOUND    1/ 1    1/ 1 YY YY
  LINK: LYS  A  616 CB   LYS  A  624 CB     10.925    11.063   YES      0.000    35.000     OK: FOUND    1/ 1    1/ 1 YY YY
  -------------------------------------------------------------------------------------------------------------------------
  
  RESULTS:
  
  For each experiment:
  
  -------------------------------------------------------------------------------------------------------------------------
  
  Experiment: DSS
  
  Number of type-reactive pairs of atoms:      325
  
  Number of observed-reactive pairs of atoms:      136
  Number of observed-reactive pairs of atoms within linker reach:       18
  Number of observed-reactive pairs of atoms outside linker reach:      118
  Missing links, according to the structure and observed-reactivity:        0
  
  Number of observed links:       20
  Number of observed links consistent with the structure:       18
  Number of observed links NOT consistent with the structure:        2
  
  Sum of scores of observed links:    0.0000000
  
  Sensitivity of the cross-linking reaction:    1.0000000
  False-assignment probability:    0.0061538
  
  Likelihood of the experimental result:    1.0000000
  Log-likelihood of the experimental result:    0.0000000
  
  Likelihood using user-defined pbad and pgood:    0.9992265
  Log-likelihood using user-defined pbad and pgood:   -0.0007738
  Using: pgood =    0.700; pbad =    0.050
  
  -------------------------------------------------------------------------------------------------------------------------
  
  FINAL RESULTS:
  
  RESULT0:    18 : Number of observations that are consistent with the structure.
  
  RESULT1:    18 : Number of topological distances consistent with all observations.
  RESULT2:     2 : Number of topological distances NOT consistent with observations.
  RESULT3:     0 : Number of links with missing observations.
  
  RESULT4:      0.00000 : Sum of scores of observed links of all experiments.
  
  RESULT5:      1.00000 : Likelihood of the set of experimental results.
  RESULT6:      0.00000 : Log-likelihood of the set of experimental results.
  
  Using: pgood =    0.700; pbad =    0.050
  RESULT7:      0.99923 : Likelihood of the set of experimental results.
  RESULT8:     -0.00077 : Log-likelihood of the set of experimental results.
  
  -------------------------------------------------------------------------------------------------------------------------
  ATTENTION: There are WARNINGS of input file parsing. Please check the output carefully.
  -------------------------------------------------------------------------------------------------------------------------
  
  
  #########################################################################################################################
