IN:
#
# TOPOLINK input file example
#
# L. Martinez - Institute of Chemistry, University of Campinas
# http://leandro.iqm.unicamp.br
#
# Structure file (can be provided in the command line, overwriting this definition); PDB or mmCIF formats
structure data/temp/dist_reeval/tmp.pdb#endread ENDMDL  # Use this to stop reading atoms if this keyword is found (comment otherwise)
readatoms backplusCB # Which atoms to consider (all/heavy(no-H)/backbone/backplusCB)
# Output directory for links (comment if you do not want the PDB files, that may be a lot)
printlinks no
#linkdir ./links
# What cross-links to compute (all/reactive/observed)
compute observed
#compute reactive
#compute all
# If only inter-domain (inter-chain) links are of interested, uncomment the following line
#interchain
# Only consider observed links with score greater than scorecut
scorecut 0.d0
# Cross-links observed:
experiment DSS
  # Possible types of cross-links and maximum distances
  #        ResType  Chain  ResNum   AtomType    ResType  Chain  ResNum   AtomType  MaxDist
  linktype   MET     all      1       N           LYS     all     all       CB        35
  linktype   LYS     all     all      CB          LYS     all     all       CB        35

  observed LYS A 69 LYS A 442
  observed LYS A 130 LYS A 199
  observed LYS A 280 LYS A 166
  observed LYS A 130 LYS A 127
  observed LYS A 67 LYS A 112
  observed LYS A 127 LYS A 256
  observed LYS A 243 LYS A 384
  observed LYS A 130 LYS A 256
  observed LYS A 384 LYS A 280
  observed LYS A 280 LYS A 272
  observed LYS A 127 LYS A 112
  observed LYS A 280 LYS A 243
  observed LYS A 243 LYS A 282
  observed LYS A 384 LYS A 155
  observed LYS A 193 LYS A 199
  observed LYS A 384 LYS A 282
  observed LYS A 384 LYS A 272
  observed LYS A 133 LYS A 180
  observed LYS A 199 LYS A 180
  observed LYS A 193 LYS A 166
  observed LYS A 199 LYS A 272
  observed LYS A 130 LYS A 180
  observed LYS A 256 LYS A 180
  observed LYS A 130 LYS A 193
  observed LYS A 133 LYS A 199
  observed LYS A 166 LYS A 282
  observed LYS A 384 LYS A 400
  observed LYS A 243 LYS A 256
  observed LYS A 384 LYS A 166
  observed LYS A 193 LYS A 180
  observed LYS A 299 LYS A 413
  observed LYS A 256 LYS A 272
  observed LYS A 166 LYS A 400
  observed LYS A 166 LYS A 413
  observed LYS A 282 LYS A 299
  observed LYS A 282 LYS A 413
  observed LYS A 384 LYS A 426
  observed LYS A 155 LYS A 112
  observed LYS A 256 LYS A 166
  observed LYS A 243 LYS A 166
  observed LYS A 243 LYS A 155
  observed LYS A 193 LYS A 155
  observed LYS A 180 LYS A 106
  observed LYS A 67 LYS A 45
  observed LYS A 199 LYS A 106
  observed LYS A 384 LYS A 48
  observed LYS A 360 LYS A 413
  observed LYS A 256 LYS A 282
  observed LYS A 243 LYS A 400
  observed LYS A 384 LYS A 360
  observed LYS A 166 LYS A 155
  observed LYS A 48 LYS A 106
  observed LYS A 80 LYS A 106
  observed LYS A 166 LYS A 299
  observed LYS A 45 LYS A 106
  observed LYS A 280 LYS A 413
  observed LYS A 280 LYS A 263
  observed LYS A 256 LYS A 263
  observed LYS A 384 LYS A 45
  observed LYS A 155 LYS A 400
  observed LYS A 299 LYS A 360
  observed LYS A 384 LYS A 413
  observed LYS A 133 LYS A 256
  observed LYS A 280 LYS A 199
  observed LYS A 282 LYS A 199
  observed LYS A 275 LYS A 282

end experiment DSS
# Optional parameters
search_limit relative 2  # Search for topological distances of up to search_range*dmaxlink
printallfound yes    # Prints, or not, the structure of the links that were found but violate the distances
printPDBnotfound yes # Prints, or not, PDB files for the links which were not found at all (prints a straight line)
pgood 0.70 # Probability of observing a link which is within link reach
pbad  0.05 # Probability of observing a link which is NOT within linker reach
vdwrad 3.         # Radius to be used for excluded atom volume computation
print 0           # Extensive or concise printing
printnotfound yes # Print data for pairs for links which were not found
quitgood no       # Quit whenever a valid link is found (stop searching for shortest one)
dbond 1.5         # Bond distance of link atoms
kbond 10.         # Energy constant for link bonds
kpath 10.         # Energy constant for the complete path distension, used for computing probability
kvdw  2.          # Force constant of overlap function
# Technical parameters for the optimization method
ntrial 400  # Maximum number of trials for best link search
nbest 5     # Number of times the same best link is found until satisfied
maxfunc 50  # Maximum number of function evaluations of CG-Newton
maxcg 40    # Maximum number of CG iterations
seed random # Seed for random number generator (random or integer number)
iguess 2
exit # You can add anything after this


OUT:

  ######################################################## TOPOLINK #######################################################
                 Institute of Chemistry - University of Campinas. http://m3g.iqm.unicamp.br/topolink

                                                                                                         Version 19.156 

  Structure file: data/temp/dist_reeval/tmp.pdb
  TopoLink input file: data/temp/dist_reeval/topo.tmp
  Will stop structure reading when ################## is found.
  Only backbone plus CB atoms will be considered.
  
  Links will not be written as PDB files.
  
  Printing option:        0
  Leave when first valid link is found:  F
  Link bond distance:    1.5000000
  Link bond force-constant:   10.0000000
  VdW radius for volume exclusion:    3.0000000
  Path energy constant:   10.0000000
  Cutoff for observed scores:    0.0000000
  Number of trials for link search:      400
  Number of repeated best links to find until quit:        5
  Maximum number of function evaluations of CGNewton:       50
  Maximum number of CG iterations in CGNewton:       40
  Seed for random number generator:     6283
  
  Number of experiments:        1
  WARNING: Multiple conformations of residue ARG A       60 found. Using only A.
  WARNING: Multiple conformations of residue ARG A       60 found. Using only A.
  WARNING: Multiple conformations of residue ARG A       60 found. Using only A.
  WARNING: Multiple conformations of residue ARG A       60 found. Using only A.
  WARNING: Multiple conformations of residue ARG A       60 found. Using only A.
  WARNING: Multiple conformations of residue ARG A       60 found. Using only A.
  WARNING: Multiple conformations of residue ARG A       60 found. Using only A.
  WARNING: Multiple conformations of residue ARG A       60 found. Using only A.
  WARNING: Multiple conformations of residue ILE A       62 found. Using only A.
  WARNING: Multiple conformations of residue ILE A       62 found. Using only A.
  WARNING: Multiple conformations of residue ILE A       62 found. Using only A.
  WARNING: Multiple conformations of residue ILE A       62 found. Using only A.
  WARNING: Multiple conformations of residue ILE A       62 found. Using only A.
  WARNING: Multiple conformations of residue ILE A       62 found. Using only A.
  WARNING: Multiple conformations of residue ILE A       62 found. Using only A.
  WARNING: Multiple conformations of residue ILE A       62 found. Using only A.
  WARNING: Multiple conformations of residue GLN A       64 found. Using only A.
  WARNING: Multiple conformations of residue GLN A       64 found. Using only A.
  WARNING: Multiple conformations of residue GLN A       64 found. Using only A.
  WARNING: Multiple conformations of residue GLN A       64 found. Using only A.
  WARNING: Multiple conformations of residue GLN A       64 found. Using only A.
  WARNING: Multiple conformations of residue GLN A       64 found. Using only A.
  WARNING: Multiple conformations of residue GLN A       64 found. Using only A.
  WARNING: Multiple conformations of residue GLN A       64 found. Using only A.
  WARNING: Multiple conformations of residue GLN A       64 found. Using only A.
  WARNING: Multiple conformations of residue LEU A       84 found. Using only A.
  WARNING: Multiple conformations of residue LEU A       84 found. Using only A.
  WARNING: Multiple conformations of residue LEU A       84 found. Using only A.
  WARNING: Multiple conformations of residue LEU A       84 found. Using only A.
  WARNING: Multiple conformations of residue LEU A       84 found. Using only A.
  WARNING: Multiple conformations of residue LEU A       84 found. Using only A.
  WARNING: Multiple conformations of residue LEU A       84 found. Using only A.
  WARNING: Multiple conformations of residue LEU A       84 found. Using only A.
  WARNING: Multiple conformations of residue GLN A       95 found. Using only A.
  WARNING: Multiple conformations of residue GLN A       95 found. Using only A.
  WARNING: Multiple conformations of residue GLN A       95 found. Using only A.
  WARNING: Multiple conformations of residue GLN A       95 found. Using only A.
  WARNING: Multiple conformations of residue GLN A       95 found. Using only A.
  WARNING: Multiple conformations of residue GLN A       95 found. Using only A.
  WARNING: Multiple conformations of residue GLN A       95 found. Using only A.
  WARNING: Multiple conformations of residue GLN A       95 found. Using only A.
  WARNING: Multiple conformations of residue GLN A       95 found. Using only A.
  WARNING: Multiple conformations of residue GLN A      105 found. Using only A.
  WARNING: Multiple conformations of residue GLN A      105 found. Using only A.
  WARNING: Multiple conformations of residue GLN A      105 found. Using only A.
  WARNING: Multiple conformations of residue GLN A      105 found. Using only A.
  WARNING: Multiple conformations of residue GLN A      105 found. Using only A.
  WARNING: Multiple conformations of residue GLN A      105 found. Using only A.
  WARNING: Multiple conformations of residue LYS A      106 found. Using only A.
  WARNING: Multiple conformations of residue LYS A      106 found. Using only A.
  WARNING: Multiple conformations of residue LYS A      106 found. Using only A.
  WARNING: Multiple conformations of residue LYS A      106 found. Using only A.
  WARNING: Multiple conformations of residue LYS A      106 found. Using only A.
  WARNING: Multiple conformations of residue LYS A      106 found. Using only A.
  WARNING: Multiple conformations of residue VAL A      109 found. Using only A.
  WARNING: Multiple conformations of residue VAL A      109 found. Using only A.
  WARNING: Multiple conformations of residue VAL A      109 found. Using only A.
  WARNING: Multiple conformations of residue VAL A      109 found. Using only A.
  WARNING: Multiple conformations of residue VAL A      109 found. Using only A.
  WARNING: Multiple conformations of residue VAL A      109 found. Using only A.
  WARNING: Multiple conformations of residue VAL A      109 found. Using only A.
  WARNING: Multiple conformations of residue ILE A      139 found. Using only A.
  WARNING: Multiple conformations of residue ILE A      139 found. Using only A.
  WARNING: Multiple conformations of residue ILE A      139 found. Using only A.
  WARNING: Multiple conformations of residue ILE A      139 found. Using only A.
  WARNING: Multiple conformations of residue ILE A      139 found. Using only A.
  WARNING: Multiple conformations of residue ARG A      149 found. Using only A.
  WARNING: Multiple conformations of residue ARG A      149 found. Using only A.
  WARNING: Multiple conformations of residue ARG A      149 found. Using only A.
  WARNING: Multiple conformations of residue ARG A      149 found. Using only A.
  WARNING: Multiple conformations of residue ARG A      149 found. Using only A.
  WARNING: Multiple conformations of residue ARG A      149 found. Using only A.
  WARNING: Multiple conformations of residue ARG A      149 found. Using only A.
  WARNING: Multiple conformations of residue ARG A      149 found. Using only A.
  WARNING: Multiple conformations of residue LYS A      166 found. Using only A.
  WARNING: Multiple conformations of residue LYS A      166 found. Using only A.
  WARNING: Multiple conformations of residue LYS A      166 found. Using only A.
  WARNING: Multiple conformations of residue LYS A      166 found. Using only A.
  WARNING: Multiple conformations of residue LYS A      166 found. Using only A.
  WARNING: Multiple conformations of residue LYS A      166 found. Using only A.
  WARNING: Multiple conformations of residue ILE A      170 found. Using only A.
  WARNING: Multiple conformations of residue ILE A      170 found. Using only A.
  WARNING: Multiple conformations of residue ILE A      170 found. Using only A.
  WARNING: Multiple conformations of residue ILE A      170 found. Using only A.
  WARNING: Multiple conformations of residue ILE A      170 found. Using only A.
  WARNING: Multiple conformations of residue ILE A      170 found. Using only A.
  WARNING: Multiple conformations of residue ILE A      170 found. Using only A.
  WARNING: Multiple conformations of residue ILE A      170 found. Using only A.
  WARNING: Multiple conformations of residue GLN A      237 found. Using only A.
  WARNING: Multiple conformations of residue GLN A      237 found. Using only A.
  WARNING: Multiple conformations of residue GLN A      237 found. Using only A.
  WARNING: Multiple conformations of residue GLN A      237 found. Using only A.
  WARNING: Multiple conformations of residue GLN A      237 found. Using only A.
  WARNING: Multiple conformations of residue GLN A      237 found. Using only A.
  WARNING: Multiple conformations of residue GLN A      237 found. Using only A.
  WARNING: Multiple conformations of residue GLN A      237 found. Using only A.
  WARNING: Multiple conformations of residue GLN A      237 found. Using only A.
  WARNING: Multiple conformations of residue ASP A      277 found. Using only A.
  WARNING: Multiple conformations of residue ASP A      277 found. Using only A.
  WARNING: Multiple conformations of residue ASP A      277 found. Using only A.
  WARNING: Multiple conformations of residue ASP A      277 found. Using only A.
  WARNING: Multiple conformations of residue ASP A      277 found. Using only A.
  WARNING: Multiple conformations of residue LYS A      280 found. Using only A.
  WARNING: Multiple conformations of residue LYS A      280 found. Using only A.
  WARNING: Multiple conformations of residue LYS A      280 found. Using only A.
  WARNING: Multiple conformations of residue LYS A      280 found. Using only A.
  WARNING: Multiple conformations of residue LYS A      280 found. Using only A.
  WARNING: Multiple conformations of residue LYS A      280 found. Using only A.
  WARNING: Multiple conformations of residue LYS A      280 found. Using only A.
  WARNING: Multiple conformations of residue LYS A      280 found. Using only A.
  WARNING: Multiple conformations of residue LYS A      280 found. Using only A.
  WARNING: Multiple conformations of residue LEU A      298 found. Using only A.
  WARNING: Multiple conformations of residue LEU A      298 found. Using only A.
  WARNING: Multiple conformations of residue LEU A      298 found. Using only A.
  WARNING: Multiple conformations of residue LEU A      298 found. Using only A.
  WARNING: Multiple conformations of residue LEU A      298 found. Using only A.
  WARNING: Multiple conformations of residue LEU A      298 found. Using only A.
  WARNING: Multiple conformations of residue LEU A      298 found. Using only A.
  WARNING: Multiple conformations of residue LEU A      298 found. Using only A.
  WARNING: Multiple conformations of residue SER A      300 found. Using only A.
  WARNING: Multiple conformations of residue SER A      300 found. Using only A.
  WARNING: Multiple conformations of residue SER A      300 found. Using only A.
  WARNING: Multiple conformations of residue SER A      300 found. Using only A.
  WARNING: Multiple conformations of residue SER A      300 found. Using only A.
  WARNING: Multiple conformations of residue SER A      300 found. Using only A.
  WARNING: Multiple conformations of residue VAL A      315 found. Using only A.
  WARNING: Multiple conformations of residue VAL A      315 found. Using only A.
  WARNING: Multiple conformations of residue VAL A      315 found. Using only A.
  WARNING: Multiple conformations of residue VAL A      315 found. Using only A.
  WARNING: Multiple conformations of residue VAL A      315 found. Using only A.
  WARNING: Multiple conformations of residue VAL A      315 found. Using only A.
  WARNING: Multiple conformations of residue VAL A      315 found. Using only A.
  WARNING: Multiple conformations of residue GLN A      316 found. Using only A.
  WARNING: Multiple conformations of residue GLN A      316 found. Using only A.
  WARNING: Multiple conformations of residue GLN A      316 found. Using only A.
  WARNING: Multiple conformations of residue GLN A      316 found. Using only A.
  WARNING: Multiple conformations of residue GLN A      316 found. Using only A.
  WARNING: Multiple conformations of residue GLN A      316 found. Using only A.
  WARNING: Multiple conformations of residue GLN A      316 found. Using only A.
  WARNING: Multiple conformations of residue GLN A      316 found. Using only A.
  WARNING: Multiple conformations of residue GLN A      316 found. Using only A.
  WARNING: Multiple conformations of residue SER A      317 found. Using only A.
  WARNING: Multiple conformations of residue SER A      317 found. Using only A.
  WARNING: Multiple conformations of residue SER A      317 found. Using only A.
  WARNING: Multiple conformations of residue SER A      317 found. Using only A.
  WARNING: Multiple conformations of residue SER A      317 found. Using only A.
  WARNING: Multiple conformations of residue SER A      317 found. Using only A.
  WARNING: Multiple conformations of residue ASP A      318 found. Using only A.
  WARNING: Multiple conformations of residue ASP A      318 found. Using only A.
  WARNING: Multiple conformations of residue ASP A      318 found. Using only A.
  WARNING: Multiple conformations of residue ASP A      318 found. Using only A.
  WARNING: Multiple conformations of residue ASP A      318 found. Using only A.
  WARNING: Multiple conformations of residue ASP A      318 found. Using only A.
  WARNING: Multiple conformations of residue ASP A      318 found. Using only A.
  WARNING: Multiple conformations of residue ASP A      318 found. Using only A.
  WARNING: Multiple conformations of residue ILE A      319 found. Using only A.
  WARNING: Multiple conformations of residue ILE A      319 found. Using only A.
  WARNING: Multiple conformations of residue ILE A      319 found. Using only A.
  WARNING: Multiple conformations of residue ILE A      319 found. Using only A.
  WARNING: Multiple conformations of residue ILE A      319 found. Using only A.
  WARNING: Multiple conformations of residue ILE A      319 found. Using only A.
  WARNING: Multiple conformations of residue ILE A      319 found. Using only A.
  WARNING: Multiple conformations of residue ILE A      319 found. Using only A.
  WARNING: Multiple conformations of residue LEU A      320 found. Using only A.
  WARNING: Multiple conformations of residue LEU A      320 found. Using only A.
  WARNING: Multiple conformations of residue LEU A      320 found. Using only A.
  WARNING: Multiple conformations of residue LEU A      320 found. Using only A.
  WARNING: Multiple conformations of residue LEU A      320 found. Using only A.
  WARNING: Multiple conformations of residue MET A      330 found. Using only A.
  WARNING: Multiple conformations of residue MET A      330 found. Using only A.
  WARNING: Multiple conformations of residue MET A      330 found. Using only A.
  WARNING: Multiple conformations of residue MET A      330 found. Using only A.
  WARNING: Multiple conformations of residue MET A      330 found. Using only A.
  WARNING: Multiple conformations of residue MET A      330 found. Using only A.
  WARNING: Multiple conformations of residue MET A      330 found. Using only A.
  WARNING: Multiple conformations of residue MET A      330 found. Using only A.
  WARNING: Multiple conformations of residue SER A      332 found. Using only A.
  WARNING: Multiple conformations of residue SER A      332 found. Using only A.
  WARNING: Multiple conformations of residue SER A      332 found. Using only A.
  WARNING: Multiple conformations of residue SER A      332 found. Using only A.
  WARNING: Multiple conformations of residue SER A      332 found. Using only A.
  WARNING: Multiple conformations of residue SER A      332 found. Using only A.
  WARNING: Multiple conformations of residue LYS A      340 found. Using only A.
  WARNING: Multiple conformations of residue LYS A      340 found. Using only A.
  WARNING: Multiple conformations of residue LYS A      340 found. Using only A.
  WARNING: Multiple conformations of residue LYS A      340 found. Using only A.
  WARNING: Multiple conformations of residue LYS A      340 found. Using only A.
  WARNING: Multiple conformations of residue LYS A      340 found. Using only A.
  WARNING: Multiple conformations of residue LYS A      340 found. Using only A.
  WARNING: Multiple conformations of residue LYS A      340 found. Using only A.
  WARNING: Multiple conformations of residue LYS A      340 found. Using only A.
  WARNING: Multiple conformations of residue GLU A      343 found. Using only A.
  WARNING: Multiple conformations of residue GLU A      343 found. Using only A.
  WARNING: Multiple conformations of residue GLU A      343 found. Using only A.
  WARNING: Multiple conformations of residue GLU A      343 found. Using only A.
  WARNING: Multiple conformations of residue GLU A      343 found. Using only A.
  WARNING: Multiple conformations of residue GLU A      343 found. Using only A.
  WARNING: Multiple conformations of residue GLU A      343 found. Using only A.
  WARNING: Multiple conformations of residue GLU A      343 found. Using only A.
  WARNING: Multiple conformations of residue GLU A      343 found. Using only A.
  WARNING: Multiple conformations of residue ALA A      347 found. Using only A.
  WARNING: Multiple conformations of residue ALA A      347 found. Using only A.
  WARNING: Multiple conformations of residue ALA A      347 found. Using only A.
  WARNING: Multiple conformations of residue ALA A      347 found. Using only A.
  WARNING: Multiple conformations of residue ALA A      347 found. Using only A.
  WARNING: Multiple conformations of residue HIS A      348 found. Using only A.
  WARNING: Multiple conformations of residue HIS A      348 found. Using only A.
  WARNING: Multiple conformations of residue HIS A      348 found. Using only A.
  WARNING: Multiple conformations of residue HIS A      348 found. Using only A.
  WARNING: Multiple conformations of residue HIS A      348 found. Using only A.
  WARNING: Multiple conformations of residue HIS A      348 found. Using only A.
  WARNING: Multiple conformations of residue HIS A      348 found. Using only A.
  WARNING: Multiple conformations of residue HIS A      348 found. Using only A.
  WARNING: Multiple conformations of residue HIS A      348 found. Using only A.
  WARNING: Multiple conformations of residue HIS A      348 found. Using only A.
  WARNING: Multiple conformations of residue ARG A      353 found. Using only A.
  WARNING: Multiple conformations of residue ARG A      353 found. Using only A.
  WARNING: Multiple conformations of residue ARG A      353 found. Using only A.
  WARNING: Multiple conformations of residue ARG A      353 found. Using only A.
  WARNING: Multiple conformations of residue ARG A      353 found. Using only A.
  WARNING: Multiple conformations of residue ARG A      353 found. Using only A.
  WARNING: Multiple conformations of residue ARG A      353 found. Using only A.
  WARNING: Multiple conformations of residue ARG A      353 found. Using only A.
  WARNING: Multiple conformations of residue ARG A      377 found. Using only A.
  WARNING: Multiple conformations of residue ARG A      377 found. Using only A.
  WARNING: Multiple conformations of residue ARG A      377 found. Using only A.
  WARNING: Multiple conformations of residue ARG A      377 found. Using only A.
  WARNING: Multiple conformations of residue ARG A      377 found. Using only A.
  WARNING: Multiple conformations of residue ARG A      377 found. Using only A.
  WARNING: Multiple conformations of residue ARG A      377 found. Using only A.
  WARNING: Multiple conformations of residue ARG A      377 found. Using only A.
  WARNING: Multiple conformations of residue ARG A      377 found. Using only A.
  WARNING: Multiple conformations of residue ARG A      377 found. Using only A.
  WARNING: Multiple conformations of residue ARG A      377 found. Using only A.
  WARNING: Multiple conformations of residue LYS A      384 found. Using only A.
  WARNING: Multiple conformations of residue LYS A      384 found. Using only A.
  WARNING: Multiple conformations of residue LYS A      384 found. Using only A.
  WARNING: Multiple conformations of residue LYS A      384 found. Using only A.
  WARNING: Multiple conformations of residue LYS A      384 found. Using only A.
  WARNING: Multiple conformations of residue LYS A      384 found. Using only A.
  WARNING: Multiple conformations of residue MET A      397 found. Using only A.
  WARNING: Multiple conformations of residue MET A      397 found. Using only A.
  WARNING: Multiple conformations of residue MET A      397 found. Using only A.
  WARNING: Multiple conformations of residue MET A      397 found. Using only A.
  WARNING: Multiple conformations of residue MET A      397 found. Using only A.
  WARNING: Multiple conformations of residue MET A      397 found. Using only A.
  WARNING: Multiple conformations of residue MET A      397 found. Using only A.
  WARNING: Multiple conformations of residue MET A      397 found. Using only A.
  WARNING: Multiple conformations of residue THR A      435 found. Using only A.
  WARNING: Multiple conformations of residue THR A      435 found. Using only A.
  WARNING: Multiple conformations of residue THR A      435 found. Using only A.
  WARNING: Multiple conformations of residue THR A      435 found. Using only A.
  WARNING: Multiple conformations of residue THR A      435 found. Using only A.
  WARNING: Multiple conformations of residue THR A      435 found. Using only A.
  WARNING: Multiple conformations of residue THR A      435 found. Using only A.
  WARNING: Multiple conformations of residue ARG A      447 found. Using only A.
  WARNING: Multiple conformations of residue ARG A      447 found. Using only A.
  WARNING: Multiple conformations of residue ARG A      447 found. Using only A.
  WARNING: Multiple conformations of residue ARG A      447 found. Using only A.
  WARNING: Multiple conformations of residue ARG A      447 found. Using only A.
  WARNING: Multiple conformations of residue ARG A      447 found. Using only A.
  WARNING: Multiple conformations of residue ARG A      447 found. Using only A.
  WARNING: Multiple conformations of residue ARG A      447 found. Using only A.
  
  Number of atoms read from structure file:     2052
  Number of chains found in structure file:            1
  
  WARNING: First atom of link type does not correspond to any atom of the structure.
  Experiment: DSS
  Link type:   MET   all   N     LYS   all   CB      35.000
  
  -------------------------------------------------------------------------------------------------------------------------
  Experiment: DSS
  Observed links:
  1  LYS   A        69  LYS   A       442
  2  LYS   A       130  LYS   A       199
  3  LYS   A       280  LYS   A       166
  4  LYS   A       130  LYS   A       127
  5  LYS   A        67  LYS   A       112
  6  LYS   A       127  LYS   A       256
  7  LYS   A       243  LYS   A       384
  8  LYS   A       130  LYS   A       256
  9  LYS   A       384  LYS   A       280
  10  LYS   A       280  LYS   A       272
  11  LYS   A       127  LYS   A       112
  12  LYS   A       280  LYS   A       243
  13  LYS   A       243  LYS   A       282
  14  LYS   A       384  LYS   A       155
  15  LYS   A       193  LYS   A       199
  16  LYS   A       384  LYS   A       282
  17  LYS   A       384  LYS   A       272
  18  LYS   A       133  LYS   A       180
  19  LYS   A       199  LYS   A       180
  20  LYS   A       193  LYS   A       166
  21  LYS   A       199  LYS   A       272
  22  LYS   A       130  LYS   A       180
  23  LYS   A       256  LYS   A       180
  24  LYS   A       130  LYS   A       193
  25  LYS   A       133  LYS   A       199
  26  LYS   A       166  LYS   A       282
  27  LYS   A       384  LYS   A       400
  28  LYS   A       243  LYS   A       256
  29  LYS   A       384  LYS   A       166
  30  LYS   A       193  LYS   A       180
  31  LYS   A       299  LYS   A       413
  32  LYS   A       256  LYS   A       272
  33  LYS   A       166  LYS   A       400
  34  LYS   A       166  LYS   A       413
  35  LYS   A       282  LYS   A       299
  36  LYS   A       282  LYS   A       413
  37  LYS   A       384  LYS   A       426
  38  LYS   A       155  LYS   A       112
  39  LYS   A       256  LYS   A       166
  40  LYS   A       243  LYS   A       166
  41  LYS   A       243  LYS   A       155
  42  LYS   A       193  LYS   A       155
  43  LYS   A       180  LYS   A       106
  44  LYS   A        67  LYS   A        45
  45  LYS   A       199  LYS   A       106
  46  LYS   A       384  LYS   A        48
  47  LYS   A       360  LYS   A       413
  48  LYS   A       256  LYS   A       282
  49  LYS   A       243  LYS   A       400
  50  LYS   A       384  LYS   A       360
  51  LYS   A       166  LYS   A       155
  52  LYS   A        48  LYS   A       106
  53  LYS   A        80  LYS   A       106
  54  LYS   A       166  LYS   A       299
  55  LYS   A        45  LYS   A       106
  56  LYS   A       280  LYS   A       413
  57  LYS   A       280  LYS   A       263
  58  LYS   A       256  LYS   A       263
  59  LYS   A       384  LYS   A        45
  60  LYS   A       155  LYS   A       400
  61  LYS   A       299  LYS   A       360
  62  LYS   A       384  LYS   A       413
  63  LYS   A       133  LYS   A       256
  64  LYS   A       280  LYS   A       199
  65  LYS   A       282  LYS   A       199
  66  LYS   A       275  LYS   A       282
  
  -------------------------------------------------------------------------------------------------------------------------
  -------------------------------------------------------------------------------------------------------------------------
  
  Number of atoms that might be involved in reactions, according link types:       36
  
  All reactive atoms, according to observations:
  1   LYS   A        45  CB
  2   LYS   A        48  CB
  3   LYS   A        67  CB
  4   LYS   A        69  CB
  5   LYS   A        80  CB
  6   LYS   A       106  CB
  7   LYS   A       112  CB
  8   LYS   A       127  CB
  9   LYS   A       130  CB
  10   LYS   A       133  CB
  11   LYS   A       155  CB
  12   LYS   A       166  CB
  13   LYS   A       180  CB
  14   LYS   A       193  CB
  15   LYS   A       199  CB
  16   LYS   A       243  CB
  17   LYS   A       256  CB
  18   LYS   A       263  CB
  19   LYS   A       272  CB
  20   LYS   A       275  CB
  21   LYS   A       280  CB
  22   LYS   A       282  CB
  23   LYS   A       299  CB
  24   LYS   A       360  CB
  25   LYS   A       384  CB
  26   LYS   A       400  CB
  27   LYS   A       413  CB
  28   LYS   A       426  CB
  29   LYS   A       442  CB
  
  Number of reactive pairs according to sequence:
  Experiment DSS:   630
  Total number of unique reactive pairs, according to link types:          630
  
  Number of reactive pairs according to observations:
  Experiment DSS:   406
  Total number of unique reactive pairs, according to observations:          406
  
  List of reactive atom pairs, according to observations:
  1  LYS   A        45  CB    LYS   A        48  CB   in experiments:DSS
  2  LYS   A        45  CB    LYS   A        67  CB   in experiments:DSS
  3  LYS   A        45  CB    LYS   A        69  CB   in experiments:DSS
  4  LYS   A        45  CB    LYS   A        80  CB   in experiments:DSS
  5  LYS   A        45  CB    LYS   A       106  CB   in experiments:DSS
  6  LYS   A        45  CB    LYS   A       112  CB   in experiments:DSS
  7  LYS   A        45  CB    LYS   A       127  CB   in experiments:DSS
  8  LYS   A        45  CB    LYS   A       130  CB   in experiments:DSS
  9  LYS   A        45  CB    LYS   A       133  CB   in experiments:DSS
  10  LYS   A        45  CB    LYS   A       155  CB   in experiments:DSS
  11  LYS   A        45  CB    LYS   A       166  CB   in experiments:DSS
  12  LYS   A        45  CB    LYS   A       180  CB   in experiments:DSS
  13  LYS   A        45  CB    LYS   A       193  CB   in experiments:DSS
  14  LYS   A        45  CB    LYS   A       199  CB   in experiments:DSS
  15  LYS   A        45  CB    LYS   A       243  CB   in experiments:DSS
  16  LYS   A        45  CB    LYS   A       256  CB   in experiments:DSS
  17  LYS   A        45  CB    LYS   A       263  CB   in experiments:DSS
  18  LYS   A        45  CB    LYS   A       272  CB   in experiments:DSS
  19  LYS   A        45  CB    LYS   A       275  CB   in experiments:DSS
  20  LYS   A        45  CB    LYS   A       280  CB   in experiments:DSS
  21  LYS   A        45  CB    LYS   A       282  CB   in experiments:DSS
  22  LYS   A        45  CB    LYS   A       299  CB   in experiments:DSS
  23  LYS   A        45  CB    LYS   A       360  CB   in experiments:DSS
  24  LYS   A        45  CB    LYS   A       384  CB   in experiments:DSS
  25  LYS   A        45  CB    LYS   A       400  CB   in experiments:DSS
  26  LYS   A        45  CB    LYS   A       413  CB   in experiments:DSS
  27  LYS   A        45  CB    LYS   A       426  CB   in experiments:DSS
  28  LYS   A        45  CB    LYS   A       442  CB   in experiments:DSS
  29  LYS   A        48  CB    LYS   A        67  CB   in experiments:DSS
  30  LYS   A        48  CB    LYS   A        69  CB   in experiments:DSS
  31  LYS   A        48  CB    LYS   A        80  CB   in experiments:DSS
  32  LYS   A        48  CB    LYS   A       106  CB   in experiments:DSS
  33  LYS   A        48  CB    LYS   A       112  CB   in experiments:DSS
  34  LYS   A        48  CB    LYS   A       127  CB   in experiments:DSS
  35  LYS   A        48  CB    LYS   A       130  CB   in experiments:DSS
  36  LYS   A        48  CB    LYS   A       133  CB   in experiments:DSS
  37  LYS   A        48  CB    LYS   A       155  CB   in experiments:DSS
  38  LYS   A        48  CB    LYS   A       166  CB   in experiments:DSS
  39  LYS   A        48  CB    LYS   A       180  CB   in experiments:DSS
  40  LYS   A        48  CB    LYS   A       193  CB   in experiments:DSS
  41  LYS   A        48  CB    LYS   A       199  CB   in experiments:DSS
  42  LYS   A        48  CB    LYS   A       243  CB   in experiments:DSS
  43  LYS   A        48  CB    LYS   A       256  CB   in experiments:DSS
  44  LYS   A        48  CB    LYS   A       263  CB   in experiments:DSS
  45  LYS   A        48  CB    LYS   A       272  CB   in experiments:DSS
  46  LYS   A        48  CB    LYS   A       275  CB   in experiments:DSS
  47  LYS   A        48  CB    LYS   A       280  CB   in experiments:DSS
  48  LYS   A        48  CB    LYS   A       282  CB   in experiments:DSS
  49  LYS   A        48  CB    LYS   A       299  CB   in experiments:DSS
  50  LYS   A        48  CB    LYS   A       360  CB   in experiments:DSS
  51  LYS   A        48  CB    LYS   A       384  CB   in experiments:DSS
  52  LYS   A        48  CB    LYS   A       400  CB   in experiments:DSS
  53  LYS   A        48  CB    LYS   A       413  CB   in experiments:DSS
  54  LYS   A        48  CB    LYS   A       426  CB   in experiments:DSS
  55  LYS   A        48  CB    LYS   A       442  CB   in experiments:DSS
  56  LYS   A        67  CB    LYS   A        69  CB   in experiments:DSS
  57  LYS   A        67  CB    LYS   A        80  CB   in experiments:DSS
  58  LYS   A        67  CB    LYS   A       106  CB   in experiments:DSS
  59  LYS   A        67  CB    LYS   A       112  CB   in experiments:DSS
  60  LYS   A        67  CB    LYS   A       127  CB   in experiments:DSS
  61  LYS   A        67  CB    LYS   A       130  CB   in experiments:DSS
  62  LYS   A        67  CB    LYS   A       133  CB   in experiments:DSS
  63  LYS   A        67  CB    LYS   A       155  CB   in experiments:DSS
  64  LYS   A        67  CB    LYS   A       166  CB   in experiments:DSS
  65  LYS   A        67  CB    LYS   A       180  CB   in experiments:DSS
  66  LYS   A        67  CB    LYS   A       193  CB   in experiments:DSS
  67  LYS   A        67  CB    LYS   A       199  CB   in experiments:DSS
  68  LYS   A        67  CB    LYS   A       243  CB   in experiments:DSS
  69  LYS   A        67  CB    LYS   A       256  CB   in experiments:DSS
  70  LYS   A        67  CB    LYS   A       263  CB   in experiments:DSS
  71  LYS   A        67  CB    LYS   A       272  CB   in experiments:DSS
  72  LYS   A        67  CB    LYS   A       275  CB   in experiments:DSS
  73  LYS   A        67  CB    LYS   A       280  CB   in experiments:DSS
  74  LYS   A        67  CB    LYS   A       282  CB   in experiments:DSS
  75  LYS   A        67  CB    LYS   A       299  CB   in experiments:DSS
  76  LYS   A        67  CB    LYS   A       360  CB   in experiments:DSS
  77  LYS   A        67  CB    LYS   A       384  CB   in experiments:DSS
  78  LYS   A        67  CB    LYS   A       400  CB   in experiments:DSS
  79  LYS   A        67  CB    LYS   A       413  CB   in experiments:DSS
  80  LYS   A        67  CB    LYS   A       426  CB   in experiments:DSS
  81  LYS   A        67  CB    LYS   A       442  CB   in experiments:DSS
  82  LYS   A        69  CB    LYS   A        80  CB   in experiments:DSS
  83  LYS   A        69  CB    LYS   A       106  CB   in experiments:DSS
  84  LYS   A        69  CB    LYS   A       112  CB   in experiments:DSS
  85  LYS   A        69  CB    LYS   A       127  CB   in experiments:DSS
  86  LYS   A        69  CB    LYS   A       130  CB   in experiments:DSS
  87  LYS   A        69  CB    LYS   A       133  CB   in experiments:DSS
  88  LYS   A        69  CB    LYS   A       155  CB   in experiments:DSS
  89  LYS   A        69  CB    LYS   A       166  CB   in experiments:DSS
  90  LYS   A        69  CB    LYS   A       180  CB   in experiments:DSS
  91  LYS   A        69  CB    LYS   A       193  CB   in experiments:DSS
  92  LYS   A        69  CB    LYS   A       199  CB   in experiments:DSS
  93  LYS   A        69  CB    LYS   A       243  CB   in experiments:DSS
  94  LYS   A        69  CB    LYS   A       256  CB   in experiments:DSS
  95  LYS   A        69  CB    LYS   A       263  CB   in experiments:DSS
  96  LYS   A        69  CB    LYS   A       272  CB   in experiments:DSS
  97  LYS   A        69  CB    LYS   A       275  CB   in experiments:DSS
  98  LYS   A        69  CB    LYS   A       280  CB   in experiments:DSS
  99  LYS   A        69  CB    LYS   A       282  CB   in experiments:DSS
  100  LYS   A        69  CB    LYS   A       299  CB   in experiments:DSS
  101  LYS   A        69  CB    LYS   A       360  CB   in experiments:DSS
  102  LYS   A        69  CB    LYS   A       384  CB   in experiments:DSS
  103  LYS   A        69  CB    LYS   A       400  CB   in experiments:DSS
  104  LYS   A        69  CB    LYS   A       413  CB   in experiments:DSS
  105  LYS   A        69  CB    LYS   A       426  CB   in experiments:DSS
  106  LYS   A        69  CB    LYS   A       442  CB   in experiments:DSS
  107  LYS   A        80  CB    LYS   A       106  CB   in experiments:DSS
  108  LYS   A        80  CB    LYS   A       112  CB   in experiments:DSS
  109  LYS   A        80  CB    LYS   A       127  CB   in experiments:DSS
  110  LYS   A        80  CB    LYS   A       130  CB   in experiments:DSS
  111  LYS   A        80  CB    LYS   A       133  CB   in experiments:DSS
  112  LYS   A        80  CB    LYS   A       155  CB   in experiments:DSS
  113  LYS   A        80  CB    LYS   A       166  CB   in experiments:DSS
  114  LYS   A        80  CB    LYS   A       180  CB   in experiments:DSS
  115  LYS   A        80  CB    LYS   A       193  CB   in experiments:DSS
  116  LYS   A        80  CB    LYS   A       199  CB   in experiments:DSS
  117  LYS   A        80  CB    LYS   A       243  CB   in experiments:DSS
  118  LYS   A        80  CB    LYS   A       256  CB   in experiments:DSS
  119  LYS   A        80  CB    LYS   A       263  CB   in experiments:DSS
  120  LYS   A        80  CB    LYS   A       272  CB   in experiments:DSS
  121  LYS   A        80  CB    LYS   A       275  CB   in experiments:DSS
  122  LYS   A        80  CB    LYS   A       280  CB   in experiments:DSS
  123  LYS   A        80  CB    LYS   A       282  CB   in experiments:DSS
  124  LYS   A        80  CB    LYS   A       299  CB   in experiments:DSS
  125  LYS   A        80  CB    LYS   A       360  CB   in experiments:DSS
  126  LYS   A        80  CB    LYS   A       384  CB   in experiments:DSS
  127  LYS   A        80  CB    LYS   A       400  CB   in experiments:DSS
  128  LYS   A        80  CB    LYS   A       413  CB   in experiments:DSS
  129  LYS   A        80  CB    LYS   A       426  CB   in experiments:DSS
  130  LYS   A        80  CB    LYS   A       442  CB   in experiments:DSS
  131  LYS   A       106  CB    LYS   A       112  CB   in experiments:DSS
  132  LYS   A       106  CB    LYS   A       127  CB   in experiments:DSS
  133  LYS   A       106  CB    LYS   A       130  CB   in experiments:DSS
  134  LYS   A       106  CB    LYS   A       133  CB   in experiments:DSS
  135  LYS   A       106  CB    LYS   A       155  CB   in experiments:DSS
  136  LYS   A       106  CB    LYS   A       166  CB   in experiments:DSS
  137  LYS   A       106  CB    LYS   A       180  CB   in experiments:DSS
  138  LYS   A       106  CB    LYS   A       193  CB   in experiments:DSS
  139  LYS   A       106  CB    LYS   A       199  CB   in experiments:DSS
  140  LYS   A       106  CB    LYS   A       243  CB   in experiments:DSS
  141  LYS   A       106  CB    LYS   A       256  CB   in experiments:DSS
  142  LYS   A       106  CB    LYS   A       263  CB   in experiments:DSS
  143  LYS   A       106  CB    LYS   A       272  CB   in experiments:DSS
  144  LYS   A       106  CB    LYS   A       275  CB   in experiments:DSS
  145  LYS   A       106  CB    LYS   A       280  CB   in experiments:DSS
  146  LYS   A       106  CB    LYS   A       282  CB   in experiments:DSS
  147  LYS   A       106  CB    LYS   A       299  CB   in experiments:DSS
  148  LYS   A       106  CB    LYS   A       360  CB   in experiments:DSS
  149  LYS   A       106  CB    LYS   A       384  CB   in experiments:DSS
  150  LYS   A       106  CB    LYS   A       400  CB   in experiments:DSS
  151  LYS   A       106  CB    LYS   A       413  CB   in experiments:DSS
  152  LYS   A       106  CB    LYS   A       426  CB   in experiments:DSS
  153  LYS   A       106  CB    LYS   A       442  CB   in experiments:DSS
  154  LYS   A       112  CB    LYS   A       127  CB   in experiments:DSS
  155  LYS   A       112  CB    LYS   A       130  CB   in experiments:DSS
  156  LYS   A       112  CB    LYS   A       133  CB   in experiments:DSS
  157  LYS   A       112  CB    LYS   A       155  CB   in experiments:DSS
  158  LYS   A       112  CB    LYS   A       166  CB   in experiments:DSS
  159  LYS   A       112  CB    LYS   A       180  CB   in experiments:DSS
  160  LYS   A       112  CB    LYS   A       193  CB   in experiments:DSS
  161  LYS   A       112  CB    LYS   A       199  CB   in experiments:DSS
  162  LYS   A       112  CB    LYS   A       243  CB   in experiments:DSS
  163  LYS   A       112  CB    LYS   A       256  CB   in experiments:DSS
  164  LYS   A       112  CB    LYS   A       263  CB   in experiments:DSS
  165  LYS   A       112  CB    LYS   A       272  CB   in experiments:DSS
  166  LYS   A       112  CB    LYS   A       275  CB   in experiments:DSS
  167  LYS   A       112  CB    LYS   A       280  CB   in experiments:DSS
  168  LYS   A       112  CB    LYS   A       282  CB   in experiments:DSS
  169  LYS   A       112  CB    LYS   A       299  CB   in experiments:DSS
  170  LYS   A       112  CB    LYS   A       360  CB   in experiments:DSS
  171  LYS   A       112  CB    LYS   A       384  CB   in experiments:DSS
  172  LYS   A       112  CB    LYS   A       400  CB   in experiments:DSS
  173  LYS   A       112  CB    LYS   A       413  CB   in experiments:DSS
  174  LYS   A       112  CB    LYS   A       426  CB   in experiments:DSS
  175  LYS   A       112  CB    LYS   A       442  CB   in experiments:DSS
  176  LYS   A       127  CB    LYS   A       130  CB   in experiments:DSS
  177  LYS   A       127  CB    LYS   A       133  CB   in experiments:DSS
  178  LYS   A       127  CB    LYS   A       155  CB   in experiments:DSS
  179  LYS   A       127  CB    LYS   A       166  CB   in experiments:DSS
  180  LYS   A       127  CB    LYS   A       180  CB   in experiments:DSS
  181  LYS   A       127  CB    LYS   A       193  CB   in experiments:DSS
  182  LYS   A       127  CB    LYS   A       199  CB   in experiments:DSS
  183  LYS   A       127  CB    LYS   A       243  CB   in experiments:DSS
  184  LYS   A       127  CB    LYS   A       256  CB   in experiments:DSS
  185  LYS   A       127  CB    LYS   A       263  CB   in experiments:DSS
  186  LYS   A       127  CB    LYS   A       272  CB   in experiments:DSS
  187  LYS   A       127  CB    LYS   A       275  CB   in experiments:DSS
  188  LYS   A       127  CB    LYS   A       280  CB   in experiments:DSS
  189  LYS   A       127  CB    LYS   A       282  CB   in experiments:DSS
  190  LYS   A       127  CB    LYS   A       299  CB   in experiments:DSS
  191  LYS   A       127  CB    LYS   A       360  CB   in experiments:DSS
  192  LYS   A       127  CB    LYS   A       384  CB   in experiments:DSS
  193  LYS   A       127  CB    LYS   A       400  CB   in experiments:DSS
  194  LYS   A       127  CB    LYS   A       413  CB   in experiments:DSS
  195  LYS   A       127  CB    LYS   A       426  CB   in experiments:DSS
  196  LYS   A       127  CB    LYS   A       442  CB   in experiments:DSS
  197  LYS   A       130  CB    LYS   A       133  CB   in experiments:DSS
  198  LYS   A       130  CB    LYS   A       155  CB   in experiments:DSS
  199  LYS   A       130  CB    LYS   A       166  CB   in experiments:DSS
  200  LYS   A       130  CB    LYS   A       180  CB   in experiments:DSS
  201  LYS   A       130  CB    LYS   A       193  CB   in experiments:DSS
  202  LYS   A       130  CB    LYS   A       199  CB   in experiments:DSS
  203  LYS   A       130  CB    LYS   A       243  CB   in experiments:DSS
  204  LYS   A       130  CB    LYS   A       256  CB   in experiments:DSS
  205  LYS   A       130  CB    LYS   A       263  CB   in experiments:DSS
  206  LYS   A       130  CB    LYS   A       272  CB   in experiments:DSS
  207  LYS   A       130  CB    LYS   A       275  CB   in experiments:DSS
  208  LYS   A       130  CB    LYS   A       280  CB   in experiments:DSS
  209  LYS   A       130  CB    LYS   A       282  CB   in experiments:DSS
  210  LYS   A       130  CB    LYS   A       299  CB   in experiments:DSS
  211  LYS   A       130  CB    LYS   A       360  CB   in experiments:DSS
  212  LYS   A       130  CB    LYS   A       384  CB   in experiments:DSS
  213  LYS   A       130  CB    LYS   A       400  CB   in experiments:DSS
  214  LYS   A       130  CB    LYS   A       413  CB   in experiments:DSS
  215  LYS   A       130  CB    LYS   A       426  CB   in experiments:DSS
  216  LYS   A       130  CB    LYS   A       442  CB   in experiments:DSS
  217  LYS   A       133  CB    LYS   A       155  CB   in experiments:DSS
  218  LYS   A       133  CB    LYS   A       166  CB   in experiments:DSS
  219  LYS   A       133  CB    LYS   A       180  CB   in experiments:DSS
  220  LYS   A       133  CB    LYS   A       193  CB   in experiments:DSS
  221  LYS   A       133  CB    LYS   A       199  CB   in experiments:DSS
  222  LYS   A       133  CB    LYS   A       243  CB   in experiments:DSS
  223  LYS   A       133  CB    LYS   A       256  CB   in experiments:DSS
  224  LYS   A       133  CB    LYS   A       263  CB   in experiments:DSS
  225  LYS   A       133  CB    LYS   A       272  CB   in experiments:DSS
  226  LYS   A       133  CB    LYS   A       275  CB   in experiments:DSS
  227  LYS   A       133  CB    LYS   A       280  CB   in experiments:DSS
  228  LYS   A       133  CB    LYS   A       282  CB   in experiments:DSS
  229  LYS   A       133  CB    LYS   A       299  CB   in experiments:DSS
  230  LYS   A       133  CB    LYS   A       360  CB   in experiments:DSS
  231  LYS   A       133  CB    LYS   A       384  CB   in experiments:DSS
  232  LYS   A       133  CB    LYS   A       400  CB   in experiments:DSS
  233  LYS   A       133  CB    LYS   A       413  CB   in experiments:DSS
  234  LYS   A       133  CB    LYS   A       426  CB   in experiments:DSS
  235  LYS   A       133  CB    LYS   A       442  CB   in experiments:DSS
  236  LYS   A       155  CB    LYS   A       166  CB   in experiments:DSS
  237  LYS   A       155  CB    LYS   A       180  CB   in experiments:DSS
  238  LYS   A       155  CB    LYS   A       193  CB   in experiments:DSS
  239  LYS   A       155  CB    LYS   A       199  CB   in experiments:DSS
  240  LYS   A       155  CB    LYS   A       243  CB   in experiments:DSS
  241  LYS   A       155  CB    LYS   A       256  CB   in experiments:DSS
  242  LYS   A       155  CB    LYS   A       263  CB   in experiments:DSS
  243  LYS   A       155  CB    LYS   A       272  CB   in experiments:DSS
  244  LYS   A       155  CB    LYS   A       275  CB   in experiments:DSS
  245  LYS   A       155  CB    LYS   A       280  CB   in experiments:DSS
  246  LYS   A       155  CB    LYS   A       282  CB   in experiments:DSS
  247  LYS   A       155  CB    LYS   A       299  CB   in experiments:DSS
  248  LYS   A       155  CB    LYS   A       360  CB   in experiments:DSS
  249  LYS   A       155  CB    LYS   A       384  CB   in experiments:DSS
  250  LYS   A       155  CB    LYS   A       400  CB   in experiments:DSS
  251  LYS   A       155  CB    LYS   A       413  CB   in experiments:DSS
  252  LYS   A       155  CB    LYS   A       426  CB   in experiments:DSS
  253  LYS   A       155  CB    LYS   A       442  CB   in experiments:DSS
  254  LYS   A       166  CB    LYS   A       180  CB   in experiments:DSS
  255  LYS   A       166  CB    LYS   A       193  CB   in experiments:DSS
  256  LYS   A       166  CB    LYS   A       199  CB   in experiments:DSS
  257  LYS   A       166  CB    LYS   A       243  CB   in experiments:DSS
  258  LYS   A       166  CB    LYS   A       256  CB   in experiments:DSS
  259  LYS   A       166  CB    LYS   A       263  CB   in experiments:DSS
  260  LYS   A       166  CB    LYS   A       272  CB   in experiments:DSS
  261  LYS   A       166  CB    LYS   A       275  CB   in experiments:DSS
  262  LYS   A       166  CB    LYS   A       280  CB   in experiments:DSS
  263  LYS   A       166  CB    LYS   A       282  CB   in experiments:DSS
  264  LYS   A       166  CB    LYS   A       299  CB   in experiments:DSS
  265  LYS   A       166  CB    LYS   A       360  CB   in experiments:DSS
  266  LYS   A       166  CB    LYS   A       384  CB   in experiments:DSS
  267  LYS   A       166  CB    LYS   A       400  CB   in experiments:DSS
  268  LYS   A       166  CB    LYS   A       413  CB   in experiments:DSS
  269  LYS   A       166  CB    LYS   A       426  CB   in experiments:DSS
  270  LYS   A       166  CB    LYS   A       442  CB   in experiments:DSS
  271  LYS   A       180  CB    LYS   A       193  CB   in experiments:DSS
  272  LYS   A       180  CB    LYS   A       199  CB   in experiments:DSS
  273  LYS   A       180  CB    LYS   A       243  CB   in experiments:DSS
  274  LYS   A       180  CB    LYS   A       256  CB   in experiments:DSS
  275  LYS   A       180  CB    LYS   A       263  CB   in experiments:DSS
  276  LYS   A       180  CB    LYS   A       272  CB   in experiments:DSS
  277  LYS   A       180  CB    LYS   A       275  CB   in experiments:DSS
  278  LYS   A       180  CB    LYS   A       280  CB   in experiments:DSS
  279  LYS   A       180  CB    LYS   A       282  CB   in experiments:DSS
  280  LYS   A       180  CB    LYS   A       299  CB   in experiments:DSS
  281  LYS   A       180  CB    LYS   A       360  CB   in experiments:DSS
  282  LYS   A       180  CB    LYS   A       384  CB   in experiments:DSS
  283  LYS   A       180  CB    LYS   A       400  CB   in experiments:DSS
  284  LYS   A       180  CB    LYS   A       413  CB   in experiments:DSS
  285  LYS   A       180  CB    LYS   A       426  CB   in experiments:DSS
  286  LYS   A       180  CB    LYS   A       442  CB   in experiments:DSS
  287  LYS   A       193  CB    LYS   A       199  CB   in experiments:DSS
  288  LYS   A       193  CB    LYS   A       243  CB   in experiments:DSS
  289  LYS   A       193  CB    LYS   A       256  CB   in experiments:DSS
  290  LYS   A       193  CB    LYS   A       263  CB   in experiments:DSS
  291  LYS   A       193  CB    LYS   A       272  CB   in experiments:DSS
  292  LYS   A       193  CB    LYS   A       275  CB   in experiments:DSS
  293  LYS   A       193  CB    LYS   A       280  CB   in experiments:DSS
  294  LYS   A       193  CB    LYS   A       282  CB   in experiments:DSS
  295  LYS   A       193  CB    LYS   A       299  CB   in experiments:DSS
  296  LYS   A       193  CB    LYS   A       360  CB   in experiments:DSS
  297  LYS   A       193  CB    LYS   A       384  CB   in experiments:DSS
  298  LYS   A       193  CB    LYS   A       400  CB   in experiments:DSS
  299  LYS   A       193  CB    LYS   A       413  CB   in experiments:DSS
  300  LYS   A       193  CB    LYS   A       426  CB   in experiments:DSS
  301  LYS   A       193  CB    LYS   A       442  CB   in experiments:DSS
  302  LYS   A       199  CB    LYS   A       243  CB   in experiments:DSS
  303  LYS   A       199  CB    LYS   A       256  CB   in experiments:DSS
  304  LYS   A       199  CB    LYS   A       263  CB   in experiments:DSS
  305  LYS   A       199  CB    LYS   A       272  CB   in experiments:DSS
  306  LYS   A       199  CB    LYS   A       275  CB   in experiments:DSS
  307  LYS   A       199  CB    LYS   A       280  CB   in experiments:DSS
  308  LYS   A       199  CB    LYS   A       282  CB   in experiments:DSS
  309  LYS   A       199  CB    LYS   A       299  CB   in experiments:DSS
  310  LYS   A       199  CB    LYS   A       360  CB   in experiments:DSS
  311  LYS   A       199  CB    LYS   A       384  CB   in experiments:DSS
  312  LYS   A       199  CB    LYS   A       400  CB   in experiments:DSS
  313  LYS   A       199  CB    LYS   A       413  CB   in experiments:DSS
  314  LYS   A       199  CB    LYS   A       426  CB   in experiments:DSS
  315  LYS   A       199  CB    LYS   A       442  CB   in experiments:DSS
  316  LYS   A       243  CB    LYS   A       256  CB   in experiments:DSS
  317  LYS   A       243  CB    LYS   A       263  CB   in experiments:DSS
  318  LYS   A       243  CB    LYS   A       272  CB   in experiments:DSS
  319  LYS   A       243  CB    LYS   A       275  CB   in experiments:DSS
  320  LYS   A       243  CB    LYS   A       280  CB   in experiments:DSS
  321  LYS   A       243  CB    LYS   A       282  CB   in experiments:DSS
  322  LYS   A       243  CB    LYS   A       299  CB   in experiments:DSS
  323  LYS   A       243  CB    LYS   A       360  CB   in experiments:DSS
  324  LYS   A       243  CB    LYS   A       384  CB   in experiments:DSS
  325  LYS   A       243  CB    LYS   A       400  CB   in experiments:DSS
  326  LYS   A       243  CB    LYS   A       413  CB   in experiments:DSS
  327  LYS   A       243  CB    LYS   A       426  CB   in experiments:DSS
  328  LYS   A       243  CB    LYS   A       442  CB   in experiments:DSS
  329  LYS   A       256  CB    LYS   A       263  CB   in experiments:DSS
  330  LYS   A       256  CB    LYS   A       272  CB   in experiments:DSS
  331  LYS   A       256  CB    LYS   A       275  CB   in experiments:DSS
  332  LYS   A       256  CB    LYS   A       280  CB   in experiments:DSS
  333  LYS   A       256  CB    LYS   A       282  CB   in experiments:DSS
  334  LYS   A       256  CB    LYS   A       299  CB   in experiments:DSS
  335  LYS   A       256  CB    LYS   A       360  CB   in experiments:DSS
  336  LYS   A       256  CB    LYS   A       384  CB   in experiments:DSS
  337  LYS   A       256  CB    LYS   A       400  CB   in experiments:DSS
  338  LYS   A       256  CB    LYS   A       413  CB   in experiments:DSS
  339  LYS   A       256  CB    LYS   A       426  CB   in experiments:DSS
  340  LYS   A       256  CB    LYS   A       442  CB   in experiments:DSS
  341  LYS   A       263  CB    LYS   A       272  CB   in experiments:DSS
  342  LYS   A       263  CB    LYS   A       275  CB   in experiments:DSS
  343  LYS   A       263  CB    LYS   A       280  CB   in experiments:DSS
  344  LYS   A       263  CB    LYS   A       282  CB   in experiments:DSS
  345  LYS   A       263  CB    LYS   A       299  CB   in experiments:DSS
  346  LYS   A       263  CB    LYS   A       360  CB   in experiments:DSS
  347  LYS   A       263  CB    LYS   A       384  CB   in experiments:DSS
  348  LYS   A       263  CB    LYS   A       400  CB   in experiments:DSS
  349  LYS   A       263  CB    LYS   A       413  CB   in experiments:DSS
  350  LYS   A       263  CB    LYS   A       426  CB   in experiments:DSS
  351  LYS   A       263  CB    LYS   A       442  CB   in experiments:DSS
  352  LYS   A       272  CB    LYS   A       275  CB   in experiments:DSS
  353  LYS   A       272  CB    LYS   A       280  CB   in experiments:DSS
  354  LYS   A       272  CB    LYS   A       282  CB   in experiments:DSS
  355  LYS   A       272  CB    LYS   A       299  CB   in experiments:DSS
  356  LYS   A       272  CB    LYS   A       360  CB   in experiments:DSS
  357  LYS   A       272  CB    LYS   A       384  CB   in experiments:DSS
  358  LYS   A       272  CB    LYS   A       400  CB   in experiments:DSS
  359  LYS   A       272  CB    LYS   A       413  CB   in experiments:DSS
  360  LYS   A       272  CB    LYS   A       426  CB   in experiments:DSS
  361  LYS   A       272  CB    LYS   A       442  CB   in experiments:DSS
  362  LYS   A       275  CB    LYS   A       280  CB   in experiments:DSS
  363  LYS   A       275  CB    LYS   A       282  CB   in experiments:DSS
  364  LYS   A       275  CB    LYS   A       299  CB   in experiments:DSS
  365  LYS   A       275  CB    LYS   A       360  CB   in experiments:DSS
  366  LYS   A       275  CB    LYS   A       384  CB   in experiments:DSS
  367  LYS   A       275  CB    LYS   A       400  CB   in experiments:DSS
  368  LYS   A       275  CB    LYS   A       413  CB   in experiments:DSS
  369  LYS   A       275  CB    LYS   A       426  CB   in experiments:DSS
  370  LYS   A       275  CB    LYS   A       442  CB   in experiments:DSS
  371  LYS   A       280  CB    LYS   A       282  CB   in experiments:DSS
  372  LYS   A       280  CB    LYS   A       299  CB   in experiments:DSS
  373  LYS   A       280  CB    LYS   A       360  CB   in experiments:DSS
  374  LYS   A       280  CB    LYS   A       384  CB   in experiments:DSS
  375  LYS   A       280  CB    LYS   A       400  CB   in experiments:DSS
  376  LYS   A       280  CB    LYS   A       413  CB   in experiments:DSS
  377  LYS   A       280  CB    LYS   A       426  CB   in experiments:DSS
  378  LYS   A       280  CB    LYS   A       442  CB   in experiments:DSS
  379  LYS   A       282  CB    LYS   A       299  CB   in experiments:DSS
  380  LYS   A       282  CB    LYS   A       360  CB   in experiments:DSS
  381  LYS   A       282  CB    LYS   A       384  CB   in experiments:DSS
  382  LYS   A       282  CB    LYS   A       400  CB   in experiments:DSS
  383  LYS   A       282  CB    LYS   A       413  CB   in experiments:DSS
  384  LYS   A       282  CB    LYS   A       426  CB   in experiments:DSS
  385  LYS   A       282  CB    LYS   A       442  CB   in experiments:DSS
  386  LYS   A       299  CB    LYS   A       360  CB   in experiments:DSS
  387  LYS   A       299  CB    LYS   A       384  CB   in experiments:DSS
  388  LYS   A       299  CB    LYS   A       400  CB   in experiments:DSS
  389  LYS   A       299  CB    LYS   A       413  CB   in experiments:DSS
  390  LYS   A       299  CB    LYS   A       426  CB   in experiments:DSS
  391  LYS   A       299  CB    LYS   A       442  CB   in experiments:DSS
  392  LYS   A       360  CB    LYS   A       384  CB   in experiments:DSS
  393  LYS   A       360  CB    LYS   A       400  CB   in experiments:DSS
  394  LYS   A       360  CB    LYS   A       413  CB   in experiments:DSS
  395  LYS   A       360  CB    LYS   A       426  CB   in experiments:DSS
  396  LYS   A       360  CB    LYS   A       442  CB   in experiments:DSS
  397  LYS   A       384  CB    LYS   A       400  CB   in experiments:DSS
  398  LYS   A       384  CB    LYS   A       413  CB   in experiments:DSS
  399  LYS   A       384  CB    LYS   A       426  CB   in experiments:DSS
  400  LYS   A       384  CB    LYS   A       442  CB   in experiments:DSS
  401  LYS   A       400  CB    LYS   A       413  CB   in experiments:DSS
  402  LYS   A       400  CB    LYS   A       426  CB   in experiments:DSS
  403  LYS   A       400  CB    LYS   A       442  CB   in experiments:DSS
  404  LYS   A       413  CB    LYS   A       426  CB   in experiments:DSS
  405  LYS   A       413  CB    LYS   A       442  CB   in experiments:DSS
  406  LYS   A       426  CB    LYS   A       442  CB   in experiments:DSS
  
  Number of atoms accessible to solvent:         1999
  Number of residues accessible to solvent:          417
  
  -------------------------------------------------------------------------------------------------------------------------
  >     RESIDUE1   ATOM1 RESIDUE2   ATOM2 EUCLDIST  TOPODIST OBSERVED    DMIN      DMAX        RESULT  OBSRES REACRES RA AA
  -------------------------------------------------------------------------------------------------------------------------
  LINK: LYS  A   45 CB   LYS  A   67 CB     17.708    20.332   YES      0.000    35.000     OK: FOUND    1/ 1    1/ 1 YY YY
  LINK: LYS  A   45 CB   LYS  A  106 CB     20.685    21.747   YES      0.000    35.000     OK: FOUND    1/ 1    1/ 1 YY YY
  LINK: LYS  A   45 CB   LYS  A  384 CB     16.233    22.825   YES      0.000    35.000     OK: FOUND    1/ 1    1/ 1 YY YY
  LINK: LYS  A   48 CB   LYS  A  106 CB     10.372    10.551   YES      0.000    35.000     OK: FOUND    1/ 1    1/ 1 YY YY
  LINK: LYS  A   48 CB   LYS  A  384 CB     11.597    13.462   YES      0.000    35.000     OK: FOUND    1/ 1    1/ 1 YY YY
  LINK: LYS  A   67 CB   LYS  A  112 CB     12.510    13.761   YES      0.000    35.000     OK: FOUND    1/ 1    1/ 1 YY YY
  LINK: LYS  A   69 CB   LYS  A  442 CB      5.301     5.303   YES      0.000    35.000     OK: FOUND    1/ 1    1/ 1 YY YY
  LINK: LYS  A   80 CB   LYS  A  106 CB      8.387     8.388   YES      0.000    35.000     OK: FOUND    1/ 1    1/ 1 YY YY
  LINK: LYS  A  106 CB   LYS  A  180 CB     28.890    29.998   YES      0.000    35.000     OK: FOUND    1/ 1    1/ 1 YY YY
  LINK: LYS  A  106 CB   LYS  A  199 CB     34.416    34.494   YES      0.000    35.000     OK: FOUND    1/ 1    1/ 1 YY YY
  LINK: LYS  A  112 CB   LYS  A  127 CB     24.697    26.047   YES      0.000    35.000     OK: FOUND    1/ 1    1/ 1 YY YY
  LINK: LYS  A  112 CB   LYS  A  155 CB     28.484    38.287   YES      0.000    35.000     BAD: LONG    0/ 1    0/ 1 YY YY
  LINK: LYS  A  127 CB   LYS  A  130 CB     11.221    14.745   YES      0.000    35.000     OK: FOUND    1/ 1    1/ 1 YY YY
  LINK: LYS  A  127 CB   LYS  A  256 CB     52.858    57.550   YES      0.000    35.000     BAD: LONG    0/ 1    0/ 1 YY YY
  LINK: LYS  A  130 CB   LYS  A  180 CB     22.653    22.672   YES      0.000    35.000     OK: FOUND    1/ 1    1/ 1 YY YY
  LINK: LYS  A  130 CB   LYS  A  193 CB     39.366    39.744   YES      0.000    35.000     BAD: LONG    0/ 1    0/ 1 YY YY
  LINK: LYS  A  130 CB   LYS  A  199 CB     35.660    35.660   YES      0.000    35.000     BAD: LONG    0/ 1    0/ 1 YY YY
  LINK: LYS  A  130 CB   LYS  A  256 CB     43.997    50.265   YES      0.000    35.000     BAD: LONG    0/ 1    0/ 1 YY YY
  LINK: LYS  A  133 CB   LYS  A  180 CB     15.624    15.636   YES      0.000    35.000     OK: FOUND    1/ 1    1/ 1 YY YY
  LINK: LYS  A  133 CB   LYS  A  199 CB     30.540    30.540   YES      0.000    35.000     OK: FOUND    1/ 1    1/ 1 YY YY
  LINK: LYS  A  133 CB   LYS  A  256 CB     36.184    39.687   YES      0.000    35.000     BAD: LONG    0/ 1    0/ 1 YY YY
  LINK: LYS  A  155 CB   LYS  A  166 CB     11.324    12.025   YES      0.000    35.000     OK: FOUND    1/ 1    1/ 1 YY YY
  LINK: LYS  A  155 CB   LYS  A  193 CB     57.635   >70.000   YES      0.000    35.000     BAD: EUCL    0/ 1    0/ 1 YY YY
  LINK: LYS  A  155 CB   LYS  A  243 CB     20.484    20.486   YES      0.000    35.000     OK: FOUND    1/ 1    1/ 1 YY YY
  LINK: LYS  A  155 CB   LYS  A  384 CB     26.799    26.806   YES      0.000    35.000     OK: FOUND    1/ 1    1/ 1 YY YY
  LINK: LYS  A  155 CB   LYS  A  400 CB     12.767    12.900   YES      0.000    35.000     OK: FOUND    1/ 1    1/ 1 YY YY
  LINK: LYS  A  166 CB   LYS  A  193 CB     48.861   >70.000   YES      0.000    35.000     BAD: EUCL    0/ 1    0/ 1 YY YY
  LINK: LYS  A  166 CB   LYS  A  243 CB     11.077    11.130   YES      0.000    35.000     OK: FOUND    1/ 1    1/ 1 YY YY
  LINK: LYS  A  166 CB   LYS  A  256 CB     33.887    36.724   YES      0.000    35.000     BAD: LONG    0/ 1    0/ 1 YY YY
  LINK: LYS  A  166 CB   LYS  A  280 CB     20.474    21.403   YES      0.000    35.000     OK: FOUND    1/ 1    1/ 1 YY YY
  LINK: LYS  A  166 CB   LYS  A  282 CB     15.106    15.108   YES      0.000    35.000     OK: FOUND    1/ 1    1/ 1 YY YY
  LINK: LYS  A  166 CB   LYS  A  299 CB     14.237    16.306   YES      0.000    35.000     OK: FOUND    1/ 1    1/ 1 YY YY
  LINK: LYS  A  166 CB   LYS  A  384 CB     20.881    20.881   YES      0.000    35.000     OK: FOUND    1/ 1    1/ 1 YY YY
  LINK: LYS  A  166 CB   LYS  A  400 CB     15.481    15.590   YES      0.000    35.000     OK: FOUND    1/ 1    1/ 1 YY YY
  LINK: LYS  A  166 CB   LYS  A  413 CB     25.578    28.598   YES      0.000    35.000     OK: FOUND    1/ 1    1/ 1 YY YY
  LINK: LYS  A  180 CB   LYS  A  193 CB     20.314    21.324   YES      0.000    35.000     OK: FOUND    1/ 1    1/ 1 YY YY
  LINK: LYS  A  180 CB   LYS  A  199 CB     19.428    19.428   YES      0.000    35.000     OK: FOUND    1/ 1    1/ 1 YY YY
  LINK: LYS  A  180 CB   LYS  A  256 CB     21.624    25.824   YES      0.000    35.000     OK: FOUND    1/ 1    1/ 1 YY YY
  LINK: LYS  A  193 CB   LYS  A  199 CB     19.918    21.430   YES      0.000    35.000     OK: FOUND    1/ 1    1/ 1 YY YY
  LINK: LYS  A  199 CB   LYS  A  272 CB     27.236    27.236   YES      0.000    35.000     OK: FOUND    1/ 1    1/ 1 YY YY
  LINK: LYS  A  199 CB   LYS  A  280 CB     42.459    43.562   YES      0.000    35.000     BAD: LONG    0/ 1    0/ 1 YY YY
  LINK: LYS  A  199 CB   LYS  A  282 CB     45.540    49.560   YES      0.000    35.000     BAD: LONG    0/ 1    0/ 1 YY YY
  LINK: LYS  A  243 CB   LYS  A  256 CB     33.341    35.816   YES      0.000    35.000     BAD: LONG    0/ 1    0/ 1 YY YY
  LINK: LYS  A  243 CB   LYS  A  280 CB      9.954    10.778   YES      0.000    35.000     OK: FOUND    1/ 1    1/ 1 YY YY
  LINK: LYS  A  243 CB   LYS  A  282 CB      7.908     8.484   YES      0.000    35.000     OK: FOUND    1/ 1    1/ 1 YY YY
  LINK: LYS  A  243 CB   LYS  A  384 CB     13.832    13.992   YES      0.000    35.000     OK: FOUND    1/ 1    1/ 1 YY YY
  LINK: LYS  A  243 CB   LYS  A  400 CB     17.834    17.835   YES      0.000    35.000     OK: FOUND    1/ 1    1/ 1 YY YY
  LINK: LYS  A  256 CB   LYS  A  263 CB      9.654    10.156   YES      0.000    35.000     OK: FOUND    1/ 1    1/ 1 YY YY
  LINK: LYS  A  256 CB   LYS  A  272 CB     23.185    24.049   YES      0.000    35.000     OK: FOUND    1/ 1    1/ 1 YY YY
  LINK: LYS  A  256 CB   LYS  A  282 CB     32.618    33.795   YES      0.000    35.000     OK: FOUND    1/ 1    1/ 1 YY YY
  LINK: LYS  A  263 CB   LYS  A  280 CB     24.339    27.652   YES      0.000    35.000     OK: FOUND    1/ 1    1/ 1 YY YY
  LINK: LYS  A  272 CB   LYS  A  280 CB     16.244    18.628   YES      0.000    35.000     OK: FOUND    1/ 1    1/ 1 YY YY
  LINK: LYS  A  272 CB   LYS  A  384 CB     24.111    24.474   YES      0.000    35.000     OK: FOUND    1/ 1    1/ 1 YY YY
  LINK: LYS  A  275 CB   LYS  A  282 CB     12.511    13.919   YES      0.000    35.000     OK: FOUND    1/ 1    1/ 1 YY YY
  LINK: LYS  A  280 CB   LYS  A  384 CB     17.418    17.418   YES      0.000    35.000     OK: FOUND    1/ 1    1/ 1 YY YY
  LINK: LYS  A  280 CB   LYS  A  413 CB     44.049    45.507   YES      0.000    35.000     BAD: LONG    0/ 1    0/ 1 YY YY
  LINK: LYS  A  282 CB   LYS  A  299 CB     20.970    21.069   YES      0.000    35.000     OK: FOUND    1/ 1    1/ 1 YY YY
  LINK: LYS  A  282 CB   LYS  A  384 CB     20.648    20.983   YES      0.000    35.000     OK: FOUND    1/ 1    1/ 1 YY YY
  LINK: LYS  A  282 CB   LYS  A  413 CB     40.301    41.849   YES      0.000    35.000     BAD: LONG    0/ 1    0/ 1 YY YY
  LINK: LYS  A  299 CB   LYS  A  360 CB     46.501    50.418   YES      0.000    35.000     BAD: LONG    0/ 1    0/ 1 YY YY
  LINK: LYS  A  299 CB   LYS  A  413 CB     32.150    34.961   YES      0.000    35.000     OK: FOUND    1/ 1    1/ 1 YY YY
  LINK: LYS  A  360 CB   LYS  A  384 CB     42.687    51.258   YES      0.000    35.000     BAD: LONG    0/ 1    0/ 1 YY YY
  LINK: LYS  A  360 CB   LYS  A  413 CB     16.853    17.516   YES      0.000    35.000     OK: FOUND    1/ 1    1/ 1 YY YY
  LINK: LYS  A  384 CB   LYS  A  400 CB     17.452    17.923   YES      0.000    35.000     OK: FOUND    1/ 1    1/ 1 YY YY
  LINK: LYS  A  384 CB   LYS  A  413 CB     34.699    35.877   YES      0.000    35.000     BAD: LONG    0/ 1    0/ 1 YY YY
  LINK: LYS  A  384 CB   LYS  A  426 CB     42.575    46.423   YES      0.000    35.000     BAD: LONG    0/ 1    0/ 1 YY YY
  -------------------------------------------------------------------------------------------------------------------------
  
  RESULTS:
  
  For each experiment:
  
  -------------------------------------------------------------------------------------------------------------------------
  
  Experiment: DSS
  
  Number of type-reactive pairs of atoms:      630
  
  Number of observed-reactive pairs of atoms:      406
  Number of observed-reactive pairs of atoms within linker reach:       48
  Number of observed-reactive pairs of atoms outside linker reach:      358
  Missing links, according to the structure and observed-reactivity:        0
  
  Number of observed links:       66
  Number of observed links consistent with the structure:       48
  Number of observed links NOT consistent with the structure:       18
  
  Sum of scores of observed links:    0.0000000
  
  Sensitivity of the cross-linking reaction:    1.0000000
  False-assignment probability:    0.0285714
  
  Likelihood of the experimental result:    1.0000000
  Log-likelihood of the experimental result:    0.0000000
  
  Likelihood using user-defined pbad and pgood:    1.0000000
  Log-likelihood using user-defined pbad and pgood:   -0.0000000
  Using: pgood =    0.700; pbad =    0.050
  
  -------------------------------------------------------------------------------------------------------------------------
  
  FINAL RESULTS:
  
  RESULT0:    48 : Number of observations that are consistent with the structure.
  
  RESULT1:    48 : Number of topological distances consistent with all observations.
  RESULT2:    18 : Number of topological distances NOT consistent with observations.
  RESULT3:     0 : Number of links with missing observations.
  
  RESULT4:      0.00000 : Sum of scores of observed links of all experiments.
  
  RESULT5:      1.00000 : Likelihood of the set of experimental results.
  RESULT6:      0.00000 : Log-likelihood of the set of experimental results.
  
  Using: pgood =    0.700; pbad =    0.050
  RESULT7:      1.00000 : Likelihood of the set of experimental results.
  RESULT8:     -0.00000 : Log-likelihood of the set of experimental results.
  
  -------------------------------------------------------------------------------------------------------------------------
  ATTENTION: There are WARNINGS of input file parsing. Please check the output carefully.
  -------------------------------------------------------------------------------------------------------------------------
  
  
  #########################################################################################################################
