IN:
#
# TOPOLINK input file example
#
# L. Martinez - Institute of Chemistry, University of Campinas
# http://leandro.iqm.unicamp.br
#
# Structure file (can be provided in the command line, overwriting this definition); PDB or mmCIF formats
structure data/temp/dist_reeval/tmp.pdb#endread ENDMDL  # Use this to stop reading atoms if this keyword is found (comment otherwise)
readatoms backplusCB # Which atoms to consider (all/heavy(no-H)/backbone/backplusCB)
# Output directory for links (comment if you do not want the PDB files, that may be a lot)
printlinks no
#linkdir ./links
# What cross-links to compute (all/reactive/observed)
compute observed
#compute reactive
#compute all
# If only inter-domain (inter-chain) links are of interested, uncomment the following line
#interchain
# Only consider observed links with score greater than scorecut
scorecut 0.d0
# Cross-links observed:
experiment DSS
  # Possible types of cross-links and maximum distances
  #        ResType  Chain  ResNum   AtomType    ResType  Chain  ResNum   AtomType  MaxDist
  linktype   MET     all      1       N           LYS     all     all       CB        35
  linktype   LYS     all     all      CB          LYS     all     all       CB        35

  observed LYS A 88 LYS A 73
  observed LYS A 88 LYS A 99
  observed LYS A 88 LYS A 86
  observed LYS A 73 LYS A 87
  observed LYS A 8 LYS A 88
  observed LYS A 99 LYS A 39
  observed LYS A 8 LYS A 87
  observed LYS A 99 LYS A 53
  observed LYS A 86 LYS A 99
  observed LYS A 39 LYS A 27
  observed LYS A 39 LYS A 39
  observed LYS A 39 LYS A 53
  observed LYS A 88 LYS A 39
  observed LYS A 73 LYS A 39
  observed LYS A 79 LYS A 39
  observed LYS A 86 LYS A 39
  observed LYS A 79 LYS A 53
  observed LYS A 73 LYS A 86
  observed LYS A 8 LYS A 86
  observed LYS A 8 LYS A 8
  observed LYS A 8 LYS A 39
  observed LYS A 73 LYS A 55

end experiment DSS
# Optional parameters
search_limit relative 2  # Search for topological distances of up to search_range*dmaxlink
printallfound yes    # Prints, or not, the structure of the links that were found but violate the distances
printPDBnotfound yes # Prints, or not, PDB files for the links which were not found at all (prints a straight line)
pgood 0.70 # Probability of observing a link which is within link reach
pbad  0.05 # Probability of observing a link which is NOT within linker reach
vdwrad 3.         # Radius to be used for excluded atom volume computation
print 0           # Extensive or concise printing
printnotfound yes # Print data for pairs for links which were not found
quitgood no       # Quit whenever a valid link is found (stop searching for shortest one)
dbond 1.5         # Bond distance of link atoms
kbond 10.         # Energy constant for link bonds
kpath 10.         # Energy constant for the complete path distension, used for computing probability
kvdw  2.          # Force constant of overlap function
# Technical parameters for the optimization method
ntrial 400  # Maximum number of trials for best link search
nbest 5     # Number of times the same best link is found until satisfied
maxfunc 50  # Maximum number of function evaluations of CG-Newton
maxcg 40    # Maximum number of CG iterations
seed random # Seed for random number generator (random or integer number)
iguess 2
exit # You can add anything after this


OUT:

  ######################################################## TOPOLINK #######################################################
                 Institute of Chemistry - University of Campinas. http://m3g.iqm.unicamp.br/topolink

                                                                                                         Version 19.156 

  Structure file: data/temp/dist_reeval/tmp.pdb
  TopoLink input file: data/temp/dist_reeval/topo.tmp
  Will stop structure reading when ################## is found.
  Only backbone plus CB atoms will be considered.
  
  Links will not be written as PDB files.
  
  Printing option:        0
  Leave when first valid link is found:  F
  Link bond distance:    1.5000000
  Link bond force-constant:   10.0000000
  VdW radius for volume exclusion:    3.0000000
  Path energy constant:   10.0000000
  Cutoff for observed scores:    0.0000000
  Number of trials for link search:      400
  Number of repeated best links to find until quit:        5
  Maximum number of function evaluations of CGNewton:       50
  Maximum number of CG iterations in CGNewton:       40
  Seed for random number generator:     8599
  
  Number of experiments:        1
  WARNING: Multiple conformations of residue LYS A       25 found. Using only A.
  WARNING: Multiple conformations of residue LYS A       25 found. Using only A.
  WARNING: Multiple conformations of residue LYS A       25 found. Using only A.
  WARNING: Multiple conformations of residue LYS A       25 found. Using only A.
  WARNING: Multiple conformations of residue LYS A       25 found. Using only A.
  WARNING: Multiple conformations of residue LYS A       25 found. Using only A.
  WARNING: Multiple conformations of residue ARG A       38 found. Using only A.
  WARNING: Multiple conformations of residue ARG A       38 found. Using only A.
  WARNING: Multiple conformations of residue ARG A       38 found. Using only A.
  WARNING: Multiple conformations of residue ARG A       38 found. Using only A.
  WARNING: Multiple conformations of residue ARG A       38 found. Using only A.
  WARNING: Multiple conformations of residue ARG A       38 found. Using only A.
  WARNING: Multiple conformations of residue ARG A       38 found. Using only A.
  WARNING: Multiple conformations of residue ARG A       38 found. Using only A.
  WARNING: Multiple conformations of residue GLU A       90 found. Using only A.
  WARNING: Multiple conformations of residue GLU A       90 found. Using only A.
  WARNING: Multiple conformations of residue GLU A       90 found. Using only A.
  WARNING: Multiple conformations of residue GLU A       90 found. Using only A.
  WARNING: Multiple conformations of residue GLU A       90 found. Using only A.
  WARNING: Multiple conformations of residue GLU A       90 found. Using only A.
  
  Number of atoms read from structure file:      506
  Number of chains found in structure file:            1
  
  WARNING: First atom of link type does not correspond to any atom of the structure.
  Experiment: DSS
  Link type:   MET   all   N     LYS   all   CB      35.000
  
  -------------------------------------------------------------------------------------------------------------------------
  Experiment: DSS
  Observed links:
  1  LYS   A        88  LYS   A        73
  2  LYS   A        88  LYS   A        99
  3  LYS   A        88  LYS   A        86
  4  LYS   A        73  LYS   A        87
  5  LYS   A         8  LYS   A        88
  6  LYS   A        99  LYS   A        39
  7  LYS   A         8  LYS   A        87
  8  LYS   A        99  LYS   A        53
  9  LYS   A        86  LYS   A        99
  10  LYS   A        39  LYS   A        27
  11  LYS   A        39  LYS   A        39
  12  LYS   A        39  LYS   A        53
  13  LYS   A        88  LYS   A        39
  14  LYS   A        73  LYS   A        39
  15  LYS   A        79  LYS   A        39
  16  LYS   A        86  LYS   A        39
  17  LYS   A        79  LYS   A        53
  18  LYS   A        73  LYS   A        86
  19  LYS   A         8  LYS   A        86
  20  LYS   A         8  LYS   A         8
  21  LYS   A         8  LYS   A        39
  22  LYS   A        73  LYS   A        55
  
  -------------------------------------------------------------------------------------------------------------------------
  -------------------------------------------------------------------------------------------------------------------------
  
  Number of atoms that might be involved in reactions, according link types:       18
  
  All reactive atoms, according to observations:
  1   LYS   A         8  CB
  2   LYS   A        27  CB
  3   LYS   A        39  CB
  4   LYS   A        53  CB
  5   LYS   A        55  CB
  6   LYS   A        73  CB
  7   LYS   A        79  CB
  8   LYS   A        86  CB
  9   LYS   A        87  CB
  10   LYS   A        88  CB
  11   LYS   A        99  CB
  
  Number of reactive pairs according to sequence:
  Experiment DSS:   153
  Total number of unique reactive pairs, according to link types:          153
  
  Number of reactive pairs according to observations:
  Experiment DSS:    55
  Total number of unique reactive pairs, according to observations:           55
  
  List of reactive atom pairs, according to observations:
  1  LYS   A         8  CB    LYS   A        27  CB   in experiments:DSS
  2  LYS   A         8  CB    LYS   A        39  CB   in experiments:DSS
  3  LYS   A         8  CB    LYS   A        53  CB   in experiments:DSS
  4  LYS   A         8  CB    LYS   A        55  CB   in experiments:DSS
  5  LYS   A         8  CB    LYS   A        73  CB   in experiments:DSS
  6  LYS   A         8  CB    LYS   A        79  CB   in experiments:DSS
  7  LYS   A         8  CB    LYS   A        86  CB   in experiments:DSS
  8  LYS   A         8  CB    LYS   A        87  CB   in experiments:DSS
  9  LYS   A         8  CB    LYS   A        88  CB   in experiments:DSS
  10  LYS   A         8  CB    LYS   A        99  CB   in experiments:DSS
  11  LYS   A        27  CB    LYS   A        39  CB   in experiments:DSS
  12  LYS   A        27  CB    LYS   A        53  CB   in experiments:DSS
  13  LYS   A        27  CB    LYS   A        55  CB   in experiments:DSS
  14  LYS   A        27  CB    LYS   A        73  CB   in experiments:DSS
  15  LYS   A        27  CB    LYS   A        79  CB   in experiments:DSS
  16  LYS   A        27  CB    LYS   A        86  CB   in experiments:DSS
  17  LYS   A        27  CB    LYS   A        87  CB   in experiments:DSS
  18  LYS   A        27  CB    LYS   A        88  CB   in experiments:DSS
  19  LYS   A        27  CB    LYS   A        99  CB   in experiments:DSS
  20  LYS   A        39  CB    LYS   A        53  CB   in experiments:DSS
  21  LYS   A        39  CB    LYS   A        55  CB   in experiments:DSS
  22  LYS   A        39  CB    LYS   A        73  CB   in experiments:DSS
  23  LYS   A        39  CB    LYS   A        79  CB   in experiments:DSS
  24  LYS   A        39  CB    LYS   A        86  CB   in experiments:DSS
  25  LYS   A        39  CB    LYS   A        87  CB   in experiments:DSS
  26  LYS   A        39  CB    LYS   A        88  CB   in experiments:DSS
  27  LYS   A        39  CB    LYS   A        99  CB   in experiments:DSS
  28  LYS   A        53  CB    LYS   A        55  CB   in experiments:DSS
  29  LYS   A        53  CB    LYS   A        73  CB   in experiments:DSS
  30  LYS   A        53  CB    LYS   A        79  CB   in experiments:DSS
  31  LYS   A        53  CB    LYS   A        86  CB   in experiments:DSS
  32  LYS   A        53  CB    LYS   A        87  CB   in experiments:DSS
  33  LYS   A        53  CB    LYS   A        88  CB   in experiments:DSS
  34  LYS   A        53  CB    LYS   A        99  CB   in experiments:DSS
  35  LYS   A        55  CB    LYS   A        73  CB   in experiments:DSS
  36  LYS   A        55  CB    LYS   A        79  CB   in experiments:DSS
  37  LYS   A        55  CB    LYS   A        86  CB   in experiments:DSS
  38  LYS   A        55  CB    LYS   A        87  CB   in experiments:DSS
  39  LYS   A        55  CB    LYS   A        88  CB   in experiments:DSS
  40  LYS   A        55  CB    LYS   A        99  CB   in experiments:DSS
  41  LYS   A        73  CB    LYS   A        79  CB   in experiments:DSS
  42  LYS   A        73  CB    LYS   A        86  CB   in experiments:DSS
  43  LYS   A        73  CB    LYS   A        87  CB   in experiments:DSS
  44  LYS   A        73  CB    LYS   A        88  CB   in experiments:DSS
  45  LYS   A        73  CB    LYS   A        99  CB   in experiments:DSS
  46  LYS   A        79  CB    LYS   A        86  CB   in experiments:DSS
  47  LYS   A        79  CB    LYS   A        87  CB   in experiments:DSS
  48  LYS   A        79  CB    LYS   A        88  CB   in experiments:DSS
  49  LYS   A        79  CB    LYS   A        99  CB   in experiments:DSS
  50  LYS   A        86  CB    LYS   A        87  CB   in experiments:DSS
  51  LYS   A        86  CB    LYS   A        88  CB   in experiments:DSS
  52  LYS   A        86  CB    LYS   A        99  CB   in experiments:DSS
  53  LYS   A        87  CB    LYS   A        88  CB   in experiments:DSS
  54  LYS   A        87  CB    LYS   A        99  CB   in experiments:DSS
  55  LYS   A        88  CB    LYS   A        99  CB   in experiments:DSS
  
  Number of atoms accessible to solvent:          486
  Number of residues accessible to solvent:          104
  
  -------------------------------------------------------------------------------------------------------------------------
  >     RESIDUE1   ATOM1 RESIDUE2   ATOM2 EUCLDIST  TOPODIST OBSERVED    DMIN      DMAX        RESULT  OBSRES REACRES RA AA
  -------------------------------------------------------------------------------------------------------------------------
  LINK: LYS  A    8 CB   LYS  A   39 CB     28.686    35.506   YES      0.000    35.000     BAD: LONG    0/ 1    0/ 1 YY YY
  LINK: LYS  A    8 CB   LYS  A   86 CB     17.005    17.154   YES      0.000    35.000     OK: FOUND    1/ 1    1/ 1 YY YY
  LINK: LYS  A    8 CB   LYS  A   87 CB     13.710    13.858   YES      0.000    35.000     OK: FOUND    1/ 1    1/ 1 YY YY
  LINK: LYS  A    8 CB   LYS  A   88 CB     16.907    18.787   YES      0.000    35.000     OK: FOUND    1/ 1    1/ 1 YY YY
  LINK: LYS  A   27 CB   LYS  A   39 CB     21.396    23.896   YES      0.000    35.000     OK: FOUND    1/ 1    1/ 1 YY YY
  LINK: LYS  A   39 CB   LYS  A   53 CB      9.158     9.949   YES      0.000    35.000     OK: FOUND    1/ 1    1/ 1 YY YY
  LINK: LYS  A   39 CB   LYS  A   73 CB     19.252    20.587   YES      0.000    35.000     OK: FOUND    1/ 1    1/ 1 YY YY
  LINK: LYS  A   39 CB   LYS  A   79 CB     18.076    21.779   YES      0.000    35.000     OK: FOUND    1/ 1    1/ 1 YY YY
  LINK: LYS  A   39 CB   LYS  A   86 CB     26.397    29.718   YES      0.000    35.000     OK: FOUND    1/ 1    1/ 1 YY YY
  LINK: LYS  A   39 CB   LYS  A   88 CB     24.803    28.797   YES      0.000    35.000     OK: FOUND    1/ 1    1/ 1 YY YY
  LINK: LYS  A   39 CB   LYS  A   99 CB     17.079    20.420   YES      0.000    35.000     OK: FOUND    1/ 1    1/ 1 YY YY
  LINK: LYS  A   53 CB   LYS  A   79 CB     11.524    12.738   YES      0.000    35.000     OK: FOUND    1/ 1    1/ 1 YY YY
  LINK: LYS  A   53 CB   LYS  A   99 CB     23.233    24.787   YES      0.000    35.000     OK: FOUND    1/ 1    1/ 1 YY YY
  LINK: LYS  A   55 CB   LYS  A   73 CB     11.690    13.756   YES      0.000    35.000     OK: FOUND    1/ 1    1/ 1 YY YY
  LINK: LYS  A   73 CB   LYS  A   86 CB     12.383    12.774   YES      0.000    35.000     OK: FOUND    1/ 1    1/ 1 YY YY
  LINK: LYS  A   73 CB   LYS  A   87 CB     16.379    18.971   YES      0.000    35.000     OK: FOUND    1/ 1    1/ 1 YY YY
  LINK: LYS  A   73 CB   LYS  A   88 CB     16.124    16.504   YES      0.000    35.000     OK: FOUND    1/ 1    1/ 1 YY YY
  LINK: LYS  A   86 CB   LYS  A   88 CB      8.391     9.519   YES      0.000    35.000     OK: FOUND    1/ 1    1/ 1 YY YY
  LINK: LYS  A   86 CB   LYS  A   99 CB     20.895    24.203   YES      0.000    35.000     OK: FOUND    1/ 1    1/ 1 YY YY
  LINK: LYS  A   88 CB   LYS  A   99 CB     16.260    16.679   YES      0.000    35.000     OK: FOUND    1/ 1    1/ 1 YY YY
  -------------------------------------------------------------------------------------------------------------------------
  
  RESULTS:
  
  For each experiment:
  
  -------------------------------------------------------------------------------------------------------------------------
  
  Experiment: DSS
  
  Number of type-reactive pairs of atoms:      153
  
  Number of observed-reactive pairs of atoms:       55
  Number of observed-reactive pairs of atoms within linker reach:       19
  Number of observed-reactive pairs of atoms outside linker reach:       36
  Missing links, according to the structure and observed-reactivity:        0
  
  Number of observed links:       22
  Number of observed links consistent with the structure:       19
  Number of observed links NOT consistent with the structure:        1
  
  Sum of scores of observed links:    0.0000000
  
  Sensitivity of the cross-linking reaction:    1.0000000
  False-assignment probability:    0.0065359
  
  Likelihood of the experimental result:    1.0000000
  Log-likelihood of the experimental result:   -0.0000000
  
  Likelihood using user-defined pbad and pgood:    0.4733710
  Log-likelihood using user-defined pbad and pgood:   -0.7478758
  Using: pgood =    0.700; pbad =    0.050
  
  -------------------------------------------------------------------------------------------------------------------------
  
  FINAL RESULTS:
  
  RESULT0:    19 : Number of observations that are consistent with the structure.
  
  RESULT1:    19 : Number of topological distances consistent with all observations.
  RESULT2:     1 : Number of topological distances NOT consistent with observations.
  RESULT3:     0 : Number of links with missing observations.
  
  RESULT4:      0.00000 : Sum of scores of observed links of all experiments.
  
  RESULT5:      1.00000 : Likelihood of the set of experimental results.
  RESULT6:     -0.00000 : Log-likelihood of the set of experimental results.
  
  Using: pgood =    0.700; pbad =    0.050
  RESULT7:      0.47337 : Likelihood of the set of experimental results.
  RESULT8:     -0.74788 : Log-likelihood of the set of experimental results.
  
  -------------------------------------------------------------------------------------------------------------------------
  ATTENTION: There are WARNINGS of input file parsing. Please check the output carefully.
  -------------------------------------------------------------------------------------------------------------------------
  
  
  #########################################################################################################################
